"calor-total-porta-rfile"
"Time Step" "calor-total-porta etc.."
("Time Step" "calor-total-porta" "flow-time")
0 452.3939062740701 0
1 0 0.1
2 0 0.2
3 0 0.3
4 0 0.4
5 0 0.5
6 0 0.6000000000000001
7 0 0.7000000000000001
8 0 0.8
9 0 0.9
10 0 1
11 0 1.1
12 0 1.2
13 0 1.3
14 0 1.4
15 0 1.5
16 0 1.6
17 0 1.7
18 0 1.8
19 0 1.9
20 0 2
21 0 2.1
22 0 2.2
23 0 2.3
24 0 2.4
25 0 2.5
26 0 2.6
27 0 2.7
28 0 2.8
29 0 2.9
30 0 3
31 0 3.1
32 0 3.2
33 0 3.3
34 0 3.4
35 0 3.5
36 0 3.6
37 0 3.7
38 0 3.8
39 0 3.9
40 0 4
41 0 4.100000000000001
42 0 4.2
43 0 4.3
44 0 4.4
45 0 4.5
46 0 4.600000000000001
47 0 4.7
48 0 4.800000000000001
49 0 4.9
50 0 5
51 0 5.100000000000001
52 0 5.2
53 0 5.300000000000001
54 0 5.4
55 0 5.5
56 0 5.600000000000001
57 0 5.7
58 0 5.800000000000001
59 0 5.9
60 0 6
61 0 6.100000000000001
62 0 6.2
63 0 6.300000000000001
64 0 6.4
65 0 6.5
66 0 6.600000000000001
67 0 6.7
68 0 6.800000000000001
69 0 6.9
70 0 7
71 0 7.100000000000001
72 0 7.2
73 0 7.300000000000001
74 0 7.4
75 0 7.5
76 0 7.600000000000001
77 0 7.7
78 0 7.800000000000001
79 0 7.9
80 0 8
81 0 8.1
82 0 8.200000000000001
83 0 8.300000000000001
84 0 8.4
85 0 8.5
86 0 8.6
87 0 8.700000000000001
88 0 8.800000000000001
89 0 8.9
90 0 9
91 0 9.1
92 0 9.200000000000001
93 0 9.300000000000001
94 0 9.4
95 0 9.5
96 0 9.600000000000001
97 0 9.700000000000001
98 0 9.800000000000001
99 0 9.9
100 0 10
101 0 10.1
102 0 10.2
103 0 10.3
104 0 10.4
105 0 10.5
106 0 10.6
107 0 10.7
108 0 10.8
109 0 10.9
110 0 11
111 0 11.1
112 0 11.2
113 0 11.3
114 0 11.4
115 0 11.5
116 0 11.6
117 0 11.7
118 0 11.8
119 0 11.9
120 0 12
121 0 12.1
122 0 12.2
123 0 12.3
124 0 12.4
125 0 12.5
126 0 12.6
127 0 12.7
128 0 12.8
129 0 12.9
130 0 13
131 0 13.1
132 0 13.2
133 0 13.3
134 0 13.4
135 0 13.5
136 0 13.6
137 0 13.7
138 0 13.8
139 0 13.9
140 0 14
141 0 14.1
142 0 14.2
143 0 14.3
144 0 14.4
145 0 14.5
146 0 14.6
147 0 14.7
148 0 14.8
149 0 14.9
150 0 15
151 0 15.1
152 0 15.2
153 0 15.3
154 0 15.4
155 0 15.5
156 0 15.6
157 0 15.7
158 0 15.8
159 0 15.9
160 0 16
161 0 16.1
162 0 16.2
163 0 16.3
164 0 16.4
165 0 16.5
166 0 16.6
167 0 16.7
168 0 16.8
169 0 16.9
170 0 17
171 0 17.1
172 0 17.2
173 0 17.3
174 0 17.4
175 0 17.5
176 0 17.6
177 0 17.7
178 0 17.8
179 0 17.9
180 0 18
181 0 18.1
182 0 18.2
183 0 18.3
184 0 18.4
185 0 18.5
186 0 18.6
187 0 18.7
188 0 18.8
189 0 18.9
190 0 19
191 0 19.1
192 0 19.2
193 0 19.3
194 0 19.4
195 0 19.5
196 0 19.6
197 0 19.7
198 0 19.8
199 0 19.9
200 0 20
201 0 20.1
202 0 20.2
203 0 20.3
204 0 20.4
205 0 20.5
206 0 20.6
207 0 20.7
208 0 20.8
209 0 20.9
210 0 21
211 0 21.1
212 0 21.2
213 0 21.3
214 0 21.4
215 0 21.5
216 0 21.6
217 0 21.7
218 0 21.8
219 0 21.9
220 0 22
221 0 22.1
222 0 22.2
223 0 22.3
224 0 22.4
225 0 22.5
226 0 22.6
227 0 22.7
228 0 22.8
229 0 22.9
230 0 23
231 0 23.1
232 0 23.2
233 0 23.3
234 0 23.4
235 0 23.5
236 0 23.6
237 0 23.7
238 0 23.8
239 0 23.9
240 0 24
241 0 24.1
242 0 24.2
243 0 24.3
244 0 24.4
245 0 24.5
246 0 24.6
247 0 24.7
248 0 24.8
249 0 24.9
250 0 25
251 0 25.1
252 0 25.2
253 0 25.3
254 0 25.4
255 0 25.5
256 0 25.6
257 0 25.7
258 0 25.8
259 0 25.9
260 0 26
261 0 26.1
262 0 26.2
263 0 26.3
264 0 26.4
265 0 26.5
266 0 26.6
267 0 26.7
268 0 26.8
269 0 26.9
270 0 27
271 0 27.1
272 0 27.2
273 0 27.3
274 0 27.4
275 0 27.5
276 0 27.6
277 0 27.7
278 0 27.8
279 0 27.9
280 0 28
281 0 28.1
282 0 28.2
283 0 28.3
284 0 28.4
285 0 28.5
286 0 28.6
287 0 28.7
288 0 28.8
289 0 28.9
290 0 29
291 0 29.1
292 0 29.2
293 0 29.3
294 0 29.4
295 0 29.5
296 0 29.6
297 0 29.7
298 0 29.8
299 0 29.9
300 0 30
301 0 30.1
302 0 30.2
303 0 30.3
304 0 30.4
305 0 30.5
306 0 30.6
307 0 30.7
308 0 30.8
309 0 30.9
310 0 31
311 0 31.1
312 0 31.2
313 0 31.3
314 0 31.4
315 0 31.5
316 0 31.6
317 0 31.7
318 0 31.8
319 0 31.9
320 0 32
321 0 32.1
322 0 32.2
323 0 32.3
324 0 32.4
325 0 32.5
326 0 32.6
327 0 32.7
328 0 32.8
329 0 32.9
330 0 33
331 0 33.1
332 0 33.2
333 0 33.3
334 0 33.4
335 0 33.5
336 0 33.6
337 0 33.7
338 0 33.8
339 0 33.9
340 0 34
341 0 34.1
342 0 34.2
343 0 34.3
344 0 34.4
345 0 34.5
346 0 34.6
347 0 34.7
348 0 34.8
349 0 34.9
350 0 35
351 0 35.1
352 0 35.2
353 0 35.3
354 0 35.4
355 0 35.5
356 0 35.6
357 0 35.7
358 0 35.8
359 0 35.9
360 0 36
361 0 36.1
362 0 36.2
363 0 36.3
364 0 36.4
365 0 36.5
366 0 36.6
367 0 36.7
368 0 36.8
369 0 36.9
370 0 37
371 0 37.1
372 0 37.2
373 0 37.3
374 0 37.4
375 0 37.5
376 0 37.6
377 0 37.7
378 0 37.8
379 0 37.9
380 0 38
381 0 38.1
382 0 38.2
383 0 38.3
384 0 38.40000000000001
385 0 38.5
386 0 38.6
387 0 38.7
388 0 38.8
389 0 38.90000000000001
390 0 39
391 0 39.1
392 0 39.2
393 0 39.3
394 0 39.40000000000001
395 0 39.5
396 0 39.6
397 0 39.7
398 0 39.8
399 0 39.90000000000001
400 0 40
401 0 40.1
402 0 40.2
403 0 40.3
404 0 40.40000000000001
405 0 40.5
406 0 40.6
407 0 40.7
408 0 40.8
409 0 40.90000000000001
410 0 41
411 0 41.1
412 0 41.2
413 0 41.3
414 0 41.40000000000001
415 0 41.5
416 0 41.6
417 0 41.7
418 0 41.8
419 0 41.90000000000001
420 0 42
421 0 42.1
422 0 42.2
423 0 42.3
424 0 42.40000000000001
425 0 42.5
426 0 42.6
427 0 42.7
428 0 42.8
429 0 42.90000000000001
430 0 43
431 0 43.1
432 0 43.2
433 0 43.3
434 0 43.40000000000001
435 0 43.5
436 0 43.6
437 0 43.7
438 0 43.8
439 0 43.90000000000001
440 0 44
441 0 44.1
442 0 44.2
443 0 44.3
444 0 44.40000000000001
445 0 44.5
446 0 44.6
447 0 44.7
448 0 44.8
449 0 44.90000000000001
450 0 45
451 0 45.1
452 0 45.2
453 0 45.3
454 0 45.40000000000001
455 0 45.5
456 0 45.6
457 0 45.7
458 0 45.8
459 0 45.90000000000001
460 0 46
461 0 46.1
462 0 46.2
463 0 46.3
464 0 46.40000000000001
465 0 46.5
466 0 46.6
467 0 46.7
468 0 46.8
469 0 46.90000000000001
470 0 47
471 0 47.1
472 0 47.2
473 0 47.3
474 0 47.40000000000001
475 0 47.5
476 0 47.6
477 0 47.7
478 0 47.8
479 0 47.90000000000001
480 0 48
481 0 48.1
482 0 48.2
483 0 48.3
484 0 48.40000000000001
485 0 48.5
486 0 48.6
487 0 48.7
488 0 48.8
489 0 48.90000000000001
490 0 49
491 0 49.1
492 0 49.2
493 0 49.3
494 0 49.40000000000001
495 0 49.5
496 0 49.6
497 0 49.7
498 0 49.8
499 0 49.90000000000001
500 0 50
501 -203804.2102281707 50.01
502 -340356.5278782814 50.02
503 -279200.7655290453 50.03
504 -179537.3803850574 50.04
505 -143584.1789794271 50.05
506 -150328.7120559437 50.06
507 -168213.0498935511 50.07
508 -172514.1663107192 50.08
509 -158990.2520777964 50.09
510 -146510.9265895549 50.1
511 -143515.5088579629 50.11
512 -144483.3057056539 50.12
513 -146274.0570802685 50.13
514 -143421.2328432947 50.14
515 -145011.5573087924 50.15
516 -140962.3028881217 50.16
517 -137443.432249462 50.17
518 -131160.0854341394 50.18
519 -138631.1184397479 50.19
520 -138393.1032092925 50.2
521 -136234.1666025672 50.21
522 -133028.7453518886 50.22
523 -130695.3019237113 50.23
524 -133062.6742081018 50.24
525 -134222.7478101632 50.25
526 -135492.9861292362 50.26
527 -134748.9375159141 50.27
528 -135464.1309545483 50.28
529 -133731.6866948887 50.29
530 -130887.6941801608 50.3
531 -129829.401538688 50.31
532 -129202.2165547021 50.32
533 -129644.0167154072 50.33
534 -133916.3367425907 50.34
535 -132736.0315007395 50.35
536 -129124.7969337642 50.36
537 -127030.6060143369 50.37
538 -125010.5141843932 50.38
539 -123145.0965173069 50.39
540 -120577.2134293463 50.4
541 -116936.3235464273 50.41
542 -112646.298187343 50.42
543 -109095.4687159164 50.43
544 -104605.7707169075 50.44
545 -101248.9008091387 50.45
546 -97612.03775134569 50.46
547 -92512.7988501896 50.47
548 -86781.3785917917 50.48
549 -81676.82178887429 50.49
550 -76076.48548296301 50.5
551 -71192.98106628278 50.51
552 -65976.19441270961 50.52
553 -59792.0382831405 50.53
554 -55277.37579110572 50.54
555 -50902.14731888453 50.55
556 -45598.44291306564 50.56
557 -41528.32593966108 50.57
558 -37804.03873892019 50.58
559 -34116.76135781428 50.59
560 -30168.41415131299 50.6
561 -26258.8750308544 50.61
562 -21787.37214122808 50.62
563 -17763.9769450763 50.63
564 -13667.73269649818 50.64
565 -8877.452175418504 50.65
566 -1205.827752029407 50.66
567 1873.280635402472 50.67
568 4827.398526220604 50.68
569 10867.2639642914 50.69
570 16619.0609884442 50.7
571 21553.26770531456 50.71
572 28848.75174030335 50.72
573 36953.22790473379 50.73
574 43007.19796990816 50.74
575 48746.09930006012 50.75
576 54498.48158461344 50.76
577 60670.07425124828 50.77
578 67132.79361559478 50.78
579 73790.87039727157 50.79
580 80581.95552696406 50.8
581 87561.42438928619 50.81
582 94445.79825262516 50.82
583 100296.3016743654 50.83
584 105471.763780561 50.84
585 110661.9460171805 50.85
586 116454.3866283756 50.86
587 121253.4404581879 50.87
588 126272.842359652 50.88
589 131298.1615558405 50.89
590 134690.438490805 50.9
591 137187.5078247761 50.91
592 139598.3121615248 50.92
593 141996.4478762693 50.93
594 144764.7630915807 50.94
595 146041.7132672697 50.95
596 145512.6073582032 50.96
597 144613.6202453334 50.97
598 144166.4774722178 50.98
599 143468.4120808757 50.99
600 142011.3185880576 51
601 139967.4787265238 51.01
602 137448.9713714924 51.02
603 134375.8917234949 51.03
604 131409.4394513649 51.04
605 128117.7163811864 51.05
606 124474.4298205492 51.06
607 120666.4171514397 51.07
608 116896.8795596032 51.08
609 113411.0275903211 51.09
610 108477.1055949481 51.1
611 104554.8481630799 51.11
612 100440.1478536015 51.12
613 96432.33988045371 51.13
614 92041.90725993528 51.14
615 87296.19951686317 51.15
616 83270.77820396017 51.16
617 79015.92885406382 51.17
618 74803.31374132888 51.18
619 71052.36813629129 51.19
620 66034.97251704495 51.2
621 62618.66672177058 51.21
622 59018.44742503895 51.22
623 54992.93737126994 51.23
624 50819.52321083608 51.24
625 47743.43389733295 51.25
626 45128.88493790332 51.26
627 42752.62301601913 51.27
628 40098.83496327796 51.28
629 37315.07461315831 51.29
630 34723.73961874692 51.3
631 31988.01042249566 51.31
632 29438.62365368782 51.32
633 27986.36332655685 51.33
634 26608.2872590798 51.34
635 25457.54935282935 51.35
636 24478.44548129482 51.36
637 23668.79129342785 51.37
638 23106.7735509846 51.38
639 22692.5232408433 51.39
640 22443.64100296728 51.4
641 22310.51685004696 51.41
642 22294.69543690841 51.42
643 22359.61567400948 51.43
644 22481.28071876496 51.44
645 23348.43201660058 51.45
646 23779.82179475592 51.46
647 24230.68530822825 51.47
648 24731.92558695198 51.48
649 25305.61310325921 51.49
650 25974.30042146111 51.5
651 26732.04277008232 51.51
652 27564.70386140326 51.52
653 28557.47674452795 51.53
654 29573.22312503242 51.54
655 30536.32297328905 51.55
656 31592.41167574034 51.56
657 33403.54123690858 51.57
658 34622.63802765346 51.58
659 36028.55214426621 51.59
660 36980.56342555302 51.6
661 38248.74453451199 51.61
662 39224.69480110118 51.62
663 40521.08107279574 51.63
664 41728.57803112113 51.64
665 42649.76078251022 51.65
666 43910.58261601134 51.66
667 45066.15827739452 51.67
668 45980.86439831634 51.68
669 46816.213691062 51.69
670 47532.39568914978 51.7
671 48477.74983505383 51.71
672 49252.36132462107 51.72
673 50763.34188306011 51.73
674 51495.08359045077 51.74
675 52287.38665129281 51.75
676 52906.43592265338 51.76
677 53536.36443663034 51.77
678 54120.81095830294 51.78
679 54582.36546398014 51.79
680 55437.71185591834 51.8
681 55871.50183663044 51.81
682 56177.74564076783 51.82
683 56488.23352284798 51.83
684 56814.9932869946 51.84
685 57105.78947275693 51.85
686 57338.87202426142 51.86
687 57519.32941131252 51.87
688 57648.19163736164 51.88
689 57713.06085443958 51.89
690 57713.24643812318 51.9
691 57650.91741601586 51.91
692 57527.34865846673 51.92
693 57342.915767061 51.93
694 57099.57562562894 51.94
695 56798.58285853664 51.95
696 56448.54329751853 51.96
697 56043.4985144526 51.97
698 55582.96798203533 51.98
699 55062.73393796613 51.99
700 54436.32184033025 52
701 53791.47905675324 52.01
702 53149.03464163017 52.02
703 52405.55061366017 52.03
704 51699.82662587769 52.04
705 50948.08565564998 52.05
706 50162.37388723703 52.06
707 49356.40811008152 52.07
708 48457.77621111475 52.08
709 47466.74822610299 52.09
710 46528.13296612471 52.1
711 45558.31673091359 52.11
712 44413.1025319472 52.12
713 43391.1502288983 52.13
714 42299.64696127627 52.14
715 41283.24829597773 52.15
716 40096.46150950211 52.16
717 38781.21801388138 52.17
718 37467.61988854073 52.18
719 36333.51655669471 52.19
720 35178.82619129674 52.2
721 33988.54136601821 52.21
722 32633.54392018733 52.22
723 31099.13947525642 52.23
724 29888.69648081961 52.24
725 28598.95007120254 52.25
726 27246.02119187822 52.26
727 25454.34254705885 52.27
728 23460.50535257355 52.28
729 21959.27789039734 52.29
730 20828.48900591836 52.3
731 19516.96659482662 52.31
732 17921.13474489702 52.32
733 16598.80526866195 52.33
734 15424.90708316747 52.34
735 14386.14081682664 52.35
736 13302.99345569767 52.36
737 12308.43015363615 52.37
738 11349.37471681227 52.38
739 10517.36221083122 52.39
740 9665.920982164647 52.4
741 8791.057957021902 52.41
742 8324.708223861557 52.42
743 7803.771511489148 52.43
744 7280.085788785953 52.44
745 6683.963152629782 52.45
746 6351.207650526331 52.46
747 6071.247538044926 52.47
748 5743.77722745556 52.48
749 5428.234699087454 52.49
750 5181.855424055799 52.5
751 4980.839165829165 52.51
752 4796.850928152102 52.52
753 4630.407114833198 52.53
754 4497.836108300369 52.54
755 4400.925959148178 52.55
756 4340.259415515513 52.56
757 4308.941582212317 52.57
758 4318.502554611164 52.58
759 4370.12721643493 52.59
760 4455.906576203154 52.6
761 4578.241904885976 52.61
762 4733.498369140045 52.62
763 4917.764573727691 52.63
764 5134.741698125402 52.64
765 5377.079736193959 52.65
766 5636.905840547092 52.66
767 5928.789655782081 52.67
768 6253.69193156896 52.68
769 6593.172138300222 52.69
770 6959.867986076404 52.7
771 7433.564579094842 52.71
772 7900.421100493423 52.72
773 8381.134498393041 52.73
774 8814.956831908359 52.74
775 9397.730661237061 52.75
776 9880.697566513485 52.76
777 10397.33430399826 52.77
778 10969.99392968745 52.78
779 11583.98847466984 52.79
780 12026.46290543883 52.8
781 12423.30965013659 52.81
782 12692.42284282076 52.82
783 12969.25900037212 52.83
784 13207.79123403505 52.84
785 13396.31005112144 52.85
786 13567.77932248536 52.86
787 13729.39185816394 52.87
788 13890.95125814554 52.88
789 14048.74706399668 52.89
790 14202.6058202995 52.9
791 14354.13913534063 52.91
792 14499.86377239103 52.92
793 14633.87269910767 52.93
794 14760.60387119194 52.94
795 14889.88822775119 52.95
796 15005.48122571132 52.96
797 15109.37025909055 52.97
798 15203.44179758074 52.98
799 15286.64660755973 52.99
800 15359.77645537302 53
801 15422.92020122678 53.01
802 15451.32008120518 53.02
803 15478.61890760255 53.03
804 15503.29188400235 53.04
805 15520.14385105004 53.05
806 15526.69334927647 53.06
807 15524.76767353366 53.07
808 15511.39988483665 53.08
809 15487.26400471164 53.09
810 15454.371358239 53.1
811 15410.16934099347 53.11
812 15355.83934728247 53.12
813 15292.89009342938 53.13
814 15219.66370517431 53.14
815 15137.78521355125 53.15
816 15049.27207929714 53.16
817 14952.98079578434 53.17
818 14848.1135833402 53.18
819 14735.56675839087 53.19
820 14616.6665107573 53.2
821 14490.19367932497 53.21
822 14355.87459970413 53.22
823 14215.7189133252 53.23
824 14065.8043734689 53.24
825 13907.96166726697 53.25
826 13742.29019622448 53.26
827 13569.04399514163 53.27
828 13388.79382117664 53.28
829 13200.99062366323 53.29
830 13008.81875577275 53.3
831 12811.0341286458 53.31
832 12607.58123728995 53.32
833 12399.6830721429 53.33
834 12187.30300983607 53.34
835 11972.21156721786 53.35
836 11754.872165465 53.36
837 11533.9710958928 53.37
838 11309.70953198672 53.38
839 11085.49756707559 53.39
840 10858.18754322726 53.4
841 10630.09134492134 53.41
842 10401.72516949472 53.42
843 10171.35951442181 53.43
844 9940.47528923708 53.44
845 9708.098935060083 53.45
846 9472.980124448952 53.46
847 9236.377105291154 53.47
848 9000.267177303112 53.48
849 8762.5242318768 53.49
850 8523.147057592645 53.5
851 8284.727316890483 53.51
852 8050.733257332942 53.52
853 7805.019471640664 53.53
854 7565.197156429272 53.54
855 7305.429518414054 53.55
856 7076.291005591144 53.56
857 6848.165579314711 53.57
858 6622.476511794211 53.58
859 6398.956851863943 53.59
860 6174.415563244845 53.6
861 5945.333203848377 53.61
862 5654.994685560747 53.62
863 5350.619639425424 53.63
864 5122.458953645302 53.64
865 4880.138018526727 53.65
866 4713.109921721851 53.66
867 4555.46962448147 53.67
868 4376.747269446901 53.68
869 4146.262095552659 53.69
870 3514.339703930919 53.7
871 3071.947526473732 53.71
872 3063.45254055729 53.72
873 3145.618142330989 53.73
874 2801.275766377134 53.74
875 2420.546050177559 53.75
876 2350.518135107836 53.76
877 2309.234507538574 53.77
878 2114.280090926944 53.78
879 1899.675102298211 53.79
880 1732.641173580088 53.8
881 1613.01438793073 53.81
882 1345.840803780342 53.82
883 1337.718618420949 53.83
884 1319.817424532705 53.84
885 1210.437089394583 53.85
886 1091.143494652294 53.86
887 972.2329522035009 53.87
888 861.9281592774125 53.88
889 771.3602874035346 53.89
890 701.8997841191581 53.9
891 650.196757109042 53.91
892 599.3004717129315 53.92
893 554.3886778963986 53.93
894 488.5821671555418 53.94
895 456.7911169005656 53.95
896 428.287371282534 53.96
897 421.1799235087531 53.97
898 413.22986702823 53.98
899 408.9266513660727 53.99
900 427.8702539712874 54
901 447.4461911206679 54.01
902 469.0747981256891 54.02
903 577.0412496415961 54.03
904 573.7612971040469 54.04
905 584.3599073594989 54.05
906 661.5275006606059 54.06
907 771.1401682809517 54.07
908 874.5931484646753 54.08
909 1021.892666088736 54.09
910 1115.728348111931 54.1
911 1217.58399709458 54.11
912 1351.179299630015 54.12
913 1589.856538695766 54.13
914 1729.663220373777 54.14
915 1853.302367997212 54.15
916 2085.215409346043 54.16
917 2151.181997424483 54.17
918 2311.769870148326 54.18
919 2485.348309440673 54.19
920 2645.921619003202 54.2
921 2799.79695983719 54.21
922 2950.715245925303 54.22
923 3084.764311770225 54.23
924 3218.711375833581 54.24
925 3343.870681598197 54.25
926 3470.588232260471 54.26
927 3585.408555323737 54.27
928 3690.76489793701 54.28
929 3788.600777475937 54.29
930 3881.156616371401 54.3
931 3969.65490342057 54.31
932 4056.171136091612 54.32
933 4139.551443899105 54.33
934 4218.04046855737 54.34
935 4294.775932434097 54.35
936 4371.522176763542 54.36
937 4443.461617712727 54.37
938 4512.84285800312 54.38
939 4580.544749314104 54.39
940 4644.907183036888 54.4
941 4705.621835862019 54.41
942 4763.334676779582 54.42
943 4818.333279050271 54.43
944 4871.238189724318 54.44
945 4922.007500851589 54.45
946 4970.418154336603 54.46
947 5016.568380708058 54.47
948 5060.676614273516 54.48
949 5101.977875872874 54.49
950 5141.281916511882 54.5
951 5178.962486526731 54.51
952 5214.064077291077 54.52
953 5245.682204358518 54.53
954 5274.016604840578 54.54
955 5298.619455432137 54.55
956 5317.955167708014 54.56
957 5332.591338035765 54.57
958 5340.549533688341 54.58
959 5343.556167609175 54.59
960 5338.514338838605 54.6
961 5325.326751620791 54.61
962 5301.443813013364 54.62
963 5259.348988364281 54.63
964 5205.742487391814 54.64
965 5147.536038979049 54.65
966 5081.326680209648 54.66
967 4990.186450500681 54.67
968 4881.046573486838 54.68
969 4761.082455385876 54.69
970 4631.080992634643 54.7
971 4491.931299795398 54.71
972 4345.23843006328 54.72
973 4193.371109518785 54.73
974 4039.659083158175 54.74
975 3910.905494578305 54.75
976 3736.288629979988 54.76
977 3569.303755969993 54.77
978 3254.052264812792 54.78
979 3116.014470216974 54.79
980 2727.537710806473 54.8
981 2469.509221547378 54.81
982 2663.083035243737 54.82
983 2368.247737862167 54.83
984 2320.34284182482 54.84
985 2155.13789789419 54.85
986 2057.812270438581 54.86
987 1968.992570659529 54.87
988 1858.378127659354 54.88
989 1743.344533337406 54.89
990 1637.529679909752 54.9
991 1544.14296195007 54.91
992 1457.267042790588 54.92
993 1375.492824513158 54.93
994 1294.745450988009 54.94
995 1221.628423460789 54.95
996 1148.709155923589 54.96
997 1080.272585730878 54.97
998 1017.209631483997 54.98
999 964.7105126122572 54.99
1000 909.0174109381633 55
1001 853.9663976250813 55.01
1002 801.9230440597271 55.02
1003 753.644879902907 55.03
1004 708.4748167181403 55.04
1005 665.8145560171197 55.05
1006 625.7179954570488 55.06
1007 587.0472704430958 55.07
1008 549.8179039359431 55.08
1009 514.7994732218847 55.09
1010 421.7651623667828 55.1
1011 431.3906765693978 55.11
1012 408.4546807295937 55.12
1013 383.80107368472 55.13
1014 360.8965124156748 55.14
1015 339.9535828849571 55.15
1016 334.4265820016237 55.16
1017 311.4791229006632 55.17
1018 306.4308918554357 55.18
1019 299.0213123540764 55.19
1020 292.437906232919 55.2
1021 274.7534236288789 55.21
1022 275.0234811761825 55.22
1023 261.8346924374569 55.23
1024 267.7729813565963 55.24
1025 268.3034756776012 55.25
1026 267.9055133953023 55.26
1027 271.2961123465686 55.27
1028 276.8290551280525 55.28
1029 282.8843969444636 55.29
1030 280.0223255875148 55.3
1031 286.2741886351134 55.31
1032 281.6058778601389 55.32
1033 287.6741645726372 55.33
1034 284.3356353737149 55.34
1035 290.1924794524662 55.35
1036 290.9828601011336 55.36
1037 296.426264350541 55.37
1038 296.7192955594203 55.38
1039 301.6310892105239 55.39
1040 302.4480926449414 55.4
1041 306.753824489017 55.41
1042 311.2667391942512 55.42
1043 328.8080416972127 55.43
1044 328.6690606653499 55.44
1045 331.6439508773858 55.45
1046 346.3513625412011 55.46
1047 348.6133401373513 55.47
1048 364.7075869209716 55.48
1049 366.694093635884 55.49
1050 389.128131114905 55.5
1051 390.6725891190761 55.51
1052 405.1325489807839 55.52
1053 428.4253084405902 55.53
1054 429.3286239228332 55.54
1055 445.6028852580437 55.55
1056 470.8606375595184 55.56
1057 471.174128367011 55.57
1058 487.2668836977346 55.58
1059 510.2405730094415 55.59
1060 511.4122537985411 55.6
1061 529.0623227979684 55.61
1062 560.6123204832506 55.62
1063 560.0780971596059 55.63
1064 578.5456438490151 55.64
1065 608.475701709142 55.65
1066 607.6007188990279 55.66
1067 625.1498086087372 55.67
1068 655.3330548287165 55.68
1069 654.0529371280331 55.69
1070 671.8404356614174 55.7
1071 701.6451817992115 55.71
1072 699.8120450910442 55.72
1073 717.4114036018022 55.73
1074 747.4118116487289 55.74
1075 745.0952492927865 55.75
1076 763.0197049344865 55.76
1077 789.8730644660252 55.77
1078 787.3446961274592 55.78
1079 806.5889020710929 55.79
1080 836.4693795485778 55.8
1081 833.0977187217591 55.81
1082 846.1489202704215 55.82
1083 882.7301184495022 55.83
1084 879.1480688276947 55.84
1085 893.6763014672397 55.85
1086 932.1332597489975 55.86
1087 928.0787428372482 55.87
1088 943.8020591414079 55.88
1089 984.3154249635322 55.89
1090 979.9187657697332 55.9
1091 1000.68662021499 55.91
1092 1039.832798215418 55.92
1093 1035.109768953312 55.93
1094 1055.158949222958 55.94
1095 1097.449570633387 55.95
1096 1092.35454121734 55.96
1097 1112.411651568822 55.97
1098 1156.430297851642 55.98
1099 1150.955588709024 55.99
1100 1171.269426156529 56
1101 1217.307621350198 56.01
1102 1211.320505038474 56.02
1103 1231.028222618198 56.03
1104 1278.246117536982 56.04
1105 1271.849203637587 56.05
1106 1291.402990408304 56.06
1107 1338.469442904124 56.07
1108 1331.475625384599 56.08
1109 1350.969491017135 56.09
1110 1397.814125453351 56.1
1111 1390.245071719354 56.11
1112 1409.643233997205 56.12
1113 1456.515214643742 56.13
1114 1448.567550048607 56.14
1115 1468.364532893286 56.15
1116 1514.000597417011 56.16
1117 1505.502793556324 56.17
1118 1524.178567923382 56.18
1119 1569.1259115761 56.19
1120 1560.173858907513 56.2
1121 1605.684462909967 56.21
1122 1597.09928860506 56.22
1123 1649.254972601868 56.23
1124 1640.772443440183 56.24
1125 1696.444381862848 56.25
1126 1687.681691124001 56.26
1127 1744.839811244432 56.27
1128 1735.851251572644 56.28
1129 1793.632326424119 56.29
1130 1784.287131261035 56.3
1131 1876.850004695234 56.31
1132 1901.744731828864 56.32
1133 1924.370888279824 56.33
1134 1948.499847661016 56.34
1135 1966.528625080366 56.35
1136 1991.832614437056 56.36
1137 2007.610991007984 56.37
1138 2032.378095954802 56.38
1139 2059.019645218257 56.39
1140 2087.687397302788 56.4
1141 2115.987340967622 56.41
1142 2142.004001563997 56.42
1143 2166.575060277288 56.43
1144 2191.192269718533 56.44
1145 2216.298615121202 56.45
1146 2242.783013645525 56.46
1147 2269.001360443332 56.47
1148 2296.901868206018 56.48
1149 2321.872401750619 56.49
1150 2345.386923733745 56.5
1151 2367.390150660358 56.51
1152 2388.580416463586 56.52
1153 2407.777233801553 56.53
1154 2427.720203048887 56.54
1155 2450.300797767663 56.55
1156 2476.360693324845 56.56
1157 2504.074758276013 56.57
1158 2531.147483910815 56.58
1159 2555.970240854301 56.59
1160 2577.778272735838 56.6
1161 2596.539829347085 56.61
1162 2610.709134680075 56.62
1163 2621.130448907709 56.63
1164 2620.238804316726 56.64
1165 2603.463400032776 56.65
1166 2574.082244070952 56.66
1167 2552.575411706614 56.67
1168 2526.949441408823 56.68
1169 2504.455958859973 56.69
1170 2471.664525163181 56.7
1171 2408.546236091587 56.71
1172 2336.933792452736 56.72
1173 2295.591364127627 56.73
1174 2251.518549605382 56.74
1175 2190.699126813462 56.75
1176 2107.38323458125 56.76
1177 2033.627365585079 56.77
1178 1980.172839759574 56.78
1179 1920.998168992034 56.79
1180 1846.929561665473 56.8
1181 1769.58223475085 56.81
1182 1694.453267405735 56.82
1183 1622.616843414175 56.83
1184 1552.852762957594 56.84
1185 1447.04838360873 56.85
1186 1387.403361497965 56.86
1187 1336.765724835674 56.87
1188 1279.754184994164 56.88
1189 1206.523994656635 56.89
1190 1129.863060733586 56.9
1191 1036.354471501782 56.91
1192 975.3961199129237 56.92
1193 927.7233062996022 56.93
1194 875.4929318265783 56.94
1195 811.9884821970222 56.95
1196 744.680428182636 56.96
1197 568.8818573408605 56.97
1198 415.0091009172602 56.98
1199 476.3561657252567 56.99
1200 531.2822780413983 57
1201 487.2138296896483 57.01
1202 403.7287984650347 57.02
1203 337.59450785728 57.03
1204 303.3732695610272 57.04
1205 277.4067268125455 57.05
1206 247.9080290194836 57.06
1207 213.5584232802012 57.07
1208 180.5297435680559 57.08
1209 151.2420066537568 57.09
1210 124.7474078129667 57.1
1211 101.3434451186336 57.11
1212 76.42172855236254 57.12
1213 52.15198785345638 57.13
1214 30.91590229996473 57.14
1215 10.97760839561761 57.15
1216 -7.234064241638862 57.16
1217 -26.05720921925399 57.17
1218 -42.01883950556498 57.18
1219 -56.17141268103728 57.19
1220 -69.16220865599325 57.2
1221 -80.38723677067151 57.21
1222 -89.31204361803657 57.22
1223 -91.56094075721626 57.23
1224 -94.21398657868826 57.24
1225 -96.89839735463329 57.25
1226 -97.60278024622835 57.26
1227 -95.89042682975378 57.27
1228 -94.05661104397655 57.28
1229 -89.18338630506059 57.29
1230 -81.42750536829385 57.3
1231 -74.90584144560694 57.31
1232 -67.54434392833218 57.32
1233 -60.52382899884833 57.33
1234 -58.3939134693087 57.34
1235 -46.17140347496502 57.35
1236 -44.24751083549791 57.36
1237 -28.29924852552813 57.37
1238 -26.42149740816308 57.38
1239 -12.34246596691014 57.39
1240 -10.58968298220088 57.4
1241 4.482756164179591 57.41
1242 2.766357408392423 57.42
1243 23.90707396162111 57.43
1244 30.68634399169059 57.44
1245 31.53191575276196 57.45
1246 46.56730772451442 57.46
1247 47.6245998557788 57.47
1248 72.18618690666312 57.48
1249 79.86283652880002 57.49
1250 80.0199054389177 57.5
1251 92.75272019300542 57.51
1252 105.4726897994096 57.52
1253 122.4691946129135 57.53
1254 122.7232035557515 57.54
1255 134.8243875055311 57.55
1256 147.0949278857556 57.56
1257 165.3413380527143 57.57
1258 165.140234467128 57.58
1259 177.5872947961836 57.59
1260 190.9095324227019 57.6
1261 209.9356993107763 57.61
1262 209.0947620844415 57.62
1263 222.0482211642454 57.63
1264 235.9906099283819 57.64
1265 255.9920500957512 57.65
1266 254.5068943382335 57.66
1267 268.7025877247208 57.67
1268 283.4108088597959 57.68
1269 304.6815074258648 57.69
1270 302.5194490133349 57.7
1271 318.1552162675039 57.71
1272 333.9445435635928 57.72
1273 356.4505845334108 57.73
1274 353.6081327151487 57.74
1275 369.07021240011 57.75
1276 386.3670468229845 57.76
1277 414.1739265829533 57.77
1278 411.2175219161888 57.78
1279 429.1863717901722 57.79
1280 447.3501209190649 57.8
1281 472.3795880293062 57.81
1282 467.9737019103188 57.82
1283 488.5912705184692 57.83
1284 521.4210874886103 57.84
1285 516.4725295124858 57.85
1286 539.7345016800964 57.86
1287 636.1761956537887 57.87
1288 617.8653903526229 57.88
1289 649.2537781075159 57.89
1290 644.5443151397767 57.9
1291 664.8105469198258 57.91
1292 707.1587986210293 57.92
1293 702.4624561762146 57.93
1294 744.8772005297028 57.94
1295 740.8167914251721 57.95
1296 814.8015244659575 57.96
1297 804.8287880844618 57.97
1298 826.6170867797669 57.98
1299 879.1900274301588 57.99
1300 873.1990349871949 58
1301 919.8503958410192 58.01
1302 914.6041287997589 58.02
1303 973.9718562767598 58.03
1304 967.3263805390031 58.04
1305 995.7864072934829 58.05
1306 1050.904122606391 58.06
1307 1043.369631245851 58.07
1308 1096.132416636063 58.08
1309 1124.868568670565 58.09
1310 1143.728377393833 58.1
1311 1137.121925751421 58.11
1312 1203.929191740646 58.12
1313 1196.542816450275 58.13
1314 1260.667729164844 58.14
1315 1289.270708246034 58.15
1316 1282.80966035886 58.16
1317 1359.385569512548 58.17
1318 1351.753509939095 58.18
1319 1422.331729285343 58.19
1320 1415.058014412872 58.2
1321 1480.539907655356 58.21
1322 1508.041600913703 58.22
1323 1534.751488989205 58.23
1324 1563.097817590658 58.24
1325 1589.789809967602 58.25
1326 1618.130879149385 58.26
1327 1648.662264070725 58.27
1328 1684.548965853432 58.28
1329 1717.894637659902 58.29
1330 1751.265662722756 58.3
1331 1781.890803470052 58.31
1332 1807.036264412948 58.32
1333 1836.905722269037 58.33
1334 1875.137177714211 58.34
1335 1906.979435275925 58.35
1336 1938.119596680854 58.36
1337 1969.588270486815 58.37
1338 2004.917211264871 58.38
1339 2046.670888296188 58.39
1340 2082.265564055262 58.4
1341 2118.034999430577 58.41
1342 2156.040497568712 58.42
1343 2198.023805659301 58.43
1344 2238.978371981307 58.44
1345 2281.637993601074 58.45
1346 2327.362899034824 58.46
1347 2370.927796468703 58.47
1348 2405.994392938801 58.48
1349 2443.826730895642 58.49
1350 2474.344447518135 58.5
1351 2498.031620609232 58.51
1352 2515.510191544363 58.52
1353 2521.088669569648 58.53
1354 2529.245708766809 58.54
1355 2543.504492621346 58.55
1356 2562.948158933029 58.56
1357 2578.923213658509 58.57
1358 2591.658487744816 58.58
1359 2591.770351928666 58.59
1360 2584.97377430431 58.6
1361 2577.078039028642 58.61
1362 2561.096929994227 58.62
1363 2532.955252969886 58.63
1364 2492.939418658651 58.64
1365 2464.584485650074 58.65
1366 2435.30194305988 58.66
1367 2398.901383630557 58.67
1368 2354.486540993688 58.68
1369 2310.446239675276 58.69
1370 2261.755320506365 58.7
1371 2209.316327254836 58.71
1372 2149.445641585494 58.72
1373 2090.386278353707 58.73
1374 2034.988457233512 58.74
1375 1976.640239729642 58.75
1376 1918.625744518961 58.76
1377 1857.145718755927 58.77
1378 1791.571217268587 58.78
1379 1728.679883621566 58.79
1380 1614.468339393745 58.8
1381 1553.518355856694 58.81
1382 1504.222268895723 58.82
1383 1398.738340345246 58.83
1384 1387.652116819578 58.84
1385 1350.222285824246 58.85
1386 1271.017452582397 58.86
1387 1144.740999207715 58.87
1388 1093.476420899829 58.88
1389 1065.947541403244 58.89
1390 1028.294691704379 58.9
1391 976.7299823108486 58.91
1392 920.7256658433125 58.92
1393 870.410075879628 58.93
1394 829.1250942048271 58.94
1395 790.1153797788349 58.95
1396 751.3547858221184 58.96
1397 717.201788722487 58.97
1398 686.5335175303351 58.98
1399 653.9216886689435 58.99
1400 620.8010400236392 59
1401 594.1951526186199 59.01
1402 567.8121426463958 59.02
1403 544.0004576263395 59.03
1404 521.4570972868028 59.04
1405 500.73400107917 59.05
1406 480.8679066171751 59.06
1407 462.8522354330651 59.07
1408 445.8841682833856 59.08
1409 430.646302284764 59.09
1410 416.803528202679 59.1
1411 404.1866374621445 59.11
1412 392.5575014697788 59.12
1413 382.1207504663064 59.13
1414 372.9767935583686 59.14
1415 364.0225294260088 59.15
1416 356.1611852871695 59.16
1417 348.4644956666571 59.17
1418 342.2010105595004 59.18
1419 335.6947995797761 59.19
1420 330.8512591381914 59.2
1421 325.7331076257169 59.21
1422 322.6121835317367 59.22
1423 318.7555697461505 59.23
1424 316.9032100450986 59.24
1425 314.695116759076 59.25
1426 314.3801382738641 59.26
1427 313.6890592256925 59.27
1428 315.0133701123686 59.28
1429 317.5918750886617 59.29
1430 319.250897325858 59.3
1431 323.600563042922 59.31
1432 328.289270738474 59.32
1433 333.1236080388021 59.33
1434 338.1080216530747 59.34
1435 343.3749712729812 59.35
1436 343.7453666950155 59.36
1437 357.1746310173792 59.37
1438 355.4704591050941 59.38
1439 369.0418902038566 59.39
1440 368.5623436435192 59.4
1441 381.7846928897611 59.41
1442 379.6990972543758 59.42
1443 393.9067060127779 59.43
1444 392.6367219775668 59.44
1445 407.0201920230165 59.45
1446 404.2553154838345 59.46
1447 412.0782073393736 59.47
1448 420.5747346484995 59.48
1449 428.7409658271574 59.49
1450 435.9406477005859 59.5
1451 443.0584886875088 59.51
1452 456.0144762596865 59.52
1453 452.716090941379 59.53
1454 468.5959346108712 59.54
1455 466.4096401811939 59.55
1456 474.1833390964234 59.56
1457 483.9803077288668 59.57
1458 492.4426815798774 59.58
1459 501.2584920157453 59.59
1460 509.2792288076967 59.6
1461 517.8536644421224 59.61
1462 525.8842970958679 59.62
1463 534.7572473653493 59.63
1464 543.18710822195 59.64
1465 552.0966584040707 59.65
1466 560.5348031787337 59.66
1467 569.6865878738558 59.67
1468 578.3829440590457 59.68
1469 587.9084453795599 59.69
1470 596.897957207543 59.7
1471 606.7372290241581 59.71
1472 616.022638392101 59.72
1473 626.1121335489959 59.73
1474 635.7831857898177 59.74
1475 646.0990452997828 59.75
1476 655.8881889148286 59.76
1477 666.650808821171 59.77
1478 676.814185947773 59.78
1479 687.6293912207841 59.79
1480 698.0068099734292 59.8
1481 709.0129109703257 59.81
1482 719.6084542681363 59.82
1483 730.9868082765431 59.83
1484 741.7273574519465 59.84
1485 753.0186447548408 59.85
1486 763.8565406461016 59.86
1487 775.2125967266948 59.87
1488 799.3467666973602 59.88
1489 794.533234425717 59.89
1490 806.7028080275813 59.9
1491 819.7766796999026 59.91
1492 832.4474844758302 59.92
1493 858.0758589364079 59.93
1494 852.6639506299123 59.94
1495 864.7804362042075 59.95
1496 862.3298185696756 59.96
1497 860.1848190606988 59.97
1498 878.6772819168498 59.98
1499 873.549522738457 59.99
1500 891.6756308606657 60
