"frac-mass-o2-rfile"
"Time Step" "frac-mass-o2 etc.."
("Time Step" "frac-mass-o2" "flow-time")
0 0.2216499253873999 0
1 0.2202932464817666 0.1
2 0.220872271340099 0.2
3 0.2198491800188567 0.3
4 0.2186239094801635 0.4
5 0.2179832944143501 0.5
6 0.2171581032242502 0.6000000000000001
7 0.2161251405307536 0.7000000000000001
8 0.2151747302679214 0.8
9 0.2146075906852309 0.9
10 0.2133048918916164 1
11 0.2122131794438424 1.1
12 0.2111319445047431 1.2
13 0.2100338467077155 1.3
14 0.2088905327660334 1.4
15 0.2077693610188345 1.5
16 0.2066869905760317 1.6
17 0.2055306583721634 1.7
18 0.2043381405807425 1.8
19 0.2032209355569829 1.9
20 0.2020751888717238 2
21 0.2010308924363462 2.1
22 0.1998596351565703 2.2
23 0.1986811456007714 2.3
24 0.1976591240531431 2.4
25 0.1964824719249441 2.5
26 0.1953022703131162 2.6
27 0.1941117663784952 2.7
28 0.1931444214750238 2.8
29 0.1919353723302556 2.9
30 0.1907218471373279 3
31 0.1894941122286105 3.1
32 0.1882464395141989 3.2
33 0.1869778422903582 3.3
34 0.185694837303366 3.4
35 0.1843934366814407 3.5
36 0.1830809409419665 3.6
37 0.1817469774836858 3.7
38 0.1803959100922023 3.8
39 0.1790201678272333 3.9
40 0.1776204798185596 4
41 0.1762020308657848 4.100000000000001
42 0.1747653922770897 4.2
43 0.1733157535758355 4.3
44 0.1718481199263583 4.4
45 0.1703602967488545 4.5
46 0.1688550076060888 4.600000000000001
47 0.1673317835912123 4.7
48 0.1657961626694472 4.800000000000001
49 0.1642348253304489 4.9
50 0.1626539513925654 5
51 0.1610528795364858 5.100000000000001
52 0.1594256186116668 5.2
53 0.1577833282302739 5.300000000000001
54 0.1561265862366991 5.4
55 0.1544423098381102 5.5
56 0.1527469531144945 5.600000000000001
57 0.1510311573058158 5.7
58 0.1493083803625782 5.800000000000001
59 0.1475601241212111 5.9
60 0.1458081665248794 6
61 0.1440415935299762 6.100000000000001
62 0.142241198975773 6.2
63 0.1404283373185042 6.300000000000001
64 0.1385924891445147 6.4
65 0.1367414822287944 6.5
66 0.1348723708631322 6.600000000000001
67 0.1329870139943658 6.7
68 0.1310843546264639 6.800000000000001
69 0.129184659146463 6.9
70 0.1272583573942711 7
71 0.1253096725242111 7.100000000000001
72 0.1233438138592334 7.2
73 0.1214158135436635 7.300000000000001
74 0.1194142769411452 7.4
75 0.1174276433794131 7.5
76 0.1153963466458795 7.600000000000001
77 0.1133470088463769 7.7
78 0.1112863319787316 7.800000000000001
79 0.109210377777563 7.9
80 0.1071147976113647 8
81 0.1049992472799228 8.1
82 0.102865568870227 8.200000000000001
83 0.100716893793849 8.300000000000001
84 0.09855393403483072 8.4
85 0.09636532878794442 8.5
86 0.09416941379552074 8.6
87 0.09195060737643412 8.700000000000001
88 0.08971542904325608 8.800000000000001
89 0.08746481583056757 8.9
90 0.08519870318128947 9
91 0.08295231636394679 9.1
92 0.08067467858664358 9.200000000000001
93 0.07835454365457499 9.300000000000001
94 0.07599208301219733 9.4
95 0.07363844916598437 9.5
96 0.07125792291651881 9.600000000000001
97 0.06886591161872591 9.700000000000001
98 0.06644903641549996 9.800000000000001
99 0.06401463917501922 9.9
100 0.06156861907829507 10
101 0.05909295102104788 10.1
102 0.05661069424760585 10.2
103 0.05412280152431877 10.3
104 0.05165156538387009 10.4
105 0.04953908154111814 10.5
106 0.04741997664288474 10.6
107 0.04531143629698497 10.7
108 0.04323141932413938 10.8
109 0.04110161303299449 10.9
110 0.03900342027962068 11
111 0.03686586747311267 11.1
112 0.03478014742404309 11.2
113 0.03273280759747105 11.3
114 0.03069576623910344 11.4
115 0.02889041641831452 11.5
116 0.02690949915044859 11.6
117 0.02496745465692115 11.7
118 0.02311510432228903 11.8
119 0.02133996299596566 11.9
120 0.01965529576694109 12
121 0.01808521316594962 12.1
122 0.01666871571704443 12.2
123 0.01538760020910258 12.3
124 0.01426868780313502 12.4
125 0.01280490374962271 12.5
126 0.01192899784422481 12.6
127 0.01038850030675095 12.7
128 0.009665649040594408 12.8
129 0.008276242635749127 12.9
130 0.007654828069216861 13
131 0.006381025461811547 13.1
132 0.005805856619154042 13.2
133 0.004682717569223126 13.3
134 0.004153857764558993 13.4
135 0.003645788038121037 13.5
136 0.0024588090284812 13.6
137 0.001971106940754621 13.7
138 0.001530162124531146 13.8
139 0.0006617113305635369 13.9
140 0.0004508862186207574 14
141 0.000301706501604948 14.1
142 6.042927494508146e-07 14.2
143 1.421282409096489e-09 14.3
144 3.538827137227004e-12 14.4
145 9.06103909831071e-15 14.5
146 2.357371673705127e-17 14.6
147 6.201946628863703e-20 14.7
148 1.816634413129642e-22 14.8
149 8.242418584897168e-24 14.9
150 1.15094173075525e-24 15
151 2.721647194041061e-25 15.1
152 8.71075408482484e-26 15.2
153 3.243949660102403e-26 15.3
154 1.311304410070882e-26 15.4
155 5.416091156981391e-27 15.5
156 2.189381479506231e-27 15.6
157 8.633860434888829e-28 15.7
158 3.491635813216486e-28 15.8
159 1.522668332168475e-28 15.9
160 6.943868497425347e-29 16
161 3.049098194851002e-29 16.1
162 1.215012884607915e-29 16.2
163 4.604144447716931e-30 16.3
164 2.085530557619367e-30 16.4
165 1.287081482408414e-30 16.5
166 9.297566660065642e-31 16.6
167 6.835851874767872e-31 16.7
168 4.635198710133309e-31 16.8
169 3.359362096440381e-31 16.9
170 2.924549833054677e-31 17
171 2.751412701265519e-31 17.1
172 2.571148855958469e-31 17.2
173 2.264194327111005e-31 17.3
174 1.805306513190816e-31 17.4
175 1.593567562991297e-31 17.5
176 1.525070169770402e-31 17.6
177 1.472821582131041e-31 17.7
178 1.394689834840815e-31 17.8
179 1.225127316013272e-31 17.9
180 1.079707120839704e-31 18
181 1.024439453532104e-31 18.1
182 9.987284213713454e-32 18.2
183 9.684393335026381e-32 18.3
184 9.046648834115554e-32 18.4
185 8.091733119625395e-32 18.5
186 7.647899114068596e-32 18.6
187 7.455841189382276e-32 18.7
188 7.257156523518122e-32 18.8
189 6.991800258141369e-32 18.9
190 6.471358319092896e-32 19
191 6.065161493396619e-32 19.1
192 5.867616035755478e-32 19.2
193 5.765255217898785e-32 19.3
194 5.628652973176073e-32 19.4
195 5.311924305087865e-32 19.5
196 4.995746438621197e-32 19.6
197 4.844184678150778e-32 19.7
198 4.755522669024609e-32 19.8
199 4.647578677632477e-32 19.9
200 4.481062816022253e-32 20
201 4.248474297513932e-32 20.1
202 4.088035274401537e-32 20.2
203 4.00462365690206e-32 20.3
204 3.946402563496086e-32 20.4
205 3.851196959273739e-32 20.5
206 3.663637761856128e-32 20.6
207 3.524104190369551e-32 20.7
208 3.45466616052569e-32 20.8
209 3.401814734651447e-32 20.9
210 3.328309077633776e-32 21
211 3.209987268752224e-32 21.1
212 3.096488655264705e-32 21.2
213 3.013968561230391e-32 21.3
214 2.964884077212641e-32 21.4
215 2.922319477769047e-32 21.5
216 2.919616989590229e-32 21.6
217 2.916811674341449e-32 21.7
218 2.913888874155376e-32 21.8
219 2.91083537725268e-32 21.9
220 2.907635197370019e-32 22
221 2.904272492534992e-32 22.1
222 2.900728832390268e-32 22.2
223 2.896986756694922e-32 22.3
224 2.893028910773918e-32 22.4
225 2.888840299309025e-32 22.5
226 2.884412289234064e-32 22.6
227 2.879745718741591e-32 22.7
228 2.778727612741651e-32 22.8
229 2.688550263080493e-32 22.9
230 2.637316073529014e-32 23
231 2.602325289167203e-32 23.1
232 2.548802599778392e-32 23.2
233 2.476545946232902e-32 23.3
234 2.412075658144195e-32 23.4
235 2.357558004192381e-32 23.5
236 2.339505105480091e-32 23.6
237 2.337165375555655e-32 23.7
238 2.334839414278821e-32 23.8
239 2.33255261914696e-32 23.9
240 2.330331236120167e-32 24
241 2.32819038279477e-32 24.1
242 2.326136427932388e-32 24.2
243 2.291995039216483e-32 24.3
244 2.242534854063443e-32 24.4
245 2.193871921689104e-32 24.5
246 2.1544737638194e-32 24.6
247 2.150808433296419e-32 24.7
248 2.147225983991608e-32 24.8
249 2.143746931410577e-32 24.9
250 2.140388418861882e-32 25
251 2.137158383158851e-32 25.1
252 2.134061909036033e-32 25.2
253 2.131098478174088e-32 25.3
254 2.12826439368965e-32 25.4
255 2.125553719154092e-32 25.5
256 2.122959252639549e-32 25.6
257 2.088018388770798e-32 25.7
258 2.06019429777101e-32 25.8
259 2.03275183079554e-32 25.9
260 2.030332724809976e-32 26
261 2.027913543540966e-32 26.1
262 2.025495734030064e-32 26.2
263 2.023079609080211e-32 26.3
264 2.020663112791977e-32 26.4
265 2.018242380413726e-32 26.5
266 2.015812703616087e-32 26.6
267 2.013370827229368e-32 26.7
268 2.010917986554967e-32 26.8
269 2.00846273073943e-32 26.9
270 2.006023336739011e-32 27
271 2.003623952116937e-32 27.1
272 2.001287433281018e-32 27.2
273 1.99902874070861e-32 27.3
274 1.996852883448863e-32 27.4
275 1.958334535557916e-32 27.5
276 1.918730255256754e-32 27.6
277 1.916736109434366e-32 27.7
278 1.914806482497285e-32 27.8
279 1.912941305214018e-32 27.9
280 1.911142507965665e-32 28
281 1.909410249901089e-32 28.1
282 1.907742742490654e-32 28.2
283 1.9061362017775e-32 28.3
284 1.904585517185531e-32 28.4
285 1.90308467528234e-32 28.5
286 1.874757805045523e-32 28.6
287 1.848296785599937e-32 28.7
288 1.846003651642175e-32 28.8
289 1.843766521496366e-32 28.9
290 1.841592503873164e-32 29
291 1.839490007925393e-32 29.1
292 1.837464319186526e-32 29.2
293 1.835518592151716e-32 29.3
294 1.833653843814717e-32 29.4
295 1.831868734002775e-32 29.5
296 1.830159566831514e-32 29.6
297 1.828523603814075e-32 29.7
298 1.826958323520919e-32 29.8
299 1.825459009093712e-32 29.9
300 1.824020586378362e-32 30
301 1.822637746539861e-32 30.1
302 1.821305078430524e-32 30.2
303 1.820017200871203e-32 30.3
304 1.818768821544746e-32 30.4
305 1.817554812555633e-32 30.5
306 1.816370242238389e-32 30.6
307 1.793578169117905e-32 30.7
308 1.774422623822172e-32 30.8
309 1.772408421367728e-32 30.9
310 1.77033010203022e-32 31
311 1.768192011807e-32 31.1
312 1.766003640174525e-32 31.2
313 1.763775785067574e-32 31.3
314 1.761519687475075e-32 31.4
315 1.759245476385237e-32 31.5
316 1.71767503758441e-32 31.6
317 1.67786218060834e-32 31.7
318 1.669591249169465e-32 31.8
319 1.668222528477393e-32 31.9
320 1.666944762692656e-32 32
321 1.665749741599075e-32 32.1
322 1.664629690911179e-32 32.2
323 1.663576948942191e-32 32.3
324 1.662584025616636e-32 32.4
325 1.66164372066978e-32 32.5
326 1.660749219839029e-32 32.6
327 1.659894171503926e-32 32.7
328 1.659072719905971e-32 32.8
329 1.658279527297198e-32 32.9
330 1.65750975072568e-32 33
331 1.656759071238464e-32 33.1
332 1.641835772902489e-32 33.2
333 1.640917235561204e-32 33.3
334 1.639963397479055e-32 33.4
335 1.638967496626113e-32 33.5
336 1.637923359084306e-32 33.6
337 1.636823767305152e-32 33.7
338 1.635661421212099e-32 33.8
339 1.634430808191069e-32 33.9
340 1.633130886910292e-32 34
341 1.631764154504456e-32 34.1
342 1.630343273045294e-32 34.2
343 1.628888230600578e-32 34.3
344 1.627421028590293e-32 34.4
345 1.625959358233037e-32 34.5
346 1.624513179804898e-32 34.6
347 1.623084664564011e-32 34.7
348 1.621670188798554e-32 34.8
349 1.620262983135432e-32 34.9
350 1.618855312700877e-32 35
351 1.617439608710707e-32 35.1
352 1.616008823799939e-32 35.2
353 1.580504394946166e-32 35.3
354 1.556384876729548e-32 35.4
355 1.55273232056863e-32 35.5
356 1.548903097502614e-32 35.6
357 1.545042474607172e-32 35.7
358 1.541322921380049e-32 35.8
359 1.537863559387568e-32 35.9
360 1.53470431408909e-32 36
361 1.531835483936345e-32 36.1
362 1.529233430969758e-32 36.2
363 1.526871290253105e-32 36.3
364 1.505196494963557e-32 36.4
365 1.497469521604613e-32 36.5
366 1.496627609002363e-32 36.6
367 1.495810558808333e-32 36.7
368 1.495025022568315e-32 36.8
369 1.494274046789397e-32 36.9
370 1.493556437104685e-32 37
371 1.492869709332018e-32 37.1
372 1.49220998756096e-32 37.2
373 1.491573813707101e-32 37.3
374 1.490957608344568e-32 37.4
375 1.490358072760181e-32 37.5
376 1.4897722475847e-32 37.6
377 1.489197504307103e-32 37.7
378 1.488631487036711e-32 37.8
379 1.488072150595984e-32 37.9
380 1.487517724862887e-32 38
381 1.486966672899439e-32 38.1
382 1.486417679982007e-32 38.2
383 1.48586959938411e-32 38.3
384 1.485321420616615e-32 38.40000000000001
385 1.484772235140636e-32 38.5
386 1.484221189831642e-32 38.6
387 1.483667469725176e-32 38.7
388 1.483110258157732e-32 38.8
389 1.482548735907882e-32 38.90000000000001
390 1.48198206117846e-32 39
391 1.481409367377467e-32 39.1
392 1.480829749922237e-32 39.2
393 1.480242262971472e-32 39.3
394 1.479645949936129e-32 39.40000000000001
395 1.479039797541052e-32 39.5
396 1.478422751762534e-32 39.6
397 1.477793706933494e-32 39.7
398 1.477151530750024e-32 39.8
399 1.476494999686305e-32 39.90000000000001
400 1.475822804741134e-32 40
401 1.475133543010428e-32 40.1
402 1.474425665461747e-32 40.2
403 1.473697483609059e-32 40.3
404 1.472947126422827e-32 40.40000000000001
405 1.446499204441883e-32 40.5
406 1.414411058976784e-32 40.6
407 1.367921480914078e-32 40.7
408 1.356658046057844e-32 40.8
409 1.354740214133491e-32 40.90000000000001
410 1.354364665556377e-32 41
411 1.353990579246567e-32 41.1
412 1.353616983399211e-32 41.2
413 1.353243336504722e-32 41.3
414 1.352869068509499e-32 41.40000000000001
415 1.352493593002794e-32 41.5
416 1.352116405271613e-32 41.6
417 1.351737023279349e-32 41.7
418 1.351354963146106e-32 41.8
419 1.350969772356025e-32 41.90000000000001
420 1.350580980409904e-32 42
421 1.350188120444908e-32 42.1
422 1.349790721148685e-32 42.2
423 1.349388291011078e-32 42.3
424 1.348980323492003e-32 42.40000000000001
425 1.348566292534238e-32 42.5
426 1.348145640863283e-32 42.6
427 1.347717779749687e-32 42.7
428 1.347282067242321e-32 42.8
429 1.346837821270034e-32 42.90000000000001
430 1.346384285791795e-32 43
431 1.345920634997807e-32 43.1
432 1.345445957881734e-32 43.2
433 1.344959206068481e-32 43.3
434 1.344459216988971e-32 43.40000000000001
435 1.343944655063923e-32 43.5
436 1.343413993702879e-32 43.6
437 1.342865443418606e-32 43.7
438 1.342296928671734e-32 43.8
439 1.341706015926561e-32 43.90000000000001
440 1.341089840567571e-32 44
441 1.340444988095812e-32 44.1
442 1.339767419840103e-32 44.2
443 1.339052382149249e-32 44.3
444 1.316272889951293e-32 44.40000000000001
445 1.28048547359663e-32 44.5
446 1.27538004946089e-32 44.6
447 1.272933971849152e-32 44.7
448 1.270592251921515e-32 44.8
449 1.268378111844194e-32 44.90000000000001
450 1.266310788328492e-32 45
451 1.264400435983673e-32 45.1
452 1.262646431091558e-32 45.2
453 1.261041266779201e-32 45.3
454 1.259574593273123e-32 45.40000000000001
455 1.258234481889078e-32 45.5
456 1.244988122623212e-32 45.6
457 1.235805462205561e-32 45.7
458 1.235232720351804e-32 45.8
459 1.234662024739757e-32 45.90000000000001
460 1.234097125120569e-32 46
461 1.233541631476314e-32 46.1
462 1.232997379455567e-32 46.2
463 1.23246532277345e-32 46.3
464 1.22285651778054e-32 46.40000000000001
465 1.206214333850234e-32 46.5
466 1.169757868244537e-32 46.6
467 1.148982312125212e-32 46.7
468 1.140841170808234e-32 46.8
469 1.139256032326014e-32 46.90000000000001
470 1.138940830182995e-32 47
471 1.138625595360716e-32 47.1
472 1.138309610131602e-32 47.2
473 1.137992275284074e-32 47.3
474 1.137673057742237e-32 47.40000000000001
475 1.137351454684245e-32 47.5
476 1.137026967141725e-32 47.6
477 1.136699104567746e-32 47.7
478 1.136367366948383e-32 47.8
479 1.13603123643706e-32 47.90000000000001
480 1.135690192523292e-32 48
481 1.135343694655545e-32 48.1
482 1.134991171233539e-32 48.2
483 1.134632045030208e-32 48.3
484 1.134265682714584e-32 48.40000000000001
485 1.133891440065147e-32 48.5
486 1.133508615326913e-32 48.6
487 1.13311646332013e-32 48.7
488 1.132714147582674e-32 48.8
489 1.132300791949418e-32 48.90000000000001
490 1.131875413611503e-32 49
491 1.131436940804043e-32 49.1
492 1.130984170238602e-32 49.2
493 1.130515784451598e-32 49.3
494 1.13003030484743e-32 49.40000000000001
495 1.129526064071139e-32 49.5
496 1.129001192351438e-32 49.6
497 1.128453548683535e-32 49.7
498 1.127880713059794e-32 49.8
499 1.127279927596184e-32 49.90000000000001
500 1.106643773261073e-32 50
501 0.0001328801618709929 50.01
502 0.0001860823145537053 50.02
503 0.0001311332815820236 50.03
504 5.24058789806912e-05 50.04
505 4.04230683325169e-05 50.05
506 5.602279022308675e-05 50.06
507 5.900456636139306e-05 50.07
508 6.116228166705584e-05 50.08
509 5.646675917859554e-05 50.09
510 5.594025473074943e-05 50.1
511 5.824041784652168e-05 50.11
512 6.086067395385105e-05 50.12
513 5.82743195719006e-05 50.13
514 5.926810256184915e-05 50.14
515 6.072800952785065e-05 50.15
516 6.150396709984809e-05 50.16
517 6.205869270897589e-05 50.17
518 6.114695186961564e-05 50.18
519 6.741778639444595e-05 50.19
520 7.084831321795294e-05 50.2
521 7.146077508773843e-05 50.21
522 7.171292885986959e-05 50.22
523 7.265165826874497e-05 50.23
524 7.466754783581874e-05 50.24
525 7.621419241163723e-05 50.25
526 7.637370455970447e-05 50.26
527 7.772245003472291e-05 50.27
528 7.972631940101845e-05 50.28
529 8.040914786795565e-05 50.29
530 8.14953556581182e-05 50.3
531 8.352617634931113e-05 50.31
532 8.63232109877847e-05 50.32
533 9.019306344325989e-05 50.33
534 9.639610332901554e-05 50.34
535 0.0001009649902790174 50.35
536 0.00010644580452847 50.36
537 0.0001154373778746046 50.37
538 0.000126499168975601 50.38
539 0.0001385245731674325 50.39
540 0.0001519644190817497 50.4
541 0.0001663531957787788 50.41
542 0.0001824311851154313 50.42
543 0.0001997313768687147 50.43
544 0.0002173860846479227 50.44
545 0.0002363138023581675 50.45
546 0.0002529701134285468 50.46
547 0.000270294069223941 50.47
548 0.0002892533879576576 50.48
549 0.0003091580003569692 50.49
550 0.000328685930438734 50.5
551 0.0003482188740734433 50.51
552 0.0003676026914427897 50.52
553 0.0003871442040621341 50.53
554 0.0004065337291910366 50.54
555 0.0004244074266402936 50.55
556 0.000439435384513711 50.56
557 0.0004519197748967669 50.57
558 0.0004618097390267252 50.58
559 0.0004677939145260484 50.59
560 0.0004707440188557257 50.6
561 0.0004706607848063976 50.61
562 0.0004665635752584907 50.62
563 0.0004593523747419831 50.63
564 0.0004467477999320259 50.64
565 0.0004287104418045653 50.65
566 0.0004109203707827994 50.66
567 0.0003858567627481262 50.67
568 0.0003573879299667465 50.68
569 0.0003321323624361016 50.69
570 0.0003066130573405603 50.7
571 0.0002840400007992063 50.71
572 0.000260950974470698 50.72
573 0.0002366902888535675 50.73
574 0.0002184949681079294 50.74
575 0.0001971094927717808 50.75
576 0.0001766854505825828 50.76
577 0.0001607077638407299 50.77
578 0.0001463074474628709 50.78
579 0.0001339819579778973 50.79
580 0.0001207929646191885 50.8
581 0.0001114657390962142 50.81
582 0.0001042078166899022 50.82
583 9.847320527265054e-05 50.83
584 9.375135256408133e-05 50.84
585 8.973179110507026e-05 50.85
586 8.563576751427698e-05 50.86
587 8.292622410996425e-05 50.87
588 8.034111891384213e-05 50.88
589 7.854747890594912e-05 50.89
590 7.807662909367452e-05 50.9
591 7.800884956357913e-05 50.91
592 7.770202762955463e-05 50.92
593 7.748586128907054e-05 50.93
594 7.647350283306164e-05 50.94
595 7.664084553580265e-05 50.95
596 7.811610810573227e-05 50.96
597 7.935950044114421e-05 50.97
598 8.079606385004026e-05 50.98
599 8.265569395296051e-05 50.99
600 8.542884338977845e-05 51
601 8.898034769731208e-05 51.01
602 9.319405769500253e-05 51.02
603 9.87229984274265e-05 51.03
604 0.0001045777277140492 51.04
605 0.000111655934246295 51.05
606 0.0001200683234285253 51.06
607 0.0001306159093691859 51.07
608 0.0001437755687426651 51.08
609 0.0001621268431169999 51.09
610 0.0001820047457754579 51.1
611 0.0002047820984683947 51.11
612 0.0002315879928777 51.12
613 0.000263903968822019 51.13
614 0.0003037061019003972 51.14
615 0.000353011894779447 51.15
616 0.0004147824503594218 51.16
617 0.0004856501890324021 51.17
618 0.0005742185460844373 51.18
619 0.0006818853848271235 51.19
620 0.0007993748867163433 51.2
621 0.0009595683296626596 51.21
622 0.001164005103749009 51.22
623 0.001415673010392692 51.23
624 0.001690471925498658 51.24
625 0.00201710435348855 51.25
626 0.002410334460261847 51.26
627 0.002838866214414953 51.27
628 0.003349827685663914 51.28
629 0.003938195871799405 51.29
630 0.004599753982474416 51.3
631 0.005325546380287511 51.31
632 0.00610227076983194 51.32
633 0.006912717123192712 51.33
634 0.007747447185892983 51.34
635 0.008580637022615037 51.35
636 0.009418445684039104 51.36
637 0.01024335909970123 51.37
638 0.01102969307438119 51.38
639 0.01177266481783584 51.39
640 0.01247400930078738 51.4
641 0.01313278078792269 51.41
642 0.0137433580641671 51.42
643 0.01431035511552149 51.43
644 0.01483695053040238 51.44
645 0.01532030706478645 51.45
646 0.01574701896788425 51.46
647 0.01613129196897762 51.47
648 0.01647796030868374 51.48
649 0.01678841471860728 51.49
650 0.01706225969200698 51.5
651 0.01729721110080827 51.51
652 0.01749304508458877 51.52
653 0.01763570164226966 51.53
654 0.01774096667639681 51.54
655 0.01780594829297075 51.55
656 0.01783039634351011 51.56
657 0.01778732433619392 51.57
658 0.01770495889863358 51.58
659 0.01759362535872716 51.59
660 0.01747361802925429 51.6
661 0.01732775513592615 51.61
662 0.01717817534767864 51.62
663 0.01700960893903767 51.63
664 0.01683901924034506 51.64
665 0.01666940235791107 51.65
666 0.01648446345051011 51.66
667 0.01629925781149621 51.67
668 0.01611764297640475 51.68
669 0.01594331350174334 51.69
670 0.0157760181754286 51.7
671 0.01561400863663565 51.71
672 0.0154577631560201 51.72
673 0.01527951021198615 51.73
674 0.01511244026123622 51.74
675 0.01494668258875206 51.75
676 0.01478765481883354 51.76
677 0.01464026668161443 51.77
678 0.01449853802480644 51.78
679 0.01436634598936632 51.79
680 0.01424609564927122 51.8
681 0.0141330085920921 51.81
682 0.01403846009855318 51.82
683 0.01394188197489982 51.83
684 0.01386588926965878 51.84
685 0.01380015979675244 51.85
686 0.01374593778856034 51.86
687 0.01370456612706643 51.87
688 0.01367680340390845 51.88
689 0.01366270996052465 51.89
690 0.01366255417750147 51.9
691 0.01367658606465373 51.91
692 0.01370524199039118 51.92
693 0.01374850535512916 51.93
694 0.01380666649061258 51.94
695 0.01388011646810606 51.95
696 0.01396848409323285 51.96
697 0.0140819564094294 51.97
698 0.0142102133906872 51.98
699 0.01435403252852339 51.99
700 0.01451491473324262 52
701 0.01469508627259031 52.01
702 0.01489484108633672 52.02
703 0.01511489204770505 52.03
704 0.0153548235077358 52.04
705 0.0156192085602328 52.05
706 0.01591902282426579 52.06
707 0.01622326044417328 52.07
708 0.0165716433516076 52.08
709 0.01694361442541549 52.09
710 0.01734846336741381 52.1
711 0.01777396665836694 52.11
712 0.01824550980552028 52.12
713 0.01873357139683325 52.13
714 0.01924848440144612 52.14
715 0.01979461636154926 52.15
716 0.02037910567845181 52.16
717 0.02103280629956299 52.17
718 0.02171506791394708 52.18
719 0.02243378551077178 52.19
720 0.02320286999730717 52.2
721 0.02403207395355206 52.21
722 0.02493487511374779 52.22
723 0.02591497008337989 52.23
724 0.02695801135427217 52.24
725 0.02805890416043327 52.25
726 0.0292433235617933 52.26
727 0.03054377082178836 52.27
728 0.0319752181781086 52.28
729 0.03351059545263754 52.29
730 0.03510118307176168 52.3
731 0.03675823614393325 52.31
732 0.03850365914645006 52.32
733 0.04033483618328304 52.33
734 0.04224337936633924 52.34
735 0.04418782701797647 52.35
736 0.04619652452663889 52.36
737 0.04827920454819617 52.37
738 0.05043203475602815 52.38
739 0.05261476865871934 52.39
740 0.05484114159394072 52.4
741 0.0571316924939984 52.41
742 0.05950904375614225 52.42
743 0.06206708791066357 52.43
744 0.06475303525475352 52.44
745 0.06745805819886534 52.45
746 0.07015789505621974 52.46
747 0.07282447248593436 52.47
748 0.07543474775908976 52.48
749 0.07798162292584068 52.49
750 0.08045338942611011 52.5
751 0.08283942099739497 52.51
752 0.08513396884018537 52.52
753 0.08733602832399716 52.53
754 0.08944842034644082 52.54
755 0.09147458542839165 52.55
756 0.09341808404979871 52.56
757 0.09528386891889244 52.57
758 0.09707642769100866 52.58
759 0.09879900566237131 52.59
760 0.1004528750931603 52.6
761 0.1020388149724268 52.61
762 0.1035577166256523 52.62
763 0.1050094252478346 52.63
764 0.1063926882992381 52.64
765 0.1077066496867018 52.65
766 0.1089501857105624 52.66
767 0.1101226763886472 52.67
768 0.1112229559533738 52.68
769 0.1122517536096914 52.69
770 0.113209388137614 52.7
771 0.1140969518611982 52.71
772 0.1149159981578882 52.72
773 0.1156680522603486 52.73
774 0.1163553299850521 52.74
775 0.1169810486141615 52.75
776 0.1175477276735026 52.76
777 0.118058833040285 52.77
778 0.1185167607913683 52.78
779 0.1189274294028173 52.79
780 0.1193050129371408 52.8
781 0.1196589440099842 52.81
782 0.119994370771527 52.82
783 0.1203176434286803 52.83
784 0.1206291992278515 52.84
785 0.1209311096217889 52.85
786 0.1212299696282952 52.86
787 0.1215243617539642 52.87
788 0.1218147289878838 52.88
789 0.1221005019325904 52.89
790 0.1223826356345788 52.9
791 0.122661781648251 52.91
792 0.1229387931155844 52.92
793 0.123214040607834 52.93
794 0.1234883657515161 52.94
795 0.1237621989819322 52.95
796 0.1240359572326577 52.96
797 0.1243095690710663 52.97
798 0.1245838384194215 52.98
799 0.1248604091263149 52.99
800 0.1251380495114272 53
801 0.1254167648896326 53.01
802 0.1256965667242274 53.02
803 0.1259748647305367 53.03
804 0.1262560634788993 53.04
805 0.1265344878537106 53.05
806 0.1268127029225402 53.06
807 0.1270894534982178 53.07
808 0.1273658959949238 53.08
809 0.1276412998471115 53.09
810 0.1279162483519803 53.1
811 0.1281906336870195 53.11
812 0.1284640518685826 53.12
813 0.1287360624899219 53.13
814 0.1290065000851937 53.14
815 0.1292755854717762 53.15
816 0.1295433326966866 53.16
817 0.1298101318484268 53.17
818 0.1300760734113248 53.18
819 0.1303413265938481 53.19
820 0.1306060562362317 53.2
821 0.1308707143067992 53.21
822 0.1311355634822042 53.22
823 0.1314007393246769 53.23
824 0.1316667935575069 53.24
825 0.1319336327635307 53.25
826 0.132202397086669 53.26
827 0.1324730364893179 53.27
828 0.132746370138101 53.28
829 0.1330230104569479 53.29
830 0.1333033803334418 53.3
831 0.1335881395815455 53.31
832 0.133878248780235 53.32
833 0.1341742991008467 53.33
834 0.134476332468275 53.34
835 0.1347856770762817 53.35
836 0.1351034657575715 53.36
837 0.1354291650576071 53.37
838 0.1357632041703251 53.38
839 0.1361068708233487 53.39
840 0.1364600250685372 53.4
841 0.1368227965759007 53.41
842 0.1371957519424852 53.42
843 0.1375786702642676 53.43
844 0.1379710778817631 53.44
845 0.1383723129306333 53.45
846 0.1387821825181637 53.46
847 0.1392000121450663 53.47
848 0.1396257527527208 53.48
849 0.1400586316224196 53.49
850 0.140497992650591 53.5
851 0.1409432643101709 53.51
852 0.141394543936359 53.52
853 0.1418546612388055 53.53
854 0.1423317074232312 53.54
855 0.1427991506744221 53.55
856 0.1432694841434783 53.56
857 0.1437435586374187 53.57
858 0.1442200676394154 53.58
859 0.1446988275401295 53.59
860 0.1451836403584168 53.6
861 0.1456866808965156 53.61
862 0.1461943812709503 53.62
863 0.1467110843066623 53.63
864 0.1472355522557838 53.64
865 0.1477598324628194 53.65
866 0.1482765245161524 53.66
867 0.1487983358816306 53.67
868 0.1493239659818601 53.68
869 0.1498531819972553 53.69
870 0.1504022168558135 53.7
871 0.1509614613624608 53.71
872 0.151518568419134 53.72
873 0.1520795651374736 53.73
874 0.1526468488608911 53.74
875 0.1532172881509977 53.75
876 0.1537947285404116 53.76
877 0.15437503808849 53.77
878 0.1549592453851367 53.78
879 0.1555453268577829 53.79
880 0.1561384228433166 53.8
881 0.1567383282123176 53.81
882 0.1573448536804679 53.82
883 0.1579495633041341 53.83
884 0.1585515120136073 53.84
885 0.1591447947182548 53.85
886 0.1597264658491311 53.86
887 0.1602967825918248 53.87
888 0.1608544454923512 53.88
889 0.1613992375679314 53.89
890 0.1619312101083084 53.9
891 0.1624485246211528 53.91
892 0.1629495525483833 53.92
893 0.1634338448275941 53.93
894 0.1638984499947136 53.94
895 0.1643470025946872 53.95
896 0.1647737949400933 53.96
897 0.1651787856964153 53.97
898 0.1655630893415651 53.98
899 0.1659289100308118 53.99
900 0.1662734166135524 54
901 0.1665976711867339 54.01
902 0.1669009587419671 54.02
903 0.1671849257933271 54.03
904 0.1674514045557128 54.04
905 0.1677017014352423 54.05
906 0.167937635517703 54.06
907 0.1681593000971955 54.07
908 0.1683684064415006 54.08
909 0.1685673939894444 54.09
910 0.168758499119314 54.1
911 0.1689440175801348 54.11
912 0.1691269159420484 54.12
913 0.1693094600218928 54.13
914 0.1694960213265673 54.14
915 0.1696874154404759 54.15
916 0.169886211925216 54.16
917 0.1700933412418753 54.17
918 0.170305140124752 54.18
919 0.1705275166788329 54.19
920 0.1707499645848484 54.2
921 0.1709808626740055 54.21
922 0.1712150568293138 54.22
923 0.17143256791935 54.23
924 0.1716478394570354 54.24
925 0.1718509274239229 54.25
926 0.1720475955914382 54.26
927 0.1722264574083875 54.27
928 0.1723962611760719 54.28
929 0.1725568509435186 54.29
930 0.1727078703030539 54.3
931 0.1728491361586669 54.31
932 0.1729813265842443 54.32
933 0.1731036997239091 54.33
934 0.1732163824485451 54.34
935 0.1733194260862082 54.35
936 0.1734126967058436 54.36
937 0.1734963724311273 54.37
938 0.1735713992391007 54.38
939 0.1736369251351026 54.39
940 0.1736932476047206 54.4
941 0.173740439234485 54.41
942 0.1737787940043395 54.42
943 0.1738085723920968 54.43
944 0.1738299971649831 54.44
945 0.1738433899262734 54.45
946 0.1738491446446635 54.46
947 0.1738474470432123 54.47
948 0.1738386811864467 54.48
949 0.1738234949843879 54.49
950 0.1738027411148651 54.5
951 0.1737762851192839 54.51
952 0.173744921837837 54.52
953 0.1737088898039035 54.53
954 0.173668882598475 54.54
955 0.1736250806609819 54.55
956 0.1735784702995933 54.56
957 0.1735295729847545 54.57
958 0.1734774226792737 54.58
959 0.1734235535262547 54.59
960 0.1733660358227753 54.6
961 0.1733087147165231 54.61
962 0.1732543747843186 54.62
963 0.1732046058490984 54.63
964 0.173166553552778 54.64
965 0.1731425034165202 54.65
966 0.1731335126033733 54.66
967 0.1731411917385508 54.67
968 0.1731677985310161 54.68
969 0.173213870073444 54.69
970 0.1732797343576266 54.7
971 0.1733668763040056 54.71
972 0.1734752478120029 54.72
973 0.1736049839289849 54.73
974 0.1737545415372483 54.74
975 0.1739224784805635 54.75
976 0.1741075169183568 54.76
977 0.1743090005345489 54.77
978 0.1745289677000139 54.78
979 0.1747635451817312 54.79
980 0.1750096174320857 54.8
981 0.1752705691346703 54.81
982 0.1755386530778253 54.82
983 0.1758123204251801 54.83
984 0.1760911708231845 54.84
985 0.176379123641146 54.85
986 0.1766751402522595 54.86
987 0.1769797889443751 54.87
988 0.1772919253593757 54.88
989 0.177608895635423 54.89
990 0.1779289129270233 54.9
991 0.1782511041947415 54.91
992 0.1785768502811496 54.92
993 0.1789060762085319 54.93
994 0.1792337737629346 54.94
995 0.1795660077637999 54.95
996 0.179895658533806 54.96
997 0.1802247906030739 54.97
998 0.1805540185927097 54.98
999 0.1808879019101245 54.99
1000 0.1812177007845334 55
1001 0.1815436945320649 55.01
1002 0.1818666610250094 55.02
1003 0.1821878464455622 55.03
1004 0.1825067047957881 55.04
1005 0.182822729978529 55.05
1006 0.1831355395905194 55.06
1007 0.1834452591985021 55.07
1008 0.1837512424852282 55.08
1009 0.184053181483562 55.09
1010 0.184355585672721 55.1
1011 0.1846436476453394 55.11
1012 0.1849309617172041 55.12
1013 0.1852137736490021 55.13
1014 0.1855041293973863 55.14
1015 0.1857884032944243 55.15
1016 0.186066248149696 55.16
1017 0.186338007518965 55.17
1018 0.1866031193783751 55.18
1019 0.1868611095464168 55.19
1020 0.1871120633252094 55.2
1021 0.1873557786374028 55.21
1022 0.1875920381933921 55.22
1023 0.1878208686238579 55.23
1024 0.1880416866495003 55.24
1025 0.1882499862673609 55.25
1026 0.1884511140401082 55.26
1027 0.1886450145452439 55.27
1028 0.1888317893039153 55.28
1029 0.1890099110501107 55.29
1030 0.1891823734426407 55.3
1031 0.1893487531967175 55.31
1032 0.1895098786910855 55.32
1033 0.1896652864842136 55.33
1034 0.1898160199595675 55.34
1035 0.1899615995045897 55.35
1036 0.1901025241687555 55.36
1037 0.1902373186715181 55.37
1038 0.1903692665418527 55.38
1039 0.1904955505798445 55.39
1040 0.1906182204445279 55.4
1041 0.1907366225366921 55.41
1042 0.1908563156794322 55.42
1043 0.1909658706801638 55.43
1044 0.1910737860953647 55.44
1045 0.1911778443881981 55.45
1046 0.1912799806992674 55.46
1047 0.1913786592552129 55.47
1048 0.1914732185194145 55.48
1049 0.1915652510511854 55.49
1050 0.1916534353911372 55.5
1051 0.1917367201818512 55.51
1052 0.1918178542707735 55.52
1053 0.191897056478902 55.53
1054 0.1919733468008174 55.54
1055 0.1920470742198128 55.55
1056 0.1921191235295128 55.56
1057 0.1921882010151429 55.57
1058 0.1922550802728134 55.58
1059 0.1923203200344714 55.59
1060 0.1923824764554434 55.6
1061 0.1924426710039229 55.61
1062 0.1925019701049822 55.62
1063 0.1925576698807822 55.63
1064 0.1926116170992275 55.64
1065 0.1926647584663274 55.65
1066 0.1927148604814551 55.66
1067 0.1927634516290394 55.67
1068 0.1928108226205641 55.68
1069 0.1928548074769484 55.69
1070 0.1928979442269907 55.7
1071 0.1929399097334228 55.71
1072 0.192978641212404 55.72
1073 0.1930166248592344 55.73
1074 0.1930535163260398 55.74
1075 0.1930877182262575 55.75
1076 0.1931209049167413 55.76
1077 0.1931528880803357 55.77
1078 0.1931821185212195 55.78
1079 0.1932101849215493 55.79
1080 0.1932373756343886 55.8
1081 0.1932619648250361 55.81
1082 0.1932855365679033 55.82
1083 0.1933080850258968 55.83
1084 0.1933279555971804 55.84
1085 0.1933466618415187 55.85
1086 0.1933643529947925 55.86
1087 0.1933797619631537 55.87
1088 0.1933947837132064 55.88
1089 0.1934083810478238 55.89
1090 0.1934195756440505 55.9
1091 0.1934303202896238 55.91
1092 0.1934398677859029 55.92
1093 0.1934470595095952 55.93
1094 0.1934539084959901 55.94
1095 0.1934596639859397 55.95
1096 0.1934628715150015 55.96
1097 0.1934655823422122 55.97
1098 0.1934672655154634 55.98
1099 0.19346609708273 55.99
1100 0.1934646889260352 56
1101 0.1934621571299849 56.01
1102 0.1934569548465088 56.02
1103 0.1934513888119319 56.03
1104 0.1934445885289471 56.04
1105 0.1934349169965147 56.05
1106 0.1934249597162185 56.06
1107 0.1934138206711096 56.07
1108 0.1933997101407166 56.08
1109 0.1933851957061345 56.09
1110 0.1933696185753238 56.1
1111 0.1933509446524676 56.11
1112 0.1933319137556214 56.12
1113 0.1933115677933189 56.13
1114 0.1932882391575567 56.14
1115 0.193264559726308 56.15
1116 0.193239506355009 56.16
1117 0.1932113800862141 56.17
1118 0.1931829437506793 56.18
1119 0.1931530770848957 56.19
1120 0.1931201110722657 56.2
1121 0.1930850293039684 56.21
1122 0.1930467095845145 56.22
1123 0.193006602604853 56.23
1124 0.1929636360829198 56.24
1125 0.1929178519810996 56.25
1126 0.192868328336147 56.26
1127 0.1928180682042941 56.27
1128 0.19276354644249 56.28
1129 0.1927083472818987 56.29
1130 0.1926491812945093 56.3
1131 0.1925892187728854 56.31
1132 0.1925273954021565 56.32
1133 0.1924627311350794 56.33
1134 0.1923943613589458 56.34
1135 0.1923239618743818 56.35
1136 0.192251315692603 56.36
1137 0.1921778839154401 56.37
1138 0.1920983669435269 56.38
1139 0.1920136312576075 56.39
1140 0.1919240988970926 56.4
1141 0.1918304690315506 56.41
1142 0.1917328741525822 56.42
1143 0.191631471499117 56.43
1144 0.191526339032561 56.44
1145 0.1914175959685201 56.45
1146 0.1913053241435632 56.46
1147 0.191190934506648 56.47
1148 0.1910763568862308 56.48
1149 0.1909614897085997 56.49
1150 0.1908457822003007 56.5
1151 0.1907294537537447 56.51
1152 0.1906122340097132 56.52
1153 0.1904922343327949 56.53
1154 0.1903687970769503 56.54
1155 0.1902403311035899 56.55
1156 0.1901090104737632 56.56
1157 0.1899750469578722 56.57
1158 0.1898388855951581 56.58
1159 0.1897005557477216 56.59
1160 0.1895614819600114 56.6
1161 0.1894203261214668 56.61
1162 0.1892776017570463 56.62
1163 0.1891346677612236 56.63
1164 0.1889927917014763 56.64
1165 0.1888530242020191 56.65
1166 0.1887178434325275 56.66
1167 0.1885895114352844 56.67
1168 0.1884678298995029 56.68
1169 0.1883538343049018 56.69
1170 0.1882474873461717 56.7
1171 0.1881492374208085 56.71
1172 0.1880600237996351 56.72
1173 0.1879797758461867 56.73
1174 0.1879081697418298 56.74
1175 0.1878460416192552 56.75
1176 0.1877911049543545 56.76
1177 0.1877417280201737 56.77
1178 0.1877003107762436 56.78
1179 0.1876629883718784 56.79
1180 0.1876194009058014 56.8
1181 0.1875808190377736 56.81
1182 0.1875453289896528 56.82
1183 0.1875314963796755 56.83
1184 0.1875450189603256 56.84
1185 0.1875784111975266 56.85
1186 0.1876278856728384 56.86
1187 0.1876909564760334 56.87
1188 0.1877657246576908 56.88
1189 0.1878529435802021 56.89
1190 0.1879571682643803 56.9
1191 0.1880645976861442 56.91
1192 0.1881719065371617 56.92
1193 0.1882865696521814 56.93
1194 0.1884073929222258 56.94
1195 0.1885356705712019 56.95
1196 0.188676758993762 56.96
1197 0.188828165243958 56.97
1198 0.1889936384622989 56.98
1199 0.1891648510800776 56.99
1200 0.1893365496400927 57
1201 0.1895071645041488 57.01
1202 0.1896798646073546 57.02
1203 0.1898554583434632 57.03
1204 0.1900379157634638 57.04
1205 0.1902170861181622 57.05
1206 0.1903900799240981 57.06
1207 0.1905552435032531 57.07
1208 0.1907148253155093 57.08
1209 0.1908699877392431 57.09
1210 0.1910212338979261 57.1
1211 0.1911688351817472 57.11
1212 0.1913098884555238 57.12
1213 0.1914453311685568 57.13
1214 0.1915784210968441 57.14
1215 0.1917103573570648 57.15
1216 0.1918460978933953 57.16
1217 0.1919807136398118 57.17
1218 0.1921148875250049 57.18
1219 0.1922458236782542 57.19
1220 0.1923746240721861 57.2
1221 0.1925008604304788 57.21
1222 0.1926242159735893 57.22
1223 0.1927467233390984 57.23
1224 0.1928663756166804 57.24
1225 0.1929829019876862 57.25
1226 0.1930960175847645 57.26
1227 0.1932081770077839 57.27
1228 0.1933181662002506 57.28
1229 0.1934258814907933 57.29
1230 0.1935282007389184 57.3
1231 0.1936253874920208 57.31
1232 0.1937177281769813 57.32
1233 0.1938050151351421 57.33
1234 0.1938870444585642 57.34
1235 0.1939642000496532 57.35
1236 0.1940342886279262 57.36
1237 0.194099351391149 57.37
1238 0.194160116474923 57.38
1239 0.1942203135148581 57.39
1240 0.1942788288005276 57.4
1241 0.1943350041326916 57.41
1242 0.1943902361900884 57.42
1243 0.1944429426441688 57.43
1244 0.1944950941092586 57.44
1245 0.1945459630746798 57.45
1246 0.1945958293641088 57.46
1247 0.1946441916639155 57.47
1248 0.1946900894648527 57.48
1249 0.1947349041181558 57.49
1250 0.1947771075451568 57.5
1251 0.1948167191923355 57.51
1252 0.1948544523791474 57.52
1253 0.194890583616428 57.53
1254 0.1949247156027345 57.54
1255 0.1949564655447492 57.55
1256 0.1949867448805138 57.56
1257 0.1950156438485837 57.57
1258 0.1950431203334421 57.58
1259 0.1950688863902898 57.59
1260 0.1950935359415437 57.6
1261 0.1951173210104372 57.61
1262 0.1951405440416882 57.62
1263 0.1951625834764693 57.63
1264 0.1951839429522579 57.64
1265 0.1952050912592824 57.65
1266 0.1952264435816138 57.66
1267 0.1952469177182276 57.67
1268 0.1952669450190991 57.68
1269 0.1952867208248564 57.69
1270 0.1953067629059988 57.7
1271 0.1953258022307951 57.71
1272 0.1953444518922999 57.72
1273 0.1953627778613445 57.73
1274 0.195380894570161 57.74
1275 0.1953980569727791 57.75
1276 0.1954146175188049 57.76
1277 0.1954307788345978 57.77
1278 0.19544615980346 57.78
1279 0.1954605156273828 57.79
1280 0.1954742090384555 57.8
1281 0.1954875616746372 57.81
1282 0.1954990763661336 57.82
1283 0.1955100871372925 57.83
1284 0.1955206946701771 57.84
1285 0.1955304736041948 57.85
1286 0.1955388873168156 57.86
1287 0.1955473031321672 57.87
1288 0.1955542387804463 57.88
1289 0.1955608925916842 57.89
1290 0.1955656463403543 57.9
1291 0.1955695475825134 57.91
1292 0.1955726203675778 57.92
1293 0.1955726632850611 57.93
1294 0.1955709125640004 57.94
1295 0.1955644137390346 57.95
1296 0.1955565134559797 57.96
1297 0.1955446137758401 57.97
1298 0.195531962941044 57.98
1299 0.1955179537397766 57.99
1300 0.1955001233277935 58
1301 0.1954788369180854 58.01
1302 0.1954527671062465 58.02
1303 0.1954258295074076 58.03
1304 0.1953954679247268 58.04
1305 0.1953647832419625 58.05
1306 0.1953330149158205 58.06
1307 0.1952996783741212 58.07
1308 0.1952659684539644 58.08
1309 0.1952307291544356 58.09
1310 0.1951938496798487 58.1
1311 0.1951552966989315 58.11
1312 0.1951148618222747 58.12
1313 0.1950715107269637 58.13
1314 0.1950255408169916 58.14
1315 0.1949711487546676 58.15
1316 0.1949126471977179 58.16
1317 0.1948525752561944 58.17
1318 0.1947900948355909 58.18
1319 0.1947263769768384 58.19
1320 0.194661376614804 58.2
1321 0.1945949195095456 58.21
1322 0.1945269139622736 58.22
1323 0.1944574718622801 58.23
1324 0.1943868045376503 58.24
1325 0.1943139940075191 58.25
1326 0.1942379729250582 58.26
1327 0.1941564436832857 58.27
1328 0.1940718299779807 58.28
1329 0.1939846648847936 58.29
1330 0.1938960634298602 58.3
1331 0.1938061915468309 58.31
1332 0.1937126958547518 58.32
1333 0.1936142388885597 58.33
1334 0.1935140994159315 58.34
1335 0.1934113568270938 58.35
1336 0.1933042578966329 58.36
1337 0.1931930259891704 58.37
1338 0.1930811435500039 58.38
1339 0.1929705678619637 58.39
1340 0.1928565011724736 58.4
1341 0.1927399713375159 58.41
1342 0.1926196448095392 58.42
1343 0.1924961047526118 58.43
1344 0.1923713131715757 58.44
1345 0.1922407781981497 58.45
1346 0.192103458840511 58.46
1347 0.1919589199559948 58.47
1348 0.1918138310569663 58.48
1349 0.1916645573382292 58.49
1350 0.1915141796415431 58.5
1351 0.1913611723089762 58.51
1352 0.1912068756443378 58.52
1353 0.1910483505960592 58.53
1354 0.1908901167931992 58.54
1355 0.1907359570221056 58.55
1356 0.1905789744308607 58.56
1357 0.190429534512724 58.57
1358 0.1902760939730098 58.58
1359 0.1901345709265317 58.59
1360 0.1899975908392267 58.6
1361 0.1898550371281467 58.61
1362 0.1897161539476727 58.62
1363 0.1896005376202491 58.63
1364 0.1894842345818829 58.64
1365 0.1893726280069274 58.65
1366 0.1892729927693723 58.66
1367 0.1891791387214391 58.67
1368 0.1890999747626989 58.68
1369 0.1890190859233606 58.69
1370 0.1889425265703397 58.7
1371 0.1888700796147955 58.71
1372 0.1888166082959043 58.72
1373 0.1887761266602198 58.73
1374 0.1887409493357221 58.74
1375 0.1887144387632261 58.75
1376 0.1887041261912225 58.76
1377 0.1886957746857904 58.77
1378 0.1887088228449033 58.78
1379 0.1887260558726337 58.79
1380 0.1887522390661064 58.8
1381 0.1887955595770493 58.81
1382 0.1888523771721583 58.82
1383 0.1889220426998371 58.83
1384 0.1889904155219146 58.84
1385 0.1890615925735111 58.85
1386 0.1891419173909983 58.86
1387 0.1892389106853928 58.87
1388 0.189349585373232 58.88
1389 0.1894550509398412 58.89
1390 0.1895708726812038 58.9
1391 0.1896893929168603 58.91
1392 0.1898089988834242 58.92
1393 0.1899378405608562 58.93
1394 0.1900627132894044 58.94
1395 0.1901974383938555 58.95
1396 0.190343568612399 58.96
1397 0.1904895439326724 58.97
1398 0.1906297429231768 58.98
1399 0.1907597327343344 58.99
1400 0.1908790827581205 59
1401 0.1909923672135256 59.01
1402 0.191102379427249 59.02
1403 0.1912097401296205 59.03
1404 0.1913156808048586 59.04
1405 0.1914215056791742 59.05
1406 0.1915266358768635 59.06
1407 0.191631525963381 59.07
1408 0.1917342965865134 59.08
1409 0.1918355344387281 59.09
1410 0.1919349449751384 59.1
1411 0.1920323794695866 59.11
1412 0.1921276280196285 59.12
1413 0.1922202057573716 59.13
1414 0.1923094375324587 59.14
1415 0.1923958518581639 59.15
1416 0.1924800581814863 59.16
1417 0.192561744057419 59.17
1418 0.1926414556806748 59.18
1419 0.1927186528300083 59.19
1420 0.1927939803252508 59.2
1421 0.1928672362181368 59.21
1422 0.1929382437478608 59.22
1423 0.1930070097614295 59.23
1424 0.1930734860585715 59.24
1425 0.1931378407731489 59.25
1426 0.1932001251831779 59.26
1427 0.1932602180034942 59.27
1428 0.1933184316412637 59.28
1429 0.1933739049122358 59.29
1430 0.1934280508156262 59.3
1431 0.1934797155980028 59.31
1432 0.1935294785111226 59.32
1433 0.1935776365388427 59.33
1434 0.19362421701924 59.34
1435 0.1936692972505273 59.35
1436 0.1937125448063197 59.36
1437 0.1937540734768462 59.37
1438 0.1937936266001266 59.38
1439 0.19383171690295 59.39
1440 0.1938681647832345 59.4
1441 0.1939031709202544 59.41
1442 0.1939365103948127 59.42
1443 0.1939685948800636 59.43
1444 0.1939992590082494 59.44
1445 0.1940287026092373 59.45
1446 0.1940567520744128 59.46
1447 0.1940829744885807 59.47
1448 0.1941076376484567 59.48
1449 0.1941309211911235 59.49
1450 0.1941530778183133 59.5
1451 0.1941741286217554 59.51
1452 0.1941947516516629 59.52
1453 0.1942145651705146 59.53
1454 0.1942333540927701 59.54
1455 0.1942514874207555 59.55
1456 0.1942682573112871 59.56
1457 0.1942842098093379 59.57
1458 0.1942990374320634 59.58
1459 0.1943130644599895 59.59
1460 0.1943262549480327 59.6
1461 0.1943386865728002 59.61
1462 0.1943502382704607 59.62
1463 0.1943611617386355 59.63
1464 0.194371305167199 59.64
1465 0.1943808744915633 59.65
1466 0.1943898019895386 59.66
1467 0.1943982174386479 59.67
1468 0.1944060017966652 59.68
1469 0.1944133988152552 59.69
1470 0.1944202466482217 59.7
1471 0.1944267083763855 59.71
1472 0.1944326464612178 59.72
1473 0.1944381980606654 59.73
1474 0.1944432250863508 59.74
1475 0.1944479006948871 59.75
1476 0.1944520158087706 59.76
1477 0.1944558236667615 59.77
1478 0.1944590927563682 59.78
1479 0.1944620230739612 59.79
1480 0.1944644862947697 59.8
1481 0.1944665342015113 59.81
1482 0.1944681100659235 59.82
1483 0.1944693263298358 59.83
1484 0.19447001915762 59.84
1485 0.1944703251001535 59.85
1486 0.1944700819761213 59.86
1487 0.1944694285736925 59.87
1488 0.1944683186681612 59.88
1489 0.1944662968126204 59.89
1490 0.1944636660433422 59.9
1491 0.1944604555062475 59.91
1492 0.1944567566478004 59.92
1493 0.1944524676522165 59.93
1494 0.1944469047910659 59.94
1495 0.1944458350679729 59.95
1496 0.1944390132710171 59.96
1497 0.1944377459754752 59.97
1498 0.1944295806149507 59.98
1499 0.1944278939256744 59.99
1500 0.1944176871725298 60
