"frac-mass-co2-rfile"
"Time Step" "frac-mass-co2 etc.."
("Time Step" "frac-mass-co2" "flow-time")
0 0.005211179296834711 0
1 0.006073058963301729 0.1
2 0.005755980726043395 0.2
3 0.006475883680876847 0.3
4 0.007242432504968459 0.4
5 0.007649687505753628 0.5
6 0.008192633604523838 0.6000000000000001
7 0.008850703502615359 0.7000000000000001
8 0.00944479040773032 0.8
9 0.009775313643058305 0.9
10 0.01067077893648359 1
11 0.01139397390038342 1.1
12 0.01209624324031699 1.2
13 0.01279998180171844 1.3
14 0.01353214296771006 1.4
15 0.01424504320787328 1.5
16 0.01493414021520237 1.6
17 0.01568834298718793 1.7
18 0.0164681880468918 1.8
19 0.01720399127838471 1.9
20 0.01796086896095294 2
21 0.01864529500315944 2.1
22 0.01941934848663784 2.2
23 0.02018053981971179 2.3
24 0.02084600240708255 2.4
25 0.02161253054901943 2.5
26 0.02238325975654111 2.6
27 0.02315651632102256 2.7
28 0.02381513875635337 2.8
29 0.02460160855783025 2.9
30 0.0253926385615512 3
31 0.02619776892753877 3.1
32 0.02701341610584649 3.2
33 0.02784024691331458 3.3
34 0.02867772260306544 3.4
35 0.02952478046456258 3.5
36 0.03037901935529665 3.6
37 0.03124970700974088 3.7
38 0.03213297887117927 3.8
39 0.03303079043838165 3.9
40 0.03394006668640662 4
41 0.03486551683242763 4.100000000000001
42 0.0358017827443118 4.2
43 0.03674716803367103 4.3
44 0.03770439944707654 4.4
45 0.03867347005536093 4.5
46 0.03965479132773157 4.600000000000001
47 0.040646726605467 4.7
48 0.04164921767844141 4.800000000000001
49 0.04266749073158874 4.9
50 0.04369802937581465 5
51 0.04474238905516775 5.100000000000001
52 0.04580383509799138 5.2
53 0.04687340066437001 5.300000000000001
54 0.04795258894807219 5.4
55 0.04902700036977368 5.5
56 0.05012385066112568 5.600000000000001
57 0.05123941712593084 5.7
58 0.05236806584458686 5.800000000000001
59 0.05350679157915691 5.9
60 0.05464863486911973 6
61 0.05580996624784134 6.100000000000001
62 0.05698315806344793 6.2
63 0.05816518946720801 6.300000000000001
64 0.05936131745304588 6.4
65 0.06056783877653416 6.5
66 0.06178627543007647 6.600000000000001
67 0.06301545459418399 6.7
68 0.06425591569073894 6.800000000000001
69 0.06550822105782081 6.9
70 0.06676478385691866 7
71 0.06803580644352224 7.100000000000001
72 0.06931806593259868 7.2
73 0.07057678392201884 7.300000000000001
74 0.07188239704355358 7.4
75 0.07317910165953664 7.5
76 0.07450470999412685 7.600000000000001
77 0.07584220244644092 7.7
78 0.07717368715626097 7.800000000000001
79 0.07851132049437816 7.9
80 0.07988066900169122 8
81 0.08126239010545247 8.1
82 0.08265605899547009 8.200000000000001
83 0.08406014981779336 8.300000000000001
84 0.08545739842738222 8.4
85 0.08688863005545416 8.5
86 0.08832481214652244 8.6
87 0.0897760983538663 8.700000000000001
88 0.09121776245233199 8.800000000000001
89 0.09266821158628767 8.9
90 0.09415242688983823 9
91 0.09562547304231452 9.1
92 0.09711909604895366 9.200000000000001
93 0.09863981267905288 9.300000000000001
94 0.1001878355202885 9.4
95 0.1017327503579346 9.5
96 0.1032949201011791 9.600000000000001
97 0.1048671155233013 9.700000000000001
98 0.1064564123962935 9.800000000000001
99 0.108058721767073 9.9
100 0.1096703858708268 10
101 0.1113027001070169 10.1
102 0.1129418383012229 10.2
103 0.1145873575185939 10.3
104 0.1162257636738113 10.4
105 0.1176752578583609 10.5
106 0.1191364222692266 10.6
107 0.1205935632422694 10.7
108 0.1220350755051026 10.8
109 0.1235253540522319 10.9
110 0.1249974220905001 11
111 0.126515773246613 11.1
112 0.128009469779759 11.2
113 0.1294832792333348 11.3
114 0.1309761079231564 11.4
115 0.1322837380278136 11.5
116 0.133787795507342 11.6
117 0.1352995769764122 11.7
118 0.1367834877811853 11.8
119 0.1382517079309171 11.9
120 0.1397283740161623 12
121 0.1411826149430167 12.1
122 0.1425831853004377 12.2
123 0.1439216309385543 12.3
124 0.1451761573113601 12.4
125 0.1465965514759666 12.5
126 0.1476633115340328 12.6
127 0.1489221334942935 12.7
128 0.1498599727008107 12.8
129 0.1508134784731499 12.9
130 0.1515764961806609 13
131 0.1524818166248527 13.1
132 0.1532761277446754 13.2
133 0.1539922797515273 13.3
134 0.1547008380171198 13.4
135 0.1547026189735652 13.5
136 0.1556221846698144 13.6
137 0.1564825389159498 13.7
138 0.1573001373362442 13.8
139 0.1581548251723557 13.9
140 0.1587947419067409 14
141 0.1587969363805154 14.1
142 0.158798111188995 14.2
143 0.1586443129846656 14.3
144 0.1585026306100757 14.4
145 0.1583694630296851 14.5
146 0.1582366224810279 14.6
147 0.1580994864752426 14.7
148 0.1579627801368969 14.8
149 0.1578252192413233 14.9
150 0.1576834251680782 15
151 0.1575388328686096 15.1
152 0.1573931164542952 15.2
153 0.1572470938381959 15.3
154 0.1570982403875684 15.4
155 0.1569468743852445 15.5
156 0.1567940640068591 15.6
157 0.1566446154220302 15.7
158 0.1564979664922303 15.8
159 0.1563510910069169 15.9
160 0.1562036881038839 16
161 0.1560552139316478 16.1
162 0.1559058805767035 16.2
163 0.155759411027025 16.3
164 0.1556171624023661 16.4
165 0.1554739268157787 16.5
166 0.1553259168832173 16.6
167 0.1551725651807736 16.7
168 0.1550167707967918 16.8
169 0.1548643192905247 16.9
170 0.154714373527111 17
171 0.1545594884628359 17.1
172 0.1544012246411113 17.2
173 0.1542437836776167 17.3
174 0.1540825904178585 17.4
175 0.1539177128431758 17.5
176 0.1537499531446036 17.6
177 0.1535807866326636 17.7
178 0.1534134662535143 17.8
179 0.1532475781790054 17.9
180 0.1530726165796041 18
181 0.1528963097128658 18.1
182 0.1527203479132652 18.2
183 0.1525433134144588 18.3
184 0.1523640832295594 18.4
185 0.1521818126155261 18.5
186 0.1520050301208301 18.6
187 0.1518253242209193 18.7
188 0.1516411420151222 18.8
189 0.1514660985479531 18.9
190 0.1512850852685952 19
191 0.1511004038643349 19.1
192 0.1509287681511121 19.2
193 0.1507619095005867 19.3
194 0.1505853083460611 19.4
195 0.1503976753874248 19.5
196 0.1502207075634849 19.6
197 0.1500528815256839 19.7
198 0.1498752588578589 19.8
199 0.149697503158199 19.9
200 0.1495249067099223 20
201 0.1493445247473016 20.1
202 0.1491613023600115 20.2
203 0.1489912248014075 20.3
204 0.1488209415245081 20.4
205 0.1486427733372992 20.5
206 0.1484567748854076 20.6
207 0.1482812320023019 20.7
208 0.148111332947377 20.8
209 0.1479306929988556 20.9
210 0.1477548132464214 21
211 0.1475837724206383 21.1
212 0.1474060047384144 21.2
213 0.1472261488480119 21.3
214 0.1470612410249296 21.4
215 0.1468954777287439 21.5
216 0.1467423958691371 21.6
217 0.1467417456478615 21.7
218 0.1465878394631794 21.8
219 0.146587259667213 21.9
220 0.1464329827916436 22
221 0.1464323831890158 22.1
222 0.1462764476646516 22.2
223 0.146119664647806 22.3
224 0.1459738543162759 22.4
225 0.1458146508210311 22.5
226 0.1456552140702854 22.6
227 0.1454955531695777 22.7
228 0.1453174704301624 22.8
229 0.1451442665388019 22.9
230 0.1449756964438148 23
231 0.1448048474118832 23.1
232 0.1446335634895203 23.2
233 0.1444657333852302 23.3
234 0.144296555952569 23.4
235 0.1441268623837824 23.5
236 0.1439567837222128 23.6
237 0.1437904943364891 23.7
238 0.1437895418062039 23.8
239 0.1436262686529908 23.9
240 0.1436254334549463 24
241 0.1434635680358899 24.1
242 0.1434628524062324 24.2
243 0.1432940900176582 24.3
244 0.1431248984910222 24.4
245 0.1429560181540936 24.5
246 0.142788766016022 24.6
247 0.1426179244160158 24.7
248 0.1426167733571118 24.8
249 0.1424474782643727 24.9
250 0.1424464924260754 25
251 0.1422780765730379 25.1
252 0.1421114273146807 25.2
253 0.1419461277276215 25.3
254 0.141781154102103 25.4
255 0.1416177565157269 25.5
256 0.1414557393689802 25.6
257 0.1412855946541018 25.7
258 0.1411170532711647 25.8
259 0.1409490302212682 25.9
260 0.1407881657010737 26
261 0.1406277774144649 26.1
262 0.1404663913847774 26.2
263 0.1403038164810374 26.3
264 0.1401407662499047 26.4
265 0.139977370256386 26.5
266 0.1398137549185337 26.6
267 0.1396502840108043 26.7
268 0.1394869007992992 26.8
269 0.139322935642712 26.9
270 0.1391595082139631 27
271 0.1389972472627724 27.1
272 0.1388344871047601 27.2
273 0.1386733350009396 27.3
274 0.138513524037197 27.4
275 0.1383489464071233 27.5
276 0.1381831719250864 27.6
277 0.1380193965303006 27.7
278 0.1378575119339925 27.8
279 0.1376973272061661 27.9
280 0.1375379773832975 28
281 0.1373792070406301 28.1
282 0.1372208969311592 28.2
283 0.1370627247564673 28.3
284 0.1369057252153676 28.4
285 0.1367475046519962 28.5
286 0.1365835073257139 28.6
287 0.1364223961731918 28.7
288 0.1362611565378214 28.8
289 0.136260169283668 28.9
290 0.1361031440480768 29
291 0.1359483614775958 29.1
292 0.1357944891156549 29.2
293 0.1356468381576575 29.3
294 0.1354940608192536 29.4
295 0.1353419292438543 29.5
296 0.1351885086418707 29.6
297 0.1350348703549981 29.7
298 0.1348818932683887 29.8
299 0.1347288230885209 29.9
300 0.1345753560577551 30
301 0.1344204139410023 30.1
302 0.134266833919689 30.2
303 0.1341130314702297 30.3
304 0.1339593464315317 30.4
305 0.1338057666972085 30.5
306 0.1336533213794708 30.6
307 0.1334943939694226 30.7
308 0.133334525162981 30.8
309 0.1331786671269166 30.9
310 0.1331778760353645 31
311 0.1330224676794314 31.1
312 0.1328661987776855 31.2
313 0.1327105681224721 31.3
314 0.1325540853389421 31.4
315 0.1323973213860201 31.5
316 0.1322387313922913 31.6
317 0.1320820390105202 31.7
318 0.1319246414409028 31.8
319 0.1317683659222237 31.9
320 0.131612481708768 32
321 0.1314625963118221 32.1
322 0.1313085088002693 32.2
323 0.1311547969336433 32.3
324 0.1310019247699979 32.4
325 0.1308504406402182 32.5
326 0.1306988692179328 32.6
327 0.1305500650857551 32.7
328 0.1304010117708128 32.8
329 0.1302521176843099 32.9
330 0.1301023203496796 33
331 0.1299630285139503 33.1
332 0.129805936434299 33.2
333 0.1296564791401328 33.3
334 0.129655797399048 33.4
335 0.1295059148080937 33.5
336 0.1293552910491848 33.6
337 0.1292049090758022 33.7
338 0.1290562350104757 33.8
339 0.1289063570762625 33.9
340 0.1287564594098264 34
341 0.128605375996929 34.1
342 0.1284559256851135 34.2
343 0.1283069745561754 34.3
344 0.1281575402188461 34.4
345 0.12800858118627 34.5
346 0.1278605869799288 34.6
347 0.1277135839152161 34.7
348 0.1275679184513969 34.8
349 0.1274230745771011 34.9
350 0.1272774272678965 35
351 0.1271313634064389 35.1
352 0.1269868836461838 35.2
353 0.1268376717593065 35.3
354 0.1266886875382284 35.4
355 0.1265349013245166 35.5
356 0.1263831867791397 35.6
357 0.1262327828116725 35.7
358 0.1260829367757473 35.8
359 0.1259331136296132 35.9
360 0.1257833972383637 36
361 0.1256335265556241 36.1
362 0.1254830839196964 36.2
363 0.1253323292478677 36.3
364 0.1251817942875189 36.4
365 0.1250318486871087 36.5
366 0.1248855433825108 36.6
367 0.1248846394667359 36.7
368 0.1247438416060137 36.8
369 0.1247431387132357 36.9
370 0.1246045252761536 37
371 0.1246039344399634 37.1
372 0.1244687969059059 37.2
373 0.1243380005536889 37.3
374 0.1242081418118183 37.4
375 0.1240792876951182 37.5
376 0.1239475689354724 37.6
377 0.123821377202367 37.7
378 0.1236932841682372 37.8
379 0.1235648440404767 37.9
380 0.1234388236921207 38
381 0.1233113042790153 38.1
382 0.123181502143851 38.2
383 0.123052905407158 38.3
384 0.1229246110044141 38.40000000000001
385 0.122796559537598 38.5
386 0.1226651264740579 38.6
387 0.1225348920235493 38.7
388 0.1224043183215254 38.8
389 0.1222714953406593 38.90000000000001
390 0.1221395634267715 39
391 0.1220092448999216 39.1
392 0.1218883634909538 39.2
393 0.121756031106958 39.3
394 0.1216248392454867 39.40000000000001
395 0.1214926841164804 39.5
396 0.1213710663196386 39.6
397 0.121235606648448 39.7
398 0.1211047746931552 39.8
399 0.1209723681814652 39.90000000000001
400 0.1208393858120651 40
401 0.1207063934320952 40.1
402 0.1205734089171505 40.2
403 0.120439657202937 40.3
404 0.1203053101541623 40.40000000000001
405 0.1201618552425237 40.5
406 0.1200184144270336 40.6
407 0.1198763366622419 40.7
408 0.1197346110595337 40.8
409 0.1195954781132528 40.90000000000001
410 0.1194679761517211 41
411 0.1194674787785461 41.1
412 0.1193409701734273 41.2
413 0.1192143500408757 41.3
414 0.1190866196499723 41.40000000000001
415 0.1189601948101762 41.5
416 0.1188354738299228 41.6
417 0.1187112314285839 41.7
418 0.1185867531440411 41.8
419 0.1184605342813522 41.90000000000001
420 0.1183349539728216 42
421 0.1182082424179633 42.1
422 0.118080248777611 42.2
423 0.1179529001695371 42.3
424 0.1178270631148431 42.40000000000001
425 0.1177013850338763 42.5
426 0.117577798475231 42.6
427 0.1174519507663979 42.7
428 0.1173265461667861 42.8
429 0.1172009633011527 42.90000000000001
430 0.1170754598794175 43
431 0.1169488119383391 43.1
432 0.1168220457492625 43.2
433 0.1166937849079533 43.3
434 0.1165664436651023 43.40000000000001
435 0.1164378553865957 43.5
436 0.1163096783979791 43.6
437 0.116182269282308 43.7
438 0.1160532629555259 43.8
439 0.1159222570013605 43.90000000000001
440 0.1157918131521058 44
441 0.1156618486867202 44.1
442 0.115530234792377 44.2
443 0.1153980954223091 44.3
444 0.1152613874006054 44.40000000000001
445 0.1151221386584799 44.5
446 0.1149876695433677 44.6
447 0.1148516243521862 44.7
448 0.1147143575434875 44.8
449 0.1145767265449353 44.90000000000001
450 0.1144386427276058 45
451 0.1143003279043329 45.1
452 0.1141618384946964 45.2
453 0.1140228949583843 45.3
454 0.1138840703179073 45.40000000000001
455 0.113745172226031 45.5
456 0.1136087101313804 45.6
457 0.1134717118091467 45.7
458 0.1133406288463979 45.8
459 0.1133398861766994 45.90000000000001
460 0.1132115918645166 46
461 0.1132109567255317 46.1
462 0.1130829538205853 46.2
463 0.1129561362351558 46.3
464 0.1128215877953937 46.40000000000001
465 0.1126869648160559 46.5
466 0.1125509826580428 46.6
467 0.1124150489374216 46.7
468 0.1122796716383215 46.8
469 0.1121466615175663 46.90000000000001
470 0.1120232195091729 47
471 0.1118989604806997 47.1
472 0.1117751465046894 47.2
473 0.111651011734129 47.3
474 0.1115263133483951 47.40000000000001
475 0.1114022057970306 47.5
476 0.1112776854300533 47.6
477 0.1111535809502595 47.7
478 0.1110307703740009 47.8
479 0.1109055361876524 47.90000000000001
480 0.110783898655447 48
481 0.1106619945645604 48.1
482 0.1105381143819353 48.2
483 0.1104163043700575 48.3
484 0.1102929865390305 48.40000000000001
485 0.1101698547165844 48.5
486 0.1100464152495613 48.6
487 0.1099228456019502 48.7
488 0.1098053447975025 48.8
489 0.1096811675274997 48.90000000000001
490 0.1095572034633627 49
491 0.1094399594510355 49.1
492 0.109315978890789 49.2
493 0.1091903939304031 49.3
494 0.1090655749645871 49.40000000000001
495 0.1089407702704128 49.5
496 0.1088153834394634 49.6
497 0.1086899161417423 49.7
498 0.1085637078009563 49.8
499 0.1084373329469159 49.90000000000001
500 0.1083061925356769 50
501 0.1124669808398134 50.01
502 0.1211170041685817 50.02
503 0.1286923230785716 50.03
504 0.1326482136548045 50.04
505 0.135137916704082 50.05
506 0.1382059015926776 50.06
507 0.141411883856978 50.07
508 0.1446349371577153 50.08
509 0.1474365174919194 50.09
510 0.1500877352124275 50.1
511 0.1527023004736435 50.11
512 0.1553980257309627 50.12
513 0.1578995846162295 50.13
514 0.1602791274687924 50.14
515 0.1626360371693176 50.15
516 0.1649566131523704 50.16
517 0.167206013821333 50.17
518 0.1693197033397122 50.18
519 0.1715665626615195 50.19
520 0.1738520416323452 50.2
521 0.1760802147273508 50.21
522 0.1781851389631565 50.22
523 0.180152956384844 50.23
524 0.1820269446215141 50.24
525 0.1838236951275721 50.25
526 0.1854883658662547 50.26
527 0.1870387689987689 50.27
528 0.1885068138433891 50.28
529 0.1898479313811491 50.29
530 0.1910429998557221 50.3
531 0.1921045694421 50.31
532 0.1930531444341982 50.32
533 0.1939021917073212 50.33
534 0.1947409631704566 50.34
535 0.1955054333271141 50.35
536 0.1961477891622547 50.36
537 0.1966881543344457 50.37
538 0.1971505533227352 50.38
539 0.1975451333706568 50.39
540 0.197882881787128 50.4
541 0.1981440909961835 50.41
542 0.1983271986988286 50.42
543 0.1984418950034443 50.43
544 0.1984894818069296 50.44
545 0.1984857574880193 50.45
546 0.1984394612729193 50.46
547 0.1983411196567638 50.47
548 0.19817992650327 50.48
549 0.1979727450496968 50.49
550 0.1977248601492796 50.5
551 0.1974456630469531 50.51
552 0.197138032441468 50.52
553 0.1968011925390759 50.53
554 0.1964498604650425 50.54
555 0.1961052778291214 50.55
556 0.1957679031543413 50.56
557 0.1954400623999244 50.57
558 0.1951370060943098 50.58
559 0.194866346667721 50.59
560 0.194620782250103 50.6
561 0.1944085398079683 50.61
562 0.1942289419189419 50.62
563 0.1940784845414882 50.63
564 0.1939529904085942 50.64
565 0.1938449744656232 50.65
566 0.1937462321690758 50.66
567 0.1936846412026197 50.67
568 0.1936604355530515 50.68
569 0.1936691463999063 50.69
570 0.19369618492924 50.7
571 0.1937494520900133 50.71
572 0.1938254869504236 50.72
573 0.1938733542939549 50.73
574 0.1939638344119228 50.74
575 0.1940929259392654 50.75
576 0.1942184864533692 50.76
577 0.1943510860673015 50.77
578 0.1944822137902869 50.78
579 0.194614464230712 50.79
580 0.1947473380789459 50.8
581 0.1948804021501339 50.81
582 0.1950118655819605 50.82
583 0.1951469690935441 50.83
584 0.1952906890958366 50.84
585 0.1954408957195149 50.85
586 0.1955875362098038 50.86
587 0.1957284262304599 50.87
588 0.1958651993016769 50.88
589 0.1959868573599408 50.89
590 0.1961017989920532 50.9
591 0.1962206723894236 50.91
592 0.1963393811016004 50.92
593 0.1964465848646101 50.93
594 0.1965280864358053 50.94
595 0.1965866067352133 50.95
596 0.1966483252018315 50.96
597 0.1967121697839104 50.97
598 0.196766822055834 50.98
599 0.1968070773042692 50.99
600 0.1968318900563353 51
601 0.1968452800778645 51.01
602 0.1968457936546821 51.02
603 0.1968331366368808 51.03
604 0.1968020796489584 51.04
605 0.1967542596375429 51.05
606 0.1966842326449717 51.06
607 0.1965889531760223 51.07
608 0.1964671293216684 51.08
609 0.1963080752635308 51.09
610 0.1961213503683482 51.1
611 0.1958957143690742 51.11
612 0.1956251100653316 51.12
613 0.1953072648910638 51.13
614 0.1949400790196793 51.14
615 0.1945377622202891 51.15
616 0.1941027100081709 51.16
617 0.1936331684737416 51.17
618 0.1931442068030255 51.18
619 0.1926327473015975 51.19
620 0.1921004707348606 51.2
621 0.1915560737082142 51.21
622 0.1909527193850746 51.22
623 0.1903195639199571 51.23
624 0.1896706660272726 51.24
625 0.1889835758891308 51.25
626 0.1882593056561952 51.26
627 0.1875091615461177 51.27
628 0.1866931700736804 51.28
629 0.1858269991570994 51.29
630 0.1849182669961133 51.3
631 0.1839784848824099 51.31
632 0.183013009234536 51.32
633 0.1820319929208858 51.33
634 0.1810484317402744 51.34
635 0.180073451239465 51.35
636 0.1791088492447233 51.36
637 0.1781679989809292 51.37
638 0.1772704993600584 51.38
639 0.1764095041919364 51.39
640 0.1755886941800553 51.4
641 0.1748068532358326 51.41
642 0.1740645576563022 51.42
643 0.1733625676256887 51.43
644 0.1726977656269369 51.44
645 0.1720763039047901 51.45
646 0.171498542863992 51.46
647 0.1709586819371702 51.47
648 0.170454812805784 51.48
649 0.1699852871604614 51.49
650 0.169551137384001 51.5
651 0.1691543968156119 51.51
652 0.1687955764400096 51.52
653 0.1684885713050156 51.53
654 0.1682199008368321 51.54
655 0.1679781795081048 51.55
656 0.1677741892588678 51.56
657 0.1676468660498386 51.57
658 0.1675484509974443 51.58
659 0.1674739480157573 51.59
660 0.1674127877681341 51.6
661 0.16737163299072 51.61
662 0.1673367611101338 51.62
663 0.1673318989510899 51.63
664 0.1673273005139951 51.64
665 0.1673193416399274 51.65
666 0.1673368801236102 51.66
667 0.1673485870027372 51.67
668 0.1673605977314633 51.68
669 0.1673685957406347 51.69
670 0.1673802978107852 51.7
671 0.1673848994909477 51.71
672 0.1673878060301787 51.72
673 0.1674073673353567 51.73
674 0.1674239742409714 51.74
675 0.1674450981220872 51.75
676 0.167458927159692 51.76
677 0.1674654207696279 51.77
678 0.1674680580774428 51.78
679 0.1674550139099219 51.79
680 0.1674432732119495 51.8
681 0.1674297367184007 51.81
682 0.167402395976579 51.82
683 0.1673666629454911 51.83
684 0.1673237993287698 51.84
685 0.1672731930498883 51.85
686 0.1672135618845409 51.86
687 0.1671440889238329 51.87
688 0.1670636295228959 51.88
689 0.16697227148207 51.89
690 0.166869846746995 51.9
691 0.1667564342968298 51.91
692 0.1666316454510237 51.92
693 0.1664953042426285 51.93
694 0.1663471091447802 51.94
695 0.1661872760783795 51.95
696 0.1660154624830203 51.96
697 0.1658319004351256 51.97
698 0.1656368062389756 51.98
699 0.1654178564261528 51.99
700 0.1651854753474264 52
701 0.1649496079630102 52.01
702 0.1646887646916659 52.02
703 0.1644114904279134 52.03
704 0.1641201515897613 52.04
705 0.1638107932210868 52.05
706 0.1634828985585171 52.06
707 0.1631381686743119 52.07
708 0.1627602632992991 52.08
709 0.1623691513538819 52.09
710 0.1619619158139565 52.1
711 0.1615294870703671 52.11
712 0.1610640347277572 52.12
713 0.16057223623077 52.13
714 0.1600652948732281 52.14
715 0.1595339893399581 52.15
716 0.1589712503210189 52.16
717 0.1583708553769251 52.17
718 0.1577541329841377 52.18
719 0.1570978894902299 52.19
720 0.1564046379960793 52.2
721 0.1556564250067885 52.21
722 0.1548720581978369 52.22
723 0.1540263359279852 52.23
724 0.1531291723112479 52.24
725 0.1521794888775086 52.25
726 0.1511859459497581 52.26
727 0.1501032951230251 52.27
728 0.1489189067631595 52.28
729 0.1476557906024409 52.29
730 0.1463576290664918 52.3
731 0.1450037966084383 52.31
732 0.143594736869545 52.32
733 0.1421217136234061 52.33
734 0.1405878640021351 52.34
735 0.1390172010666019 52.35
736 0.1373943488822697 52.36
737 0.1357215719417882 52.37
738 0.1340220128910078 52.38
739 0.1322801984001733 52.39
740 0.1305011294793872 52.4
741 0.1286932556859502 52.41
742 0.1268258172500551 52.42
743 0.1248347800881693 52.43
744 0.1227371138945227 52.44
745 0.1206366061742931 52.45
746 0.1185537087200222 52.46
747 0.1164962082462423 52.47
748 0.1144794956281265 52.48
749 0.1125117656629194 52.49
750 0.1106014308390393 52.5
751 0.1087564241542872 52.51
752 0.1069811168595479 52.52
753 0.1052766212541649 52.53
754 0.1036410803545983 52.54
755 0.1020721270398526 52.55
756 0.1005673159974175 52.56
757 0.09912304440181545 52.57
758 0.09773617161492222 52.58
759 0.09640446472130543 52.59
760 0.09512685914509179 52.6
761 0.09390247495110725 52.61
762 0.09273031619032748 52.62
763 0.0916101196576154 52.63
764 0.09054267822879057 52.64
765 0.08952837808033615 52.65
766 0.08856747720949716 52.66
767 0.08766035217542573 52.67
768 0.08680685651378849 52.68
769 0.08600698392911453 52.69
770 0.0852599116547566 52.7
771 0.08457555269133522 52.71
772 0.08393981109587483 52.72
773 0.0833531093113134 52.73
774 0.08280428832455479 52.74
775 0.0823008929460092 52.75
776 0.08184047885188074 52.76
777 0.08142081110918611 52.77
778 0.08105188423327464 52.78
779 0.08070507744101243 52.79
780 0.08038308112306475 52.8
781 0.08008013350215594 52.81
782 0.0797937497580288 52.82
783 0.07951285516623499 52.83
784 0.07923929517919721 52.84
785 0.07897223497013126 52.85
786 0.07871079594351579 52.86
787 0.07845302912225269 52.87
788 0.07819905661263013 52.88
789 0.07794908243838956 52.89
790 0.07770241221507265 52.9
791 0.07745844620458768 52.91
792 0.07721661093644892 52.92
793 0.0769764886303964 52.93
794 0.07673770021109959 52.94
795 0.07649895043163923 52.95
796 0.07626081308837875 52.96
797 0.07602305366116996 52.97
798 0.07578535730747168 52.98
799 0.07554757183742253 52.99
800 0.07530961172350219 53
801 0.07507145680000946 53.01
802 0.0748351120015889 53.02
803 0.07459918944652609 53.03
804 0.07436328399899939 53.04
805 0.0741279630568728 53.05
806 0.07389316866600189 53.06
807 0.07365908200679647 53.07
808 0.07342590989262314 53.08
809 0.07319331494836193 53.09
810 0.07296168263297538 53.1
811 0.07273066521423302 53.11
812 0.0725005059570749 53.12
813 0.07227190882432577 53.13
814 0.07204402207427606 53.14
815 0.07181715065668665 53.15
816 0.07159127308702179 53.16
817 0.0713660811510219 53.17
818 0.07114129439013947 53.18
819 0.07091699234043397 53.19
820 0.07069308082524549 53.2
821 0.07046929288442877 53.21
822 0.07024559799507965 53.22
823 0.07002142994754752 53.23
824 0.06979667089592864 53.24
825 0.06957124343885873 53.25
826 0.06934463415751493 53.26
827 0.06911663544095259 53.27
828 0.06888668797094605 53.28
829 0.06865440360407558 53.29
830 0.06841950649191281 53.3
831 0.06818133532630771 53.31
832 0.06793941577887554 53.32
833 0.0676933119044666 53.33
834 0.06744260291932058 53.34
835 0.06718684361341917 53.35
836 0.0669257022675324 53.36
837 0.06665914185676941 53.37
838 0.06638689302878911 53.38
839 0.06610802598927071 53.39
840 0.06582264102875593 53.4
841 0.0655306419068446 53.41
842 0.06523236578765954 53.42
843 0.06492692960676358 53.43
844 0.06461517658261479 53.44
845 0.06429764041725708 53.45
846 0.06397434600132426 53.46
847 0.06364578267542061 53.47
848 0.06331220650871749 53.48
849 0.06297424644173023 53.49
850 0.06263217741448006 53.5
851 0.06228626269998521 53.51
852 0.06193665539794567 53.52
853 0.06158205974244964 53.53
854 0.0612135519633752 53.54
855 0.06085361823119294 53.55
856 0.06049215576565788 53.56
857 0.06012871302333964 53.57
858 0.05976416405963557 53.58
859 0.05939850118972916 53.59
860 0.05903013049211783 53.6
861 0.0586513934755388 53.61
862 0.05826679119980255 53.62
863 0.05787967109222821 53.63
864 0.05748579161165645 53.64
865 0.0570934220341443 53.65
866 0.05670465407433951 53.66
867 0.05631434868344684 53.67
868 0.05592198527405477 53.68
869 0.05552764373969832 53.69
870 0.05511988763449925 53.7
871 0.05470712138292043 53.71
872 0.05429397443953673 53.72
873 0.05387739754421376 53.73
874 0.05345841277587206 53.74
875 0.0530376526993927 53.75
876 0.0526126684954502 53.76
877 0.05218619361436828 53.77
878 0.05175745585535969 53.78
879 0.05132972875640616 53.79
880 0.0508968550875537 53.8
881 0.05046012638593841 53.81
882 0.05001989636078381 53.82
883 0.04958154018133416 53.83
884 0.04914595758722599 53.84
885 0.04871807472811177 53.85
886 0.04829700679142138 53.86
887 0.04788451474060353 53.87
888 0.047480041043029 53.88
889 0.04708521559414363 53.89
890 0.04670130995300908 53.9
891 0.04632839107074918 53.91
892 0.04596638418754753 53.92
893 0.04561674694641785 53.93
894 0.04527999987534717 53.94
895 0.04495666633280382 53.95
896 0.04464881525169993 53.96
897 0.04435619610875302 53.97
898 0.04407583743068414 53.98
899 0.04381063283072832 53.99
900 0.0435603844209479 54
901 0.04332401688570647 54.01
902 0.04310227187936002 54.02
903 0.04289423184763723 54.03
904 0.04269836045897681 54.04
905 0.04251385773790765 54.05
906 0.04233955371398682 54.06
907 0.04217533636309675 54.07
908 0.04201992341997264 54.08
909 0.04187180221948807 54.09
910 0.04172917881530788 54.1
911 0.04159082489130708 54.11
912 0.04145478287349868 54.12
913 0.04131942746868857 54.13
914 0.04118131538036419 54.14
915 0.0410390582372284 54.15
916 0.04089185308876709 54.16
917 0.04073982337394642 54.17
918 0.04058431933743825 54.18
919 0.04042336767751113 54.19
920 0.04026106359603521 54.2
921 0.0400940562610563 54.21
922 0.03992701682427221 54.22
923 0.03976723895095503 54.23
924 0.03961103110796002 54.24
925 0.03946244819180476 54.25
926 0.03931943477723446 54.26
927 0.03918648163071137 54.27
928 0.03905993969575491 54.28
929 0.038939999084022 54.29
930 0.03882615849193262 54.3
931 0.03871882179301382 54.31
932 0.03861765851957369 54.32
933 0.03852321000998735 54.33
934 0.03843595492111518 54.34
935 0.03835538648193432 54.35
936 0.03828096969009932 54.36
937 0.03821357783997016 54.37
938 0.03815281553223449 54.38
939 0.03809820552193659 54.39
940 0.03805010160690128 54.4
941 0.03800818097419024 54.41
942 0.03797226487786729 54.42
943 0.03794216533430157 54.43
944 0.03791763305647339 54.44
945 0.03789845981923534 54.45
946 0.03788444369593736 54.46
947 0.03787555909490724 54.47
948 0.03787144573881706 54.48
949 0.03787184484586088 54.49
950 0.03787621640080378 54.5
951 0.03788426820637599 54.51
952 0.03789594225480192 54.52
953 0.03791078874340862 54.53
954 0.03792833548747542 54.54
955 0.0379482691529412 54.55
956 0.03797034979301642 54.56
957 0.03799399687934456 54.57
958 0.03801948767213589 54.58
959 0.03804641165586511 54.59
960 0.03807510872835311 54.6
961 0.03810374233128178 54.61
962 0.03813029287746961 54.62
963 0.03815332969961244 54.63
964 0.03816846318802059 54.64
965 0.03817428207335302 54.65
966 0.03817018681787817 54.66
967 0.03815510482634309 54.67
968 0.03812749897383912 54.68
969 0.03808698029376085 54.69
970 0.03803331285125461 54.7
971 0.03796543156748648 54.71
972 0.03788359776343241 54.72
973 0.03778766498019028 54.73
974 0.03767859834111067 54.74
975 0.03755736490224769 54.75
976 0.03742472744078083 54.76
977 0.03728118335404756 54.77
978 0.03712536256781705 54.78
979 0.03695974840624051 54.79
980 0.03678672954413788 54.8
981 0.03660375755265195 54.81
982 0.03641632497921751 54.82
983 0.03622405892637822 54.83
984 0.03602953768996407 54.84
985 0.03582903053053207 54.85
986 0.03562316172681056 54.86
987 0.03541152937712341 54.87
988 0.03519515142338202 54.88
989 0.03497541269793487 54.89
990 0.03475331385263895 54.9
991 0.03453011986162868 54.91
992 0.03430460393255803 54.92
993 0.03407684137926536 54.93
994 0.03384967088355096 54.94
995 0.03362008172958119 54.95
996 0.03339165935566613 54.96
997 0.03316330546881752 54.97
998 0.03293535878362196 54.98
999 0.03270522958843982 54.99
1000 0.03247697608576289 55
1001 0.03225145969462141 55.01
1002 0.03202748341918851 55.02
1003 0.03180539065828435 55.03
1004 0.03158513399264081 55.04
1005 0.03136688385536001 55.05
1006 0.0311505541460126 55.06
1007 0.03093676440565465 55.07
1008 0.03072571809419067 55.08
1009 0.03051758036920184 55.09
1010 0.03031003154512 55.1
1011 0.03011055359595981 55.11
1012 0.02991284420166873 55.12
1013 0.02971848581430455 55.13
1014 0.02952790916337303 55.14
1015 0.02933508510993561 55.15
1016 0.02915251906325933 55.16
1017 0.02896815068494023 55.17
1018 0.02878838072756333 55.18
1019 0.0286132307609775 55.19
1020 0.02844783449222447 55.2
1021 0.02828206114982095 55.21
1022 0.0281259592551612 55.22
1023 0.02797032223456348 55.23
1024 0.02782389555481087 55.24
1025 0.02768073415255994 55.25
1026 0.02754252422410694 55.26
1027 0.02740925453217991 55.27
1028 0.02728082235685756 55.28
1029 0.02715744620974033 55.29
1030 0.02703809717965985 55.3
1031 0.02692275361721377 55.31
1032 0.02681112261646262 55.32
1033 0.02670334827320853 55.33
1034 0.02659897168881059 55.34
1035 0.02649798683847766 55.35
1036 0.02640026487264284 55.36
1037 0.02630641631238155 55.37
1038 0.02621492971564594 55.38
1039 0.02612700879518703 55.39
1040 0.02604174040290944 55.4
1041 0.02595917768755017 55.41
1042 0.02587692133161556 55.42
1043 0.02580001047377567 55.43
1044 0.0257247717731516 55.44
1045 0.02565122366134458 55.45
1046 0.02558012159054866 55.46
1047 0.02551257180726151 55.47
1048 0.02544596690278059 55.48
1049 0.02538166378806115 55.49
1050 0.02532029186722545 55.5
1051 0.02526157756029195 55.51
1052 0.02520492949070327 55.52
1053 0.02514919373965816 55.53
1054 0.02509547840678346 55.54
1055 0.02504331815758259 55.55
1056 0.02499247373247768 55.56
1057 0.0249436963502635 55.57
1058 0.02489629830128309 55.58
1059 0.02485016852709269 55.59
1060 0.02480616376516021 55.6
1061 0.02476335220911704 55.61
1062 0.02472138283309906 55.62
1063 0.02468155032398672 55.63
1064 0.0246428767472283 55.64
1065 0.02460520382848662 55.65
1066 0.02456958644499626 55.66
1067 0.02453495511764234 55.67
1068 0.024501210354131 55.68
1069 0.02446944387743899 55.69
1070 0.02443855310346352 55.7
1071 0.02440851706351336 55.71
1072 0.0243803987774634 55.72
1073 0.02435301182805753 55.73
1074 0.02432643984301446 55.74
1075 0.02430158843768425 55.75
1076 0.02427747268486594 55.76
1077 0.02425465646816622 55.77
1078 0.02423319939775133 55.78
1079 0.02421243626663319 55.79
1080 0.0241927338427733 55.8
1081 0.02417476817421322 55.81
1082 0.02415710659669375 55.82
1083 0.02414056334364108 55.83
1084 0.02412574005799245 55.84
1085 0.02411107181101307 55.85
1086 0.02409744261398119 55.86
1087 0.02408553666549307 55.87
1088 0.02407373601760426 55.88
1089 0.02406292833808732 55.89
1090 0.02405363854166085 55.9
1091 0.02404480494011945 55.91
1092 0.02403674310880425 55.92
1093 0.02403020394452803 55.93
1094 0.02402390074994492 55.94
1095 0.02401844157263894 55.95
1096 0.02401460129515244 55.96
1097 0.02401122926316782 55.97
1098 0.02400844201784165 55.98
1099 0.02400757969999408 55.99
1100 0.02400687537567911 56
1101 0.02400702693083904 56.01
1102 0.02400885476561698 56.02
1103 0.02401112812346989 56.03
1104 0.02401419927555474 56.04
1105 0.02401902672103661 56.05
1106 0.02402428418498271 56.06
1107 0.02403006994715573 56.07
1108 0.02403788541544671 56.08
1109 0.02404611625217878 56.09
1110 0.0240548729208811 56.1
1111 0.02406575929931959 56.11
1112 0.02407704018393939 56.12
1113 0.02408914253953653 56.13
1114 0.02410330921175139 56.14
1115 0.02411772629280762 56.15
1116 0.02413298778901661 56.16
1117 0.02415020590570428 56.17
1118 0.02416782908619031 56.18
1119 0.02418632900427181 56.19
1120 0.02420676898361221 56.2
1121 0.0242285793741707 56.21
1122 0.02425257722130654 56.22
1123 0.02427782722377479 56.23
1124 0.0243052950000207 56.24
1125 0.02433427854484417 56.25
1126 0.02436558768527589 56.26
1127 0.02439761100973962 56.27
1128 0.02443222179530136 56.28
1129 0.02446753397600314 56.29
1130 0.02450525153486015 56.3
1131 0.02454408287489605 56.31
1132 0.02458482686666433 56.32
1133 0.02462629597429536 56.33
1134 0.02467021442486455 56.34
1135 0.02471534931115198 56.35
1136 0.02476086476040787 56.36
1137 0.02480896895195044 56.37
1138 0.02485999916089784 56.38
1139 0.02491462744655875 56.39
1140 0.02497222668449042 56.4
1141 0.02503282548109054 56.41
1142 0.0250959674431584 56.42
1143 0.02516177953360626 56.43
1144 0.02522998174137315 56.44
1145 0.02530074120807292 56.45
1146 0.02537379893737602 56.46
1147 0.02544845198857215 56.47
1148 0.02552360708359274 56.48
1149 0.0255989778962329 56.49
1150 0.02567505001307175 56.5
1151 0.02575140214627268 56.51
1152 0.02582857079465327 56.52
1153 0.0259070164369324 56.53
1154 0.02598780160265204 56.54
1155 0.0260712887567108 56.55
1156 0.02615691441484547 56.56
1157 0.02624436458358254 56.57
1158 0.02633333289371829 56.58
1159 0.02642353021429042 56.59
1160 0.02651449974954644 56.6
1161 0.02660652717334471 56.61
1162 0.02669933686576201 56.62
1163 0.02679216623487685 56.63
1164 0.02688408095829113 56.64
1165 0.02697420441092079 56.65
1166 0.02706101022965485 56.66
1167 0.02714327322030952 56.67
1168 0.02722117114865872 56.68
1169 0.02729399724508346 56.69
1170 0.02736176485577914 56.7
1171 0.02742415093883187 56.71
1172 0.02748056807766543 56.72
1173 0.02753105274659879 56.73
1174 0.02757585267904716 56.74
1175 0.02761441302366147 56.75
1176 0.02764780521473804 56.76
1177 0.02767708939273442 56.77
1178 0.02770137387651194 56.78
1179 0.02772273594008629 56.79
1180 0.02774750576431608 56.8
1181 0.02776923304490491 56.81
1182 0.0277896349858495 56.82
1183 0.0277963734504462 56.83
1184 0.0277858284843908 56.84
1185 0.02776289741600379 56.85
1186 0.02772941272666538 56.86
1187 0.02768710829648782 56.87
1188 0.02763695736266149 56.88
1189 0.02757837335719629 56.89
1190 0.02750843539466882 56.9
1191 0.02743646148012986 56.91
1192 0.02736458535273046 56.92
1193 0.02728790098052815 56.93
1194 0.0272072470917899 56.94
1195 0.02712172857847015 56.95
1196 0.02702774378941085 56.96
1197 0.02692698055044282 56.97
1198 0.0268169748789337 56.98
1199 0.02670314084154184 56.99
1200 0.02658901841436587 57
1201 0.02647557796391061 57.01
1202 0.02636078445072235 57.02
1203 0.02624413903004255 57.03
1204 0.02612313828512352 57.04
1205 0.02600410346796072 57.05
1206 0.02588881709670598 57.06
1207 0.02577782896604053 57.07
1208 0.02567032409950725 57.08
1209 0.02556575694751945 57.09
1210 0.02546413842095191 57.1
1211 0.02536513923114068 57.11
1212 0.0252701910348078 57.12
1213 0.02517876104321849 57.13
1214 0.02508914664799381 57.14
1215 0.0250005431118842 57.15
1216 0.02490974184482022 57.16
1217 0.0248191784900879 57.17
1218 0.02472878559476224 57.18
1219 0.02464028246804976 57.19
1220 0.02455337881215154 57.2
1221 0.0244681764679585 57.21
1222 0.02438512699417447 57.22
1223 0.02430298953581272 57.23
1224 0.02422311754421895 57.24
1225 0.02414551758404148 57.25
1226 0.02406947980351116 57.26
1227 0.02399410356915161 57.27
1228 0.02391980563830336 57.28
1229 0.02384756078592877 57.29
1230 0.02377901640434055 57.3
1231 0.02371407560820995 57.31
1232 0.02365244879503997 57.32
1233 0.02359430004621858 57.33
1234 0.02353951217325809 57.34
1235 0.02348840097844044 57.35
1236 0.02344196633114726 57.36
1237 0.0233983246325699 57.37
1238 0.02335800968829949 57.38
1239 0.02331702487623325 57.39
1240 0.02327736949448728 57.4
1241 0.02323905575146364 57.41
1242 0.02320140059951643 57.42
1243 0.02316539680371241 57.43
1244 0.02312982523581592 57.44
1245 0.02309494394729253 57.45
1246 0.02306101104840723 57.46
1247 0.02302799961783416 57.47
1248 0.02299676782331868 57.48
1249 0.02296656328375933 57.49
1250 0.02293793592059409 57.5
1251 0.02291095958152336 57.51
1252 0.02288532291391625 57.52
1253 0.02286073962693914 57.53
1254 0.02283774912284607 57.54
1255 0.02281636531650146 57.55
1256 0.02279590796131011 57.56
1257 0.02277645805514764 57.57
1258 0.02275789763598341 57.58
1259 0.02274036191716246 57.59
1260 0.02272357652073316 57.6
1261 0.02270748386298103 57.61
1262 0.02269159381074551 57.62
1263 0.02267637262681795 57.63
1264 0.02266155679291136 57.64
1265 0.02264694875667261 57.65
1266 0.02263206299705687 57.66
1267 0.02261773233441677 57.67
1268 0.02260369464402897 57.68
1269 0.02259005711112111 57.69
1270 0.02257597172331627 57.7
1271 0.02256267925920091 57.71
1272 0.02254960068813171 57.72
1273 0.02253691396359294 57.73
1274 0.02252435706000203 57.74
1275 0.02251245133174995 57.75
1276 0.02250092262501174 57.76
1277 0.02248986214018415 57.77
1278 0.02247937615011352 57.78
1279 0.02246955385540227 57.79
1280 0.02246018960064464 57.8
1281 0.0224512328060034 57.81
1282 0.02244337655005223 57.82
1283 0.02243597816265394 57.83
1284 0.02242878919270532 57.84
1285 0.02242196210121207 57.85
1286 0.02241556065632953 57.86
1287 0.02240964736682268 57.87
1288 0.0224042376227616 57.88
1289 0.02239945489892405 57.89
1290 0.02239616613402761 57.9
1291 0.02239333033826609 57.91
1292 0.02239112136978827 57.92
1293 0.02239098790840431 57.93
1294 0.02239212761939643 57.94
1295 0.02239664074935046 57.95
1296 0.02240209153070564 57.96
1297 0.02241032638715811 57.97
1298 0.02241904635279937 57.98
1299 0.02242858442347978 57.99
1300 0.02244080642431772 58
1301 0.02245506629038574 58.01
1302 0.02247229130592001 58.02
1303 0.02249029483977071 58.03
1304 0.02251090503481396 58.04
1305 0.02253178335939792 58.05
1306 0.02255307699484219 58.06
1307 0.02257495446479463 58.07
1308 0.02259720463727417 58.08
1309 0.02262041460276439 58.09
1310 0.0226445895085978 58.1
1311 0.02266990058334091 58.11
1312 0.02269663137462688 58.12
1313 0.02272568916560237 58.13
1314 0.02275584021473864 58.14
1315 0.02279141154651405 58.15
1316 0.0228307894919033 58.16
1317 0.02287106204902705 58.17
1318 0.02291322554210747 58.18
1319 0.022955898812805 58.19
1320 0.02299953140249247 58.2
1321 0.02304362602596034 58.21
1322 0.02308870415676955 58.22
1323 0.02313470770768224 58.23
1324 0.02318137415159439 58.24
1325 0.02322948877352244 58.25
1326 0.02327953635141945 58.26
1327 0.02333311575972772 58.27
1328 0.02338920248770922 58.28
1329 0.02344708259633942 58.29
1330 0.02350577689206707 58.3
1331 0.02356524189978758 58.31
1332 0.02362677897388204 58.32
1333 0.02369179706027695 58.33
1334 0.02375798401274497 58.34
1335 0.0238260304501868 58.35
1336 0.02389688618987593 58.36
1337 0.02397025857585649 58.37
1338 0.0240436966014603 58.38
1339 0.02411655717152232 58.39
1340 0.02419233484120696 58.4
1341 0.02426907704937927 58.41
1342 0.02434875934374671 58.42
1343 0.02442999559144583 58.43
1344 0.0245126443265489 58.44
1345 0.02459883526759939 58.45
1346 0.02468912375944608 58.46
1347 0.02478423477948256 58.47
1348 0.02487968620986816 58.48
1349 0.02497717012727107 58.49
1350 0.02507576428271674 58.5
1351 0.02517613100007032 58.51
1352 0.02527744589138611 58.52
1353 0.02538064040683091 58.53
1354 0.02548363252329319 58.54
1355 0.0255839234968488 58.55
1356 0.02568611797002504 58.56
1357 0.02578340327925763 58.57
1358 0.02588337219151816 58.58
1359 0.02597547713279722 58.59
1360 0.02606465573371608 58.6
1361 0.02615737166436412 58.61
1362 0.02624759899451964 58.62
1363 0.02632236539422604 58.63
1364 0.0263979934418234 58.64
1365 0.02647038191692491 58.65
1366 0.02653496511129422 58.66
1367 0.02659569035018424 58.67
1368 0.02664688651161885 58.68
1369 0.0266992555515614 58.69
1370 0.02674872740286504 58.7
1371 0.02679548363482311 58.71
1372 0.02682978359488134 58.72
1373 0.02685569573092122 58.73
1374 0.02687818509651693 58.74
1375 0.02689494554687446 58.75
1376 0.02690112571766731 58.76
1377 0.02690605107194602 58.77
1378 0.02689698648752841 58.78
1379 0.02688531289575182 58.79
1380 0.02686755539878886 58.8
1381 0.02683874904545955 58.81
1382 0.02680120487671293 58.82
1383 0.02675528323660132 58.83
1384 0.02671024936798587 58.84
1385 0.0266632296449561 58.85
1386 0.02661025971860003 58.86
1387 0.02654639348867873 58.87
1388 0.02647394620519044 58.88
1389 0.02640430559278938 58.89
1390 0.02632766393444307 58.9
1391 0.02624946914449477 58.91
1392 0.02617084769544594 58.92
1393 0.02608713623675648 58.93
1394 0.02600748010614428 58.94
1395 0.02592086393258937 58.95
1396 0.02582471892817659 58.96
1397 0.02572656464321515 58.97
1398 0.02563172912560395 58.98
1399 0.02554444635804091 58.99
1400 0.02546429619021825 59
1401 0.02538999649149512 59.01
1402 0.02531778098174715 59.02
1403 0.02524677178287135 59.03
1404 0.02517626026359411 59.04
1405 0.02510550350809461 59.05
1406 0.02503495128456413 59.06
1407 0.02496455224237957 59.07
1408 0.02489531992497924 59.08
1409 0.02482716557379636 59.09
1410 0.02476031062441352 59.1
1411 0.02469466742483849 59.11
1412 0.02463049195424786 59.12
1413 0.02456808870612132 59.13
1414 0.02450787559136128 59.14
1415 0.02444953375305537 59.15
1416 0.02439266104317309 59.16
1417 0.02433798370950797 59.17
1418 0.02428440850448997 59.18
1419 0.02423265893081366 59.19
1420 0.02418214056645903 59.2
1421 0.02413302888123865 59.21
1422 0.02408562862320125 59.22
1423 0.02403967062282522 59.23
1424 0.02399535021046207 59.24
1425 0.0239522011215624 59.25
1426 0.02391050023721063 59.26
1427 0.02387020023682136 59.27
1428 0.02383122930506877 59.28
1429 0.02379405256443974 59.29
1430 0.02375786415633725 59.3
1431 0.02372324981292684 59.31
1432 0.02368982746724845 59.32
1433 0.02365755124846804 59.33
1434 0.02362633427619177 59.34
1435 0.02359606866782163 59.35
1436 0.02356692469687236 59.36
1437 0.0235387909748365 59.37
1438 0.02351210907375623 59.38
1439 0.02348620244475814 59.39
1440 0.0234615738304539 59.4
1441 0.0234377703822459 59.41
1442 0.02341523205261156 59.42
1443 0.02339343691700519 59.43
1444 0.02337279742065231 59.44
1445 0.02335289674896455 59.45
1446 0.02333406671212516 59.46
1447 0.02331636378028919 59.47
1448 0.02329968949263554 59.48
1449 0.02328397802774252 59.49
1450 0.02326880900886377 59.5
1451 0.02325451302763211 59.51
1452 0.02324049976108352 59.52
1453 0.02322714853616924 59.53
1454 0.02321447022784762 59.54
1455 0.02320229913082567 59.55
1456 0.02319103398846538 59.56
1457 0.0231802009810475 59.57
1458 0.02317015845260656 59.58
1459 0.02316071875924414 59.59
1460 0.0231517335563174 59.6
1461 0.02314333617011074 59.61
1462 0.02313549654265158 59.62
1463 0.02312810320415684 59.63
1464 0.02312122807268929 59.64
1465 0.02311476048691727 59.65
1466 0.0231086447829199 59.66
1467 0.02310294305906648 59.67
1468 0.02309763721226183 59.68
1469 0.02309261151760117 59.69
1470 0.02308795412782647 59.7
1471 0.02308358706566952 59.71
1472 0.02307955347551779 59.72
1473 0.02307584302555563 59.73
1474 0.02307249317330297 59.74
1475 0.02306940784810009 59.75
1476 0.02306666418035525 59.76
1477 0.02306418238316244 59.77
1478 0.02306201477873975 59.78
1479 0.02306011150645052 59.79
1480 0.02305855086369326 59.8
1481 0.02305726642254366 59.81
1482 0.02305630437814701 59.82
1483 0.02305562966245517 59.83
1484 0.02305531488857507 59.84
1485 0.02305529577503239 59.85
1486 0.02305564356341404 59.86
1487 0.02305630057214699 59.87
1488 0.02305732278700976 59.88
1489 0.02305894685670873 59.89
1490 0.02306096762418114 59.9
1491 0.02306338976353919 59.91
1492 0.02306616674188216 59.92
1493 0.02306938915199675 59.93
1494 0.02307344332851055 59.94
1495 0.02307426603396454 59.95
1496 0.02307511110496447 59.96
1497 0.02308044029469961 59.97
1498 0.02308231504825349 59.98
1499 0.02308913338753047 59.99
1500 0.02309038902375326 60
