"frac-mass-n2-rfile"
"Time Step" "frac-mass-n2 etc.."
("Time Step" "frac-mass-n2" "flow-time")
0 0.7672532767206989 0
1 0.7671690446158623 0.1
2 0.7677119017575812 0.2
3 0.7674504226233004 0.3
4 0.7671814420194659 0.4
5 0.7670927556624894 0.5
6 0.766918206423907 0.6000000000000001
7 0.7666637316042072 0.7000000000000001
8 0.7664141081200707 0.8
9 0.766298958788507 0.9
10 0.7660758187102854 1
11 0.7659753126022953 1.1
12 0.7657723713848366 1.2
13 0.7655237256693151 1.3
14 0.7652586962027992 1.4
15 0.7649940441091909 1.5
16 0.7647508453007793 1.6
17 0.7645151117333523 1.7
18 0.7642827642293349 1.8
19 0.7641610969673036 1.9
20 0.7639451174358092 2
21 0.7638092777874018 2.1
22 0.7635748014369053 2.2
23 0.7633699061208711 2.3
24 0.7631940331164543 2.4
25 0.7629848170334942 2.5
26 0.7627748335896811 2.6
27 0.7625776193099444 2.7
28 0.7624335982916554 2.8
29 0.7622495953556444 2.9
30 0.7620612829386838 3
31 0.761859817180189 3.1
32 0.7616545409705932 3.2
33 0.7614467580224654 3.3
34 0.7612311955016423 3.4
35 0.7610150433852862 3.5
36 0.7607965176263264 3.6
37 0.7605697090823242 3.7
38 0.7603369751315541 3.8
39 0.7601018728429454 3.9
40 0.7598679093625736 4
41 0.7596215403138115 4.100000000000001
42 0.7593719826395876 4.2
43 0.7591183462850816 4.3
44 0.7588615855018231 4.4
45 0.7586039068762481 4.5
46 0.7583427732428418 4.600000000000001
47 0.7580809272357717 4.7
48 0.7578129191068194 4.800000000000001
49 0.7575419838166983 4.9
50 0.7572676540332283 5
51 0.7569871632726624 5.100000000000001
52 0.7566988422179863 5.2
53 0.7564090999471694 5.300000000000001
54 0.7561149510991817 5.4
55 0.7558551000458559 5.5
56 0.7555652872130493 5.600000000000001
57 0.7552612887959752 5.7
58 0.7549404947443169 5.800000000000001
59 0.7546262995499469 5.9
60 0.7543103119330737 6
61 0.7539739456004093 6.100000000000001
62 0.7536499649163445 6.2
63 0.7533229573802557 6.300000000000001
64 0.7529931300478419 6.4
65 0.7526596848402145 6.5
66 0.7523225969395344 6.600000000000001
67 0.7519819420065239 6.7
68 0.7516377338982587 6.800000000000001
69 0.7512686572879544 6.9
70 0.7509179666224431 7
71 0.7505631027677868 7.100000000000001
72 0.7502044733784691 7.2
73 0.7498505370886429 7.300000000000001
74 0.7494846552131723 7.4
75 0.7491199007149358 7.5
76 0.7487473225497279 7.600000000000001
77 0.7483711023272798 7.7
78 0.7480171447723154 7.800000000000001
79 0.7476672002958611 7.9
80 0.7472790872064013 8
81 0.746888035947618 8.1
82 0.7464929925837666 8.200000000000001
83 0.7460935008658686 8.300000000000001
84 0.74572012132929 8.4
85 0.7453101203066885 8.5
86 0.7448979025703234 8.6
87 0.7444806311820302 8.700000000000001
88 0.7440968580688867 8.800000000000001
89 0.7437122802785938 8.9
90 0.7432815891542682 9
91 0.7428512343180957 9.1
92 0.7424148970943955 9.200000000000001
93 0.7419717798362869 9.300000000000001
94 0.7415213986979418 9.4
95 0.7410679191406251 9.5
96 0.7406100895656245 9.600000000000001
97 0.7401455529734872 9.700000000000001
98 0.7396747720911145 9.800000000000001
99 0.7391977789012215 9.9
100 0.7387152509871826 10
101 0.7382246353301311 10.1
102 0.7377278433392495 10.2
103 0.7372247715111545 10.3
104 0.7367175854791675 10.4
105 0.7361944854011876 10.5
106 0.7356560395593357 10.6
107 0.7351145513461127 10.7
108 0.7345732074396724 10.8
109 0.7339924671189655 10.9
110 0.7334133953915417 11
111 0.7327897501447697 11.1
112 0.7321587041912909 11.2
113 0.731524936373202 11.3
114 0.7308470641714265 11.4
115 0.7302733263459363 11.5
116 0.7295187548157366 11.6
117 0.7287101141756707 11.7
118 0.7278636116415618 11.8
119 0.7269668483830583 11.9
120 0.7259656915200395 12
121 0.7248879177499898 12.1
122 0.7237567367153027 12.2
123 0.7225980481561002 12.3
124 0.7214343843575056 12.4
125 0.7203030829591468 12.5
126 0.719232717944265 12.6
127 0.7184546308685076 12.7
128 0.7174653592735111 12.8
129 0.717059433727346 12.9
130 0.716274735427101 13
131 0.7158016533437653 13.1
132 0.7149045844130647 13.2
133 0.7146053948351451 13.3
134 0.7137986093177544 13.4
135 0.7142544713381279 13.5
136 0.7135717203533127 13.6
137 0.7124319209146112 13.7
138 0.7113312225637975 13.8
139 0.7104879916549273 13.9
140 0.7094903602428553 14
141 0.709594502615273 14.1
142 0.7091852775322628 14.2
143 0.7086475799704625 14.3
144 0.7081152057121706 14.4
145 0.7075447621499475 14.5
146 0.7069675428805439 14.6
147 0.7063671025724201 14.7
148 0.705764535097401 14.8
149 0.7051531405635973 14.9
150 0.7045208750945335 15
151 0.703875344920084 15.1
152 0.703224491983808 15.2
153 0.7025721508435537 15.3
154 0.7019071126589046 15.4
155 0.7012308292933511 15.5
156 0.7005480850881086 15.6
157 0.6998803582384552 15.7
158 0.6992251389317579 15.8
159 0.6985689069523443 15.9
160 0.6979103182742236 16
161 0.6972469431129018 16.1
162 0.6965797290834017 16.2
163 0.6959253103697033 16.3
164 0.6952897505154954 16.4
165 0.694649781085954 16.5
166 0.6939884800549463 16.6
167 0.6933033121707315 16.7
168 0.6926072304898278 16.8
169 0.6919260845730258 16.9
170 0.6912561331026156 17
171 0.6905641134775029 17.1
172 0.6898569997912775 17.2
173 0.6891535618601448 17.3
174 0.6884333597610255 17.4
175 0.6876966967767408 17.5
176 0.6869471575104854 17.6
177 0.686191329497036 17.7
178 0.6854437508542602 17.8
179 0.6847025664837206 17.9
180 0.6839208448848466 18
181 0.6831331142292082 18.1
182 0.6823469249670981 18.2
183 0.6815559434795222 18.3
184 0.6807551509276314 18.4
185 0.6799407749117117 18.5
186 0.6791509193508398 18.6
187 0.6783480030269505 18.7
188 0.677525086517399 18.8
189 0.6767430010262623 18.9
190 0.6759342426441231 19
191 0.6751090953249831 19.1
192 0.6743422354976845 19.2
193 0.6735967194826389 19.3
194 0.6728076743058664 19.4
195 0.6719693395907629 19.5
196 0.6711786560952614 19.6
197 0.6704288177301495 19.7
198 0.6696352085456838 19.8
199 0.668841004784679 19.9
200 0.6680698524153965 20
201 0.6672639146633209 20.1
202 0.6664452860967518 20.2
203 0.6656853879886043 20.3
204 0.6649245709944358 20.4
205 0.6641285242981335 20.5
206 0.663297492526203 20.6
207 0.6625131756690644 20.7
208 0.6617540751663019 20.8
209 0.6609469848601081 20.9
210 0.6601611628762958 21
211 0.6593969607698159 21.1
212 0.6586027036649803 21.2
213 0.6577991163200997 21.3
214 0.6570623164252031 21.4
215 0.6563216943087423 21.5
216 0.6556377324467831 21.6
217 0.6556348270146705 21.7
218 0.6549471820511207 21.8
219 0.65494459128713 21.9
220 0.6542552901043243 22
221 0.6542526108264279 22.1
222 0.6535558989207406 22.2
223 0.6528553998405042 22.3
224 0.6522039268706527 22.4
225 0.6514926132065992 22.5
226 0.6507802580865906 22.6
227 0.6500669007776751 22.7
228 0.6492712361650186 22.8
229 0.648497369772569 22.9
230 0.6477442068859307 23
231 0.6469808619072994 23.1
232 0.6462155738297433 23.2
233 0.6454657172582329 23.3
234 0.6447098409438839 23.4
235 0.6439516586193514 23.5
236 0.6431917556183891 23.6
237 0.6424487825788114 23.7
238 0.6424445270303418 23.8
239 0.6417150304007623 23.9
240 0.6417112990832533 24
241 0.6409880921425536 24.1
242 0.6409848950460594 24.2
243 0.6402308731595165 24.3
244 0.6394749338457931 24.4
245 0.638720384879449 24.5
246 0.6379731106420998 24.6
247 0.6372097985693591 24.7
248 0.6372046558883179 24.8
249 0.6364482536664746 24.9
250 0.6364438491234313 25
251 0.6356913753794826 25.1
252 0.6349467949000073 25.2
253 0.6342082444932639 25.3
254 0.6334711505736336 25.4
255 0.6327410982621804 25.5
256 0.6320172136869425 25.6
257 0.6312570154544764 25.7
258 0.6305039808821112 25.8
259 0.6297532624921608 25.9
260 0.6290345275934077 26
261 0.6283179209213141 26.1
262 0.6275968559328886 26.2
263 0.6268704795581628 26.3
264 0.6261419790150943 26.4
265 0.6254119340458643 26.5
266 0.6246809086427996 26.6
267 0.6239505289490662 26.7
268 0.6232205406844826 26.8
269 0.622487952704761 26.9
270 0.6217577668810345 27
271 0.6210327932078157 27.1
272 0.6203055887112129 27.2
273 0.6195855693264642 27.3
274 0.6188715416789403 27.4
275 0.6181362170603701 27.5
276 0.6173955451222922 27.6
277 0.6166638045006058 27.7
278 0.6159405124738211 27.8
279 0.615224814752955 27.9
280 0.6145128479900923 28
281 0.613803469651323 28.1
282 0.6130961482948879 28.2
283 0.6123894425209091 28.3
284 0.6116879767401837 28.4
285 0.6109810547584497 28.5
286 0.6102483230147575 28.6
287 0.6095284863256683 28.7
288 0.6088080758035148 28.8
289 0.6088036646526271 28.9
290 0.6081020838607962 29
291 0.6074105228771889 29.1
292 0.6067230289640947 29.2
293 0.6060633316786824 29.3
294 0.6053807302648833 29.4
295 0.6047010138101518 29.5
296 0.6040155383082859 29.6
297 0.6033290899609559 29.7
298 0.6026455960437619 29.8
299 0.6019616859875275 29.9
300 0.6012760030170291 30
301 0.600583729251974 30.1
302 0.5998975414333267 30.2
303 0.5992103596547921 30.3
304 0.5985237026131724 30.4
305 0.5978375159136663 30.5
306 0.5971563978701697 30.6
307 0.5964463181820803 30.7
308 0.5957320322938151 30.8
309 0.5950356661636637 30.9
310 0.5950321317457202 31
311 0.5943377748079582 31.1
312 0.5936395732963525 31.2
313 0.5929442230888944 31.3
314 0.5922450659645999 31.4
315 0.5915446522370477 31.5
316 0.590836080061191 31.6
317 0.5901359863181815 31.7
318 0.5894327418535757 31.8
319 0.5887345105725397 31.9
320 0.5880380276899929 32
321 0.5873683471388554 32.1
322 0.5866798918594751 32.2
323 0.5859931147961331 32.3
324 0.5853100896619106 32.4
325 0.5846332659921799 32.5
326 0.5839560525231875 32.6
327 0.5832912029379876 32.7
328 0.5826252402560795 32.8
329 0.5819599887596762 32.9
330 0.5812907018176094 33
331 0.5806683526881578 33.1
332 0.5799664731362442 33.2
333 0.5792987053378258 33.3
334 0.5792956593924043 33.4
335 0.5786259913556248 33.5
336 0.5779530118694455 33.6
337 0.57728111268127 33.7
338 0.5766168443382866 33.8
339 0.5759471971845692 33.9
340 0.5752774618511461 34
341 0.5746024286813167 34.1
342 0.5739346921003659 34.2
343 0.5732691858811834 34.3
344 0.5726015206702972 34.4
345 0.5719359791291749 34.5
346 0.571274748363204 34.6
347 0.570617945971721 34.7
348 0.5699671199379074 34.8
349 0.569319964694987 34.9
350 0.568669219774981 35
351 0.5680166136800078 35.1
352 0.5673710853233622 35.2
353 0.5667044140383555 35.3
354 0.5660387598584637 35.4
355 0.5653516507677651 35.5
356 0.5646737976791444 35.6
357 0.5640018002739091 35.7
358 0.5633322955989563 35.8
359 0.5626628932451089 35.9
360 0.5619939678368848 36
361 0.5613243530662088 36.1
362 0.5606521828597648 36.2
363 0.5599786184384213 36.3
364 0.5593060356506128 36.4
365 0.5586360861012346 36.5
366 0.5579824014454352 36.6
367 0.5579783626767774 36.7
368 0.5573492849728435 36.8
369 0.5573461443697908 36.9
370 0.5567268265509665 37
371 0.5567241866210892 37.1
372 0.5561203989478958 37.2
373 0.5555360072234468 37.3
374 0.55495580492579 37.4
375 0.5543800910200964 37.5
376 0.5537915782486879 37.6
377 0.5532277597525276 37.7
378 0.552655446537585 37.8
379 0.5520815823205764 37.9
380 0.5515185297558166 38
381 0.5509487792646821 38.1
382 0.550368829863599 38.2
383 0.5497942659444334 38.3
384 0.5492210530084165 38.40000000000001
385 0.5486489253344922 38.5
386 0.5480616890239477 38.6
387 0.547479807882542 38.7
388 0.5468964111597655 38.8
389 0.5463029645906253 38.90000000000001
390 0.5457134994503634 39
391 0.5451312426525959 39.1
392 0.5445911506251935 39.2
393 0.5439998960171242 39.3
394 0.5434137373945914 39.40000000000001
395 0.5428232747471179 39.5
396 0.5422798925707631 39.6
397 0.5416746654115586 39.7
398 0.5410901148157479 39.8
399 0.5404985290261657 39.90000000000001
400 0.5399043704735811 40
401 0.539310167061382 40.1
402 0.5387159989360659 40.2
403 0.5381184028482779 40.3
404 0.5375181469690445 40.40000000000001
405 0.5368771975770307 40.5
406 0.5362363111844793 40.6
407 0.5356015148494663 40.7
408 0.5349682919828208 40.8
409 0.5343466527877713 40.90000000000001
410 0.5337769805210041 41
411 0.5337747581456924 41.1
412 0.5332095241201837 41.2
413 0.5326437914876407 41.3
414 0.5320730986071045 41.40000000000001
415 0.5315082385600844 41.5
416 0.5309509915592753 41.6
417 0.5303958825626912 41.7
418 0.5298397198912396 41.8
419 0.529275780180675 41.90000000000001
420 0.5287146937068952 42
421 0.5281485526685668 42.1
422 0.5275766835644815 42.2
423 0.5270076961835285 42.3
424 0.5264454626220326 42.40000000000001
425 0.5258839390374759 42.5
426 0.5253317606200382 42.6
427 0.524769479121363 42.7
428 0.5242091778009035 42.8
429 0.5236480795979264 42.90000000000001
430 0.5230873367622092 43
431 0.5225214798249096 43.1
432 0.5219550950225287 43.2
433 0.5213820317167036 43.3
434 0.520813077612432 43.40000000000001
435 0.5202385513338442 43.5
436 0.5196658631520833 43.6
437 0.5190966053261612 43.7
438 0.5185202116837998 43.8
439 0.517934883379556 43.90000000000001
440 0.5173520669485178 44
441 0.516771391968907 44.1
442 0.5161833478335631 44.2
443 0.5155929554850678 44.3
444 0.5149821507909212 44.40000000000001
445 0.5143599943228416 44.5
446 0.5137591930485651 44.6
447 0.5131513499936562 44.7
448 0.5125380485697337 44.8
449 0.5119231202367274 44.90000000000001
450 0.5113061684673689 45
451 0.5106881848332987 45.1
452 0.5100694209172446 45.2
453 0.5094486282023426 45.3
454 0.5088283665056285 45.40000000000001
455 0.5082077768219759 45.5
456 0.5075980709289288 45.6
457 0.5069859691632419 45.7
458 0.5064002970977886 45.8
459 0.5063969788190006 45.90000000000001
460 0.505823766298734 46
461 0.505820928451199 46.1
462 0.5052490179208716 46.2
463 0.5046824031347918 46.3
464 0.5040812474044647 46.40000000000001
465 0.5034797586702902 46.5
466 0.5028721971294208 46.6
467 0.5022648520489749 46.7
468 0.5016599930109906 46.8
469 0.5010657104361825 46.90000000000001
470 0.5005141776743195 47
471 0.499958994499375 47.1
472 0.4994057998047209 47.2
473 0.4988511718190505 47.3
474 0.4982940256267302 47.40000000000001
475 0.4977395192548443 47.5
476 0.4971831684439776 47.6
477 0.4966286757919958 47.7
478 0.496079964246777 47.8
479 0.4955204241195545 47.90000000000001
480 0.4949769536788653 48
481 0.4944322922490651 48.1
482 0.4938788017618285 48.2
483 0.4933345606687232 48.3
484 0.4927835827417922 48.40000000000001
485 0.4922334358675051 48.5
486 0.4916819144737179 48.6
487 0.4911298114183645 48.7
488 0.4906048236747045 48.8
489 0.4900500058035628 48.90000000000001
490 0.4894961405280929 49
491 0.4889723001061982 49.1
492 0.4884183611217968 49.2
493 0.4878572537599749 49.3
494 0.4872995688218369 49.40000000000001
495 0.4867419476530486 49.5
496 0.4861817255209102 49.6
497 0.4856211438740626 49.7
498 0.4850572512758404 49.8
499 0.4844926147141009 49.90000000000001
500 0.4839066858770111 50
501 0.4797052223195606 50.01
502 0.468971191702438 50.02
503 0.4597900291313323 50.03
504 0.4559796627478142 50.04
505 0.4541896709936382 50.05
506 0.4517382793078416 50.06
507 0.4495187687041551 50.07
508 0.4473258394138757 50.08
509 0.4457776242470661 50.09
510 0.4445094131118959 50.1
511 0.4435006093381714 50.11
512 0.442593297078757 50.12
513 0.4421979349722432 50.13
514 0.4420841384311447 50.14
515 0.4421750059531716 50.15
516 0.4424875158690826 50.16
517 0.4430023298976296 50.17
518 0.4438499077267828 50.18
519 0.4445537929403929 50.19
520 0.4453633792283528 50.2
521 0.4463864285101996 50.21
522 0.4476619745081558 50.22
523 0.4491819599643926 50.23
524 0.4508898422755193 50.24
525 0.452742282310628 50.25
526 0.4547870878597139 50.26
527 0.456981986355761 50.27
528 0.4592999046419934 50.28
529 0.4617822797955522 50.29
530 0.4644291328528563 50.3
531 0.4672100681831117 50.31
532 0.4700919280433611 50.32
533 0.4730536884631886 50.33
534 0.475978311777394 50.34
535 0.4789453843696884 50.35
536 0.4820094820346345 50.36
537 0.4851390418597288 50.37
538 0.488317039946719 50.38
539 0.4915264673113637 50.39
540 0.4947483592357338 50.4
541 0.4980113960421703 50.41
542 0.5013201086589638 50.42
543 0.5046625508186646 50.43
544 0.5080239800720072 50.44
545 0.5113790243096439 50.45
546 0.5147308538338438 50.46
547 0.5180677705231621 50.47
548 0.5214004035058116 50.48
549 0.5247006986440363 50.49
550 0.5279610625538667 50.5
551 0.5311618970404361 50.51
552 0.5342912287004351 50.52
553 0.5373519512207349 50.53
554 0.5403118071326153 50.54
555 0.5431514000528208 50.55
556 0.5458627059594039 50.56
557 0.5484435501977312 50.57
558 0.550881223560046 50.58
559 0.5531600495411444 50.59
560 0.5552814600603665 50.6
561 0.5572474624362549 50.61
562 0.5590677165123247 50.62
563 0.5607434813144616 50.63
564 0.5622826544123591 50.64
565 0.5636975612854217 50.65
566 0.5650056204988803 50.66
567 0.5661857996056654 50.67
568 0.5672290349695633 50.68
569 0.5681268123450328 50.69
570 0.5689221105516529 50.7
571 0.5696016124093384 50.71
572 0.5701830626640164 50.72
573 0.5707381089574499 50.73
574 0.5711732319962091 50.74
575 0.5715127424688263 50.75
576 0.5718211755262752 50.76
577 0.5720767267619854 50.77
578 0.5722978559118052 50.78
579 0.5724796944333457 50.79
580 0.572618742745064 50.8
581 0.5727309445123926 50.81
582 0.5728152663715683 50.82
583 0.5728798698225914 50.83
584 0.5729160529911366 50.84
585 0.572931391757006 50.85
586 0.5729350187975513 50.86
587 0.5729370413237322 50.87
588 0.5729382940173295 50.88
589 0.572949864142335 50.89
590 0.5729690076488574 50.9
591 0.5729854920744689 50.91
592 0.5730039024795822 50.92
593 0.5730418858660543 50.93
594 0.5731178549127252 50.94
595 0.5732334253096666 50.95
596 0.5733557436056325 50.96
597 0.5734881030964507 50.97
598 0.5736499889594372 50.98
599 0.5738457072598079 50.99
600 0.5740809675364028 51
601 0.5743498032014953 51.01
602 0.5746620379603867 51.02
603 0.5750141046988126 51.03
604 0.5754214069314199 51.04
605 0.5758789706705147 51.05
606 0.5764035380630609 51.06
607 0.5769974794441468 51.07
608 0.5776590057362326 51.08
609 0.5784184127818429 51.09
610 0.579254972676605 51.1
611 0.5801918949124243 51.11
612 0.5812364234503473 51.12
613 0.5823981483715449 51.13
614 0.5836747031056484 51.14
615 0.5850409059204251 51.15
616 0.5865063562905113 51.16
617 0.5880729505862383 51.17
618 0.5897109274801111 51.18
619 0.5914354943037646 51.19
620 0.5932471552145115 51.2
621 0.5950979225905574 51.21
622 0.5970621891045937 51.22
623 0.5990911018589058 51.23
624 0.6011595183535569 51.24
625 0.6032676787517366 51.25
626 0.6053912070264199 51.26
627 0.607524525841915 51.27
628 0.6096893296456305 51.28
629 0.6118524405988053 51.29
630 0.6139945915061941 51.3
631 0.6160902245276686 51.31
632 0.618144288829455 51.32
633 0.6201408676376832 51.33
634 0.6220710057765884 51.34
635 0.6239388468363524 51.35
636 0.6257483379885402 51.36
637 0.6274912502651602 51.37
638 0.6291659326954057 51.38
639 0.6307928605942947 51.39
640 0.6323681427156583 51.4
641 0.6338981166125933 51.41
642 0.6353890344897858 51.42
643 0.6368365940499358 51.43
644 0.6382448086218817 51.44
645 0.6396103293500591 51.45
646 0.6409376549068971 51.46
647 0.6422247780670626 51.47
648 0.6434657386805318 51.48
649 0.6446592895809082 51.49
650 0.6458017403699094 51.5
651 0.6468898431001351 51.51
652 0.6479214885001396 51.52
653 0.6488847258788257 51.53
654 0.6497888871394643 51.54
655 0.650657587126126 51.55
656 0.6514740027768593 51.56
657 0.6521904066204998 51.57
658 0.652861778259181 51.58
659 0.6535077739724269 51.59
660 0.6541101396603408 51.6
661 0.6547020572550789 51.61
662 0.6552614441094025 51.62
663 0.6557765389477167 51.63
664 0.6562765090001113 51.64
665 0.6567704836131942 51.65
666 0.6572250872294418 51.66
667 0.6576748332897352 51.67
668 0.65810941178341 51.68
669 0.6585345687031788 51.69
670 0.6589365539279354 51.7
671 0.6593367570464811 51.71
672 0.6597252872261924 51.72
673 0.6600979424176209 51.73
674 0.6604527134830148 51.74
675 0.6607911987053975 51.75
676 0.6611282818954372 51.76
677 0.6614613206414133 51.77
678 0.6617899288847883 51.78
679 0.6621321046515264 51.79
680 0.662455039789567 51.8
681 0.6627701311261357 51.81
682 0.6630874107049344 51.82
683 0.6634193525057752 51.83
684 0.6637403930973076 51.84
685 0.6640621914391642 51.85
686 0.6643848964576086 51.86
687 0.6647084167080979 51.87
688 0.6650341810072099 51.88
689 0.6653614700528719 51.89
690 0.6656906070419498 51.9
691 0.6660217205926614 51.91
692 0.6663552706723058 51.92
693 0.6666921446088468 51.93
694 0.6670335753234757 51.94
695 0.6673787951228903 51.95
696 0.6677293180125704 51.96
697 0.6680753712991541 51.97
698 0.668428742350242 51.98
699 0.6688160604794415 51.99
700 0.669210827864024 52
701 0.6695931776010613 52.01
702 0.6700050310452069 52.02
703 0.6704243362091401 52.03
704 0.6708542071441805 52.04
705 0.6712965748288158 52.05
706 0.6717405558577597 52.06
707 0.6722131552471882 52.07
708 0.6727079104532157 52.08
709 0.6732053063622904 52.09
710 0.6737011333547466 52.1
711 0.6742251950671264 52.11
712 0.6747672922689343 52.12
713 0.6753416026109483 52.13
714 0.6759153683159614 52.14
715 0.6765110596687541 52.15
716 0.6771336309442292 52.16
717 0.6777661477390826 52.17
718 0.6784032745416264 52.18
719 0.679079410456366 52.19
720 0.6797765777741637 52.2
721 0.6805183376262189 52.21
722 0.6812569760730689 52.22
723 0.6820395397068604 52.23
724 0.6828454255300884 52.24
725 0.6836913691164265 52.25
726 0.6845475563681065 52.26
727 0.6854541328279925 52.27
728 0.6864211444143938 52.28
729 0.6874331452528973 52.29
730 0.6884614533041178 52.3
731 0.6895294727865426 52.31
732 0.69061497623612 52.32
733 0.6917366023965185 52.33
734 0.6928983484758457 52.34
735 0.6940935108609408 52.35
736 0.6953192305887353 52.36
737 0.6965597029689352 52.37
738 0.6977743368495428 52.38
739 0.6990306590390332 52.39
740 0.7003032497246681 52.4
741 0.7015518016929947 52.41
742 0.7028019754630576 52.42
743 0.7040445894601097 52.43
744 0.7053230014231723 52.44
745 0.7065850475346036 52.45
746 0.7078182676742126 52.46
747 0.7090364333918944 52.47
748 0.7102310284971204 52.48
749 0.7113922990401012 52.49
750 0.712517554906423 52.5
751 0.713603342402318 52.51
752 0.71464875107318 52.52
753 0.7156545198009431 52.53
754 0.7166216491966123 52.54
755 0.7175529595495244 52.55
756 0.7184507037641074 52.56
757 0.7193176976958748 52.57
758 0.7201557020208441 52.58
759 0.7209656902561902 52.59
760 0.7217486336931587 52.6
761 0.7225049582066611 52.61
762 0.7232339894824115 52.62
763 0.7239343926413105 52.63
764 0.7246048649078202 52.64
765 0.725245314690745 52.65
766 0.7258562481214014 52.66
767 0.7264380192491012 52.67
768 0.7269911747737471 52.68
769 0.727514052140281 52.69
770 0.7280078540540745 52.7
771 0.7284528523984657 52.71
772 0.7288728173610999 52.72
773 0.7292651117210354 52.73
774 0.7296482714758065 52.74
775 0.7300053100866822 52.75
776 0.7303393203241419 52.76
777 0.7306513619950641 52.77
778 0.7309211912520813 52.78
779 0.731194656062245 52.79
780 0.7314528098114842 52.8
781 0.7316973166441577 52.81
782 0.7319270699634001 52.82
783 0.7321569278587556 52.83
784 0.7323835947115865 52.84
785 0.7326063415799471 52.85
786 0.7328201448914577 52.86
787 0.7330301097301276 52.87
788 0.7332361853050486 52.88
789 0.7334381641788383 52.89
790 0.7336362901828063 52.9
791 0.7338312065659777 52.91
792 0.7340231569652718 52.92
793 0.7342125937973687 52.93
794 0.7343994748817932 52.94
795 0.7345858827577293 52.95
796 0.7347704117409225 52.96
797 0.7349536390059473 52.97
798 0.7351354037496066 52.98
799 0.7353143812042984 52.99
800 0.7354919835911438 53
801 0.7356682797374722 53.01
802 0.7358396865547908 53.02
803 0.7360113016130053 53.03
804 0.7361793918327777 53.04
805 0.7363485250207609 53.05
806 0.7365162658152369 53.06
807 0.7366835145729747 53.07
808 0.7368488204565813 53.08
809 0.7370137261096653 53.09
810 0.7371766638724772 53.1
811 0.7373382144801486 53.11
812 0.7374983958951872 53.12
813 0.7376564129569678 53.13
814 0.7378141070366875 53.14
815 0.7379704483021787 53.15
816 0.7381254917444861 53.16
817 0.7382794584280605 53.17
818 0.7384326221699131 53.18
819 0.7385846186721586 53.19
820 0.7387355021851788 53.2
821 0.7388852732226 53.21
822 0.739033753476636 53.22
823 0.7391818603348302 53.23
824 0.7393292481875571 53.24
825 0.7394755695304327 53.25
826 0.7396218875295081 53.26
827 0.7397677335612461 53.27
828 0.7399142063185182 53.28
829 0.7400614489805969 53.29
830 0.7402096444846694 53.3
831 0.7403573049851632 53.31
832 0.7405069157239375 53.32
833 0.7406582538656372 53.33
834 0.7408119030311264 53.34
835 0.740967237552036 53.35
836 0.7411237071918677 53.36
837 0.741279280522126 53.37
838 0.7414368204078299 53.38
839 0.7415965662278506 53.39
840 0.7417587528296433 53.4
841 0.7419234441764304 53.41
842 0.7420895655192402 53.42
843 0.7422589970738309 53.43
844 0.7424307549482559 53.44
845 0.7426046483049401 53.45
846 0.7427810083751555 53.46
847 0.7429605300737244 53.47
848 0.7431418278567331 53.48
849 0.7433245286520067 53.49
850 0.7435088067189577 53.5
851 0.7436947653924616 53.51
852 0.7438820684275258 53.52
853 0.7440706593609228 53.53
854 0.7442680940476512 53.54
855 0.7444607127286266 53.55
856 0.7446541408205362 53.56
857 0.7448483438071491 53.57
858 0.7450430348974482 53.58
859 0.745238420301112 53.59
860 0.7454339015757593 53.6
861 0.7456317901358616 53.61
862 0.7458362875658234 53.62
863 0.7460382240064739 53.63
864 0.7462452836871932 53.64
865 0.7464512917435271 53.65
866 0.7466581345611452 53.66
867 0.7468645392390568 53.67
868 0.7470725295000201 53.68
869 0.7472817244054715 53.69
870 0.7474967042815664 53.7
871 0.7477107587771716 53.71
872 0.747927618981726 53.72
873 0.7481478040299658 53.73
874 0.7483666096325636 53.74
875 0.7485863184724997 53.75
876 0.7488081314278289 53.76
877 0.74903125198537 53.77
878 0.7492556492962628 53.78
879 0.7494764214840002 53.79
880 0.7497020751590234 53.8
881 0.749929369146712 53.81
882 0.7501582488574512 53.82
883 0.7503869192790872 53.83
884 0.7506152993743395 53.84
885 0.7508391716562554 53.85
886 0.7510627925719686 53.86
887 0.7512838747934643 53.87
888 0.7515041084209358 53.88
889 0.7517208867375859 53.89
890 0.7519319798413079 53.9
891 0.7521387762110027 53.91
892 0.7523431640927981 53.92
893 0.7525431205810829 53.93
894 0.7527402859359279 53.94
895 0.7529303419453683 53.95
896 0.7531145674689848 53.96
897 0.7532928406531839 53.97
898 0.7534685028945456 53.98
899 0.7536356672866151 53.99
900 0.7537965996415519 54
901 0.7539523589037831 54.01
902 0.7541023201094744 54.02
903 0.7542460087609376 54.03
904 0.754384372506022 54.04
905 0.7545174362611158 54.05
906 0.7546450810849845 54.06
907 0.754767317825328 54.07
908 0.7548845057721791 54.08
909 0.7549969755131546 54.09
910 0.7551052775206709 54.1
911 0.7552091467478483 54.11
912 0.755308705821287 54.12
913 0.7554040889975074 54.13
914 0.7554964392512021 54.14
915 0.7555869118780189 54.15
916 0.755675434926632 54.16
917 0.7557614442688684 54.17
918 0.7558457608042656 54.18
919 0.7559265779402692 54.19
920 0.7560062469608809 54.2
921 0.7560823781593889 54.21
922 0.7561540128948916 54.22
923 0.7562282544365445 54.23
924 0.7562983475262675 54.24
925 0.7563665484709445 54.25
926 0.7564309661013335 54.26
927 0.7564946800453022 54.27
928 0.7565557527802129 54.28
929 0.7566139493757603 54.29
930 0.756670540615863 54.3
931 0.7567249709030223 54.31
932 0.7567771773720167 54.32
933 0.7568269385695676 54.33
934 0.7568732680858246 54.34
935 0.7569170423802053 54.35
936 0.7569593599365179 54.36
937 0.7569984633873789 54.37
938 0.7570341245948408 54.38
939 0.7570680765560117 54.39
940 0.7570993700407614 54.4
941 0.7571285153046716 54.41
942 0.7571555524411069 54.42
943 0.7571805679722999 54.43
944 0.7572037674680731 54.44
945 0.757225236821517 54.45
946 0.757244943654711 54.46
947 0.7572627277981616 54.47
948 0.7572788894964099 54.48
949 0.7572932494919344 54.49
950 0.7573059309802861 54.5
951 0.7573176004671371 54.51
952 0.7573275685573501 54.52
953 0.7573364089260951 54.53
954 0.7573442833710002 54.54
955 0.7573515870065828 54.55
956 0.7573577626101006 54.56
957 0.7573633391064486 54.57
958 0.757368764419407 54.58
959 0.7573732564024557 54.59
960 0.7573781197164414 54.6
961 0.7573828344006901 54.61
962 0.7573883204929409 54.62
963 0.7573955231378593 54.63
964 0.7574053076871013 54.64
965 0.7574179673012743 54.65
966 0.7574332671252507 54.66
967 0.7574519644152051 54.67
968 0.7574747518459273 54.68
969 0.7575017088954171 54.69
970 0.7575328837956162 54.7
971 0.75756858115254 54.71
972 0.7576084353693658 54.72
973 0.7576527093380802 54.73
974 0.7577011239540572 54.74
975 0.7577534450208878 54.75
976 0.7578095785832368 54.76
977 0.7578692023953736 54.77
978 0.7579326736356983 54.78
979 0.7579992521777393 54.79
980 0.7580679508856146 54.8
981 0.7581399060380026 54.81
982 0.7582129111522017 54.82
983 0.7582881930935486 54.83
984 0.7583635607823802 54.84
985 0.7584407004252481 54.85
986 0.7585195554015176 54.86
987 0.7586002901487012 54.87
988 0.7586821190868388 54.88
989 0.7587653265712873 54.89
990 0.758849794089996 54.9
991 0.758934111956151 54.91
992 0.7590191580355444 54.92
993 0.7591048023073521 54.93
994 0.7591908508984081 54.94
995 0.7592767918105773 54.95
996 0.7593630876318854 54.96
997 0.7594497948004579 54.97
998 0.759535668420989 54.98
999 0.7596208600839137 54.99
1000 0.7597066494806319 55
1001 0.7597912714373153 55.01
1002 0.7598761407014134 55.02
1003 0.7599593789995353 55.03
1004 0.7600416016297147 55.04
1005 0.7601229868334866 55.05
1006 0.7602040574978453 55.06
1007 0.7602835709191477 55.07
1008 0.7603617986430037 55.08
1009 0.7604387497853885 55.09
1010 0.7605141333581152 55.1
1011 0.7605890631003208 55.11
1012 0.760661612220572 55.12
1013 0.7607325121229799 55.13
1014 0.7607889574475919 55.14
1015 0.7608555397736119 55.15
1016 0.7609098945993521 55.16
1017 0.7609735887839353 55.17
1018 0.7610355635567216 55.18
1019 0.7610962572509214 55.19
1020 0.7611462486064071 55.2
1021 0.7612041427977069 55.21
1022 0.7612519049598344 55.22
1023 0.7613062235306505 55.23
1024 0.7613518085634273 55.24
1025 0.7614039697349845 55.25
1026 0.7614542878970231 55.26
1027 0.7615028429624805 55.27
1028 0.7615497199003627 55.28
1029 0.7615960028754348 55.29
1030 0.7616407278089341 55.3
1031 0.7616841506218968 55.31
1032 0.7617261766744389 55.32
1033 0.7617668040424032 55.33
1034 0.7618060132801363 55.34
1035 0.7618441150977772 55.35
1036 0.7618810089272003 55.36
1037 0.76191691366281 55.37
1038 0.7619514303422796 55.38
1039 0.7619850634204044 55.39
1040 0.7620175404661921 55.4
1041 0.7620493086584021 55.41
1042 0.7620792667583167 55.42
1043 0.7621096050350525 55.43
1044 0.7621385798741861 55.44
1045 0.7621682945749136 55.45
1046 0.7621955217706136 55.46
1047 0.7622197055661276 55.47
1048 0.7622463240927886 55.48
1049 0.7622712485660956 55.49
1050 0.762294719908682 55.5
1051 0.7623182266876243 55.51
1052 0.7623401261865702 55.52
1053 0.7623620466021693 55.53
1054 0.7623834573029254 55.54
1055 0.7624046121214242 55.55
1056 0.7624250733196033 55.56
1057 0.7624447162984211 55.57
1058 0.7624640538004877 55.58
1059 0.7624827551532849 55.59
1060 0.7625006376768851 55.6
1061 0.7625183155542573 55.61
1062 0.7625353644421937 55.62
1063 0.7625521137338404 55.63
1064 0.7625685086879989 55.64
1065 0.7625838984072608 55.65
1066 0.7625985783716266 55.66
1067 0.7626129763770698 55.67
1068 0.7626269871800381 55.68
1069 0.762640779398857 55.69
1070 0.7626538300798302 55.7
1071 0.7626664959758902 55.71
1072 0.7626789057451518 55.72
1073 0.7626907335957835 55.73
1074 0.7627021664878131 55.74
1075 0.7627131635195271 55.75
1076 0.7627238335479493 55.76
1077 0.7627333336534146 55.77
1078 0.7627431270312887 55.78
1079 0.7627528178875307 55.79
1080 0.7627614499358432 55.8
1081 0.7627695340773006 55.81
1082 0.7627780773702743 55.82
1083 0.7627855983236353 55.83
1084 0.7627926857348695 55.84
1085 0.7628006553376121 55.85
1086 0.7628077323748488 55.86
1087 0.7628139751437971 55.87
1088 0.7628204131999561 55.88
1089 0.7628264499455136 55.89
1090 0.7628321032962972 55.9
1091 0.7628375382328697 55.91
1092 0.7628426421465146 55.92
1093 0.7628473478807359 55.93
1094 0.7628519871434789 55.94
1095 0.7628561457609077 55.95
1096 0.7628599242849199 55.96
1097 0.762863343317206 55.97
1098 0.7628667129685212 55.98
1099 0.7628694500377329 55.99
1100 0.7628721382410159 56
1101 0.7628743902014905 56.01
1102 0.7628762650396326 56.02
1103 0.7628776830868969 56.03
1104 0.7628788707123785 56.04
1105 0.7628797590882518 56.05
1106 0.7628801401822192 56.06
1107 0.7628807298946788 56.07
1108 0.7628806214122202 56.08
1109 0.76288015049909 56.09
1110 0.7628797721101731 56.1
1111 0.7628786410223162 56.11
1112 0.7628771372740438 56.12
1113 0.762875436189142 56.13
1114 0.7628729926186423 56.14
1115 0.7628704301847132 56.15
1116 0.7628676845577695 56.16
1117 0.762864487978675 56.17
1118 0.7628608491850312 56.18
1119 0.7628570196240738 56.19
1120 0.762852801244719 56.2
1121 0.7628481641403647 56.21
1122 0.7628428292778324 56.22
1123 0.7628369595126455 56.23
1124 0.7628299597169061 56.24
1125 0.7628229574263081 56.25
1126 0.7628155279339479 56.26
1127 0.7628074682837029 56.27
1128 0.7627990298871176 56.28
1129 0.7627899198725103 56.29
1130 0.7627804745657709 56.3
1131 0.7627697203660714 56.31
1132 0.7627574024927667 56.32
1133 0.7627465861220438 56.33
1134 0.7627350407469481 56.34
1135 0.7627232757068628 56.35
1136 0.7627130949061685 56.36
1137 0.7626989630266513 56.37
1138 0.762685600001923 56.38
1139 0.7626708964451971 56.39
1140 0.7626554674587057 56.4
1141 0.7626387969739984 56.41
1142 0.762621479957605 56.42
1143 0.762603098383279 56.43
1144 0.7625841112321591 56.44
1145 0.7625640682855129 56.45
1146 0.7625433698608058 56.46
1147 0.7625218934201631 56.47
1148 0.7624997035502726 56.48
1149 0.7624774156152176 56.49
1150 0.7624546654876895 56.5
1151 0.7624320430472141 56.51
1152 0.7624088043241148 56.52
1153 0.7623860108206695 56.53
1154 0.7623624065691369 56.54
1155 0.7623389174559206 56.55
1156 0.7623144027239153 56.56
1157 0.7622892145267368 56.57
1158 0.7622634131975083 56.58
1159 0.7622375290786644 56.59
1160 0.7622109715999873 56.6
1161 0.7621845580032264 56.61
1162 0.7621582946282842 56.62
1163 0.7621321993469341 56.63
1164 0.7621066896011119 56.64
1165 0.762082308190472 56.65
1166 0.7620593404380746 56.66
1167 0.7620378509115415 56.67
1168 0.7620176350072859 56.68
1169 0.7619988805438045 56.69
1170 0.7619817111150823 56.7
1171 0.7619663421992463 56.71
1172 0.7619527877217434 56.72
1173 0.7619411716377268 56.73
1174 0.7619312340136297 56.74
1175 0.761923045646818 56.75
1176 0.7619183092352264 56.76
1177 0.7619153673046525 56.77
1178 0.7619125450509636 56.78
1179 0.7619115743736166 56.79
1180 0.7619114015127093 56.8
1181 0.761910850034539 56.81
1182 0.7619091032899282 56.82
1183 0.7619102493550696 56.83
1184 0.7619149418411476 56.84
1185 0.761921831746868 56.85
1186 0.761932274928502 56.86
1187 0.7619452092684624 56.87
1188 0.7619615117389993 56.88
1189 0.7619808861729407 56.89
1190 0.7620039029980026 56.9
1191 0.762027552808806 56.91
1192 0.7620510316183395 56.92
1193 0.7620758845461497 56.93
1194 0.7621018658691769 56.94
1195 0.7621292631651082 56.95
1196 0.762159283831421 56.96
1197 0.7621914104820899 56.97
1198 0.7622261963295865 56.98
1199 0.762262216908921 56.99
1200 0.7622982821430327 57
1201 0.7623341629229277 57.01
1202 0.7623704424431799 57.02
1203 0.7624071636020949 57.03
1204 0.7624445875275788 57.04
1205 0.7624820167826193 57.05
1206 0.7625189533130031 57.06
1207 0.762555808107154 57.07
1208 0.7625919203146483 57.08
1209 0.7626271042303521 57.09
1210 0.7626608545980781 57.1
1211 0.7626935061970928 57.11
1212 0.7627252909055637 57.12
1213 0.762756260649384 57.13
1214 0.762786305459289 57.14
1215 0.7628156911142858 57.15
1216 0.7628452556984666 57.16
1217 0.7628754634360617 57.17
1218 0.7629057863534177 57.18
1219 0.7629359014945438 57.19
1220 0.7629652555347362 57.2
1221 0.7629940791048312 57.21
1222 0.7630218722059415 57.22
1223 0.7630488438107518 57.23
1224 0.7630745707318788 57.24
1225 0.7630993103499163 57.25
1226 0.7631241206263775 57.26
1227 0.7631491619462382 57.27
1228 0.7631743576465412 57.28
1229 0.7631981050007829 57.29
1230 0.7632205076345144 57.3
1231 0.7632415003236391 57.31
1232 0.7632613150415902 57.32
1233 0.7632798566337036 57.33
1234 0.7632975002068184 57.34
1235 0.7633134207785235 57.35
1236 0.7633278110238125 57.36
1237 0.7633422147514424 57.37
1238 0.763354801433945 57.38
1239 0.7633694042609345 57.39
1240 0.7633830439197804 57.4
1241 0.7633966647428387 57.41
1242 0.7634099442006318 57.42
1243 0.7634227575393149 57.43
1244 0.7634353379014472 57.44
1245 0.7634479272716815 57.45
1246 0.7634598170858673 57.46
1247 0.7634715073885757 57.47
1248 0.7634824310540297 57.48
1249 0.7634925783793064 57.49
1250 0.7635024540523575 57.5
1251 0.7635119217215666 57.51
1252 0.7635208318114954 57.52
1253 0.7635294544176898 57.53
1254 0.7635371529500193 57.54
1255 0.7635443087169123 57.55
1256 0.7635512559779705 57.56
1257 0.7635577790682089 57.57
1258 0.763564076578147 57.58
1259 0.7635702224789899 57.59
1260 0.7635761198780905 57.6
1261 0.7635816493931341 57.61
1262 0.7635873434741099 57.62
1263 0.7635930057855634 57.63
1264 0.7635986097835634 57.64
1265 0.7636040685676186 57.65
1266 0.7636098045593126 57.66
1267 0.7636154091097522 57.67
1268 0.763620926324159 57.68
1269 0.7636259751573814 57.69
1270 0.7636315615224417 57.7
1271 0.7636367052287887 57.71
1272 0.7636418516746912 57.72
1273 0.7636466163858845 57.73
1274 0.7636513457743939 57.74
1275 0.7636558456637689 57.75
1276 0.7636602614818858 57.76
1277 0.7636642330173489 57.77
1278 0.7636679308708648 57.78
1279 0.7636714478115302 57.79
1280 0.763674793892667 57.8
1281 0.7636777570814672 57.81
1282 0.7636805399118332 57.82
1283 0.7636831063061714 57.83
1284 0.7636855996063249 57.84
1285 0.7636882446828328 57.85
1286 0.7636914803062964 57.86
1287 0.7636938180082294 57.87
1288 0.7636967238825422 57.88
1289 0.7636987619200876 57.89
1290 0.7636999685733371 57.9
1291 0.763701221629003 57.91
1292 0.7637021471993084 57.92
1293 0.7637023393971669 57.93
1294 0.7637020217321239 57.94
1295 0.7637003112131774 57.95
1296 0.7636983035405407 57.96
1297 0.7636952235302082 57.97
1298 0.7636920118065676 57.98
1299 0.7636886817756253 57.99
1300 0.7636842804450132 58
1301 0.763679642879432 58.01
1302 0.7636744582494268 58.02
1303 0.7636687076831125 58.03
1304 0.7636615968023531 58.04
1305 0.7636543161728753 58.05
1306 0.7636474325813014 58.06
1307 0.7636410167206688 58.07
1308 0.763634288557256 58.08
1309 0.7636273151370481 58.09
1310 0.7636201973268424 58.1
1311 0.7636127043853409 58.11
1312 0.7636044527580588 58.12
1313 0.7635949243390142 58.13
1314 0.7635860161319434 58.14
1315 0.7635756989895786 58.15
1316 0.7635625763200667 58.16
1317 0.7635493944929035 58.17
1318 0.7635351844925709 58.18
1319 0.7635212787693925 58.19
1320 0.7635069164485628 58.2
1321 0.7634931479028541 58.21
1322 0.7634791417571599 58.22
1323 0.7634648831788629 58.23
1324 0.7634506501702808 58.24
1325 0.7634359220443593 58.25
1326 0.7634208892002421 58.26
1327 0.7634049345313203 58.27
1328 0.7633875281995708 58.28
1329 0.7633694138936469 58.29
1330 0.7633512492164656 58.3
1331 0.7633329429947816 58.31
1332 0.7633144150728609 58.32
1333 0.763294521620726 58.33
1334 0.7632742564263785 58.34
1335 0.7632532099035821 58.35
1336 0.7632314099124871 58.36
1337 0.763209162665402 58.37
1338 0.7631873240592885 58.38
1339 0.7631652345236832 58.39
1340 0.7631413028403562 58.4
1341 0.763118145959543 58.41
1342 0.7630933983707413 58.42
1343 0.7630691260186366 58.43
1344 0.7630435073683122 58.44
1345 0.7630171770519636 58.45
1346 0.7629902202198271 58.46
1347 0.7629617797698326 58.47
1348 0.7629331946543589 58.48
1349 0.7629049892513743 58.49
1350 0.7628758411388306 58.5
1351 0.762846078176997 58.51
1352 0.7628160125833323 58.52
1353 0.7627865960025945 58.53
1354 0.7627572925685079 58.54
1355 0.7627287067131584 58.55
1356 0.7626996884363139 58.56
1357 0.7626717639156658 58.57
1358 0.7626433188663765 58.58
1359 0.7626167980503947 58.59
1360 0.7625911364202509 58.6
1361 0.7625651022500184 58.61
1362 0.7625398339534548 58.62
1363 0.7625190919447821 58.63
1364 0.7624973823377951 58.64
1365 0.7624769706659046 58.65
1366 0.7624585344115438 58.66
1367 0.7624417296050007 58.67
1368 0.7624270823598556 58.68
1369 0.7624125370123935 58.69
1370 0.7623987863363033 58.7
1371 0.7623862792456846 58.71
1372 0.7623767013396804 58.72
1373 0.762369567833195 58.73
1374 0.7623637793484922 58.74
1375 0.7623594508178878 58.75
1376 0.7623583918959229 58.76
1377 0.7623575960299673 58.77
1378 0.762360533875708 58.78
1379 0.7623646096956088 58.79
1380 0.7623703823500718 58.8
1381 0.7623794468936332 58.81
1382 0.7623906121502345 58.82
1383 0.762404193743517 58.83
1384 0.7624178807187499 58.84
1385 0.7624326134482037 58.85
1386 0.7624487870605723 58.86
1387 0.7624678550810498 58.87
1388 0.7624880988691187 58.88
1389 0.7625116452600021 58.89
1390 0.7625352769850309 58.9
1391 0.762559184617034 58.91
1392 0.7625821899021523 58.92
1393 0.7626025058904894 58.93
1394 0.7626166952205788 58.94
1395 0.7626389167424288 58.95
1396 0.7626724237771474 58.96
1397 0.7627111802954735 58.97
1398 0.7627458611077502 58.98
1399 0.7627745865911675 58.99
1400 0.7628006024462574 59
1401 0.7628208691824792 59.01
1402 0.7628410335687623 59.02
1403 0.7628623543191575 59.03
1404 0.7628845935434612 59.04
1405 0.7629075101815119 59.05
1406 0.7629307948453535 59.06
1407 0.7629540801038156 59.07
1408 0.7629773935335706 59.08
1409 0.763000321033216 59.09
1410 0.7630227274504418 59.1
1411 0.7630448972618448 59.11
1412 0.7630665683351983 59.12
1413 0.7630877004177774 59.13
1414 0.7631081825415313 59.14
1415 0.763128104376136 59.15
1416 0.7631476162757136 59.16
1417 0.7631656095518142 59.17
1418 0.7631835479792969 59.18
1419 0.7632007167486276 59.19
1420 0.7632174891412156 59.2
1421 0.7632337478867947 59.21
1422 0.7632490961379657 59.22
1423 0.7632640619767114 59.23
1424 0.7632783164555051 59.24
1425 0.7632925499373426 59.25
1426 0.7633062129125517 59.26
1427 0.7633195568703726 59.27
1428 0.7633323227490566 59.28
1429 0.7633445463132295 59.29
1430 0.7633563268592812 59.3
1431 0.7633676983534975 59.31
1432 0.7633788047365136 59.32
1433 0.7633894320671445 59.33
1434 0.7633997060969847 59.34
1435 0.763409744975459 59.35
1436 0.7634195246395972 59.36
1437 0.7634292485917539 59.37
1438 0.7634382477492778 59.38
1439 0.7634473603257512 59.39
1440 0.7634557271587177 59.4
1441 0.7634640893587421 59.41
1442 0.7634717616221574 59.42
1443 0.7634793849046171 59.43
1444 0.7634862773860732 59.44
1445 0.7634930915056638 59.45
1446 0.7634993045512112 59.46
1447 0.7635052971337303 59.47
1448 0.7635109792012982 59.48
1449 0.7635162888596293 59.49
1450 0.7635217662569609 59.5
1451 0.7635267428640488 59.51
1452 0.7635316744969661 59.52
1453 0.7635361624502388 59.53
1454 0.7635404768051941 59.54
1455 0.7635444919923727 59.55
1456 0.7635482276387205 59.56
1457 0.7635520032617149 59.57
1458 0.7635554587579888 59.58
1459 0.7635586161169167 59.59
1460 0.7635617934543432 59.6
1461 0.7635646486229832 59.61
1462 0.7635673691160181 59.62
1463 0.7635699041632548 59.63
1464 0.7635722768817814 59.64
1465 0.763574481230872 59.65
1466 0.7635766923593016 59.66
1467 0.763578656788373 59.67
1468 0.7635805329823845 59.68
1469 0.7635822856829627 59.69
1470 0.7635839175705572 59.7
1471 0.7635854065277961 59.71
1472 0.7635868125570062 59.72
1473 0.7635880152157768 59.73
1474 0.7635890872279103 59.74
1475 0.7635900293756006 59.75
1476 0.763590910991418 59.76
1477 0.7635916230928521 59.77
1478 0.7635923027781767 59.78
1479 0.7635928396437458 59.79
1480 0.7635932208493187 59.8
1481 0.7635935143560751 59.81
1482 0.7635936937975555 59.82
1483 0.7635937090183952 59.83
1484 0.7635935922324986 59.84
1485 0.7635933238051624 59.85
1486 0.7635929372439585 59.86
1487 0.7635923978963663 59.87
1488 0.7635916549467953 59.88
1489 0.7635907239643908 59.89
1490 0.763589680641984 59.9
1491 0.7635884869549164 59.91
1492 0.7635871353377257 59.92
1493 0.763585565765648 59.93
1494 0.7635837543446101 59.94
1495 0.7635833299719457 59.95
1496 0.7635886149354573 59.96
1497 0.7635801874918189 59.97
1498 0.7635849457425914 59.98
1499 0.7635742305190718 59.99
1500 0.7635821554294997 60
