"frac-mass-ch4-rfile"
"Time Step" "frac-mass-ch4 etc.."
("Time Step" "frac-mass-ch4" "flow-time")
0 0.001618455060105278 0
1 0.001497532365128489 0.1
2 0.0009515184272681485 0.2
3 0.0009202702031336579 0.3
4 0.001023253062012271 0.4
5 0.001013349215793986 0.5
6 0.001024267203457823 0.6000000000000001
7 0.001114804753646181 0.7000000000000001
8 0.00123519375836209 0.8
9 0.00131924532598698 0.9
10 0.001214913843343178 1
11 0.001091365523748888 1.1
12 0.001098019401989634 1.2
13 0.001164801151521516 1.3
14 0.001241589044420544 1.4
15 0.001331085417287699 1.5
16 0.001404147584902634 1.6
17 0.00142411509131548 1.7
18 0.001430244145105672 1.8
19 0.001331761693561914 1.9
20 0.00131515315963917 2
21 0.001251685896943097 2.1
22 0.001248060705819211 2.2
23 0.001247722035098894 2.3
24 0.001235978060591732 2.4
25 0.001228087124248131 2.5
26 0.001217002389998046 2.6
27 0.001199219528792543 2.7
28 0.001112671066004686 2.8
29 0.001076027498429443 2.9
30 0.001039383353794292 3
31 0.001005072728424646 3.1
32 0.0009749055024012628 3.2
33 0.0009479127673942899 3.3
34 0.0009237663037200286 3.4
35 0.0009011224092102299 3.5
36 0.0008788710901201138 3.6
37 0.000856408671304636 3.7
38 0.0008339748957259898 3.8
39 0.0008123446183977204 3.9
40 0.0007921772064658159 4
41 0.0007738363601089675 4.100000000000001
42 0.0007572462534066889 4.2
43 0.0007412156381610711 4.3
44 0.0007249506815648309 4.4
45 0.0007083181583940083 4.5
46 0.0006903593993997186 4.600000000000001
47 0.0006716977643068559 4.7
48 0.0006523558353191207 4.800000000000001
49 0.000632960515915542 4.9
50 0.0006140728330167214 5
51 0.0005965103757953756 5.100000000000001
52 0.0005818765464187653 5.2
53 0.0005687790111411794 5.300000000000001
54 0.000557009876650633 5.4
55 0.000546348445202573 5.5
56 0.0005371086167519739 5.600000000000001
57 0.0005280011025138915 5.7
58 0.0005192112170688124 5.800000000000001
59 0.0005105378500412513 5.9
60 0.0005018688668388009 6
61 0.0004928043213168705 6.100000000000001
62 0.0004834139524348769 6.2
63 0.0004736726095577574 6.300000000000001
64 0.000463985655928748 6.4
65 0.0004541430063991192 6.5
66 0.0004444479308347952 6.600000000000001
67 0.0004349795744263459 6.7
68 0.0004258533781649362 6.800000000000001
69 0.0004170786287188701 6.9
70 0.000408739687333835 7
71 0.0004006704466443583 7.100000000000001
72 0.0003931022153747438 7.2
73 0.0003857628603970914 7.300000000000001
74 0.0003786365914320376 7.4
75 0.0003716666634220373 7.5
76 0.0003646317947828468 7.600000000000001
77 0.0003576647635666199 7.7
78 0.0003506808483224667 7.800000000000001
79 0.0003437680183727778 7.9
80 0.0003369899274272923 8
81 0.000330609857443191 8.1
82 0.0003246216502749584 8.200000000000001
83 0.0003191238882044762 8.300000000000001
84 0.0003142227783177338 8.4
85 0.0003098006351500844 8.5
86 0.0003058920897854465 8.6
87 0.0003024598478271218 8.700000000000001
88 0.000299385946831896 8.800000000000001
89 0.0002965636823427065 8.9
90 0.0002939563771304679 9
91 0.0002916074062959078 9.1
92 0.0002889595448702676 9.200000000000001
93 0.0002864062075093706 9.300000000000001
94 0.0002837878474518406 9.4
95 0.0002810824999236648 9.5
96 0.0002782339484966527 9.600000000000001
97 0.0002753426178695141 9.700000000000001
98 0.0002724544874736197 9.800000000000001
99 0.0002696309950017462 9.9
100 0.0002669459125477788 10
101 0.0002644400655780489 10.1
102 0.0002622818814699162 10.2
103 0.0002604284391061676 10.3
104 0.0002589579911523581 10.4
105 0.0002580043357574182 10.5
106 0.0002577881313725992 10.6
107 0.0002572651508066992 10.7
108 0.0002566145427271745 10.8
109 0.0002564309921000508 10.9
110 0.0002561059189770224 11
111 0.0002555085251991356 11.1
112 0.0002553262200961802 11.2
113 0.0002556775562462177 11.3
114 0.0002553683550945708 11.4
115 0.0002558252048815927 11.5
116 0.0002555181357214374 11.6
117 0.0002563609194026631 11.7
118 0.0002560736551811031 11.8
119 0.0002573928193068916 11.9
120 0.0002572582319100363 12
121 0.0002599640299928457 12.1
122 0.0002601328223452084 12.2
123 0.0002654560605599541 12.3
124 0.0002662142927491075 12.4
125 0.0002776902073737022 12.5
126 0.0002837311051831663 12.6
127 0.0003126486980720499 12.7
128 0.0003190411634028549 12.8
129 0.0003802805611618657 12.9
130 0.0003986353376048124 13
131 0.0004990941182457961 13.1
132 0.0005266180531962213 13.2
133 0.0006464013357615146 13.3
134 0.0006933115942197822 13.4
135 0.0007422802790387458 13.5
136 0.0009395493238445661 13.6
137 0.001002188644712361 13.7
138 0.00105674591590898 13.8
139 0.00121401931525466 13.9
140 0.001258587192415568 14
141 0.001299633218433713 14.1
142 0.002007835624832523 14.2
143 0.002825853792029905 14.3
144 0.003615909163065605 14.4
145 0.00442854551569405 14.5
146 0.005247362531439112 14.6
147 0.006097212595414929 14.7
148 0.006948408259722165 14.8
149 0.007809984998417242 14.9
150 0.008700131534623897 15
151 0.009608631875235326 15.1
152 0.01052449940305236 15.2
153 0.01144241200822913 15.3
154 0.01237817010481295 15.4
155 0.0133297429656304 15.5
156 0.01429040354940508 15.6
157 0.01522993267407135 15.7
158 0.01615186252676899 15.8
159 0.01707521709476095 15.9
160 0.01800188757006253 16
161 0.01893529284622718 16.1
162 0.01987409958879759 16.2
163 0.02079490261156551 16.3
164 0.02168917017064917 16.4
165 0.02258964229595076 16.5
166 0.02352012913371683 16.6
167 0.02448419790313595 16.7
168 0.02546362296716306 16.8
169 0.02642203258733814 16.9
170 0.02736469057313747 17
171 0.0283383998106072 17.1
172 0.02933334805942563 17.2
173 0.03032312400447339 17.3
174 0.03133648836971009 17.4
175 0.03237301441732657 17.5
176 0.03342765839880382 17.6
177 0.03449114970126049 17.7
178 0.03554303405227022 17.8
179 0.03658591929666766 17.9
180 0.03768584372320836 18
181 0.03879422380091837 18.1
182 0.03990043496741378 18.2
183 0.04101338922226134 18.3
184 0.04214014787901326 18.4
185 0.04328601960340533 18.5
186 0.04439738970741809 18.6
187 0.04552713732117065 18.7
188 0.04668502617803482 18.8
189 0.04778546338941598 18.9
190 0.04892343079417884 19
191 0.05008445835458401 19.1
192 0.05116347221814087 19.2
193 0.05221245419861432 19.3
194 0.05332268406321956 19.4
195 0.05450226701451057 19.5
196 0.05561480206798799 19.6
197 0.0566698657968542 19.7
198 0.05778651747998001 19.8
199 0.05890400572811606 19.9
200 0.05998905942231726 20
201 0.06112305803845713 20.1
202 0.06227491334034891 20.2
203 0.06334413166773888 20.3
204 0.06441464297773977 20.4
205 0.06553472433941623 20.5
206 0.06670403165873676 20.6
207 0.06780760851863941 20.7
208 0.06887570458733568 20.8
209 0.07001132494382221 20.9
210 0.0711170196119783 21
211 0.07219229383215658 21.1
212 0.0733098571815442 21.2
213 0.07444054861152093 21.3
214 0.07547726652362868 21.4
215 0.07651936250722546 21.5
216 0.07748173443523131 21.6
217 0.07748582247669261 21.7
218 0.07845337671543877 21.8
219 0.07845702200672525 21.9
220 0.07942690663824777 22
221 0.07943067647048997 22.1
222 0.08041098840435944 22.2
223 0.08139662896873426 22.3
224 0.08231328726188446 22.4
225 0.08331414453547699 22.5
226 0.08431646736117211 22.6
227 0.08532020015833502 22.7
228 0.08643974398522093 22.8
229 0.08752861645650575 22.9
230 0.0885883579398497 23
231 0.08966242621520139 23.1
232 0.09073922853030998 23.2
233 0.0917943178719294 23.3
234 0.09285787732804313 23.4
235 0.09392468148748945 23.5
236 0.09499390671307555 23.6
237 0.09603931047316798 23.7
238 0.09604529833478095 23.8
239 0.09707174005238929 23.9
240 0.09707699029351023 24
241 0.09809458207355035 24.1
242 0.09809908063506984 24.2
243 0.09916003082498499 24.3
244 0.1002236789231834 24.4
245 0.1012853707107609 24.5
246 0.1023368265723288 24.6
247 0.1034108484769075 24.7
248 0.1034180845505581 24.8
249 0.1044823839503627 24.9
250 0.1044885814073746 25
251 0.1055473532444508 25.1
252 0.106595018856728 25.2
253 0.1076341997985316 25.3
254 0.1086713313881461 25.4
255 0.1096985550568426 25.5
256 0.1107171003593345 25.6
257 0.1117867409561285 25.7
258 0.1128463019183469 25.8
259 0.1139026039575305 25.9
260 0.114913903342441 26
261 0.1159222083061072 26.1
262 0.1169367862567758 26.2
263 0.1179588377235348 26.3
264 0.1189838779133168 26.4
265 0.1200110912907601 26.5
266 0.1210396841003218 26.6
267 0.1220673684501043 26.7
268 0.1230945019516564 26.8
269 0.1241252934792883 26.9
270 0.1251527049579167 27
271 0.1261727827391332 27.1
272 0.1271959993256952 27.2
273 0.1282091061544752 27.3
274 0.1292137821906465 27.4
275 0.1302484242907105 27.5
276 0.1312905903914476 27.6
277 0.1323201895400633 27.7
278 0.1333379011688683 27.8
279 0.1343449270726943 27.9
280 0.1353467034372094 28
281 0.1363448376203305 28.1
282 0.1373400776465352 28.2
283 0.1383344513800909 28.3
284 0.1393214522947691 28.4
285 0.1403161302417746 28.5
286 0.1413471240422721 28.6
287 0.1423599737435218 28.7
288 0.1433736309285858 28.8
289 0.1433798376066657 28.9
290 0.1443670003329107 29
291 0.1453400645365024 29.1
292 0.1463074062451782 29.2
293 0.1472356364795075 29.3
294 0.1481960941680637 29.4
295 0.1491524924754304 29.5
296 0.1501169941571857 29.6
297 0.1510828646135841 29.7
298 0.1520445780897885 29.8
299 0.1530068770393375 29.9
300 0.1539716706280604 30
301 0.1549457377819303 30.1
302 0.1559112417129172 30.2
303 0.1568781441679212 30.3
304 0.1578443083156196 30.4
305 0.158809810641708 30.5
306 0.159768181109516 30.6
307 0.1607673022158504 30.7
308 0.1617723416558903 30.8
309 0.1627521669687767 30.9
310 0.1627571401238261 31
311 0.1637341384038279 31.1
312 0.1647165462842653 31.2
313 0.1656949421390614 31.3
314 0.1666786946187496 31.4
315 0.1676642151243352 31.5
316 0.1686612150695683 31.6
317 0.1696462853882248 31.7
318 0.1706357889408426 31.8
319 0.1716182386718523 31.9
320 0.1725982282998482 32
321 0.1735405055845881 32.1
322 0.1745091999402838 32.2
323 0.1754755329480023 32.3
324 0.1764365867989496 32.4
325 0.1773889148291475 32.5
326 0.1783417913545535 32.6
327 0.1792772711868673 32.7
328 0.1802143172405886 32.8
329 0.1811503625843212 32.9
330 0.182092086048932 33
331 0.182967765405887 33.1
332 0.1839553484599359 33.2
333 0.1848949343750712 33.3
334 0.1848992202048539 33.4
335 0.1858414798545096 33.5
336 0.1867883989224777 33.6
337 0.1877337979392953 33.7
338 0.1886684599520122 33.8
339 0.1896106902358965 33.9
340 0.1905530446032694 34
341 0.1915028533088786 34.1
342 0.1924423953204449 34.2
343 0.1933787990872431 34.3
344 0.1943182406761967 34.4
345 0.1952546941416135 34.5
346 0.1961850821157919 34.6
347 0.1971092391140188 34.7
348 0.1980249870655217 34.8
349 0.1989355699949474 34.9
350 0.1998512038152775 35
351 0.200769456389829 35.1
352 0.2016777502228205 35.2
353 0.2026157933054799 35.3
354 0.2035524052344572 35.4
355 0.2045192054557836 35.5
356 0.2054729819261931 35.6
357 0.2064185191714912 35.7
358 0.2073605489673921 35.8
359 0.2083024348255604 35.9
360 0.2092436495662921 36
361 0.2101858343002711 36.1
362 0.2111316146569343 36.2
363 0.2120793567575198 36.3
364 0.2130257176277141 36.4
365 0.2139683733904374 36.5
366 0.2148881436061317 36.6
367 0.2148938263520414 36.7
368 0.2157789732280938 36.8
369 0.2157833922066787 36.9
370 0.2166548063863003 37
371 0.216658520892369 37.1
372 0.2175080833014919 37.2
373 0.2183303545001956 37.3
374 0.219146730989995 37.4
375 0.219956792023819 37.5
376 0.220784861804314 37.6
377 0.2215781853473933 37.7
378 0.2223834614615973 37.8
379 0.223190919884217 37.9
380 0.2239831657537818 38
381 0.2247848359423877 38.1
382 0.2256008565876442 38.2
383 0.2264092995335297 38.3
384 0.2272158415995168 38.40000000000001
385 0.2280208566172305 38.5
386 0.2288471303426185 38.6
387 0.2296658690228437 38.7
388 0.2304867402386054 38.8
389 0.2313217521096302 38.90000000000001
390 0.2321511619229756 39
391 0.2329704291705297 39.1
392 0.2337303683061141 39.2
393 0.234562295967553 39.3
394 0.2353870533287798 39.40000000000001
395 0.2362178666572884 39.5
396 0.2369824352109281 39.6
397 0.2378340230233328 39.7
398 0.2386565177968582 39.8
399 0.2394889114559512 39.90000000000001
400 0.2403249251470577 40
401 0.2411610019485287 40.1
402 0.2419970291094312 40.2
403 0.2428378795922485 40.3
404 0.2436824725499787 40.40000000000001
405 0.2445843235256754 40.5
406 0.2454860858583861 40.6
407 0.246379279149907 40.7
408 0.2472702584903649 40.8
409 0.2481449389247711 40.90000000000001
410 0.2489464990993911 41
411 0.2489496260744668 41.1
412 0.249744941393083 41.2
413 0.2505409582130476 41.3
414 0.2513439544438453 41.40000000000001
415 0.2521387434952668 41.5
416 0.2529228206304454 41.6
417 0.2537038894257095 41.7
418 0.2544864408436607 41.8
419 0.2552799349427698 41.90000000000001
420 0.2560694144168973 42
421 0.2568660059044952 42.1
422 0.2576706571340733 42.2
423 0.2584712535770219 42.3
424 0.2592623470755795 42.40000000000001
425 0.2600524415395306 42.5
426 0.2608293869075219 42.6
427 0.2616205477931559 42.7
428 0.2624089225334332 42.8
429 0.2631984184558788 42.90000000000001
430 0.2639874144353033 43
431 0.2647836061515255 43.1
432 0.2655805406895773 43.2
433 0.2663868721609404 43.3
434 0.2671874218481232 43.40000000000001
435 0.2679958118050292 43.5
436 0.2688016155405785 43.6
437 0.2696025924997058 43.7
438 0.2704136100151204 43.8
439 0.2712371990245759 43.90000000000001
440 0.2720572537533421 44
441 0.2728742952807963 44.1
442 0.2737017056765493 44.2
443 0.2745324200739621 44.3
444 0.275391855779109 44.40000000000001
445 0.2762672640619611 44.5
446 0.2771126244324611 44.6
447 0.2779678929795311 44.7
448 0.2788308417111296 44.8
449 0.2796960796382549 44.90000000000001
450 0.2805641646085353 45
451 0.2814337015108693 45.1
452 0.2823043362754852 45.2
453 0.2831778257036076 45.3
454 0.2840505679307241 45.40000000000001
455 0.2849237716802125 45.5
456 0.2857816613153507 45.6
457 0.2866429220673899 45.7
458 0.287466994847727 45.8
459 0.2874716638071318 45.90000000000001
460 0.2882782053238376 46
461 0.2882821982882676 46.1
462 0.289086907831993 46.2
463 0.2898841658750308 46.3
464 0.2907300249797428 46.40000000000001
465 0.291576352652894 46.5
466 0.2924312250751208 46.6
467 0.2932857929369677 46.7
468 0.2941368628008451 46.8
469 0.2949730510148333 46.90000000000001
470 0.2957490878685162 47
471 0.2965302610603828 47.1
472 0.2973086363454081 47.2
473 0.2980890283592472 47.3
474 0.2988729636182587 47.40000000000001
475 0.299653184515413 47.5
476 0.3004360006290524 47.6
477 0.3012162022207087 47.7
478 0.3019882694696218 47.8
479 0.302775573135666 47.90000000000001
480 0.3035402658641176 48
481 0.3043066343849259 48.1
482 0.3050854258690717 48.2
483 0.3058512029525195 48.3
484 0.3066264591284002 48.40000000000001
485 0.3074005459692545 48.5
486 0.3081765668310852 48.6
487 0.3089534061270591 48.7
488 0.3096920926892905 48.8
489 0.310472751883243 48.90000000000001
490 0.3112520707135569 49
491 0.3119891429348184 49.1
492 0.3127685654759187 49.2
493 0.3135580743278172 49.3
494 0.3143427676317424 49.40000000000001
495 0.315127371219076 49.5
496 0.3159156344946841 49.6
497 0.3167044036370086 49.7
498 0.3174978314600687 49.8
499 0.3182923060901534 49.90000000000001
500 0.3191167401140445 50
501 0.3156174592706202 50.01
502 0.3105659428200888 50.02
503 0.3060237023356581 50.03
504 0.3027193487949466 50.04
505 0.2999957756634223 50.05
506 0.2968512348303514 50.06
507 0.2932390202034897 50.07
508 0.2895701646673702 50.08
509 0.2860297503166386 50.09
510 0.2824758090061673 50.1
511 0.2787261365459416 50.11
512 0.2747271097346166 50.12
513 0.2705767626872663 50.13
514 0.2663613672395382 50.14
515 0.2619843155592325 50.15
516 0.2574515696763055 50.16
517 0.2528465098288158 50.17
518 0.2481587385667575 50.18
519 0.2433624113726036 50.19
520 0.2383929705963835 50.2
521 0.2333192975882191 50.21
522 0.2282156338873013 50.22
523 0.2231160757381271 50.23
524 0.217998002445305 50.24
525 0.2128763486993438 50.25
526 0.2078039093700804 50.26
527 0.2027879300399642 50.27
528 0.1977980536547418 50.28
529 0.1928758764993047 50.29
530 0.1880544166761322 50.3
531 0.1833406927162316 50.31
532 0.1787307563082806 50.32
533 0.1742207998230681 50.33
534 0.1697643378683885 50.34
535 0.1654022347436 50.35
536 0.1611642968918253 50.36
537 0.1570428049546536 50.37
538 0.1530126175578547 50.38
539 0.1490733916531856 50.39
540 0.145223584373502 50.4
541 0.1414708902617046 50.41
542 0.1378128669871714 50.42
543 0.1342444065625039 50.43
544 0.1307785835497789 50.44
545 0.1274111648206458 50.45
546 0.1241267430072339 50.46
547 0.1209511743605777 50.47
548 0.1178925654694495 50.48
549 0.1149489883595326 50.49
550 0.1121197478295658 50.5
551 0.1094069817079964 50.51
552 0.1068175691105837 50.52
553 0.1043497574095884 50.53
554 0.1020093490157906 50.54
555 0.09977840717369951 50.55
556 0.09766550136953819 50.56
557 0.09566826034723369 50.57
558 0.09377171955153799 50.58
559 0.09197902642791969 50.59
560 0.09030112286268271 50.6
561 0.08872108640694529 50.61
562 0.08723145274516159 50.62
563 0.08583642954717734 50.63
564 0.08453799817492835 50.64
565 0.08333750664975817 50.65
566 0.08222673383794493 50.66
567 0.08118360279462944 50.67
568 0.08021285292452601 50.68
569 0.07932437033569109 50.69
570 0.07850536430032205 50.7
571 0.07775145867040578 50.71
572 0.07705469674533143 50.72
573 0.07643678689314519 50.73
574 0.07585523348857554 50.74
575 0.07530227447255859 50.75
576 0.07478589680679086 50.76
577 0.07430515234709623 50.77
578 0.07385993556042779 50.78
579 0.07344988658406425 50.79
580 0.07308233828127328 50.8
581 0.0727374507890587 50.81
582 0.072421250730234 50.82
583 0.07211666176717106 50.83
584 0.07182380489198979 50.84
585 0.0715392922328705 50.85
586 0.07127302043797532 50.86
587 0.071017440447344 50.87
588 0.07077000069276815 50.88
589 0.0705389528114613 50.89
590 0.07031122168578269 50.9
591 0.07007859099408673 50.91
592 0.06984457848590618 50.92
593 0.06961183374636182 50.93
594 0.06938866208613605 50.94
595 0.06916604567421347 50.95
596 0.06893006635995823 50.96
597 0.06868038027356763 50.97
598 0.06841768933913837 50.98
599 0.06814691031931719 50.99
600 0.06786376261728759 51
601 0.0675670216494231 51.01
602 0.06724964710749243 51.02
603 0.06691505626557495 51.03
604 0.06655838692146669 51.04
605 0.06618069303351436 51.05
606 0.06577507546480031 51.06
607 0.06534387632127694 51.07
608 0.06489071437844883 51.08
609 0.06440222004493991 51.09
610 0.06388533910323316 51.1
611 0.06333596294738141 51.11
612 0.06275673548551275 51.12
613 0.06214074913237031 51.13
614 0.06149217571710716 51.14
615 0.06080829669728419 51.15
616 0.06007228427877601 51.16
617 0.05928875214288562 51.17
618 0.0584514182664705 51.18
619 0.05754936195488276 51.19
620 0.05658822874875462 51.2
621 0.0555672132634481 51.21
622 0.05449578770327669 51.22
623 0.05336668482996673 51.23
624 0.05220357655708761 51.24
625 0.05101835820519993 51.25
626 0.04981875603850875 51.26
627 0.04862113493985932 51.27
628 0.04742936449528307 51.28
629 0.04625313220611634 51.29
630 0.04510207719717228 51.3
631 0.04398975606907097 51.31
632 0.0429147990613451 51.32
633 0.04189188371453303 51.33
634 0.04091573862353744 51.34
635 0.03998550568280761 51.35
636 0.03909260159016205 51.36
637 0.0382359711719877 51.37
638 0.03740726647350208 51.38
639 0.03660328097275323 51.39
640 0.0358194970794137 51.4
641 0.03505272033705683 51.41
642 0.03430126221689371 51.42
643 0.03356342881026273 51.43
644 0.03283770037449874 51.44
645 0.03211906808489286 51.45
646 0.03141580406693904 51.46
647 0.03072625224195597 51.47
648 0.03005500308721147 51.48
649 0.02940491406014861 51.49
650 0.02877820113340383 51.5
651 0.02817669081821499 51.51
652 0.02760176804553042 51.52
653 0.02705424816201753 51.53
654 0.02653342660866063 51.54
655 0.0260393478690533 51.55
656 0.02556945419252833 51.56
657 0.02512764726199861 51.57
658 0.02471759505637525 51.58
659 0.02431839549099718 51.59
660 0.02394724499125527 51.6
661 0.02357601778555397 51.61
662 0.02322961035390729 51.62
663 0.02289190095276719 51.63
664 0.02257086446389676 51.64
665 0.02226097011745724 51.65
666 0.02195938622423587 51.66
667 0.02167353670254578 51.67
668 0.0213987154327821 51.68
669 0.0211333218541463 51.69
670 0.02087732798205281 51.7
671 0.02063075353277783 51.71
672 0.02039316635320183 51.72
673 0.02016316965968608 51.73
674 0.01994525379335896 51.74
675 0.01973409365003383 51.75
676 0.01953086964294846 51.76
677 0.01933339568150714 51.77
678 0.01914170476089146 51.78
679 0.01895542883588891 51.79
680 0.01877408313154979 51.8
681 0.01859668489625526 51.81
682 0.01842366256476445 51.82
683 0.01825327283297965 51.83
684 0.0180863356263917 51.84
685 0.01792227862231747 51.85
686 0.01776222661339977 51.86
687 0.01760641355587221 51.87
688 0.01745489748371097 51.88
689 0.01730782173515425 51.89
690 0.017165107326204 51.9
691 0.01702620940969691 51.91
692 0.01689095919804708 51.92
693 0.01675877396661501 51.93
694 0.01662870471916959 51.94
695 0.01650072100737141 51.95
696 0.01637430993427707 51.96
697 0.016248630359677 51.97
698 0.01612182354247318 51.98
699 0.01598886956525543 51.99
700 0.01585582982224102 52
701 0.01572229299131764 52.01
702 0.01558698615684326 52.02
703 0.01544957464756795 52.03
704 0.01530963183901436 52.04
705 0.01516550663630016 52.05
706 0.01501805025892639 52.06
707 0.01486816505107768 52.07
708 0.0147123137732857 52.08
709 0.01455425788461615 52.09
710 0.01439419440141488 52.1
711 0.01423109781083881 52.11
712 0.01406393454939512 52.12
713 0.01389597314283536 52.13
714 0.01372441738025423 52.14
715 0.01354918713395056 52.15
716 0.01336580278747785 52.16
717 0.01317173607229143 52.17
718 0.01297412950338631 52.18
719 0.01277293063193002 52.19
720 0.01256760797308673 52.2
721 0.01235755206640307 52.21
722 0.01214682517845552 52.22
723 0.01193008212239283 52.23
724 0.01171255414905656 52.24
725 0.01148842905725513 52.25
726 0.01125781851150882 52.26
727 0.01101962912388092 52.27
728 0.01077496205487599 52.28
729 0.01052457725571346 52.29
730 0.01026641663900374 52.3
731 0.01000334088770809 52.31
732 0.009734855753734515 52.32
733 0.0094608288140711 52.33
734 0.009179960462202541 52.34
735 0.008896721076196231 52.35
736 0.008613598103297459 52.36
737 0.008332542833367977 52.37
738 0.008055886403641941 52.38
739 0.007784494216080464 52.39
740 0.007520960350293062 52.4
741 0.007269670812675311 52.41
742 0.007038292864435115 52.42
743 0.006858574003577476 52.43
744 0.006709085521150099 52.44
745 0.006562056357322487 52.45
746 0.006417013608106443 52.46
747 0.006274074312851401 52.47
748 0.006136854029992233 52.48
749 0.006007275626584057 52.49
750 0.005884440180447864 52.5
751 0.005768000587516136 52.51
752 0.005656666349433069 52.52
753 0.005548679623411154 52.53
754 0.005443596190551487 52.54
755 0.005339459818167512 52.55
756 0.005234905211808045 52.56
757 0.005128715667038162 52.57
758 0.005020355090896788 52.58
759 0.004909665902007246 52.59
760 0.004796339957911567 52.6
761 0.004680773307085901 52.61
762 0.004564559598690197 52.62
763 0.004449666815652961 52.63
764 0.004337211224245401 52.64
765 0.004227432468662936 52.65
766 0.004120481716542899 52.66
767 0.004015940006734475 52.67
768 0.00391469233331453 52.68
769 0.003817683447360193 52.69
770 0.003724888316939194 52.7
771 0.003636912580063557 52.71
772 0.003554071591507966 52.72
773 0.003476707397670688 52.73
774 0.003404362697886758 52.74
775 0.003337085102917177 52.75
776 0.003273707665720142 52.76
777 0.003213769380630809 52.77
778 0.00315694164565718 52.78
779 0.003103508872822502 52.79
780 0.003053351938507505 52.8
781 0.003005851319821187 52.81
782 0.002961485646371144 52.82
783 0.002919189321800359 52.83
784 0.002878460533764322 52.84
785 0.002839478532601079 52.85
786 0.002802268865886301 52.86
787 0.002766688843287998 52.87
788 0.002732120730207622 52.88
789 0.002698972584140898 52.89
790 0.002667308343283547 52.9
791 0.002636923898908868 52.91
792 0.002607766016469445 52.92
793 0.002579770921810471 52.93
794 0.002552828517917573 52.94
795 0.002526782857817275 52.95
796 0.002501577677861335 52.96
797 0.002477134001138226 52.97
798 0.002453381044727899 52.98
799 0.002430276594950289 52.99
800 0.002407795450968652 53
801 0.002385900171393576 53.01
802 0.002364513912807707 53.02
803 0.002343655556646701 53.03
804 0.002323390414132956 53.04
805 0.002303794369313992 53.05
806 0.002284842342075885 53.06
807 0.002266560419168087 53.07
808 0.002248865972539542 53.08
809 0.002231560710895203 53.09
810 0.002214928409119525 53.1
811 0.002199127893659266 53.11
812 0.002184103185030272 53.12
813 0.002169808491774719 53.13
814 0.002156117637833885 53.14
815 0.002143284864828533 53.15
816 0.00213128008015436 53.16
817 0.002120053217493632 53.17
818 0.002109749317573423 53.18
819 0.002100419247394819 53.19
820 0.002092015173676157 53.2
821 0.002084569974588692 53.21
822 0.002078054885656044 53.22
823 0.002072446479300606 53.23
824 0.00206775334107202 53.24
825 0.002064557070477474 53.25
826 0.002061588279274471 53.26
827 0.00205974319242547 53.27
828 0.002058121209193511 53.28
829 0.00205667264053341 53.29
830 0.002055293717644104 53.3
831 0.002056015347138957 53.31
832 0.002056253994105727 53.32
833 0.002056434218322286 53.33
834 0.002056695699898381 53.34
835 0.002057145798571922 53.35
836 0.002057805189278928 53.36
837 0.002061306015030553 53.37
838 0.00206484619055969 53.38
839 0.00206858928761093 53.39
840 0.002072258126693828 53.4
841 0.002075834524936492 53.41
842 0.002079213378221523 53.42
843 0.002082340938321581 53.43
844 0.002085141682722075 53.44
845 0.002087497480046814 53.45
846 0.002089224545169565 53.46
847 0.002089412705128066 53.47
848 0.002089032996200172 53.48
849 0.002088082629995376 53.49
850 0.002086545840028286 53.5
851 0.002084412637890177 53.51
852 0.002081643067397844 53.52
853 0.002077818006495392 53.53
854 0.002073515977524076 53.54
855 0.002068047499470752 53.55
856 0.002061659104586507 53.56
857 0.002054357649788538 53.57
858 0.002046144721018649 53.58
859 0.002037013887391063 53.59
860 0.002026657360054634 53.6
861 0.002014508936581924 53.61
862 0.002001762284376605 53.62
863 0.001987150457374193 53.63
864 0.001971371099176761 53.64
865 0.001954649880474073 53.65
866 0.001938149880787722 53.66
867 0.001919764682669337 53.67
868 0.001899719452140335 53.68
869 0.00187848366086479 53.69
870 0.001856038117164074 53.7
871 0.001833420845758369 53.71
872 0.001810823358034958 53.72
873 0.001787250620604926 53.73
874 0.00176315168086928 53.74
875 0.001738078705865707 53.75
876 0.001711728130093496 53.76
877 0.00168391360090274 53.77
878 0.001654950486824482 53.78
879 0.001625994658080197 53.79
880 0.001594492010613018 53.8
881 0.001561550747819762 53.81
882 0.001526765270625896 53.82
883 0.00149059304468203 53.83
884 0.001452423017847424 53.84
885 0.001413458592951664 53.85
886 0.001373968447447572 53.86
887 0.00133270369457755 53.87
888 0.001290349733862892 53.88
889 0.001246777907386229 53.89
890 0.001201865317742745 53.9
891 0.00115596820519004 53.91
892 0.001108885858707348 53.92
893 0.001060526754846081 53.93
894 0.001011202548555154 53.94
895 0.0009606366671619397 53.95
896 0.0009095001666794188 53.96
897 0.0008584179794033221 53.97
898 0.0008083380351602613 53.98
899 0.0007576772120635867 53.99
900 0.0007073613484264108 54
901 0.0006572260961953443 54.01
902 0.0006072639304024922 54.02
903 0.0005579696354938098 54.03
904 0.0005093574565606319 54.04
905 0.0004615513076320051 54.05
906 0.0004149900361158296 54.06
907 0.0003697620328282928 54.07
908 0.000326118676097694 54.08
909 0.0002840495513552517 54.09
910 0.0002440315093696908 54.1
911 0.000206267888619663 54.11
912 0.0001712310542167282 54.12
913 0.0001394757865502358 54.13
914 0.0001117498885512463 54.14
915 8.860831714136088e-05 54.15
916 6.901256566145906e-05 54.16
917 5.237255175291502e-05 54.17
918 3.907600757268593e-05 54.18
919 2.86058563571598e-05 54.19
920 2.167434197336578e-05 54.2
921 1.838750853169217e-05 54.21
922 1.642415421654036e-05 54.22
923 1.500404840807698e-05 54.23
924 1.374620315479762e-05 54.24
925 1.269979533431641e-05 54.25
926 1.172729894545571e-05 54.26
927 1.096862901280053e-05 54.27
928 1.024766048519251e-05 54.28
929 9.608734396856484e-06 54.29
930 9.053802137561327e-06 54.3
931 8.581994045052153e-06 54.31
932 8.18141188639717e-06 54.32
933 7.828327468632181e-06 54.33
934 7.514294177859366e-06 54.34
935 7.231842689176639e-06 54.35
936 6.991604407428426e-06 54.36
937 6.783485498455288e-06 54.37
938 6.606536045892906e-06 54.38
939 6.449897030836907e-06 54.39
940 6.321195568367965e-06 54.4
941 6.225456227403013e-06 54.41
942 6.153432950757948e-06 54.42
943 6.100135340259741e-06 54.43
944 6.08979404196695e-06 54.44
945 6.095603059078262e-06 54.45
946 6.121970143168653e-06 54.46
947 6.18909214372352e-06 54.47
948 6.268671211539804e-06 54.48
949 6.363436455071426e-06 54.49
950 6.47887834481867e-06 54.5
951 6.614675438277923e-06 54.51
952 6.771004109616946e-06 54.52
953 6.953120531440137e-06 54.53
954 7.164745572533919e-06 54.54
955 7.400320924608151e-06 54.55
956 7.66794208179445e-06 54.56
957 7.971936255200728e-06 54.57
958 8.329347397103801e-06 54.58
959 8.731285592074163e-06 54.59
960 9.188374587509371e-06 54.6
961 9.714314809742245e-06 54.61
962 1.027387971222292e-05 54.62
963 1.093678103761329e-05 54.63
964 1.16754264902899e-05 54.64
965 1.248033658839137e-05 54.65
966 1.36166325114092e-05 54.66
967 1.46682807401779e-05 54.67
968 1.547841293823799e-05 54.68
969 1.614022703364596e-05 54.69
970 1.673490773309898e-05 54.7
971 1.734946382884635e-05 54.71
972 1.795216506280409e-05 54.72
973 1.841929947638329e-05 54.73
974 1.880324993023855e-05 54.74
975 1.902867633717571e-05 54.75
976 1.908053328428571e-05 54.76
977 1.903073476062917e-05 54.77
978 1.897911216181109e-05 54.78
979 1.898191438758352e-05 54.79
980 1.891399895996412e-05 54.8
981 1.877376277697877e-05 54.81
982 1.856372853897792e-05 54.82
983 1.831422466809986e-05 54.83
984 1.795535232372155e-05 54.84
985 1.755329049979113e-05 54.85
986 1.711491597070597e-05 54.86
987 1.664227709268347e-05 54.87
988 1.621711444644615e-05 54.88
989 1.569104989697849e-05 54.89
990 1.515278980494725e-05 54.9
991 1.457853199689486e-05 54.91
992 1.395023041191908e-05 54.92
993 1.332366568842233e-05 54.93
994 1.274650976339581e-05 54.94
995 1.213669243932268e-05 54.95
996 1.163705647988377e-05 54.96
997 1.1118046979927e-05 54.97
998 1.059301772655169e-05 54.98
999 1.006425800363259e-05 54.99
1000 9.61482663302045e-06 55
1001 9.162251148347392e-06 55.01
1002 8.688007757233917e-06 55.02
1003 8.199918224749239e-06 55.03
1004 7.720729973912447e-06 55.04
1005 7.258473926612085e-06 55.05
1006 6.832944181937192e-06 55.06
1007 6.434493184113527e-06 55.07
1008 6.068189779299857e-06 55.08
1009 5.732691136193432e-06 55.09
1010 5.426282776936207e-06 55.1
1011 5.24316504612937e-06 55.11
1012 4.972060021909511e-06 55.12
1013 4.754074436051561e-06 55.13
1014 4.566540226809655e-06 55.14
1015 4.393419425572696e-06 55.15
1016 4.238310468581287e-06 55.16
1017 4.091512472004119e-06 55.17
1018 3.950243727685471e-06 55.18
1019 3.809825856552585e-06 55.19
1020 3.6827940690931e-06 55.2
1021 3.561805879386307e-06 55.21
1022 3.454039077786446e-06 55.22
1023 3.359320982768848e-06 55.23
1024 3.273556818740585e-06 55.24
1025 3.194163878230191e-06 55.25
1026 3.12437060239821e-06 55.26
1027 3.059008921139026e-06 55.27
1028 2.998839337606692e-06 55.28
1029 2.992381990097165e-06 55.29
1030 2.87681584752907e-06 55.3
1031 2.861976741661371e-06 55.31
1032 2.744435623445714e-06 55.32
1033 2.72980790951623e-06 55.33
1034 2.62633223418964e-06 55.34
1035 2.616544595486327e-06 55.35
1036 2.532860346991218e-06 55.36
1037 2.525464560948726e-06 55.37
1038 2.454637324756694e-06 55.38
1039 2.448400992240361e-06 55.39
1040 2.385448038690743e-06 55.4
1041 2.379934613896906e-06 55.41
1042 2.324248312570735e-06 55.42
1043 2.317907454787826e-06 55.43
1044 2.269737868320767e-06 55.44
1045 2.26549065819367e-06 55.45
1046 2.220367198448152e-06 55.46
1047 2.216693120341637e-06 55.47
1048 2.177313433060394e-06 55.48
1049 2.174049264482851e-06 55.49
1050 2.139053062585658e-06 55.5
1051 2.136110930008069e-06 55.51
1052 2.130984128577122e-06 55.52
1053 2.094657598082953e-06 55.53
1054 2.089877194454107e-06 55.54
1055 2.078664449982292e-06 55.55
1056 2.046134870897866e-06 55.56
1057 2.042088414965407e-06 55.57
1058 2.033405084158188e-06 55.58
1059 2.012871527923456e-06 55.59
1060 2.009868510496972e-06 55.6
1061 2.003562492617841e-06 55.61
1062 1.989166146260313e-06 55.62
1063 1.986905917925266e-06 55.63
1064 1.983592066155197e-06 55.64
1065 1.972214317295049e-06 55.65
1066 1.97026452036003e-06 55.66
1067 1.967466304747389e-06 55.67
1068 1.960329777413055e-06 55.68
1069 1.959035323536781e-06 55.69
1070 1.957079110960151e-06 55.7
1071 1.954493437460148e-06 55.71
1072 1.953752784168397e-06 55.72
1073 1.952405157035956e-06 55.73
1074 1.956106405120561e-06 55.74
1075 1.956661073644976e-06 55.75
1076 1.960162744328555e-06 55.76
1077 1.97405739127445e-06 55.77
1078 1.975981363202972e-06 55.78
1079 1.980889999907408e-06 55.79
1080 1.992503805043299e-06 55.8
1081 1.993972197765945e-06 55.81
1082 1.999505585422029e-06 55.82
1083 2.017736121352255e-06 55.83
1084 2.019505594788964e-06 55.84
1085 2.021067259510487e-06 55.85
1086 2.040298857728565e-06 55.86
1087 2.042232318833415e-06 55.87
1088 2.044139632872007e-06 55.88
1089 2.065462347957305e-06 55.89
1090 2.067591761587512e-06 55.9
1091 2.069812537555203e-06 55.91
1092 2.087243255885712e-06 55.92
1093 2.089093181973947e-06 55.93
1094 2.091012400532614e-06 55.94
1095 2.110612351793957e-06 55.95
1096 2.112754292955101e-06 55.96
1097 2.121747756137465e-06 55.97
1098 2.142999475368301e-06 55.98
1099 2.145754541558152e-06 55.99
1100 2.148753923558954e-06 56
1101 2.170118630856363e-06 56.01
1102 2.172798276595791e-06 56.02
1103 2.183250710928685e-06 56.03
1104 2.208878895886113e-06 56.04
1105 2.211584510178305e-06 56.05
1106 2.222436142529414e-06 56.06
1107 2.248725298922711e-06 56.07
1108 2.25176119481486e-06 56.08
1109 2.263290679552819e-06 56.09
1110 2.292094587128749e-06 56.1
1111 2.295464735191533e-06 56.11
1112 2.308348166471282e-06 56.12
1113 2.341389972188405e-06 56.13
1114 2.345962904068259e-06 56.14
1115 2.361313642232574e-06 56.15
1116 2.400263634911544e-06 56.16
1117 2.405442973126418e-06 56.17
1118 2.422683884165485e-06 56.18
1119 2.46774310771406e-06 56.19
1120 2.474241326399595e-06 56.2
1121 2.521483638512127e-06 56.21
1122 2.526976252603948e-06 56.22
1123 2.575995016894463e-06 56.23
1124 2.581877040520166e-06 56.24
1125 2.649102771001514e-06 56.25
1126 2.655099832244815e-06 56.26
1127 2.728603905998276e-06 56.27
1128 2.736816248624764e-06 56.28
1129 2.81817699919718e-06 56.29
1130 2.827009104385945e-06 56.3
1131 2.914007923436723e-06 56.31
1132 2.947800795039075e-06 56.32
1133 3.003235981589162e-06 56.33
1134 3.035871483027911e-06 56.34
1135 3.106636644980951e-06 56.35
1136 3.149527906732556e-06 56.36
1137 3.219942714024842e-06 56.37
1138 3.286714863408236e-06 56.38
1139 3.367050681534298e-06 56.39
1140 3.422227192138031e-06 56.4
1141 3.502368259908579e-06 56.41
1142 3.57309973448498e-06 56.42
1143 3.659544536857375e-06 56.43
1144 3.735164032979738e-06 56.44
1145 3.825186052723281e-06 56.45
1146 3.919174765043991e-06 56.46
1147 4.007514103306092e-06 56.47
1148 4.080740494651349e-06 56.48
1149 4.153584870479024e-06 56.49
1150 4.24826958461852e-06 56.5
1151 4.331540415097066e-06 56.51
1152 4.432379465616597e-06 56.52
1153 4.547724571423824e-06 56.53
1154 4.660224803211842e-06 56.54
1155 4.772224135057196e-06 56.55
1156 4.874861540601736e-06 56.56
1157 4.995582034727149e-06 56.57
1158 5.143782951261098e-06 56.58
1159 5.308672427486178e-06 56.59
1160 5.486747795237527e-06 56.6
1161 5.680131789118486e-06 56.61
1162 5.868853990973188e-06 56.62
1163 6.06558850472941e-06 56.63
1164 6.283721483603822e-06 56.64
1165 6.519473305821963e-06 56.65
1166 6.790488693632254e-06 56.66
1167 6.995735702922045e-06 56.67
1168 7.218200179908201e-06 56.68
1169 7.520022414750175e-06 56.69
1170 7.785271837631024e-06 56.7
1171 7.93954998718496e-06 56.71
1172 8.098255585756638e-06 56.72
1173 8.141354976766242e-06 56.73
1174 8.203699496370389e-06 56.74
1175 8.387892221678783e-06 56.75
1176 7.32509262884038e-06 56.76
1177 6.328234572132587e-06 56.77
1178 6.389763810928446e-06 56.78
1179 5.821490878930121e-06 56.79
1180 4.519562975029163e-06 56.8
1181 4.133968274298392e-06 56.81
1182 4.263881794804269e-06 56.82
1183 4.697509698151547e-06 56.83
1184 5.665842395550221e-06 56.84
1185 7.096944455545719e-06 56.85
1186 8.085667026692465e-06 56.86
1187 9.028990450017628e-06 56.87
1188 9.176136514279657e-06 56.88
1189 9.137716154381947e-06 56.89
1190 9.099449659693134e-06 56.9
1191 8.923580706105234e-06 56.91
1192 8.863441043040398e-06 56.92
1193 8.820463175431252e-06 56.93
1194 8.708386461283401e-06 56.94
1195 8.573664531640597e-06 56.95
1196 8.40463993457693e-06 56.96
1197 8.137582641003666e-06 56.97
1198 7.954077741549174e-06 56.98
1199 7.758984537643307e-06 56.99
1200 7.557676482098789e-06 57
1201 7.384408847541802e-06 57.01
1202 7.188027004939666e-06 57.02
1203 7.020253955208855e-06 57.03
1204 7.210151104716488e-06 57.04
1205 7.108328020661637e-06 57.05
1206 6.85849275326002e-06 57.06
1207 6.702822443729615e-06 57.07
1208 6.539812726277034e-06 57.08
1209 6.384582733747697e-06 57.09
1210 6.213478647822347e-06 57.1
1211 6.020029092483638e-06 57.11
1212 5.876007663923764e-06 57.12
1213 5.759188676217533e-06 57.13
1214 5.617788161104517e-06 57.14
1215 5.455363501794585e-06 57.15
1216 5.308996134209415e-06 57.16
1217 5.19948334347036e-06 57.17
1218 5.111253611843182e-06 57.18
1219 5.03199610416941e-06 57.19
1220 4.942771033329563e-06 57.2
1221 4.851372388377847e-06 57.21
1222 4.754966385910919e-06 57.22
1223 4.667445282326121e-06 57.23
1224 4.559546886456387e-06 57.24
1225 4.43376929218309e-06 57.25
1226 4.331782377693856e-06 57.26
1227 4.251601750737622e-06 57.27
1228 4.223829405517384e-06 57.28
1229 4.177076955423725e-06 57.29
1230 4.136620472009505e-06 57.3
1231 4.08188038256796e-06 57.31
1232 4.022366468984703e-06 57.32
1233 3.963028168105e-06 57.33
1234 3.946386518212945e-06 57.34
1235 3.835906029640576e-06 57.35
1236 3.8168683296744e-06 57.36
1237 3.730904557840366e-06 57.37
1238 3.711237600847059e-06 57.38
1239 3.472965971157536e-06 57.39
1240 3.451377268880564e-06 57.4
1241 3.346879944681381e-06 57.41
1242 3.333478686401236e-06 57.42
1243 3.305450261821145e-06 57.43
1244 3.280064239371337e-06 57.44
1245 3.274031678676691e-06 57.45
1246 3.241504904973039e-06 57.46
1247 3.238318724012987e-06 57.47
1248 3.224880820133582e-06 57.48
1249 3.201915034804948e-06 57.49
1250 3.193891215516109e-06 57.5
1251 3.181965769454971e-06 57.51
1252 3.169264640472746e-06 57.52
1253 3.129364467743219e-06 57.53
1254 3.116425757195005e-06 57.54
1255 3.105896543924957e-06 57.55
1256 3.09025236943187e-06 57.56
1257 3.046181051945459e-06 57.57
1258 3.033177334282717e-06 57.58
1259 3.018704437018124e-06 57.59
1260 3.004614720985405e-06 57.6
1261 2.962408136427605e-06 57.61
1262 2.951030468239301e-06 57.62
1263 2.938438557923717e-06 57.63
1264 2.926574576606191e-06 57.64
1265 2.893300476283169e-06 57.65
1266 2.885497117846991e-06 57.66
1267 2.87632181730453e-06 57.67
1268 2.868205457571454e-06 57.68
1269 2.850582836388112e-06 57.69
1270 2.848107958355237e-06 57.7
1271 2.843834302748504e-06 57.71
1272 2.839239116345798e-06 57.72
1273 2.825810113504587e-06 57.73
1274 2.822216846662008e-06 57.74
1275 2.816367259324771e-06 57.75
1276 2.810949270823337e-06 57.76
1277 2.796011126402568e-06 57.77
1278 2.79050333238869e-06 57.78
1279 2.783750380252469e-06 57.79
1280 2.777155117911129e-06 57.8
1281 2.752469818267249e-06 57.81
1282 2.745716161746746e-06 57.82
1283 2.738472877164919e-06 57.83
1284 2.711810165596e-06 57.84
1285 2.706964967864367e-06 57.85
1286 2.70118686400732e-06 57.86
1287 2.703457656188406e-06 57.87
1288 2.705215639803421e-06 57.88
1289 2.713262729966261e-06 57.89
1290 2.733568428829844e-06 57.9
1291 2.737419915653514e-06 57.91
1292 2.756205459537859e-06 57.92
1293 2.75849151797098e-06 57.93
1294 2.754281728255263e-06 57.94
1295 2.751460313102218e-06 57.95
1296 2.742237667920758e-06 57.96
1297 2.738308503882213e-06 57.97
1298 2.73550082228176e-06 57.98
1299 2.723993810903297e-06 57.99
1300 2.722534123728519e-06 58
1301 2.708560660942412e-06 58.01
1302 2.634667671218325e-06 58.02
1303 2.573869424552221e-06 58.03
1304 2.558336022676524e-06 58.04
1305 2.54645385823879e-06 58.05
1306 2.467430115509334e-06 58.06
1307 2.428097416689575e-06 58.07
1308 2.39749474502111e-06 58.08
1309 2.396662219813342e-06 58.09
1310 2.426252064892173e-06 58.1
1311 2.435697405080495e-06 58.11
1312 2.502171449554013e-06 58.12
1313 2.528826447952214e-06 58.13
1314 2.569179891140805e-06 58.14
1315 2.584653817260638e-06 58.15
1316 2.582876231170975e-06 58.16
1317 2.584033815625162e-06 58.17
1318 2.582856154949945e-06 58.18
1319 2.590430930124145e-06 58.19
1320 2.592241475040939e-06 58.2
1321 2.619346900021155e-06 58.21
1322 2.643125839166284e-06 58.22
1323 2.673022430820576e-06 58.23
1324 2.698194046724117e-06 58.24
1325 2.728721037668678e-06 58.25
1326 2.758011678757325e-06 58.26
1327 2.790895490945401e-06 58.27
1328 2.79915277660276e-06 58.28
1329 2.805234836326131e-06 58.29
1330 2.815971820840098e-06 58.3
1331 2.834267378053267e-06 58.31
1332 2.935139905221455e-06 58.32
1333 3.0322083868034e-06 58.33
1334 3.057717557838979e-06 58.34
1335 3.083618233360856e-06 58.35
1336 3.108090249611819e-06 58.36
1337 3.137494337980082e-06 58.37
1338 3.294296060509145e-06 58.38
1339 3.445844076637458e-06 58.39
1340 3.622080914390309e-06 58.4
1341 3.735029777079527e-06 58.41
1342 3.882760977036653e-06 58.42
1343 3.947476697905031e-06 58.43
1344 4.036790191815006e-06 58.44
1345 4.139705242519341e-06 58.45
1346 4.197665611058533e-06 58.46
1347 4.23927408966966e-06 58.47
1348 4.305409522138116e-06 58.48
1349 4.484492241783743e-06 58.49
1350 4.693055343245986e-06 58.5
1351 4.92196230231199e-06 58.51
1352 5.018917847073306e-06 58.52
1353 5.280145835228448e-06 58.53
1354 5.504653205259882e-06 58.54
1355 5.851289789295291e-06 58.55
1356 5.984910426361321e-06 58.56
1357 6.415217532939534e-06 58.57
1358 6.484706543622952e-06 58.58
1359 7.01673546268085e-06 58.59
1360 7.469515235110566e-06 58.6
1361 7.433495118193518e-06 58.61
1362 7.49060255935042e-06 58.62
1363 7.873997646734964e-06 58.63
1364 8.341045621330929e-06 58.64
1365 8.70708617990396e-06 58.65
1366 9.322812922610237e-06 58.66
1367 9.542700943555626e-06 58.67
1368 1.024919602422248e-05 58.68
1369 1.044167466085104e-05 58.69
1370 1.077941477283323e-05 58.7
1371 1.069767532222657e-05 58.71
1372 1.136918701994215e-05 58.72
1373 1.186159313285623e-05 58.73
1374 1.192703370575637e-05 58.74
1375 1.228491997169715e-05 58.75
1376 1.24172489283439e-05 58.76
1377 1.260871718185031e-05 58.77
1378 1.311144598205054e-05 58.78
1379 1.303428703045559e-05 58.79
1380 1.337755976996379e-05 58.8
1381 1.338641817566045e-05 58.81
1382 1.368907123711206e-05 58.82
1383 1.396217975052564e-05 58.83
1384 1.380501248864484e-05 58.84
1385 1.340991504033251e-05 58.85
1386 1.324794725934886e-05 58.86
1387 1.3341590490078e-05 58.87
1388 1.418858646668755e-05 58.88
1389 1.182969495466185e-05 58.89
1390 1.175919729571675e-05 58.9
1391 1.154460755874385e-05 58.91
1392 1.19240720957869e-05 58.92
1393 1.50269531697607e-05 58.93
1394 2.085425769255894e-05 58.94
1395 2.144969080106579e-05 58.95
1396 1.667129522181913e-05 58.96
1397 1.044181547373221e-05 58.97
1398 8.02820944970482e-06 58.98
1399 8.047672793371803e-06 58.99
1400 8.453355622575047e-06 59
1401 1.003391784805956e-05 59.01
1402 1.120560958075871e-05 59.02
1403 1.1680572235965e-05 59.03
1404 1.174861742112859e-05 59.04
1405 1.17032914257609e-05 59.05
1406 1.161384281776658e-05 59.06
1407 1.14748340687156e-05 59.07
1408 1.1314025064762e-05 59.08
1409 1.111109448233269e-05 59.09
1410 1.089184251738848e-05 59.1
1411 1.068043869650238e-05 59.11
1412 1.048516064064022e-05 59.12
1413 1.027508652448895e-05 59.13
1414 1.007790134601635e-05 59.14
1415 9.856183939359737e-06 59.15
1416 9.576855039625626e-06 59.16
1417 9.343570085095862e-06 59.17
1418 9.134904212288578e-06 59.18
1419 8.891995315523092e-06 59.19
1420 8.672909380061729e-06 59.2
1421 8.482031879279486e-06 59.21
1422 8.334340414285682e-06 59.22
1423 8.169624994981764e-06 59.23
1424 8.043447879464938e-06 59.24
1425 7.934663533042527e-06 59.25
1426 7.829789981022132e-06 59.26
1427 7.689733175009127e-06 59.27
1428 7.586428179565523e-06 59.28
1429 7.506514874664662e-06 59.29
1430 7.398746254423691e-06 59.3
1431 7.317486870868795e-06 59.31
1432 7.235554028666178e-06 59.32
1433 7.154227834349194e-06 59.33
1434 7.0757608466528e-06 59.34
1435 7.002841443291966e-06 59.35
1436 6.982931317804685e-06 59.36
1437 6.90271665151478e-06 59.37
1438 6.880341466205845e-06 59.38
1439 6.797791155522332e-06 59.39
1440 6.77701728838347e-06 59.4
1441 6.705570142747162e-06 59.41
1442 6.686698426760235e-06 59.42
1443 6.620520713713412e-06 59.43
1444 6.602817040574916e-06 59.44
1445 6.543618535812287e-06 59.45
1446 6.529223545336081e-06 59.46
1447 6.512297989140177e-06 59.47
1448 6.495112641030305e-06 59.48
1449 6.478517500716613e-06 59.49
1450 6.436801839351799e-06 59.5
1451 6.411932901270539e-06 59.51
1452 6.346498703990087e-06 59.52
1453 6.328640697289783e-06 59.53
1454 6.283715418268643e-06 59.54
1455 6.272219664466395e-06 59.55
1456 6.256430829872968e-06 59.56
1457 6.232555865734778e-06 59.57
1458 6.216166790085779e-06 59.58
1459 6.200659586665036e-06 59.59
1460 6.177184522571786e-06 59.6
1461 6.162795534831681e-06 59.61
1462 6.148644343150032e-06 59.62
1463 6.136274239492021e-06 59.63
1464 6.124891466728056e-06 59.64
1465 6.114456589621385e-06 59.65
1466 6.100094703982011e-06 59.66
1467 6.090585481473122e-06 59.67
1468 6.080935318000496e-06 59.68
1469 6.072203398545546e-06 59.69
1470 6.063909328637234e-06 59.7
1471 6.056046399846608e-06 59.71
1472 6.048803296183232e-06 59.72
1473 6.042529399828607e-06 59.73
1474 6.035875261796641e-06 59.74
1475 6.029337427747667e-06 59.75
1476 6.022747822038349e-06 59.76
1477 6.016165043166401e-06 59.77
1478 6.009669732060602e-06 59.78
1479 6.003237091900518e-06 59.79
1480 5.996969898517271e-06 59.8
1481 5.990809095856191e-06 59.81
1482 5.984906053533907e-06 59.82
1483 5.979491889795992e-06 59.83
1484 5.975009673004772e-06 59.84
1485 5.970786202360807e-06 59.85
1486 5.966807480446644e-06 59.86
1487 5.962920083572673e-06 59.87
1488 5.955790492896707e-06 59.88
1489 5.953401943454008e-06 59.89
1490 5.950137581106045e-06 59.9
1491 5.94757273034098e-06 59.91
1492 5.945317289918863e-06 59.92
1493 5.941476070390542e-06 59.93
1494 5.940043784621113e-06 59.94
1495 5.937916711319943e-06 59.95
1496 5.937446324342642e-06 59.96
1497 5.936773521670785e-06 59.97
1498 5.93250651313733e-06 59.98
1499 5.931280509324579e-06 59.99
1500 5.929861779405338e-06 60
