"pressao-porta-rfile"
"Time Step" "pressao-porta etc.."
("Time Step" "pressao-porta" "flow-time")
0 -2682.485570600884 0
1 47867.35743956309 0.1
2 -15912.44209868864 0.2
3 -51436.61868045838 0.3
4 -61650.54493209416 0.4
5 -59454.93881965798 0.5
6 -53419.82705935679 0.6000000000000001
7 -47261.37694677783 0.7000000000000001
8 -42031.88427728027 0.8
9 -37040.44240871238 0.9
10 -31105.31986627604 1
11 -23236.75139737228 1.1
12 -12906.02429943228 1.2
13 -219.6849175588104 1.3
14 12035.43827237573 1.4
15 24576.30664151179 1.5
16 37001.20250238084 1.6
17 45123.95055093474 1.7
18 52543.56541816796 1.8
19 62179.42674933461 1.9
20 64331.12480675327 2
21 67376.21667804243 2.1
22 66118.45303356684 2.2
23 65193.44108040669 2.3
24 62188.03903303773 2.4
25 58150.62822000588 2.5
26 54420.93197957945 2.6
27 50441.74106686814 2.7
28 43677.16417179886 2.8
29 38389.94014349188 2.9
30 33642.25853571871 3
31 28991.62026784226 3.1
32 24377.35504441417 3.2
33 19844.89664136575 3.3
34 15426.66737574389 3.4
35 11167.08029854624 3.5
36 7128.995961813119 3.6
37 3315.903602757035 3.7
38 -257.7217261159974 3.8
39 -3567.512790741973 3.9
40 -6597.850720612118 4
41 -9338.355898308368 4.100000000000001
42 -11779.27990059921 4.2
43 -13909.07717011266 4.3
44 -15728.9395488337 4.4
45 -17235.03843982559 4.5
46 -18425.34956975077 4.600000000000001
47 -19299.63986740588 4.7
48 -19868.01815760703 4.800000000000001
49 -20133.67462167316 4.9
50 -20099.73861429242 5
51 -19779.0869792351 5.100000000000001
52 -19180.50911238166 5.2
53 -18328.3526681951 5.300000000000001
54 -17238.92827729422 5.4
55 -15938.26453721517 5.5
56 -14439.90271492116 5.600000000000001
57 -12780.87577926978 5.7
58 -10985.74030831969 5.800000000000001
59 -9085.703476104769 5.9
60 -7110.543912134398 6
61 -5088.206556142663 6.100000000000001
62 -3056.108713414041 6.2
63 -1040.304093063302 6.300000000000001
64 934.081095966011 6.4
65 2837.268523964349 6.5
66 4647.764722502062 6.600000000000001
67 6343.176236422036 6.7
68 7913.952216289201 6.800000000000001
69 9347.476490073843 6.9
70 10637.96302387784 7
71 11774.11035347394 7.100000000000001
72 12756.6402680221 7.2
73 13589.09403697028 7.300000000000001
74 14271.1375484327 7.4
75 14805.80990134279 7.5
76 15196.36838990344 7.600000000000001
77 15447.95628278997 7.7
78 15572.13621583687 7.800000000000001
79 15569.73408587135 7.9
80 15452.91175626894 8
81 15231.08826223431 8.1
82 14920.86148327284 8.200000000000001
83 14525.9445070402 8.300000000000001
84 14055.25849781311 8.4
85 13517.93678587591 8.5
86 12928.88732940209 8.6
87 12300.97479843058 8.700000000000001
88 11630.92529919601 8.800000000000001
89 10937.9692762756 8.9
90 10218.66596276869 9
91 9490.632865047166 9.1
92 8748.335867687041 9.200000000000001
93 8008.883268227113 9.300000000000001
94 7266.79447028479 9.4
95 6540.430229716928 9.5
96 5840.397021952426 9.600000000000001
97 5158.532741894052 9.700000000000001
98 4498.757003318598 9.800000000000001
99 3868.168731117429 9.9
100 3270.410249526774 10
101 2711.682315236227 10.1
102 2193.163499969365 10.2
103 1719.033506925279 10.3
104 1287.099272842373 10.4
105 933.8959764670625 10.5
106 787.2827113568189 10.6
107 435.0890617373536 10.7
108 120.3192332592873 10.8
109 -6.809956512224767 10.9
110 -293.8706537273307 11
111 -540.6020600033146 11.1
112 -645.7113475946363 11.2
113 -834.996709232234 11.3
114 -930.4271310016732 11.4
115 -1099.780508064836 11.5
116 -1187.647213875802 11.6
117 -1328.025623875246 11.7
118 -1407.570011533512 11.8
119 -1528.700380073258 11.9
120 -1600.545577561071 12
121 -1702.866536559642 12.1
122 -1765.517716204371 12.2
123 -1855.439714329281 12.3
124 -1908.370332597101 12.4
125 -1986.810441152074 12.5
126 -2040.069208070568 12.6
127 -2125.073016819125 12.7
128 -2174.612426127745 12.8
129 -2255.135270308598 12.9
130 -2296.081698404733 13
131 -2343.906463669668 13.1
132 -2386.281238506874 13.2
133 -2408.693882345056 13.3
134 -2444.626264022249 13.4
135 -2462.38850574283 13.5
136 -2456.088491056555 13.6
137 -2502.672800205987 13.7
138 -2523.2487315557 13.8
139 -2520.39487157843 13.9
140 -2560.864737838541 14
141 -2578.459688410614 14.1
142 -3447.391054221021 14.2
143 -3712.147804168671 14.3
144 -3741.39155306768 14.4
145 -3681.708598102663 14.5
146 -3600.397991923306 14.6
147 -3532.779561216804 14.7
148 -3574.342594063959 14.8
149 -3571.750140352889 14.9
150 -3369.178073982621 15
151 -2906.515256767124 15.1
152 -2567.456996256052 15.2
153 -3092.457123893364 15.3
154 -4645.87508527341 15.4
155 -6674.271955988046 15.5
156 -8289.198225116417 15.6
157 -9092.601037514492 15.7
158 -9437.736059095956 15.8
159 -9419.746511080672 15.9
160 -9428.024051870891 16
161 -9710.807202252598 16.1
162 -9731.375713963273 16.2
163 -9291.955118567545 16.3
164 -8823.423005092091 16.4
165 -9160.663938611611 16.5
166 -10538.63879968229 16.6
167 -12520.06136793778 16.7
168 -13898.61988313531 16.8
169 -13608.21170232795 16.9
170 -13139.445298742 17
171 -13485.98610701985 17.1
172 -15214.39301018028 17.2
173 -17526.02911268441 17.3
174 -18338.02155196584 17.4
175 -17140.56321421302 17.5
176 -16681.98920041834 17.6
177 -16768.65218028108 17.7
178 -17891.79624067667 17.8
179 -18952.74899093252 17.9
180 -17982.56143098766 18
181 -17170.4788391837 18.1
182 -16728.53583657693 18.2
183 -17155.97494583002 18.3
184 -18261.22031832417 18.4
185 -18491.0710503453 18.5
186 -17351.94143979232 18.6
187 -17211.60553134123 18.7
188 -17278.15368858635 18.8
189 -18064.20546040046 18.9
190 -18718.5655500438 19
191 -17612.13567692695 19.1
192 -16638.50925589692 19.2
193 -16262.72888270915 19.3
194 -16408.14410435513 19.4
195 -16899.47967873619 19.5
196 -16404.42524547338 19.6
197 -15060.65232725682 19.7
198 -14631.21933403878 19.8
199 -14462.01010847956 19.9
200 -14684.31754110366 20
201 -14599.09052482618 20.1
202 -13560.73353583311 20.2
203 -13146.97265689527 20.3
204 -13028.3089020583 20.4
205 -13289.92161633034 20.5
206 -13741.62855393389 20.6
207 -13602.24970766516 20.7
208 -13644.10314485275 20.8
209 -14204.04588464547 20.9
210 -14753.75216077659 21
211 -15523.35233201651 21.1
212 -16050.21890840878 21.2
213 -16412.81820428976 21.3
214 -17353.3530643209 21.4
215 -18041.39109970969 21.5
216 -18180.8879539063 21.6
217 -18266.53723086506 21.7
218 -18352.87682218433 21.8
219 -18442.49383072778 21.9
220 -18532.63014607449 22
221 -18621.89035775532 22.1
222 -18709.46789873355 22.2
223 -18794.97204271851 22.3
224 -18878.26743669806 22.4
225 -18959.63857801684 22.5
226 -19038.7194231647 22.6
227 -19115.12658165606 22.7
228 -19696.1665562689 22.8
229 -20013.16414372087 22.9
230 -20388.01374605284 23
231 -21170.58658210779 23.1
232 -21791.45058138706 23.2
233 -22526.13421721752 23.3
234 -23172.18397726833 23.4
235 -23404.22121075479 23.5
236 -23766.82878373926 23.6
237 -23857.35673491625 23.7
238 -23923.19258454183 23.8
239 -23983.15371683985 23.9
240 -24040.07446634325 24
241 -24091.91365642903 24.1
242 -24138.94846331674 24.2
243 -24453.25088934588 24.3
244 -24763.44652450166 24.4
245 -25101.06516137529 24.5
246 -25268.57327861565 24.6
247 -25297.78034788438 24.7
248 -25305.64601452322 24.8
249 -25299.06885179193 24.9
250 -25282.51909510082 25
251 -25255.69729744843 25.1
252 -25220.00650337265 25.2
253 -25175.07664245916 25.3
254 -25123.72399492019 25.4
255 -25065.97623261023 25.5
256 -25004.85108703134 25.6
257 -24555.28805832977 25.7
258 -24642.89767359441 25.8
259 -24804.14780090503 25.9
260 -24841.91843647328 26
261 -24865.24044916188 26.1
262 -24886.11925230809 26.2
263 -24905.16218614708 26.3
264 -24922.82786498321 26.4
265 -24939.41862325957 26.5
266 -24954.24023996518 26.6
267 -24967.31799255624 26.7
268 -24978.99362739508 26.8
269 -24988.63177003223 26.9
270 -24996.50240448937 27
271 -25002.21719998267 27.1
272 -25005.81018937693 27.2
273 -25007.42398811976 27.3
274 -25006.8967388288 27.4
275 -24949.78174172448 27.5
276 -24524.9859255709 27.6
277 -24438.14719626629 27.7
278 -24354.48049927721 27.8
279 -24269.26387972261 27.9
280 -24184.78650836832 28
281 -24102.15237481146 28.1
282 -24021.87455222238 28.2
283 -23946.62291239345 28.3
284 -23874.5973836733 28.4
285 -23805.88316087936 28.5
286 -23563.16450248331 28.6
287 -23624.11568185123 28.7
288 -23630.10610142527 28.8
289 -23626.18163196688 28.9
290 -23618.70823780486 29
291 -23608.4463223499 29.1
292 -23597.14440649406 29.2
293 -23584.43949912407 29.3
294 -23571.29678175468 29.4
295 -23557.7038592672 29.5
296 -23543.88972407299 29.6
297 -23530.20380324584 29.7
298 -23516.1265501722 29.8
299 -23501.99147096363 29.9
300 -23487.61414264604 30
301 -23472.69500881973 30.1
302 -23457.79043893021 30.2
303 -23442.31076008569 30.3
304 -23426.74312293005 30.4
305 -23410.83857789072 30.5
306 -23394.61247892683 30.6
307 -23389.10220013951 30.7
308 -23364.13926969255 30.8
309 -23333.53858856077 30.9
310 -23298.213219628 31
311 -23253.49179667056 31.1
312 -23201.81456160007 31.2
313 -23144.95283834523 31.3
314 -23082.57374598265 31.4
315 -23016.07580701942 31.5
316 -22178.28749548268 31.6
317 -21726.44387749168 31.7
318 -21586.10533460264 31.8
319 -21543.71196955423 31.9
320 -21500.59242644219 32
321 -21456.30350631595 32.1
322 -21411.62233431927 32.2
323 -21368.00899980325 32.3
324 -21326.22860511749 32.4
325 -21286.71163939569 32.5
326 -21250.12547522807 32.6
327 -21216.45533770767 32.7
328 -21185.5907474419 32.8
329 -21157.59359059171 32.9
330 -21132.53528405608 33
331 -21110.15306530818 33.1
332 -21246.27797049575 33.2
333 -21275.475790427 33.3
334 -21312.98083638547 33.4
335 -21350.67399376331 33.5
336 -21388.51964552703 33.6
337 -21425.11407098365 33.7
338 -21460.16810744744 33.8
339 -21493.14508707344 33.9
340 -21523.1576280623 34
341 -21550.18444517388 34.1
342 -21573.88454945474 34.2
343 -21594.48860748404 34.3
344 -21612.47156931291 34.4
345 -21625.84141831568 34.5
346 -21635.77565182135 34.6
347 -21641.09753571859 34.7
348 -21642.57568894506 34.8
349 -21640.47131098633 34.9
350 -21633.58459348728 35
351 -21622.98682959875 35.1
352 -21608.32165448942 35.2
353 -20952.08345049814 35.3
354 -20320.41710548084 35.4
355 -20204.91770286049 35.5
356 -20126.378531559 35.6
357 -20053.2512751575 35.7
358 -19982.20942517868 35.8
359 -19913.74650778478 35.9
360 -19848.01828017329 36
361 -19786.94783951982 36.1
362 -19729.26043992739 36.2
363 -19677.40836148338 36.3
364 -19879.75738219164 36.4
365 -20231.2653055187 36.5
366 -20302.23748288069 36.6
367 -20366.4442929055 36.7
368 -20429.45187037544 36.8
369 -20490.84447074848 36.9
370 -20549.84969826312 37
371 -20606.30119946154 37.1
372 -20659.85714067585 37.2
373 -20710.88155562932 37.3
374 -20758.89681259352 37.4
375 -20803.93211111565 37.5
376 -20846.313620988 37.6
377 -20886.05553540812 37.7
378 -20923.08439405328 37.8
379 -20958.1866697896 37.9
380 -20990.43777962137 38
381 -21020.2957831194 38.1
382 -21047.5770156827 38.2
383 -21073.19259197653 38.3
384 -21096.60529409924 38.40000000000001
385 -21117.55072320444 38.5
386 -21136.56262024067 38.6
387 -21153.22228591192 38.7
388 -21168.28106246968 38.8
389 -21181.4724740228 38.90000000000001
390 -21192.34741614153 39
391 -21201.81352780126 39.1
392 -21209.64192002318 39.2
393 -21215.25021042703 39.3
394 -21219.0687131257 39.40000000000001
395 -21221.08134211724 39.5
396 -21221.7980526292 39.6
397 -21220.59001661235 39.7
398 -21217.88776249511 39.8
399 -21213.42626441854 39.90000000000001
400 -21207.1350831438 40
401 -21199.18846913375 40.1
402 -21189.94265579831 40.2
403 -21178.91151816825 40.3
404 -21166.05379441373 40.40000000000001
405 -20829.58082830668 40.5
406 -20090.91361311725 40.6
407 -18712.78475384129 40.7
408 -18673.98467180661 40.8
409 -18729.91851360921 40.90000000000001
410 -18733.65492087174 41
411 -18730.83347771737 41.1
412 -18725.21222605944 41.2
413 -18719.90815215299 41.3
414 -18716.14420324301 41.40000000000001
415 -18715.12443589083 41.5
416 -18717.96145221914 41.6
417 -18725.08647394104 41.7
418 -18735.7847630332 41.8
419 -18750.20955018822 41.90000000000001
420 -18768.37054133163 42
421 -18790.07019795311 42.1
422 -18814.63704358921 42.2
423 -18842.26382613876 42.3
424 -18872.33496589875 42.40000000000001
425 -18904.58375927864 42.5
426 -18938.49958597956 42.6
427 -18974.18167128832 42.7
428 -19010.69207186067 42.8
429 -19048.15902238649 42.90000000000001
430 -19086.72246613672 43
431 -19125.97333505128 43.1
432 -19164.83072048863 43.2
433 -19203.9676488865 43.3
434 -19242.38766685577 43.40000000000001
435 -19280.45368036823 43.5
436 -19317.59210245187 43.6
437 -19353.47339174607 43.7
438 -19388.77842283448 43.8
439 -19422.72621066554 43.90000000000001
440 -19455.78579924694 44
441 -19487.03651245962 44.1
442 -19517.1342200104 44.2
443 -19545.41475298567 44.3
444 -19680.68866358852 44.40000000000001
445 -19108.14401611955 44.5
446 -18748.55947478696 44.6
447 -18548.92638034147 44.7
448 -18364.31497577481 44.8
449 -18179.88428031805 44.90000000000001
450 -17999.68765145383 45
451 -17821.31303655868 45.1
452 -17660.91200103587 45.2
453 -17500.00774808181 45.3
454 -17346.90802863903 45.40000000000001
455 -17200.79230576575 45.5
456 -16799.9801475966 45.6
457 -17369.88395180108 45.7
458 -17471.94453160718 45.8
459 -17550.89778336127 45.90000000000001
460 -17622.82269138119 46
461 -17690.22912854881 46.1
462 -17752.38104298918 46.2
463 -17810.01609837353 46.3
464 -18258.08799368416 46.40000000000001
465 -18544.28725969919 46.5
466 -17438.06149125703 46.6
467 -15609.03843877356 46.7
468 -15257.02571483009 46.8
469 -15164.70992049073 46.90000000000001
470 -15128.18856936482 47
471 -15095.93832885237 47.1
472 -15068.3895121114 47.2
473 -15049.25306798265 47.3
474 -15037.38396262291 47.40000000000001
475 -15033.18179895921 47.5
476 -15035.41076258836 47.6
477 -15044.27289541466 47.7
478 -15058.4648475106 47.8
479 -15077.73192341099 47.90000000000001
480 -15101.94861156393 48
481 -15129.73930423141 48.1
482 -15160.45899768382 48.2
483 -15193.8909990992 48.3
484 -15230.16842193413 48.40000000000001
485 -15268.2381270647 48.5
486 -15307.81995628344 48.6
487 -15349.03908960982 48.7
488 -15390.47425703013 48.8
489 -15432.53446956867 48.90000000000001
490 -15474.79606557348 49
491 -15516.41393329008 49.1
492 -15557.79801637347 49.2
493 -15598.62049236097 49.3
494 -15638.18194521035 49.40000000000001
495 -15676.41988763416 49.5
496 -15713.68141486728 49.6
497 -15749.91783147225 49.7
498 -15784.53858188568 49.8
499 -15817.23769627701 49.90000000000001
500 -16054.73063328712 50
501 -472.7365339134039 50.01
502 -462.3102860584182 50.02
503 -445.3156365062678 50.03
504 -433.0460571460824 50.04
505 -430.6593777839528 50.05
506 -418.6071018515728 50.06
507 -407.3183964467842 50.07
508 -397.0927396303907 50.08
509 -390.0796451559665 50.09
510 -384.2538889867419 50.1
511 -378.1095145503021 50.11
512 -375.6554896910962 50.12
513 -369.9505868214476 50.13
514 -363.2736325115589 50.14
515 -362.9250649692559 50.15
516 -355.4272574397314 50.16
517 -347.3699657320803 50.17
518 -339.6485805997377 50.18
519 -337.6150653516154 50.19
520 -331.7569222391887 50.2
521 -324.8988875909708 50.21
522 -318.3309771780176 50.22
523 -311.3993489271707 50.23
524 -313.497835855534 50.24
525 -309.3431587960502 50.25
526 -304.4486193481104 50.26
527 -312.7296118706149 50.27
528 -307.2720982585247 50.28
529 -301.9516116116833 50.29
530 -296.7536191388099 50.3
531 -291.9376134387585 50.31
532 -287.314133458685 50.32
533 -289.1566573873772 50.33
534 -289.2415760528824 50.34
535 -285.2530837202739 50.35
536 -281.0472991261635 50.36
537 -282.3142189547193 50.37
538 -276.6023583461445 50.38
539 -273.2191024271505 50.39
540 -269.2865804291666 50.4
541 -265.4151362982436 50.41
542 -261.6044529807699 50.42
543 -257.8445132270828 50.43
544 -254.139348459225 50.44
545 -252.6247620911934 50.45
546 -249.2273190964047 50.46
547 -245.6079115355268 50.47
548 -242.0402165236688 50.48
549 -238.5241779191659 50.49
550 -235.0069979206521 50.5
551 -231.6148266970359 50.51
552 -227.9820219833234 50.52
553 -223.8462899842825 50.53
554 -220.6095810519097 50.54
555 -217.4151013338483 50.55
556 -213.0168041179684 50.56
557 -209.8572632482683 50.57
558 -206.732709214027 50.58
559 -203.1964514520018 50.59
560 -200.1320745622506 50.6
561 -197.1044736170439 50.61
562 -193.0574296364069 50.62
563 -190.1297687964723 50.63
564 -187.2471144911089 50.64
565 -182.5474791125807 50.65
566 -179.6643451202649 50.66
567 -176.9181434507001 50.67
568 -166.5949549511563 50.68
569 -162.2670879972722 50.69
570 -159.712309227694 50.7
571 -156.8376240974286 50.71
572 -151.9347568043622 50.72
573 -148.5681532789031 50.73
574 -144.749416872318 50.74
575 -142.7380837854343 50.75
576 -139.5062541191404 50.76
577 -137.6196014763709 50.77
578 -134.5181474664975 50.78
579 -131.9658591857019 50.79
580 -128.8107373845355 50.8
581 -127.1446615170614 50.81
582 -124.7280933281611 50.82
583 -123.2226334094889 50.83
584 -120.6601994114647 50.84
585 -117.090339340112 50.85
586 -115.7892279904605 50.86
587 -114.2067932875667 50.87
588 -112.4898367776565 50.88
589 -110.4627525271405 50.89
590 -110.3586417442618 50.9
591 -109.2880883565426 50.91
592 -108.2501075501735 50.92
593 -107.2490010140075 50.93
594 -103.5976296875096 50.94
595 -102.6903793530371 50.95
596 -101.8175904135161 50.96
597 -101.5656053827735 50.97
598 -102.1813246934634 50.98
599 -103.0395416534915 50.99
600 -102.9095267713085 51
601 -102.7228960507962 51.01
602 -102.4589448974524 51.02
603 -102.6337403452612 51.03
604 -101.9953629285282 51.04
605 -101.3901888380936 51.05
606 -100.8199037848165 51.06
607 -100.2843688475899 51.07
608 -99.78440399091967 51.08
609 -99.31651960611924 51.09
610 -99.36628919180058 51.1
611 -98.97995787969988 51.11
612 -98.62752802234596 51.12
613 -98.31427362900403 51.13
614 -98.04267164496204 51.14
615 -97.8239247244321 51.15
616 -97.62731326315365 51.16
617 -97.50307634946881 51.17
618 -97.36107229026912 51.18
619 -97.59630085313664 51.19
620 -98.58357906029558 51.2
621 -98.53440506866879 51.21
622 -100.2530906779576 51.22
623 -102.7053206380112 51.23
624 -103.3762213457684 51.24
625 -105.3938578706226 51.25
626 -106.1441912529855 51.26
627 -106.1802824831693 51.27
628 -106.2465671541022 51.28
629 -106.333665723118 51.29
630 -106.4350014740501 51.3
631 -106.5631702636706 51.31
632 -107.1032595372923 51.32
633 -107.2444779270591 51.33
634 -107.3141257995822 51.34
635 -107.3414448049151 51.35
636 -107.3478233535391 51.36
637 -107.3284091850333 51.37
638 -107.2754281514582 51.38
639 -107.1813873145837 51.39
640 -107.0408868607133 51.4
641 -106.848995883847 51.41
642 -106.602198072192 51.42
643 -106.2997616832464 51.43
644 -105.9427644088065 51.44
645 -105.2986635893668 51.45
646 -104.3698845177345 51.46
647 -103.8439785896548 51.47
648 -101.1147776921705 51.48
649 -100.5164242933136 51.49
650 -99.88839172933326 51.5
651 -99.23498961421195 51.51
652 -98.55978166740452 51.52
653 -97.8648592124305 51.53
654 -97.15252850235461 51.54
655 -96.4259513431047 51.55
656 -95.68784065716495 51.56
657 -94.54667735151116 51.57
658 -93.4891505544618 51.58
659 -91.67854327496542 51.59
660 -91.23809403382852 51.6
661 -90.54797753282398 51.61
662 -90.11099964544078 51.62
663 -89.42841195220369 51.63
664 -88.9972065893151 51.64
665 -88.63061632547056 51.65
666 -87.96521669722908 51.66
667 -87.54699195249808 51.67
668 -87.19309554677923 51.68
669 -86.84398129541169 51.69
670 -86.49997408562662 51.7
671 -86.1612539592799 51.71
672 -85.82799631932669 51.72
673 -85.21586212178653 51.73
674 -84.89779924254057 51.74
675 -83.61085901618985 51.75
676 -83.35895536665173 51.76
677 -82.34399499176196 51.77
678 -82.05967051796064 51.78
679 -81.78269282629775 51.79
680 -81.51178465606961 51.8
681 -81.24717097325524 51.81
682 -81.03345256239227 51.82
683 -80.78473227215095 51.83
684 -80.54413022647769 51.84
685 -80.31178949051467 51.85
686 -80.08787857188526 51.86
687 -79.87271105093603 51.87
688 -79.66653635096131 51.88
689 -79.46952089410327 51.89
690 -79.28189905055942 51.9
691 -79.10386676496579 51.91
692 -78.93549382991702 51.92
693 -78.77680263730005 51.93
694 -78.62791773555577 51.94
695 -78.48896870830471 51.95
696 -78.36010219971472 51.96
697 -78.24140029768058 51.97
698 -78.1329512747581 51.98
699 -78.03449875058212 51.99
700 -77.94609572917288 52
701 -77.86724633754075 52.01
702 -77.79772497425613 52.02
703 -77.73717199572772 52.03
704 -77.68517833439462 52.04
705 -77.63482293720514 52.05
706 -77.59494733425176 52.06
707 -77.56918217091615 52.07
708 -77.54458530283847 52.08
709 -77.5364850864409 52.09
710 -77.5382401359383 52.1
711 -77.54951621044893 52.11
712 -77.9000090636039 52.12
713 -77.95646076796265 52.13
714 -77.99574207196228 52.14
715 -78.04271542130333 52.15
716 -78.11450031509165 52.16
717 -78.21580750094371 52.17
718 -78.99892547179304 52.18
719 -79.16450206374898 52.19
720 -79.29864390604413 52.2
721 -80.32506322544565 52.21
722 -80.63932108491537 52.22
723 -80.88418580109946 52.23
724 -81.09459083890857 52.24
725 -82.45010389556681 52.25
726 -82.79485743325803 52.26
727 -83.29246313537469 52.27
728 -83.80554772499222 52.28
729 -84.2995656070014 52.29
730 -84.82965740471059 52.3
731 -85.3914463496566 52.31
732 -85.97363741391433 52.32
733 -86.50706074777565 52.33
734 -87.10772166823529 52.34
735 -89.15774033964328 52.35
736 -90.45787823054299 52.36
737 -91.0601629507802 52.37
738 -95.67027674121087 52.38
739 -96.89481892584094 52.39
740 -98.02412016472425 52.4
741 -98.54036456401246 52.41
742 -98.97543675992098 52.42
743 -99.35207309026666 52.43
744 -100.5113484621796 52.44
745 -100.7730943609387 52.45
746 -103.6475867018278 52.46
747 -103.8032492113716 52.47
748 -103.8415877614457 52.48
749 -103.8103450893847 52.49
750 -103.7146888162905 52.5
751 -103.5594449013431 52.51
752 -101.1827300645086 52.52
753 -100.9137048133235 52.53
754 -100.5855978516513 52.54
755 -100.1952505188842 52.55
756 -99.73923069682223 52.56
757 -99.21287399637735 52.57
758 -95.94595640759304 52.58
759 -95.2839164248215 52.59
760 -94.55299926439994 52.6
761 -93.75529586877262 52.61
762 -92.89643929075723 52.62
763 -91.98206051781327 52.63
764 -91.01666072999095 52.64
765 -89.15725249457445 52.65
766 -88.10844596496156 52.66
767 -87.02894625279384 52.67
768 -85.92191726856393 52.68
769 -83.53983394669675 52.69
770 -82.39857637247331 52.7
771 -81.24646567989733 52.71
772 -80.0895011043006 52.72
773 -78.93357908324104 52.73
774 -77.78420949461241 52.74
775 -76.63970178715991 52.75
776 -74.64900203569897 52.76
777 -73.55099727831863 52.77
778 -72.47852332486531 52.78
779 -71.53692206761467 52.79
780 -70.92383935990021 52.8
781 -70.3741552741627 52.81
782 -70.03164315739832 52.82
783 -69.74347489141142 52.83
784 -69.4606153863709 52.84
785 -69.18313851604589 52.85
786 -68.95627598224422 52.86
787 -68.73358699663406 52.87
788 -68.47165767879594 52.88
789 -68.21537511577823 52.89
790 -67.96479317226826 52.9
791 -67.71999287042652 52.91
792 -67.48110092505569 52.92
793 -67.24826998691304 52.93
794 -67.02167916811352 52.94
795 -66.80164034275934 52.95
796 -66.58811152586836 52.96
797 -66.38120992143865 52.97
798 -66.18100857238421 52.98
799 -65.98792085963862 52.99
800 -65.80217054678042 53
801 -65.62372302014631 53.01
802 -65.45241915233933 53.02
803 -65.28821735110823 53.03
804 -65.13111046542684 53.04
805 -64.98108721526273 53.05
806 -64.8381344316781 53.06
807 -64.70221192807465 53.07
808 -64.57332913534954 53.08
809 -64.45163862027528 53.09
810 -64.33724747602599 53.1
811 -64.23030825044306 53.11
812 -64.13088815314224 53.12
813 -64.03907735341808 53.13
814 -63.95510659470161 53.14
815 -63.8792647313249 53.15
816 -63.8114751822031 53.16
817 -63.7515488806036 53.17
818 -63.69950016465354 53.18
819 -63.65516367573942 53.19
820 -63.61846127017213 53.2
821 -63.58938882030566 53.21
822 -63.5678401019414 53.22
823 -63.55376935693132 53.23
824 -63.54708666795651 53.24
825 -63.54762046689797 53.25
826 -63.55528548435628 53.26
827 -63.57023923124601 53.27
828 -63.59251757204668 53.28
829 -63.62208786743084 53.29
830 -63.65884112503368 53.3
831 -63.70264869555396 53.31
832 -63.75345016303712 53.32
833 -63.81115402715012 53.33
834 -63.87555403738467 53.34
835 -63.94644592299637 53.35
836 -64.02365975923399 53.36
837 -64.10723264872604 53.37
838 -64.19706929982615 53.38
839 -64.29306151475859 53.39
840 -64.39496004289191 53.4
841 -64.50255122601352 53.41
842 -64.61577312876079 53.42
843 -64.73449015886591 53.43
844 -64.85856782727754 53.44
845 -64.9879294071944 53.45
846 -65.12246435455017 53.46
847 -65.26203853584435 53.47
848 -65.40650112881391 53.48
849 -65.55568533216605 53.49
850 -65.70938687256863 53.5
851 -65.86739477347045 53.51
852 -67.04685066103032 53.52
853 -67.2872967889612 53.53
854 -67.45720594294927 53.54
855 -67.62930669705463 53.55
856 -67.80455061550943 53.56
857 -67.98276303145323 53.57
858 -68.16366992395726 53.58
859 -68.34702297831281 53.59
860 -69.43016435339989 53.6
861 -69.81897018013672 53.61
862 -70.0765046890244 53.62
863 -70.46663252430608 53.63
864 -70.86080139722449 53.64
865 -71.23002321610929 53.65
866 -71.46228731974527 53.66
867 -71.79531885625163 53.67
868 -72.19768174146294 53.68
869 -72.63580853844196 53.69
870 -73.31315205157662 53.7
871 -74.08668896574822 53.71
872 -74.49888444337834 53.72
873 -76.64051203393993 53.73
874 -78.11550002735882 53.74
875 -79.47277660440976 53.75
876 -80.05097056917623 53.76
877 -80.6051379229267 53.77
878 -81.93924691814935 53.78
879 -82.68320739002345 53.79
880 -85.15151018868433 53.8
881 -85.5565735469621 53.81
882 -85.89745715903052 53.82
883 -86.13576059909951 53.83
884 -86.3557387412809 53.84
885 -86.47414384548206 53.85
886 -86.53065019677931 53.86
887 -86.56084768690366 53.87
888 -86.55789380480208 53.88
889 -86.51936249805246 53.89
890 -86.44355347118287 53.9
891 -86.31564571655788 53.91
892 -86.16783162790368 53.92
893 -85.96344551404701 53.93
894 -85.69210213698192 53.94
895 -85.24244897928384 53.95
896 -84.65090476442991 53.96
897 -83.97375406388109 53.97
898 -83.45430881968268 53.98
899 -82.65777494212378 53.99
900 -81.8084042918418 54
901 -80.91385634945215 54.01
902 -79.97786920113282 54.02
903 -78.99635565232462 54.03
904 -77.99302342237941 54.04
905 -75.06386639895635 54.05
906 -74.04553118715928 54.06
907 -73.01327607594131 54.07
908 -71.96914296972292 54.08
909 -68.85706555556794 54.09
910 -67.81335093540166 54.1
911 -65.98903973674534 54.11
912 -64.96082898709649 54.12
913 -63.94326926684537 54.13
914 -62.94131094899643 54.14
915 -62.20412024470765 54.15
916 -61.52947586643031 54.16
917 -60.79744432716582 54.17
918 -59.58692895017854 54.18
919 -58.78329482200083 54.19
920 -58.22008122326116 54.2
921 -57.75656043946741 54.21
922 -57.26560836059353 54.22
923 -56.94773988166059 54.23
924 -56.56179349584758 54.24
925 -56.26253763904922 54.25
926 -55.90053223594647 54.26
927 -55.69025120819295 54.27
928 -55.48579452784743 54.28
929 -55.28732661738572 54.29
930 -55.09454381671789 54.3
931 -54.90752467625989 54.31
932 -54.7267879219846 54.32
933 -54.55230375310116 54.33
934 -54.38419326919225 54.34
935 -54.22256055071418 54.35
936 -54.06748238864999 54.36
937 -53.91905763372497 54.37
938 -53.77752874994935 54.38
939 -53.64303394743843 54.39
940 -53.51558012749536 54.4
941 -53.39525420572963 54.41
942 -53.28224229562863 54.42
943 -53.17680804945945 54.43
944 -53.07909635151803 54.44
945 -52.98905706219632 54.45
946 -52.9066970832662 54.46
947 -52.83211199964811 54.47
948 -52.76539855852569 54.48
949 -52.70668770673141 54.49
950 -52.65605210390525 54.5
951 -52.61337448207475 54.51
952 -52.57848031300202 54.52
953 -52.55128043021214 54.53
954 -52.53172786713444 54.54
955 -52.51975254797121 54.55
956 -52.51522077831434 54.56
957 -52.5180557582154 54.57
958 -52.53035364996083 54.58
959 -52.55211630576381 54.59
960 -52.60368674571897 54.6
961 -52.68230748216387 54.61
962 -52.78239528720672 54.62
963 -52.96808426400843 54.63
964 -53.21712416836808 54.64
965 -53.50417922245856 54.65
966 -53.8241866677934 54.66
967 -54.1732716224271 54.67
968 -54.54812641028641 54.68
969 -54.94689874272139 54.69
970 -55.36823297961887 54.7
971 -55.81100337484423 54.71
972 -56.27344756405135 54.72
973 -57.36495889192475 54.73
974 -57.86319776438619 54.74
975 -60.12539455452505 54.75
976 -60.64194279418793 54.76
977 -63.09715124183044 54.77
978 -63.62005582207645 54.78
979 -64.10180560700213 54.79
980 -65.47611245471377 54.8
981 -65.97076590429677 54.81
982 -66.46499538695008 54.82
983 -68.78690024027135 54.83
984 -70.153409728329 54.84
985 -70.71731139952664 54.85
986 -71.16587981584291 54.86
987 -71.55933578228031 54.87
988 -73.36358479935375 54.88
989 -73.63711053743003 54.89
990 -73.83981778049467 54.9
991 -74.0530551495993 54.91
992 -73.72350317345703 54.92
993 -74.17801103246661 54.93
994 -73.01630294323482 54.94
995 -73.66508679690396 54.95
996 -73.13856470844306 54.96
997 -73.16832539611778 54.97
998 -73.18472852922019 54.98
999 -73.18603023246482 54.99
1000 -73.17073647950328 55
1001 -73.1452056538903 55.01
1002 -73.10749400399564 55.02
1003 -73.05727701662147 55.03
1004 -72.99446174459501 55.04
1005 -72.91859963794474 55.05
1006 -72.82962400236096 55.06
1007 -71.85038582253418 55.07
1008 -71.73574357134601 55.08
1009 -71.60835215834918 55.09
1010 -71.37040370360832 55.1
1011 -71.2674653748423 55.11
1012 -71.10295547022054 55.12
1013 -70.92633842649253 55.13
1014 -70.73794901082235 55.14
1015 -70.53813457800375 55.15
1016 -70.32754032837695 55.16
1017 -70.10660941536715 55.17
1018 -69.87575157811519 55.18
1019 -69.63530415480588 55.19
1020 -69.38558345124032 55.2
1021 -67.26779781930993 55.21
1022 -67.00190753265088 55.22
1023 -66.72751553458816 55.23
1024 -66.44510233553518 55.24
1025 -66.15509051821329 55.25
1026 -65.77161493365831 55.26
1027 -65.46767430220032 55.27
1028 -65.15729115348373 55.28
1029 -65.10458972248799 55.29
1030 -64.83935959119552 55.3
1031 -64.78548700409722 55.31
1032 -64.51430350983111 55.32
1033 -64.4592549356373 55.33
1034 -64.18219002916699 55.34
1035 -64.1259950413526 55.35
1036 -63.84328169323163 55.36
1037 -63.78599867652192 55.37
1038 -63.49797974019373 55.38
1039 -63.43968299428104 55.39
1040 -63.14673991852595 55.4
1041 -63.08750853394043 55.41
1042 -62.78998904949193 55.42
1043 -62.72985677721371 55.43
1044 -62.42772489895724 55.44
1045 -62.36671429958188 55.45
1046 -62.06042267723626 55.46
1047 -61.99864849482085 55.47
1048 -61.68873536159475 55.48
1049 -61.62628397167451 55.49
1050 -61.31306938666101 55.5
1051 -61.24998799712149 55.51
1052 -61.18677039450615 55.52
1053 -60.93314766163311 55.53
1054 -60.86937686002844 55.54
1055 -60.80548084202599 55.55
1056 -60.54927514084689 55.56
1057 -60.48491056191158 55.57
1058 -60.42044936466841 55.58
1059 -59.99006877924207 55.59
1060 -59.92525716739457 55.6
1061 -59.86037783698072 55.61
1062 -59.60044363555976 55.62
1063 -59.53531626655025 55.63
1064 -59.47013954327262 55.64
1065 -59.20889803420913 55.65
1066 -59.14347034113931 55.66
1067 -59.07802965850135 55.67
1068 -58.63723475860603 55.68
1069 -58.57163351515213 55.69
1070 -58.50604480824524 55.7
1071 -58.24360485734056 55.71
1072 -58.17798089968804 55.72
1073 -58.11240161751922 55.73
1074 -57.85019878801774 55.74
1075 -57.7846822361613 55.75
1076 -57.71925038739008 55.76
1077 -57.45777689607247 55.77
1078 -57.39251315145302 55.78
1079 -57.32734388373245 55.79
1080 -57.06712344152887 55.8
1081 -57.0022439138256 55.81
1082 -56.93749480044913 55.82
1083 -56.67913105054317 55.83
1084 -56.6147884102957 55.84
1085 -56.55060278158405 55.85
1086 -56.29469513422757 55.86
1087 -56.23104029142689 55.87
1088 -56.16756767616486 55.88
1089 -55.91456119914254 55.89
1090 -55.85166147512754 55.9
1091 -55.7889612740632 55.91
1092 -55.539108065363 55.92
1093 -55.47704694240405 55.93
1094 -55.41520872210595 55.94
1095 -55.16891380026731 55.95
1096 -55.10780033097964 55.96
1097 -55.04693135743393 55.97
1098 -54.80464952738092 55.98
1099 -54.74459067447481 55.99
1100 -54.68480907449241 56
1101 -54.44700179997865 56.01
1102 -54.38812641466163 56.02
1103 -54.3295490016925 56.03
1104 -54.09669632451257 56.04
1105 -54.03911975304319 56.05
1106 -53.98186618859658 56.06
1107 -53.75446059140238 56.07
1108 -53.69830784164627 56.08
1109 -53.64250656174312 56.09
1110 -53.42104007186222 56.1
1111 -53.36642530347129 56.11
1112 -53.31218604947764 56.12
1113 -53.09711106994261 56.13
1114 -53.04414864641601 56.14
1115 -52.99159001089254 56.15
1116 -52.63642541919594 56.16
1117 -52.5853049162323 56.17
1118 -52.53460631561672 56.18
1119 -52.33410216284994 56.19
1120 -52.2849475509909 56.2
1121 -52.04276365935537 56.21
1122 -51.99546789818479 56.22
1123 -51.76250778337883 56.23
1124 -51.71697738364281 56.24
1125 -51.49247267160074 56.25
1126 -51.44871065396455 56.26
1127 -51.23355799622131 56.27
1128 -51.19174304788329 56.28
1129 -50.98658441272147 56.29
1130 -50.94681611235244 56.3
1131 -50.75172484936043 56.31
1132 -50.67637003407503 56.32
1133 -50.52918241824435 56.33
1134 -50.45779975189932 56.34
1135 -50.31877561168906 56.35
1136 -50.2515940998391 56.36
1137 -50.12107202379884 56.37
1138 -49.93479314953012 56.38
1139 -49.75957900477212 56.39
1140 -49.5949883117992 56.4
1141 -49.44061095738856 56.41
1142 -49.2960365408123 56.42
1143 -49.16094828913826 56.43
1144 -49.03487977609218 56.44
1145 -48.91735066162956 56.45
1146 -48.33725457645172 56.46
1147 -48.25228655797542 56.47
1148 -48.20435904085406 56.48
1149 -48.15883370651105 56.49
1150 -48.11577746355893 56.5
1151 -48.07524807573937 56.51
1152 -48.03731271532672 56.52
1153 -47.99055770990586 56.53
1154 -47.93797896590309 56.54
1155 -47.88310894754007 56.55
1156 -47.98585188399895 56.56
1157 -47.96902074408586 56.57
1158 -47.94029296270745 56.58
1159 -47.91854385667821 56.59
1160 -47.90450149220308 56.6
1161 -47.89762181337787 56.61
1162 -47.90151661014565 56.62
1163 -48.0578388197123 56.63
1164 -48.11050910317721 56.64
1165 -48.56801311596047 56.65
1166 -48.82262936529282 56.66
1167 -49.1347920317592 56.67
1168 -49.38195290419375 56.68
1169 -49.61717356124137 56.69
1170 -49.87298769818538 56.7
1171 -50.14807192255564 56.71
1172 -50.43334492012131 56.72
1173 -50.73729732961903 56.73
1174 -51.05992187535367 56.74
1175 -51.39986569979344 56.75
1176 -51.7560414614014 56.76
1177 -52.19100966629329 56.77
1178 -53.43950251238964 56.78
1179 -54.31796217783002 56.79
1180 -54.71762583825539 56.8
1181 -55.12374358241232 56.81
1182 -55.53251536714208 56.82
1183 -55.94297979450511 56.83
1184 -56.35342291418085 56.84
1185 -57.76562984842457 56.85
1186 -58.16191764698726 56.86
1187 -58.98768344588667 56.87
1188 -59.35421693486094 56.88
1189 -59.70788861322308 56.89
1190 -60.04567011975584 56.9
1191 -61.99404124239952 56.91
1192 -63.06900454391825 56.92
1193 -64.37160774641086 56.93
1194 -64.60158826257759 56.94
1195 -64.79592339897189 56.95
1196 -64.95015490127561 56.96
1197 -65.05947231025387 56.97
1198 -65.11286792219697 56.98
1199 -65.12477733141901 56.99
1200 -65.08815105269404 57
1201 -64.99880228725611 57.01
1202 -64.85816277463265 57.02
1203 -64.67031977069344 57.03
1204 -64.43522171441437 57.04
1205 -64.21107713855756 57.05
1206 -64.02065338726418 57.06
1207 -63.89921443141474 57.07
1208 -63.78788091716914 57.08
1209 -63.66931015578806 57.09
1210 -63.54297158774967 57.1
1211 -63.38553062192333 57.11
1212 -63.26578329474568 57.12
1213 -63.16514354583649 57.13
1214 -63.03353686152276 57.14
1215 -62.89555595849313 57.15
1216 -62.6922011205679 57.16
1217 -61.0101616649271 57.17
1218 -60.85225955634968 57.18
1219 -60.72103838742307 57.19
1220 -60.58544024189894 57.2
1221 -60.44543772849963 57.21
1222 -60.30102392734562 57.22
1223 -60.15218194204442 57.23
1224 -59.96038123899777 57.24
1225 -59.7222449440753 57.25
1226 -59.55856598598176 57.26
1227 -59.34894594121261 57.27
1228 -59.13390777192222 57.28
1229 -58.91367514078652 57.29
1230 -58.77893539125273 57.3
1231 -58.64233636147856 57.31
1232 -58.50397686308794 57.32
1233 -58.36386940427374 57.33
1234 -58.31655589222573 57.34
1235 -58.02998596774948 57.35
1236 -57.9813727891083 57.36
1237 -57.78574342453237 57.37
1238 -57.73620113770074 57.38
1239 -57.48673303247382 57.39
1240 -57.43615261018066 57.4
1241 -56.23797601595085 57.41
1242 -56.18650798224016 57.42
1243 -56.08319305203795 57.43
1244 -55.92713367733879 57.44
1245 -55.87464514703487 57.45
1246 -55.61073600776757 57.46
1247 -55.55737868844496 57.47
1248 -55.45032358200553 57.48
1249 -55.28876340528806 57.49
1250 -55.23450179967044 57.5
1251 -55.18005659709346 57.51
1252 -54.32041461314058 57.52
1253 -54.15632154765129 57.53
1254 -53.95538171516022 57.54
1255 -53.90008029327703 57.55
1256 -53.84460708879146 57.56
1257 -53.67761872770861 57.57
1258 -53.62160180262131 57.58
1259 -53.56542730309987 57.59
1260 -53.50910147280854 57.6
1261 -53.33958144546209 57.61
1262 -53.28275265243219 57.62
1263 -53.22579172757415 57.63
1264 -53.1687037906481 57.64
1265 -52.99698180560243 57.65
1266 -52.939466153464 57.66
1267 -52.881847643454 57.67
1268 -52.82413062474996 57.68
1269 -52.65061391659524 57.69
1270 -52.59263461259098 57.7
1271 -52.53457847150784 57.71
1272 -52.47644570722088 57.72
1273 -52.30161759383773 57.73
1274 -52.24321646400881 57.74
1275 -52.18477000922051 57.75
1276 -52.1262791226189 57.76
1277 -51.95050013886434 57.77
1278 -51.89180946460917 57.78
1279 -51.7117482990454 57.79
1280 -51.65308040861842 57.8
1281 -51.41802575990099 57.81
1282 -51.35919122714939 57.82
1283 -51.30038102355473 57.83
1284 -51.06507626945056 57.84
1285 -51.0062488808996 57.85
1286 -50.94748796869533 57.86
1287 -50.65378909296092 57.87
1288 -50.59508844136839 57.88
1289 -50.36050809779613 57.89
1290 -50.27011959124916 57.9
1291 -50.2117665863343 57.91
1292 -49.97863706744918 57.92
1293 -49.92055974148589 57.93
1294 -49.5728970431765 57.94
1295 -49.51527118361804 57.95
1296 -49.28503379204359 57.96
1297 -49.2278314640356 57.97
1298 -49.1708964343061 57.98
1299 -48.94399524160592 57.99
1300 -48.88772126998599 58
1301 -48.137380326242 58.01
1302 -48.08211503169706 58.02
1303 -47.86215789670847 58.03
1304 -47.80773282202062 58.04
1305 -47.75362460045979 58.05
1306 -47.53853704838642 58.06
1307 -47.48540328981495 58.07
1308 -47.22177395041096 58.08
1309 -47.11767718525411 58.09
1310 -46.86015561247196 58.1
1311 -46.80946061455573 58.11
1312 -46.60814711211535 58.12
1313 -46.55855726595892 58.13
1314 -46.3130041945716 58.14
1315 -45.97702317617262 58.15
1316 -45.93015466710098 58.16
1317 -45.74425697681976 58.17
1318 -45.69863233262557 58.18
1319 -45.51812948292169 58.19
1320 -45.47394725671059 58.2
1321 -45.25607687612492 58.21
1322 -45.12850576380704 58.22
1323 -45.0033415850309 58.23
1324 -44.88062232330752 58.24
1325 -44.72059399517035 58.25
1326 -44.52621873995511 58.26
1327 -44.30100157663561 58.27
1328 -44.19201793119243 58.28
1329 -44.08547676169525 58.29
1330 -43.98149415499646 58.3
1331 -43.88013991130904 58.31
1332 -43.68429678070105 58.32
1333 -43.49774657506368 58.33
1334 -43.40838508573506 58.34
1335 -43.29311749574749 58.35
1336 -43.15508053454599 58.36
1337 -42.99792175468498 58.37
1338 -42.8497150046841 58.38
1339 -42.77930204692771 58.39
1340 -42.68910422706819 58.4
1341 -42.58215934891992 58.41
1342 -42.46198657454249 58.42
1343 -42.33248591589734 58.43
1344 -42.24716027547368 58.44
1345 -42.15251004177033 58.45
1346 -41.74242238778558 58.46
1347 -41.63202199217447 58.47
1348 -41.56796559383272 58.48
1349 -41.48509459104399 58.49
1350 -41.41695769576445 58.5
1351 -41.35717257544006 58.51
1352 -41.31681573434648 58.52
1353 -41.51947136999298 58.53
1354 -41.54100745423845 58.54
1355 -41.55341783989529 58.55
1356 -41.59041080877169 58.56
1357 -41.65030723739158 58.57
1358 -41.73357310222367 58.58
1359 -41.86730253100914 58.59
1360 -41.99970554279169 58.6
1361 -42.15788688052216 58.61
1362 -42.34141355298175 58.62
1363 -42.54930170387441 58.63
1364 -43.16656077342481 58.64
1365 -43.42016744793204 58.65
1366 -43.6929452511511 58.66
1367 -43.98555888314303 58.67
1368 -44.29650706712982 58.68
1369 -44.62459387064268 58.69
1370 -44.96808895462112 58.7
1371 -45.32502336485614 58.71
1372 -45.69315763927263 58.72
1373 -46.07045803461689 58.73
1374 -47.1607565503761 58.74
1375 -47.55997358194002 58.75
1376 -48.7796407046797 58.76
1377 -49.17481747110223 58.77
1378 -50.85410432742094 58.78
1379 -51.22929457439319 58.79
1380 -51.57108339120999 58.8
1381 -51.88271981664907 58.81
1382 -52.18816427826799 58.82
1383 -52.46751191397785 58.83
1384 -52.73262174700047 58.84
1385 -52.98194820712445 58.85
1386 -53.20575902032319 58.86
1387 -53.3859446044617 58.87
1388 -53.5413735595077 58.88
1389 -53.66441502985828 58.89
1390 -53.75032445558589 58.9
1391 -53.79838160333178 58.91
1392 -53.80690228014438 58.92
1393 -53.77431121032534 58.93
1394 -53.69794282219059 58.94
1395 -53.57611003310404 58.95
1396 -53.40956481939895 58.96
1397 -53.19886113846113 58.97
1398 -52.94490272546449 58.98
1399 -52.74053726479355 58.99
1400 -52.61251263932392 59
1401 -52.25790129562396 59.01
1402 -51.96043102362735 59.02
1403 -51.74687100428118 59.03
1404 -51.5893792137222 59.04
1405 -51.44848387268448 59.05
1406 -51.32630989986961 59.06
1407 -51.19949376049718 59.07
1408 -51.09431202146219 59.08
1409 -50.98568378744972 59.09
1410 -50.87355829247343 59.1
1411 -50.75787459290294 59.11
1412 -50.6386276919923 59.12
1413 -50.51585321686915 59.13
1414 -50.42127703348811 59.14
1415 -50.324568447339 59.15
1416 -50.22569125005619 59.16
1417 -50.12461647946755 59.17
1418 -50.0213480175503 59.18
1419 -49.91588735542332 59.19
1420 -49.80825694564043 59.2
1421 -49.69849036247621 59.21
1422 -49.58660469689122 59.22
1423 -49.47261547182223 59.23
1424 -49.35654468066404 59.24
1425 -49.23842753593779 59.25
1426 -49.11831370877994 59.26
1427 -48.99623451285822 59.27
1428 -48.87222642725764 59.28
1429 -48.78839577792006 59.29
1430 -48.6611941845614 59.3
1431 -48.57530139708886 59.31
1432 -48.48857862191442 59.32
1433 -48.40102952919015 59.33
1434 -48.31266498921256 59.34
1435 -48.2235002566668 59.35
1436 -48.17853758018326 59.36
1437 -48.08811860386381 59.37
1438 -48.04254534538534 59.38
1439 -47.95090957015988 59.39
1440 -47.9047386310997 59.4
1441 -47.81192774940606 59.41
1442 -47.76518620691448 59.42
1443 -47.67125683325917 59.43
1444 -47.62397395065098 59.44
1445 -47.5289957302162 59.45
1446 -47.48120248420574 59.46
1447 -47.4332267193297 59.47
1448 -47.3850762122532 59.48
1449 -47.33675290732802 59.49
1450 -47.28825524657515 59.5
1451 -47.23958384779197 59.51
1452 -47.14186392989546 59.52
1453 -47.09272488245066 59.53
1454 -46.99409474854212 59.54
1455 -46.94452295352093 59.55
1456 -46.89480591936992 59.56
1457 -46.8449557580978 59.57
1458 -46.79497392292966 59.58
1459 -46.74486156950072 59.59
1460 -46.69462304384068 59.6
1461 -46.64426087462729 59.61
1462 -46.59377903899491 59.62
1463 -46.5432541536376 59.63
1464 -46.49261459464368 59.64
1465 -46.44185828928745 59.65
1466 -46.39098838480638 59.66
1467 -46.34000890586628 59.67
1468 -46.28892443201938 59.68
1469 -46.23774768535164 59.69
1470 -46.1864756637426 59.7
1471 -46.13511241660536 59.71
1472 -46.08366258836316 59.72
1473 -46.03212904399969 59.73
1474 -45.98051166923902 59.74
1475 -45.92881535076389 59.75
1476 -45.87704620239377 59.76
1477 -45.82521080138674 59.77
1478 -45.77331583238395 59.78
1479 -45.72136801628781 59.79
1480 -45.66936430422523 59.8
1481 -45.61732056476954 59.81
1482 -45.56524455087335 59.82
1483 -45.51314336192431 59.83
1484 -45.46102414349876 59.84
1485 -45.40889403077508 59.85
1486 -45.35676027880907 59.86
1487 -45.30463011686389 59.87
1488 -45.20033941351685 59.88
1489 -45.14817726471333 59.89
1490 -45.09604929778135 59.9
1491 -45.04396287640723 59.91
1492 -44.991923942943 59.92
1493 -44.88794693989868 59.93
1494 -44.83602042537912 59.94
1495 -44.78416388166316 59.95
1496 -44.73238804693685 59.96
1497 -44.68070293146582 59.97
1498 -44.57747247654943 59.98
1499 -44.52599140519926 59.99
1500 -44.47462668740735 60
