"temperatura-rfile"
"Time Step" "temperatura etc.."
("Time Step" "temperatura" "flow-time")
0 361.7422768502603 0
1 371.5041245577926 0.1
2 375.8225977339427 0.2
3 389.3372277806271 0.3
4 401.2960004615665 0.4
5 410.3539597610072 0.5
6 421.325024124692 0.6000000000000001
7 432.5386274069278 0.7000000000000001
8 442.9837081827014 0.8
9 451.2003227651966 0.9
10 464.6098730410396 1
11 476.9045918228472 1.1
12 488.55656580867 1.2
13 499.8558060185504 1.3
14 510.8042290871091 1.4
15 521.1706757661364 1.5
16 530.9688496285542 1.6
17 540.307747938942 1.7
18 549.4674360191716 1.8
19 559.7462734633158 1.9
20 567.7687807332613 2
21 576.994840059665 2.1
22 584.1735943167118 2.2
23 591.4643905634816 2.3
24 598.8387912578349 2.4
25 605.2621638069102 2.5
26 611.4809061109145 2.6
27 617.3680877876884 2.7
28 623.4188281740975 2.8
29 628.67415334407 2.9
30 633.8732655410914 3
31 638.9047985153911 3.1
32 643.7260064770487 3.2
33 648.3018602664154 3.3
34 652.6748924776011 3.4
35 656.8336454240911 3.5
36 660.8511744455345 3.6
37 664.7419833717655 3.7
38 668.5236903073264 3.8
39 672.217229764014 3.9
40 675.8327860262402 4
41 679.3276406894613 4.100000000000001
42 682.7028932448402 4.2
43 685.9995788947945 4.3
44 689.1748179546902 4.4
45 692.2671674942009 4.5
46 695.3086232353977 4.600000000000001
47 698.2968563008867 4.7
48 701.2368628846143 4.800000000000001
49 704.1504169100045 4.9
50 707.0673200286061 5
51 709.9958740260964 5.100000000000001
52 712.8710149542396 5.2
53 715.7425134655469 5.300000000000001
54 718.5626929187126 5.4
55 721.3696719074762 5.5
56 724.1465587591757 5.600000000000001
57 726.9148850462972 5.7
58 729.6513346172758 5.800000000000001
59 732.3542780116358 5.9
60 735.0045493875664 6
61 737.6398105390246 6.100000000000001
62 740.2454909807728 6.2
63 742.8295550522262 6.300000000000001
64 745.3976847421536 6.4
65 747.9361318478755 6.5
66 750.4467389364962 6.600000000000001
67 752.9350924443804 6.7
68 755.3891910606193 6.800000000000001
69 757.8156016578387 6.9
70 760.222707945221 7
71 762.595004678604 7.100000000000001
72 764.9357649021659 7.2
73 767.2550124101135 7.300000000000001
74 769.5200313033366 7.4
75 771.7563268605529 7.5
76 773.9592836839201 7.600000000000001
77 776.1396800997248 7.7
78 778.2998972161658 7.800000000000001
79 780.4607559385488 7.9
80 782.5667687331589 8
81 784.6630049251761 8.1
82 786.7372366921471 8.200000000000001
83 788.8067687408874 8.300000000000001
84 790.9095519624572 8.4
85 792.9532258049165 8.5
86 794.9902516599963 8.6
87 797.0142934627795 8.700000000000001
88 799.0229590390068 8.800000000000001
89 801.0560596440502 8.9
90 803.0375087382466 9
91 804.9547939724673 9.1
92 806.9264102036395 9.200000000000001
93 808.890606652289 9.300000000000001
94 810.8241883346265 9.4
95 812.7596645152378 9.5
96 814.700609427613 9.600000000000001
97 816.6267167226328 9.700000000000001
98 818.5310212912486 9.800000000000001
99 820.4250849161176 9.9
100 822.3258558162728 10
101 824.2000572142277 10.1
102 826.0790028051996 10.2
103 827.9568403355565 10.3
104 829.8290210114941 10.4
105 831.7675451448084 10.5
106 833.8814301421552 10.6
107 835.0788647989117 10.7
108 836.6039483750798 10.8
109 838.4555479826674 10.9
110 839.4153950989581 11
111 840.7768535229199 11.1
112 842.5261296099798 11.2
113 843.4365239106523 11.3
114 844.8681842912034 11.4
115 845.685961479356 11.5
116 846.9706012011525 11.6
117 847.6258171640307 11.7
118 848.8909201149806 11.8
119 849.4353762752871 11.9
120 850.5846979559473 12
121 850.769371106647 12.1
122 852.1089290175452 12.2
123 851.4976003244145 12.3
124 852.8107853675688 12.4
125 852.1007301924964 12.5
126 849.5911477294736 12.6
127 846.0146455456281 12.7
128 844.9654973736135 12.8
129 841.4025841148035 12.9
130 840.8553783799208 13
131 838.579879838401 13.1
132 838.740706382648 13.2
133 836.7396169386018 13.3
134 836.8975793119557 13.4
135 836.8822296174822 13.5
136 836.9657912820902 13.6
137 838.944886147257 13.7
138 840.3007965215661 13.8
139 839.1367470179948 13.9
140 839.7090689674206 14
141 838.8491250979154 14.1
142 828.6540968840762 14.2
143 820.8999070593686 14.3
144 816.089125613699 14.4
145 813.0575858936453 14.5
146 811.0863228303061 14.6
147 809.6878731450491 14.7
148 808.2606909822271 14.8
149 807.2079274507493 14.9
150 806.2276798871195 15
151 805.4180453353213 15.1
152 804.8452388181021 15.2
153 804.4170209303552 15.3
154 804.0370764412846 15.4
155 803.6693717250704 15.5
156 803.1496045484702 15.6
157 802.5649610593654 15.7
158 802.1538675279538 15.8
159 801.8264221998935 15.9
160 801.5548648381616 16
161 801.271326604516 16.1
162 800.8274391869745 16.2
163 800.4169620479581 16.3
164 800.1359350169319 16.4
165 800.0036987854658 16.5
166 799.9322842069786 16.6
167 799.6937321040931 16.7
168 799.0792188738727 16.8
169 798.5671653892128 16.9
170 798.4138930798985 17
171 798.3992100028598 17.1
172 798.2427773758886 17.2
173 797.7163271052191 17.3
174 797.1057540148961 17.4
175 796.7827467283773 17.5
176 796.7639170479312 17.6
177 796.6996763354373 17.7
178 796.4646477670493 17.8
179 796.0950242932724 17.9
180 795.5430370037296 18
181 795.3006385412943 18.1
182 795.3372840359789 18.2
183 795.3035823978354 18.3
184 795.0447108567752 18.4
185 794.6752270766945 18.5
186 794.4449561197023 18.6
187 794.3666542832361 18.7
188 794.2262396382329 18.8
189 794.1074018159958 18.9
190 793.8369592030738 19
191 793.3996368315211 19.1
192 793.1976434003747 19.2
193 793.1562099376513 19.3
194 793.0237745403882 19.4
195 792.7252920945765 19.5
196 792.3855341594274 19.6
197 792.2070707391354 19.7
198 792.0528975764801 19.8
199 791.8857177250691 19.9
200 791.7974897548677 20
201 791.5097099390332 20.1
202 791.1992114117598 20.2
203 791.0783023283523 20.3
204 790.9619248365615 20.4
205 790.8005655393919 20.5
206 790.5463831616038 20.6
207 790.3464354848268 20.7
208 790.186419335569 20.8
209 789.9946018387426 20.9
210 789.7835228307987 21
211 789.607579672224 21.1
212 789.4306171036901 21.2
213 789.1517433149935 21.3
214 789.0194412582705 21.4
215 788.8840927345244 21.5
216 789.1819116801332 21.6
217 789.3408596351147 21.7
218 789.4349860935081 21.8
219 789.484679356057 21.9
220 789.519047527218 22
221 789.5307089353311 22.1
222 789.543854067128 22.2
223 789.5317900783414 22.3
224 789.5257739001801 22.4
225 789.5224100013862 22.5
226 789.5184675071665 22.6
227 789.5124768534712 22.7
228 789.004220492849 22.8
229 788.7182424934072 22.9
230 788.5161207684915 23
231 788.3004684886513 23.1
232 788.0512176617967 23.2
233 787.9019944836075 23.3
234 787.762346183874 23.4
235 787.5690245126109 23.5
236 787.4419222695903 23.6
237 787.6847279477022 23.7
238 787.8067344222856 23.8
239 787.8958477319479 23.9
240 787.9470763206525 24
241 787.9839997656653 24.1
242 788.0094949508079 24.2
243 787.6617951478238 24.3
244 787.4116895635105 24.4
245 787.1822308571998 24.5
246 787.016791970668 24.6
247 787.2340324694939 24.7
248 787.3540515041126 24.8
249 787.4306447921729 24.9
250 787.4762031864802 25
251 787.507641874657 25.1
252 787.5232631487648 25.2
253 787.5364303110453 25.3
254 787.5383653046166 25.4
255 787.5394787773298 25.5
256 787.5392034746147 25.6
257 787.1820296403764 25.7
258 786.9007725239263 25.8
259 786.6705568068617 25.9
260 786.8996693578837 26
261 787.0229130875134 26.1
262 787.0898258227144 26.2
263 787.1324409744063 26.3
264 787.1417822106204 26.4
265 787.1386775882881 26.5
266 787.128767558445 26.6
267 787.1172190853387 26.7
268 787.1048526232914 26.8
269 787.0915723006883 26.9
270 787.069552884718 27
271 787.0494773717006 27.1
272 787.0328225594789 27.2
273 787.0206061695396 27.3
274 787.0100575786597 27.4
275 786.6718199251046 27.5
276 786.4539557790634 27.6
277 786.5881262129137 27.7
278 786.6554205762374 27.8
279 786.7106690576267 27.9
280 786.7513758559739 28
281 786.7774126747491 28.1
282 786.7907322196793 28.2
283 786.7869269832235 28.3
284 786.7833152481925 28.4
285 786.7778385927886 28.5
286 786.3725206724761 28.6
287 786.0950641207139 28.7
288 786.2538945803673 28.8
289 786.3352187512957 28.9
290 786.387728062899 29
291 786.414717418303 29.1
292 786.4343470343366 29.2
293 786.4512766284772 29.3
294 786.46247769226 29.4
295 786.4609295225941 29.5
296 786.4579602998339 29.6
297 786.4557484082314 29.7
298 786.4526677537343 29.8
299 786.4496848784356 29.9
300 786.4469945532622 30
301 786.4335033228516 30.1
302 786.4228572992818 30.2
303 786.4141822980299 30.3
304 786.4084589985541 30.4
305 786.401856153558 30.5
306 786.3965774246032 30.6
307 786.0428359854183 30.7
308 785.8053709401172 30.8
309 785.9427244632062 30.9
310 786.0217521046804 31
311 786.0795155572808 31.1
312 786.1108432377265 31.2
313 786.1241810662231 31.3
314 786.1332208595687 31.4
315 786.1353508760552 31.5
316 785.7603942569775 31.6
317 785.5324553925525 31.7
318 785.3725784703406 31.8
319 785.5485708975528 31.9
320 785.6445964335359 32
321 785.7042414472246 32.1
322 785.7430348808208 32.2
323 785.7644016850086 32.3
324 785.775257810942 32.4
325 785.7688043670158 32.5
326 785.7608929699583 32.6
327 785.753822855827 32.7
328 785.7472119259678 32.8
329 785.7400500583382 32.9
330 785.7342979087541 33
331 785.7193436687604 33.1
332 785.3467138021464 33.2
333 785.4334118453243 33.3
334 785.4756202233317 33.4
335 785.504209126878 33.5
336 785.5034147845415 33.6
337 785.5032093072948 33.7
338 785.5001017403019 33.8
339 785.4939860908772 33.9
340 785.4840178773447 34
341 785.474904428624 34.1
342 785.453881517357 34.2
343 785.4376157217387 34.3
344 785.421973134181 34.4
345 785.4109168519906 34.5
346 785.402985116935 34.6
347 785.3939659690292 34.7
348 785.3801779647323 34.8
349 785.3726499114196 34.9
350 785.3679829239655 35
351 785.3675814085985 35.1
352 785.3690399071975 35.2
353 785.083307046631 35.3
354 784.8799679932365 35.4
355 784.9974468981454 35.5
356 785.0604440275624 35.6
357 785.0925827542977 35.7
358 785.1175979287186 35.8
359 785.134249951869 35.9
360 785.1450073681511 36
361 785.1559155913685 36.1
362 785.1633054236922 36.2
363 785.1574046009936 36.3
364 784.8151699821364 36.4
365 784.5469329769547 36.5
366 784.6580616640766 36.6
367 784.7140266872859 36.7
368 784.76365014618 36.8
369 784.7868994247196 36.9
370 784.8078572062215 37
371 784.8093867060315 37.1
372 784.809965027961 37.2
373 784.8108786010957 37.3
374 784.8139375465078 37.4
375 784.8190674034904 37.5
376 784.8246809274809 37.6
377 784.820821372581 37.7
378 784.8193489470137 37.8
379 784.8191087510597 37.9
380 784.8199557221129 38
381 784.8216723907431 38.1
382 784.8244213407523 38.2
383 784.8127732177766 38.3
384 784.8067011234067 38.40000000000001
385 784.8021267249408 38.5
386 784.7981355691627 38.6
387 784.7943948259763 38.7
388 784.792510260104 38.8
389 784.778945418682 38.90000000000001
390 784.7689045213815 39
391 784.7614856639043 39.1
392 784.7562554648406 39.2
393 784.7535166584752 39.3
394 784.7517094056874 39.40000000000001
395 784.7407868873702 39.5
396 784.7306210763512 39.6
397 784.7236701075258 39.7
398 784.7194323492654 39.8
399 784.7159910316668 39.90000000000001
400 784.7127174805181 40
401 784.700714232815 40.1
402 784.691411041732 40.2
403 784.6849306475546 40.3
404 784.6800805483634 40.40000000000001
405 784.3837767489462 40.5
406 784.1353512179031 40.6
407 783.932219428083 40.7
408 783.7692643847377 40.8
409 783.6505363692936 40.90000000000001
410 783.7812636429754 41
411 783.8493203725498 41.1
412 783.8908065412625 41.2
413 783.9197082015713 41.3
414 783.9421423191478 41.40000000000001
415 783.9582374073725 41.5
416 783.9697099293429 41.6
417 783.9676356491199 41.7
418 783.9667744350513 41.8
419 783.964208031623 41.90000000000001
420 783.9648372472859 42
421 783.9657245012532 42.1
422 783.9671304227103 42.2
423 783.9593316513957 42.3
424 783.9538668165168 42.40000000000001
425 783.9499388078041 42.5
426 783.9480657295248 42.6
427 783.9469899412602 42.7
428 783.9471832854294 42.8
429 783.9375141703623 42.90000000000001
430 783.9304032929745 43
431 783.9255900733549 43.1
432 783.9215551198381 43.2
433 783.9195518879385 43.3
434 783.9182630281523 43.40000000000001
435 783.9065651917492 43.5
436 783.8965578123722 43.6
437 783.8886879499595 43.7
438 783.8827256956134 43.8
439 783.8782813848277 43.90000000000001
440 783.8731179509864 44
441 783.8586374429752 44.1
442 783.8466149657112 44.2
443 783.8363809286433 44.3
444 783.535371050722 44.40000000000001
445 783.3179300125441 44.5
446 783.1833029614369 44.6
447 783.2784937533464 44.7
448 783.3502573674377 44.8
449 783.4039952906461 44.90000000000001
450 783.4343538046622 45
451 783.4555958347476 45.1
452 783.4744655422875 45.2
453 783.4869889971329 45.3
454 783.4955625912487 45.40000000000001
455 783.5021887838636 45.5
456 783.1993101688947 45.6
457 782.9221734740983 45.7
458 783.0205786639023 45.8
459 783.0710354809967 45.90000000000001
460 783.0929148800528 46
461 783.1013472452807 46.1
462 783.103959317717 46.2
463 783.1027773937529 46.3
464 782.8442910360097 46.40000000000001
465 782.6139816703429 46.5
466 782.3653463256361 46.6
467 782.1504189830415 46.7
468 781.9853052913185 46.8
469 781.8744352984978 46.90000000000001
470 782.0033090103155 47
471 782.0869901652345 47.1
472 782.1475059251791 47.2
473 782.1899267916563 47.3
474 782.2179810903822 47.40000000000001
475 782.2256848441529 47.5
476 782.2268854112143 47.6
477 782.2254481324236 47.7
478 782.2242660436393 47.8
479 782.2219075982508 47.90000000000001
480 782.2193926957017 48
481 782.2064402872853 48.1
482 782.1961648305829 48.2
483 782.187566607861 48.3
484 782.1834923545252 48.40000000000001
485 782.1775918729371 48.5
486 782.1726789326736 48.6
487 782.1568522038218 48.7
488 782.1446551633061 48.8
489 782.1342564093655 48.90000000000001
490 782.1258068765342 49
491 782.1180716431841 49.1
492 782.1116738115214 49.2
493 782.0955230928398 49.3
494 782.081632825141 49.40000000000001
495 782.0698279829694 49.5
496 782.0593698997442 49.6
497 782.0507402895906 49.7
498 782.0427073306832 49.8
499 782.0248665787987 49.90000000000001
500 781.702990646063 50
501 759.947102051215 50.01
502 749.8010998088853 50.02
503 742.6080662699317 50.03
504 736.5384146404016 50.04
505 731.8487254841202 50.05
506 725.9105305647657 50.06
507 720.1051638788707 50.07
508 714.753792555858 50.08
509 710.196918290416 50.09
510 706.3131261232797 50.1
511 702.5019506282343 50.11
512 698.8948996957874 50.12
513 695.2452312758248 50.13
514 691.2571130985277 50.14
515 687.0881899035005 50.15
516 683.1575477871953 50.16
517 679.7794949177288 50.17
518 677.3389356494071 50.18
519 674.6033042530205 50.19
520 672.2628008183773 50.2
521 670.2883866601901 50.21
522 668.548340916935 50.22
523 667.0159445408776 50.23
524 665.3148134030952 50.24
525 663.8737553659292 50.25
526 662.735115553628 50.26
527 661.3629581523217 50.27
528 660.3888155110134 50.28
529 659.7963442177198 50.29
530 659.6450060732342 50.3
531 659.7002047475705 50.31
532 659.9953036093084 50.32
533 660.3894884549837 50.33
534 660.9017233790551 50.34
535 661.8473049107664 50.35
536 663.0950136963004 50.36
537 664.4108179386008 50.37
538 666.024803612888 50.38
539 667.8630317996284 50.39
540 669.9808103062519 50.4
541 672.3382067072617 50.41
542 674.9060867400967 50.42
543 677.6623983145794 50.43
544 680.5696990706477 50.44
545 683.4860930958785 50.45
546 686.651097136583 50.46
547 689.9749379600087 50.47
548 693.474831116437 50.48
549 697.1706024790997 50.49
550 701.1150727280419 50.5
551 705.1702961127676 50.51
552 709.3144369504222 50.52
553 713.7128513523523 50.53
554 718.0857392361485 50.54
555 722.470461391368 50.55
556 726.9860947699123 50.56
557 731.2928559460294 50.57
558 735.4766291359118 50.58
559 739.4612900498159 50.59
560 743.1909430808604 50.6
561 746.6337447723962 50.61
562 749.8692872983459 50.62
563 752.7002563929457 50.63
564 755.0396989637592 50.64
565 756.9221390830721 50.65
566 758.6327934372854 50.66
567 759.8423681840479 50.67
568 760.4111907921503 50.68
569 760.5723387903515 50.69
570 760.3530084708501 50.7
571 759.6715327339653 50.71
572 758.9958280975897 50.72
573 757.8231915531343 50.73
574 756.5201895139769 50.74
575 754.7625874824076 50.75
576 752.7964754022971 50.76
577 750.5471034074641 50.77
578 748.0501323320547 50.78
579 745.3393330485094 50.79
580 742.4207812151508 50.8
581 739.4599257454036 50.81
582 736.4005396681018 50.82
583 733.2438000911905 50.83
584 729.9792317840669 50.84
585 726.6642548067548 50.85
586 723.3532797519688 50.86
587 719.9610208702562 50.87
588 716.6578097841414 50.88
589 713.384543425542 50.89
590 710.0795564545946 50.9
591 706.7803019746151 50.91
592 703.5022003509451 50.92
593 700.2679340058468 50.93
594 697.1302975356687 50.94
595 693.9532770655804 50.95
596 690.8155179723659 50.96
597 687.7420704171475 50.97
598 684.7867450194158 50.98
599 681.9578284106783 50.99
600 679.2638821449128 51
601 676.704546094665 51.01
602 674.3115106245072 51.02
603 672.0467816161683 51.03
604 670.0144100841637 51.04
605 668.215840583838 51.05
606 666.6933160101242 51.06
607 665.4428466486418 51.07
608 664.5080684308346 51.08
609 664.0425382756235 51.09
610 663.8369334736799 51.1
611 664.0835026836996 51.11
612 664.7935041261069 51.12
613 666.0133288091739 51.13
614 667.7671389946854 51.14
615 670.2184812262375 51.15
616 673.5574151343707 51.16
617 677.7926201029774 51.17
618 683.2047080080787 51.18
619 689.9175368644105 51.19
620 697.5392983928749 51.2
621 706.3992910209179 51.21
622 716.5819160234091 51.22
623 727.8469959764146 51.23
624 739.6898628953969 51.24
625 752.1107157118784 51.25
626 765.083518613744 51.26
627 778.2388266449509 51.27
628 791.3196123331857 51.28
629 804.245423728762 51.29
630 816.9468719539976 51.3
631 829.1597189464389 51.31
632 840.9814443306188 51.32
633 852.2762156246587 51.33
634 863.1985139154476 51.34
635 873.4650919386911 51.35
636 883.1408992194464 51.36
637 892.3299886912069 51.37
638 901.101371465591 51.38
639 909.5597036426771 51.39
640 917.7536014841087 51.4
641 925.7149742418401 51.41
642 933.4487937878762 51.42
643 940.9647078676865 51.43
644 948.3052358835815 51.44
645 955.7250676089175 51.45
646 962.9511352089723 51.46
647 969.9227494644185 51.47
648 976.5753879720025 51.48
649 982.8748750892836 51.49
650 988.8118788402006 51.5
651 994.4038561735698 51.51
652 999.652426060058 51.52
653 1004.575241352701 51.53
654 1009.182579451304 51.54
655 1013.495111959648 51.55
656 1017.530852527972 51.56
657 1021.434531319592 51.57
658 1025.064124866627 51.58
659 1028.410322630612 51.59
660 1031.387475247388 51.6
661 1034.12483103255 51.61
662 1036.523109800269 51.62
663 1038.717303066953 51.63
664 1040.579975615198 51.64
665 1042.145278151802 51.65
666 1043.531142165029 51.66
667 1044.605190504911 51.67
668 1045.409031893626 51.68
669 1045.967411898427 51.69
670 1046.312129570796 51.7
671 1046.459293209342 51.71
672 1046.439337459716 51.72
673 1046.482392643031 51.73
674 1046.364385922521 51.74
675 1046.087517540825 51.75
676 1045.690334968837 51.76
677 1045.134049314551 51.77
678 1044.490418370775 51.78
679 1043.745743298165 51.79
680 1042.990972236413 51.8
681 1042.214028362874 51.81
682 1041.384204767385 51.82
683 1040.493131743926 51.83
684 1039.547277188925 51.84
685 1038.555490601781 51.85
686 1037.506854566653 51.86
687 1036.403175531686 51.87
688 1035.255131874251 51.88
689 1034.0712212534 51.89
690 1032.86399369936 51.9
691 1031.64398218324 51.91
692 1030.419136674248 51.92
693 1029.19741518144 51.93
694 1027.990017571133 51.94
695 1026.813845974926 51.95
696 1025.673792164833 51.96
697 1024.617151092289 51.97
698 1023.627470525066 51.98
699 1022.704276547546 51.99
700 1021.768091868578 52
701 1020.916772546215 52.01
702 1020.122081762709 52.02
703 1019.390739194925 52.03
704 1018.719221039958 52.04
705 1018.098950431131 52.05
706 1017.545570219473 52.06
707 1017.095014626845 52.07
708 1016.68562894474 52.08
709 1016.348709127932 52.09
710 1016.006351116447 52.1
711 1015.725887780507 52.11
712 1015.417976525222 52.12
713 1015.145595753112 52.13
714 1014.921266223341 52.14
715 1014.763025044215 52.15
716 1014.595591444782 52.16
717 1014.395980735224 52.17
718 1014.180832204202 52.18
719 1013.993086011559 52.19
720 1013.739832376389 52.2
721 1013.442216744136 52.21
722 1013.057073890048 52.22
723 1012.469020816571 52.23
724 1011.796927141616 52.24
725 1011.126479523139 52.25
726 1010.451300367808 52.26
727 1009.624686530906 52.27
728 1008.397131344707 52.28
729 1007.006017084001 52.29
730 1005.963440199545 52.3
731 1005.029305736939 52.31
732 1003.955955189167 52.32
733 1002.71984007761 52.33
734 1001.431790792216 52.34
735 1000.132307566995 52.35
736 998.7282704452108 52.36
737 997.0956044158534 52.37
738 995.1773635635705 52.38
739 993.0208938948897 52.39
740 990.5485660017961 52.4
741 987.6284151206113 52.41
742 983.9601873548078 52.42
743 978.2915138582572 52.43
744 971.6738908924885 52.44
745 965.2461621459266 52.45
746 959.1513214824265 52.46
747 953.4535476909437 52.47
748 948.1170997199372 52.48
749 943.0865200469473 52.49
750 938.3756072915488 52.5
751 933.9879482024912 52.51
752 929.874563259826 52.52
753 926.0124376724542 52.53
754 922.3712993332372 52.54
755 918.8978147108236 52.55
756 915.5896836261286 52.56
757 912.4281436571603 52.57
758 909.365748595267 52.58
759 906.3990780192328 52.59
760 903.5361900959099 52.6
761 900.740041994799 52.61
762 898.0137453677557 52.62
763 895.3560071791088 52.63
764 892.7438155661206 52.64
765 890.1960865575046 52.65
766 887.7269255311181 52.66
767 885.3229412584869 52.67
768 883.0035537272395 52.68
769 880.7773162395786 52.69
770 878.6171403556607 52.7
771 876.5317417919382 52.71
772 874.5326980640988 52.72
773 872.5951231336661 52.73
774 870.7251314793741 52.74
775 868.9387192073692 52.75
776 867.180934420699 52.76
777 865.4490568282791 52.77
778 863.7581582237613 52.78
779 862.0962065854031 52.79
780 860.4547737467617 52.8
781 858.8217576633482 52.81
782 857.2089320310067 52.82
783 855.6179403645152 52.83
784 854.0453484553391 52.84
785 852.4857132795504 52.85
786 850.9314180648344 52.86
787 849.3867465263623 52.87
788 847.8479324078282 52.88
789 846.3114606584156 52.89
790 844.7764127872937 52.9
791 843.2424125295893 52.91
792 841.7100206232897 52.92
793 840.1800040867101 52.93
794 838.6520117212306 52.94
795 837.1292485788013 52.95
796 835.6120636308572 52.96
797 834.1005215717342 52.97
798 832.5933278221515 52.98
799 831.0905487603289 52.99
800 829.5920863011658 53
801 828.0987003224297 53.01
802 826.6100034418571 53.02
803 825.1305421711617 53.03
804 823.6575976950926 53.04
805 822.197943449867 53.05
806 820.7548337688224 53.06
807 819.3271743512188 53.07
808 817.9166025833661 53.08
809 816.5233564104896 53.09
810 815.1447117367987 53.1
811 813.782299168602 53.11
812 812.4395952893288 53.12
813 811.1159416082636 53.13
814 809.8131544673498 53.14
815 808.531854594444 53.15
816 807.2687394097237 53.16
817 806.0245950645499 53.17
818 804.7995347240945 53.18
819 803.593540376423 53.19
820 802.4066693717405 53.2
821 801.2379784663797 53.21
822 800.0864888519793 53.22
823 798.9524875132264 53.23
824 797.8351043551831 53.24
825 796.7333583755237 53.25
826 795.6473100124601 53.26
827 794.574420877527 53.27
828 793.5140874122595 53.28
829 792.463531405785 53.29
830 791.4189293299188 53.3
831 790.373663262011 53.31
832 789.3321565399721 53.32
833 788.2924153692622 53.33
834 787.2525692678582 53.34
835 786.2129510960755 53.35
836 785.1733207383717 53.36
837 784.1345295727864 53.37
838 783.0975866268252 53.38
839 782.0614204820247 53.39
840 781.0246376236086 53.4
841 779.9875081784974 53.41
842 778.951211464038 53.42
843 777.9159146689349 53.43
844 776.8825282479258 53.44
845 775.8532368488565 53.45
846 774.8301586422879 53.46
847 773.8133745557521 53.47
848 772.8036226937262 53.48
849 771.8042846071318 53.49
850 770.8141226092938 53.5
851 769.8331604594728 53.51
852 768.8645981591487 53.52
853 767.8967050015285 53.53
854 766.9455245872865 53.54
855 766.0036225390153 53.55
856 765.0711913947729 53.56
857 764.1489833623507 53.57
858 763.2376625355463 53.58
859 762.3358368002046 53.59
860 761.4374648056335 53.6
861 760.4827904191959 53.61
862 759.5316714088397 53.62
863 758.4961776603053 53.63
864 757.4214917507207 53.64
865 756.3223248360359 53.65
866 755.2856001735116 53.66
867 754.2550694887211 53.67
868 753.2276507499073 53.68
869 752.1853035842466 53.69
870 750.9543033524421 53.7
871 749.5247647311221 53.71
872 748.1403145486731 53.72
873 746.8489324934034 53.73
874 745.5137460158538 53.74
875 744.0385526116559 53.75
876 742.5509586400217 53.76
877 741.1076451885316 53.77
878 739.6611574651364 53.78
879 738.2308300946931 53.79
880 736.7506769694101 53.8
881 735.2503010226142 53.81
882 733.6980048314431 53.82
883 732.188949608754 53.83
884 730.7276089106023 53.84
885 729.3380266731494 53.85
886 727.9987757335515 53.86
887 726.7124678992768 53.87
888 725.4673553292544 53.88
889 724.2711301275726 53.89
890 723.1198065047406 53.9
891 722.0302294784946 53.91
892 720.9932243280272 53.92
893 720.0147029927883 53.93
894 719.0955960387051 53.94
895 718.2286803808237 53.95
896 717.3966289473763 53.96
897 716.5812860757839 53.97
898 715.783249258736 53.98
899 715.0177055463265 53.99
900 714.2597717319284 54
901 713.5122540687463 54.01
902 712.7878307159548 54.02
903 712.0831149980335 54.03
904 711.3602469235778 54.04
905 710.6082453674833 54.05
906 709.8350783463651 54.06
907 709.0555484172884 54.07
908 708.2519013735866 54.08
909 707.4106758191398 54.09
910 706.5091447614402 54.1
911 705.5356089528476 54.11
912 704.464460581517 54.12
913 703.3162119313458 54.13
914 702.0340040626717 54.14
915 700.6061835724212 54.15
916 699.1001251595807 54.16
917 697.4975918225873 54.17
918 695.8273974346221 54.18
919 694.0933433549956 54.19
920 692.3007719131276 54.2
921 690.4337294675506 54.21
922 688.5940071475502 54.22
923 686.8479032534367 54.23
924 685.167052766882 54.24
925 683.5779890256463 54.25
926 682.0542688341728 54.26
927 680.6288542850757 54.27
928 679.2846832138215 54.28
929 678.0158915585261 54.29
930 676.8098764391485 54.3
931 675.6693196085715 54.31
932 674.5887700623188 54.32
933 673.568095151109 54.33
934 672.6033485466754 54.34
935 671.6926185542429 54.35
936 670.8339367647167 54.36
937 670.0263577081145 54.37
938 669.2670110687574 54.38
939 668.5508518981331 54.39
940 667.8775161946883 54.4
941 667.2457245915543 54.41
942 666.6524403217002 54.42
943 666.094065743943 54.43
944 665.5722085460044 54.44
945 665.0842391021816 54.45
946 664.6278549724479 54.46
947 664.2056732134454 54.47
948 663.8142987875364 54.48
949 663.4505491039918 54.49
950 663.1135560230283 54.5
951 662.8025806360454 54.51
952 662.5173327141462 54.52
953 662.2560816147563 54.53
954 662.0182039602765 54.54
955 661.8013010338698 54.55
956 661.6052066072034 54.56
957 661.427274940103 54.57
958 661.2761643003347 54.58
959 661.1452106308951 54.59
960 661.0212522672576 54.6
961 660.8928262105659 54.61
962 660.7450484502797 54.62
963 660.5473263204063 54.63
964 660.2969536802236 54.64
965 659.990545369493 54.65
966 659.6517157095896 54.66
967 659.2807484302602 54.67
968 658.858692945816 54.68
969 658.4071596836351 54.69
970 657.9269774854904 54.7
971 657.3859244253223 54.71
972 656.8084068311905 54.72
973 656.1950688275371 54.73
974 655.5455558826085 54.74
975 654.8911221040123 54.75
976 654.2156335419802 54.76
977 653.5122715742793 54.77
978 652.7313724277398 54.78
979 651.9171494419785 54.79
980 651.0321607936256 54.8
981 650.0416642171375 54.81
982 649.1675560527873 54.82
983 648.3309632831779 54.83
984 647.4765697476688 54.84
985 646.5998741772843 54.85
986 645.7152192219389 54.86
987 644.8191743225714 54.87
988 643.9290387692943 54.88
989 643.0279693060252 54.89
990 642.1297989745458 54.9
991 641.2367863705621 54.91
992 640.340383518927 54.92
993 639.436680470764 54.93
994 638.5452061698628 54.94
995 637.6358647688205 54.95
996 636.7446197089589 54.96
997 635.8613988018978 54.97
998 634.9828929655241 54.98
999 634.0813142913495 54.99
1000 633.1933427062514 55
1001 632.3247036478446 55.01
1002 631.4667164323248 55.02
1003 630.6163211487668 55.03
1004 629.7734601533269 55.04
1005 628.9410868555636 55.05
1006 628.1135015543028 55.06
1007 627.2962149746679 55.07
1008 626.4882274000867 55.08
1009 625.6892648195416 55.09
1010 624.8756413183921 55.1
1011 624.114282881809 55.11
1012 623.3492250444401 55.12
1013 622.595125210301 55.13
1014 621.8485636560937 55.14
1015 621.1151510600082 55.15
1016 620.390496001328 55.16
1017 619.6793066450916 55.17
1018 618.9834457476796 55.18
1019 618.3037684280774 55.19
1020 617.6376696669932 55.2
1021 616.9877857465169 55.21
1022 616.3525380092686 55.22
1023 615.7340020036612 55.23
1024 615.1306382282424 55.24
1025 614.5437929040968 55.25
1026 613.9714700681146 55.26
1027 613.4137662345651 55.27
1028 612.870026153499 55.28
1029 612.6439622456959 55.29
1030 612.1448476416156 55.3
1031 611.9364275985406 55.31
1032 611.4561507269823 55.32
1033 611.2535050574744 55.33
1034 610.7907629697044 55.34
1035 610.5892987004776 55.35
1036 610.1402824716752 55.36
1037 609.9409104318994 55.37
1038 609.5042933385753 55.38
1039 609.3028516169611 55.39
1040 608.8772802902852 55.4
1041 608.6748176510946 55.41
1042 608.2590468526829 55.42
1043 608.0572331169827 55.43
1044 607.6513350030511 55.44
1045 607.4425770131403 55.45
1046 607.0470773644527 55.46
1047 606.8344520577189 55.47
1048 606.4487775847836 55.48
1049 606.2332021883878 55.49
1050 605.8577060180278 55.5
1051 605.6396789194606 55.51
1052 605.4403450435335 55.52
1053 605.093774394301 55.53
1054 604.8855080540645 55.54
1055 604.6923591421985 55.55
1056 604.3614123828409 55.56
1057 604.1550944327967 55.57
1058 603.9620597020401 55.58
1059 603.6472543191881 55.59
1060 603.4427153735537 55.6
1061 603.2497415933245 55.61
1062 602.9493298514266 55.62
1063 602.7456913231802 55.63
1064 602.5522763019359 55.64
1065 602.2654261202482 55.65
1066 602.0611418001488 55.66
1067 601.8657446094907 55.67
1068 601.5907615178791 55.68
1069 601.384492998417 55.69
1070 601.1864619198221 55.7
1071 600.9231766737312 55.71
1072 600.7156708679543 55.72
1073 600.5152372333297 55.73
1074 600.2613293622317 55.74
1075 600.0499587400122 55.75
1076 599.8476549373602 55.76
1077 599.6029951708418 55.77
1078 599.3926834158766 55.78
1079 599.1886408116117 55.79
1080 598.9539655669593 55.8
1081 598.7417109321012 55.81
1082 598.5354306687183 55.82
1083 598.3130683740097 55.83
1084 598.1014620836903 55.84
1085 597.8954315600731 55.85
1086 597.6831621418411 55.86
1087 597.4705125695842 55.87
1088 597.2630119228243 55.88
1089 597.0616577238819 55.89
1090 596.8485906602555 55.9
1091 596.6406829388301 55.91
1092 596.4495882529395 55.92
1093 596.2359878942041 55.93
1094 596.0274570677248 55.94
1095 595.8478000922252 55.95
1096 595.6355043614582 55.96
1097 595.4275064145692 55.97
1098 595.2660046840434 55.98
1099 595.0594512935465 55.99
1100 594.8571363946321 56
1101 594.7095716277411 56.01
1102 594.5056928774334 56.02
1103 594.3051106407071 56.03
1104 594.1774441945096 56.04
1105 593.9813313933481 56.05
1106 593.7883272361726 56.06
1107 593.6799885270922 56.07
1108 593.4909772828 56.08
1109 593.3046687528307 56.09
1110 593.2156726318176 56.1
1111 593.0357835161228 56.11
1112 592.8562956662221 56.12
1113 592.7867514592499 56.13
1114 592.6148770628349 56.14
1115 592.4441566929007 56.15
1116 592.3958786942594 56.16
1117 592.2347568150791 56.17
1118 592.0734095753854 56.18
1119 592.0454934578574 56.19
1120 591.8940634282316 56.2
1121 591.8846292807658 56.21
1122 591.7396295538451 56.22
1123 591.7431256983442 56.23
1124 591.6020231761788 56.24
1125 591.6238442921201 56.25
1126 591.4922109537939 56.26
1127 591.5270021073451 56.27
1128 591.3983545696708 56.28
1129 591.4447880241825 56.29
1130 591.3203582236031 56.3
1131 591.3873422327031 56.31
1132 591.4434574342926 56.32
1133 591.517540471934 56.33
1134 591.5812431994835 56.34
1135 591.6594349397955 56.35
1136 591.7208263663393 56.36
1137 591.8104157500903 56.37
1138 591.9183646094932 56.38
1139 592.0405151481449 56.39
1140 592.1646292005721 56.4
1141 592.2999842027384 56.41
1142 592.438650708407 56.42
1143 592.5848914484761 56.43
1144 592.7331437384022 56.44
1145 592.8879002150495 56.45
1146 593.0478816885064 56.46
1147 593.2053926899069 56.47
1148 593.3500921155301 56.48
1149 593.4862534572354 56.49
1150 593.628701156536 56.5
1151 593.7704227329548 56.51
1152 593.9220892047495 56.52
1153 594.0964032461476 56.53
1154 594.2967162980564 56.54
1155 594.5237837648474 56.55
1156 594.7687684041671 56.56
1157 595.0236517866629 56.57
1158 595.2882308935787 56.58
1159 595.5613064099158 56.59
1160 595.8404097615635 56.6
1161 596.1331383667854 56.61
1162 596.4373692110269 56.62
1163 596.7485481491002 56.63
1164 597.055204453174 56.64
1165 597.3421156067043 56.65
1166 597.6082002780779 56.66
1167 597.8634113088284 56.67
1168 598.1070388109673 56.68
1169 598.3353872238408 56.69
1170 598.5633778019741 56.7
1171 598.7791581875343 56.71
1172 598.9695038505356 56.72
1173 599.1608282262409 56.73
1174 599.3439708833916 56.74
1175 599.4850943166061 56.75
1176 599.6709941230434 56.76
1177 599.8479558155486 56.77
1178 599.967761287863 56.78
1179 600.1582126780676 56.79
1180 600.4717968871414 56.8
1181 600.7125567866691 56.81
1182 600.9663639648272 56.82
1183 600.9782241444318 56.83
1184 600.8591633084922 56.84
1185 600.6618428352281 56.85
1186 600.4553655609461 56.86
1187 600.2225190369323 56.87
1188 600.039378804116 56.88
1189 599.8166850738488 56.89
1190 599.5157284993961 56.9
1191 599.3465981370606 56.91
1192 599.2231420722437 56.92
1193 599.0746286477208 56.93
1194 598.9253977185286 56.94
1195 598.7664370435986 56.95
1196 598.4855566799018 56.96
1197 598.1426127930688 56.97
1198 597.6688939777476 56.98
1199 597.2098387288928 56.99
1200 596.8203772349101 57
1201 596.4506039656209 57.01
1202 596.076569065053 57.02
1203 595.6726019700692 57.03
1204 595.1886353190412 57.04
1205 594.7467462013278 57.05
1206 594.3474091488639 57.06
1207 593.9822197243674 57.07
1208 593.641118968253 57.08
1209 593.3211530537363 57.09
1210 593.0251419533154 57.1
1211 592.7580873439789 57.11
1212 592.5227446564644 57.12
1213 592.3074313998533 57.13
1214 592.0847910940911 57.14
1215 591.8391458221058 57.15
1216 591.5028809071516 57.16
1217 591.1470222360174 57.17
1218 590.7878469772572 57.18
1219 590.4430489811016 57.19
1220 590.1062821622633 57.2
1221 589.7820087509749 57.21
1222 589.4689350278406 57.22
1223 589.1759864154659 57.23
1224 588.9027028243723 57.24
1225 588.6338228540263 57.25
1226 588.3679657980425 57.26
1227 588.054809134659 57.27
1228 587.7259807986112 57.28
1229 587.4206058176256 57.29
1230 587.1631868039516 57.3
1231 586.9402216890917 57.31
1232 586.7478897623045 57.32
1233 586.5839884615722 57.33
1234 586.5791562239802 57.34
1235 586.4652427418702 57.35
1236 586.4902865289622 57.36
1237 586.4271816630937 57.37
1238 586.4803038269307 57.38
1239 586.3759399393242 57.39
1240 586.3881211557571 57.4
1241 586.2409756770056 57.41
1242 586.2134386529134 57.42
1243 586.0831539675385 57.43
1244 585.9210863248891 57.44
1245 585.8685367365731 57.45
1246 585.6655118769686 57.46
1247 585.5839662453405 57.47
1248 585.4119558050049 57.48
1249 585.2357821926103 57.49
1250 585.1653002698237 57.5
1251 585.1061213480377 57.51
1252 585.0590187364464 57.52
1253 584.9313187403694 57.53
1254 584.8867712213219 57.54
1255 584.8509326491925 57.55
1256 584.8235384966872 57.56
1257 584.7264014069541 57.57
1258 584.6915788727101 57.58
1259 584.6629728239345 57.59
1260 584.6365009303922 57.6
1261 584.5412764628055 57.61
1262 584.4961268304817 57.62
1263 584.4534905777225 57.63
1264 584.409434848767 57.64
1265 584.2881017465266 57.65
1266 584.2105812176669 57.66
1267 584.1360969226109 57.67
1268 584.0617732351028 57.68
1269 583.9079849407505 57.69
1270 583.801730606595 57.7
1271 583.7012257303962 57.71
1272 583.5997328970921 57.72
1273 583.4320330324412 57.73
1274 583.3065015820099 57.74
1275 583.1881181215476 57.75
1276 583.0697599988013 57.76
1277 582.9019123212153 57.77
1278 582.7717646949408 57.78
1279 582.6477138843945 57.79
1280 582.5295797036785 57.8
1281 582.3788632325537 57.81
1282 582.2557536837968 57.82
1283 582.1369123598616 57.83
1284 581.9908014997357 57.84
1285 581.8519054746199 57.85
1286 581.7178282767844 57.86
1287 581.5597257710166 57.87
1288 581.4068643418933 57.88
1289 581.2331476155915 57.89
1290 581.0687734757219 57.9
1291 580.9178540137674 57.91
1292 580.7806920440773 57.92
1293 580.6356310258133 57.93
1294 580.5326480948092 57.94
1295 580.403545885129 57.95
1296 580.3369612680627 57.96
1297 580.2286703337907 57.97
1298 580.1266636680358 57.98
1299 580.0983010577718 57.99
1300 580.0062016098346 58
1301 580.0322119967228 58.01
1302 579.9776451946622 58.02
1303 579.9959704618464 58.03
1304 579.928472176421 58.04
1305 579.8652668539253 58.05
1306 579.8927167083672 58.06
1307 579.8243363076089 58.07
1308 579.8249171390783 58.08
1309 579.7995774650823 58.09
1310 579.7420575524071 58.1
1311 579.5932674398439 58.11
1312 579.5369389669092 58.12
1313 579.3994220474276 58.13
1314 579.3910955620861 58.14
1315 579.4389429386741 58.15
1316 579.3564212657334 58.16
1317 579.4260361462169 58.17
1318 579.357594304538 58.18
1319 579.4392238991295 58.19
1320 579.3697044697574 58.2
1321 579.4437654390495 58.21
1322 579.5026166016208 58.22
1323 579.5623899632493 58.23
1324 579.6045338631594 58.24
1325 579.6432931487435 58.25
1326 579.6935300009043 58.26
1327 579.7910662669927 58.27
1328 579.8766039766665 58.28
1329 579.9747557192053 58.29
1330 580.0660278901842 58.3
1331 580.1381187520285 58.31
1332 580.217878614435 58.32
1333 580.32534268593 58.33
1334 580.4093290267606 58.34
1335 580.5110158741157 58.35
1336 580.6503082540064 58.36
1337 580.7841345625964 58.37
1338 580.880877851953 58.38
1339 580.9593491841 58.39
1340 581.0463809838525 58.4
1341 581.144092446929 58.41
1342 581.2887069862178 58.42
1343 581.4394311536324 58.43
1344 581.6036032760637 58.44
1345 581.8148092373377 58.45
1346 582.0763476266936 58.46
1347 582.3938837826488 58.47
1348 582.6819639169832 58.48
1349 582.9655717091247 58.49
1350 583.246043265952 58.5
1351 583.5455179726133 58.51
1352 583.8516988974803 58.52
1353 584.1507306292245 58.53
1354 584.4576726150081 58.54
1355 584.6906920021354 58.55
1356 585.0626164965596 58.56
1357 585.316793550323 58.57
1358 585.6882256273452 58.58
1359 585.9311975804665 58.59
1360 586.2289703249805 58.6
1361 586.682318241216 58.61
1362 587.0664464123751 58.62
1363 587.2204179027977 58.63
1364 587.5733483005591 58.64
1365 587.8398190408693 58.65
1366 588.1135059899146 58.66
1367 588.353353590449 58.67
1368 588.563801036055 58.68
1369 588.9320699873629 58.69
1370 589.2500964312025 58.7
1371 589.647444321346 58.71
1372 589.8643372710134 58.72
1373 590.0772327720542 58.73
1374 590.3969673963479 58.74
1375 590.6030002597396 58.75
1376 590.8518573795409 58.76
1377 591.0911033949019 58.77
1378 591.2288323967521 58.78
1379 591.5087738486355 58.79
1380 591.6439288330855 58.8
1381 591.7419168118267 58.81
1382 591.7755961465466 58.82
1383 591.7691214517273 58.83
1384 591.9307493047837 58.84
1385 592.0709442762919 58.85
1386 592.1863125502568 58.86
1387 592.1015303380555 58.87
1388 591.9698411399128 58.88
1389 592.0803141061469 58.89
1390 591.9824092297445 58.9
1391 591.980433751083 58.91
1392 591.8979180023775 58.92
1393 591.7806129747785 58.93
1394 591.6716418606466 58.94
1395 591.5633926881461 58.95
1396 591.5067929211 58.96
1397 591.5735125765791 58.97
1398 591.5664720690755 58.98
1399 591.5246770084649 58.99
1400 591.4981259657217 59
1401 591.4493543674812 59.01
1402 591.3861107949642 59.02
1403 591.3102456351099 59.03
1404 591.2282062653144 59.04
1405 591.1374064809398 59.05
1406 591.0420077477607 59.06
1407 590.9391884556406 59.07
1408 590.8429514775708 59.08
1409 590.7479872248274 59.09
1410 590.6521374924408 59.1
1411 590.5561697963451 59.11
1412 590.4647243331871 59.12
1413 590.3779784581637 59.13
1414 590.3064648283497 59.14
1415 590.2414627950654 59.15
1416 590.1725323747684 59.16
1417 590.1042506699127 59.17
1418 590.0409292377333 59.18
1419 589.9746379299493 59.19
1420 589.9051170254264 59.2
1421 589.8342606482759 59.21
1422 589.767572021374 59.22
1423 589.7012972434958 59.23
1424 589.6365412123814 59.24
1425 589.571785825966 59.25
1426 589.5108792726201 59.26
1427 589.4456741771902 59.27
1428 589.3774163459783 59.28
1429 589.3236442127825 59.29
1430 589.259576040754 59.3
1431 589.2089328730722 59.31
1432 589.1602054369648 59.32
1433 589.1125408212604 59.33
1434 589.064818575498 59.34
1435 589.0162727660285 59.35
1436 589.0270013065709 59.36
1437 588.9836611072612 59.37
1438 588.9988689343406 59.38
1439 588.959737415005 59.39
1440 588.9728067610062 59.4
1441 588.9323424367253 59.41
1442 588.9420055929129 59.42
1443 588.9011015020661 59.43
1444 588.9085331363568 59.44
1445 588.8644841570552 59.45
1446 588.8657663773222 59.46
1447 588.8727620060605 59.47
1448 588.8817026445809 59.48
1449 588.8912559607094 59.49
1450 588.9021292574716 59.5
1451 588.9086446153784 59.51
1452 588.8678945423295 59.52
1453 588.8595615946953 59.53
1454 588.8102791530175 59.54
1455 588.7899398583519 59.55
1456 588.7760202581034 59.56
1457 588.7623776620616 59.57
1458 588.7477390904378 59.58
1459 588.7337279040465 59.59
1460 588.7193796522456 59.6
1461 588.7026883132071 59.61
1462 588.6861054625311 59.62
1463 588.6682709219721 59.63
1464 588.6490621939143 59.64
1465 588.627429518396 59.65
1466 588.6040294507676 59.66
1467 588.5777394410693 59.67
1468 588.5504300277338 59.68
1469 588.5203177727233 59.69
1470 588.4885078700746 59.7
1471 588.4541217046257 59.71
1472 588.4181301117325 59.72
1473 588.3805938036699 59.73
1474 588.3424946285492 59.74
1475 588.3033629810823 59.75
1476 588.2633367323256 59.76
1477 588.2215149198095 59.77
1478 588.178805347319 59.78
1479 588.1356946711234 59.79
1480 588.0925160400269 59.8
1481 588.0492491297854 59.81
1482 588.0054428087307 59.82
1483 587.9599233758819 59.83
1484 587.9140188652176 59.84
1485 587.8685769573057 59.85
1486 587.8232319782796 59.86
1487 587.7785644691999 59.87
1488 587.7471284948713 59.88
1489 587.6979068875199 59.89
1490 587.6514414160192 59.9
1491 587.6055220183271 59.91
1492 587.5611973970978 59.92
1493 587.542643096233 59.93
1494 587.500175736344 59.94
1495 587.4598934510137 59.95
1496 587.4197764242303 59.96
1497 587.3824016148162 59.97
1498 587.3798064006597 59.98
1499 587.3424699620297 59.99
1500 587.3072785097795 60
