"vazao-mass-porta-rfile"
"Time Step" "vazao-mass-porta etc.."
("Time Step" "vazao-mass-porta" "flow-time")
0 0.03050380263653918 0
1 0 0.1
2 0 0.2
3 0 0.3
4 0 0.4
5 0 0.5
6 0 0.6000000000000001
7 0 0.7000000000000001
8 0 0.8
9 0 0.9
10 0 1
11 0 1.1
12 0 1.2
13 0 1.3
14 0 1.4
15 0 1.5
16 0 1.6
17 0 1.7
18 0 1.8
19 0 1.9
20 0 2
21 0 2.1
22 0 2.2
23 0 2.3
24 0 2.4
25 0 2.5
26 0 2.6
27 0 2.7
28 0 2.8
29 0 2.9
30 0 3
31 0 3.1
32 0 3.2
33 0 3.3
34 0 3.4
35 0 3.5
36 0 3.6
37 0 3.7
38 0 3.8
39 0 3.9
40 0 4
41 0 4.100000000000001
42 0 4.2
43 0 4.3
44 0 4.4
45 0 4.5
46 0 4.600000000000001
47 0 4.7
48 0 4.800000000000001
49 0 4.9
50 0 5
51 0 5.100000000000001
52 0 5.2
53 0 5.300000000000001
54 0 5.4
55 0 5.5
56 0 5.600000000000001
57 0 5.7
58 0 5.800000000000001
59 0 5.9
60 0 6
61 0 6.100000000000001
62 0 6.2
63 0 6.300000000000001
64 0 6.4
65 0 6.5
66 0 6.600000000000001
67 0 6.7
68 0 6.800000000000001
69 0 6.9
70 0 7
71 0 7.100000000000001
72 0 7.2
73 0 7.300000000000001
74 0 7.4
75 0 7.5
76 0 7.600000000000001
77 0 7.7
78 0 7.800000000000001
79 0 7.9
80 0 8
81 0 8.1
82 0 8.200000000000001
83 0 8.300000000000001
84 0 8.4
85 0 8.5
86 0 8.6
87 0 8.700000000000001
88 0 8.800000000000001
89 0 8.9
90 0 9
91 0 9.1
92 0 9.200000000000001
93 0 9.300000000000001
94 0 9.4
95 0 9.5
96 0 9.600000000000001
97 0 9.700000000000001
98 0 9.800000000000001
99 0 9.9
100 0 10
101 0 10.1
102 0 10.2
103 0 10.3
104 0 10.4
105 0 10.5
106 0 10.6
107 0 10.7
108 0 10.8
109 0 10.9
110 0 11
111 0 11.1
112 0 11.2
113 0 11.3
114 0 11.4
115 0 11.5
116 0 11.6
117 0 11.7
118 0 11.8
119 0 11.9
120 0 12
121 0 12.1
122 0 12.2
123 0 12.3
124 0 12.4
125 0 12.5
126 0 12.6
127 0 12.7
128 0 12.8
129 0 12.9
130 0 13
131 0 13.1
132 0 13.2
133 0 13.3
134 0 13.4
135 0 13.5
136 0 13.6
137 0 13.7
138 0 13.8
139 0 13.9
140 0 14
141 0 14.1
142 0 14.2
143 0 14.3
144 0 14.4
145 0 14.5
146 0 14.6
147 0 14.7
148 0 14.8
149 0 14.9
150 0 15
151 0 15.1
152 0 15.2
153 0 15.3
154 0 15.4
155 0 15.5
156 0 15.6
157 0 15.7
158 0 15.8
159 0 15.9
160 0 16
161 0 16.1
162 0 16.2
163 0 16.3
164 0 16.4
165 0 16.5
166 0 16.6
167 0 16.7
168 0 16.8
169 0 16.9
170 0 17
171 0 17.1
172 0 17.2
173 0 17.3
174 0 17.4
175 0 17.5
176 0 17.6
177 0 17.7
178 0 17.8
179 0 17.9
180 0 18
181 0 18.1
182 0 18.2
183 0 18.3
184 0 18.4
185 0 18.5
186 0 18.6
187 0 18.7
188 0 18.8
189 0 18.9
190 0 19
191 0 19.1
192 0 19.2
193 0 19.3
194 0 19.4
195 0 19.5
196 0 19.6
197 0 19.7
198 0 19.8
199 0 19.9
200 0 20
201 0 20.1
202 0 20.2
203 0 20.3
204 0 20.4
205 0 20.5
206 0 20.6
207 0 20.7
208 0 20.8
209 0 20.9
210 0 21
211 0 21.1
212 0 21.2
213 0 21.3
214 0 21.4
215 0 21.5
216 0 21.6
217 0 21.7
218 0 21.8
219 0 21.9
220 0 22
221 0 22.1
222 0 22.2
223 0 22.3
224 0 22.4
225 0 22.5
226 0 22.6
227 0 22.7
228 0 22.8
229 0 22.9
230 0 23
231 0 23.1
232 0 23.2
233 0 23.3
234 0 23.4
235 0 23.5
236 0 23.6
237 0 23.7
238 0 23.8
239 0 23.9
240 0 24
241 0 24.1
242 0 24.2
243 0 24.3
244 0 24.4
245 0 24.5
246 0 24.6
247 0 24.7
248 0 24.8
249 0 24.9
250 0 25
251 0 25.1
252 0 25.2
253 0 25.3
254 0 25.4
255 0 25.5
256 0 25.6
257 0 25.7
258 0 25.8
259 0 25.9
260 0 26
261 0 26.1
262 0 26.2
263 0 26.3
264 0 26.4
265 0 26.5
266 0 26.6
267 0 26.7
268 0 26.8
269 0 26.9
270 0 27
271 0 27.1
272 0 27.2
273 0 27.3
274 0 27.4
275 0 27.5
276 0 27.6
277 0 27.7
278 0 27.8
279 0 27.9
280 0 28
281 0 28.1
282 0 28.2
283 0 28.3
284 0 28.4
285 0 28.5
286 0 28.6
287 0 28.7
288 0 28.8
289 0 28.9
290 0 29
291 0 29.1
292 0 29.2
293 0 29.3
294 0 29.4
295 0 29.5
296 0 29.6
297 0 29.7
298 0 29.8
299 0 29.9
300 0 30
301 0 30.1
302 0 30.2
303 0 30.3
304 0 30.4
305 0 30.5
306 0 30.6
307 0 30.7
308 0 30.8
309 0 30.9
310 0 31
311 0 31.1
312 0 31.2
313 0 31.3
314 0 31.4
315 0 31.5
316 0 31.6
317 0 31.7
318 0 31.8
319 0 31.9
320 0 32
321 0 32.1
322 0 32.2
323 0 32.3
324 0 32.4
325 0 32.5
326 0 32.6
327 0 32.7
328 0 32.8
329 0 32.9
330 0 33
331 0 33.1
332 0 33.2
333 0 33.3
334 0 33.4
335 0 33.5
336 0 33.6
337 0 33.7
338 0 33.8
339 0 33.9
340 0 34
341 0 34.1
342 0 34.2
343 0 34.3
344 0 34.4
345 0 34.5
346 0 34.6
347 0 34.7
348 0 34.8
349 0 34.9
350 0 35
351 0 35.1
352 0 35.2
353 0 35.3
354 0 35.4
355 0 35.5
356 0 35.6
357 0 35.7
358 0 35.8
359 0 35.9
360 0 36
361 0 36.1
362 0 36.2
363 0 36.3
364 0 36.4
365 0 36.5
366 0 36.6
367 0 36.7
368 0 36.8
369 0 36.9
370 0 37
371 0 37.1
372 0 37.2
373 0 37.3
374 0 37.4
375 0 37.5
376 0 37.6
377 0 37.7
378 0 37.8
379 0 37.9
380 0 38
381 0 38.1
382 0 38.2
383 0 38.3
384 0 38.40000000000001
385 0 38.5
386 0 38.6
387 0 38.7
388 0 38.8
389 0 38.90000000000001
390 0 39
391 0 39.1
392 0 39.2
393 0 39.3
394 0 39.40000000000001
395 0 39.5
396 0 39.6
397 0 39.7
398 0 39.8
399 0 39.90000000000001
400 0 40
401 0 40.1
402 0 40.2
403 0 40.3
404 0 40.40000000000001
405 0 40.5
406 0 40.6
407 0 40.7
408 0 40.8
409 0 40.90000000000001
410 0 41
411 0 41.1
412 0 41.2
413 0 41.3
414 0 41.40000000000001
415 0 41.5
416 0 41.6
417 0 41.7
418 0 41.8
419 0 41.90000000000001
420 0 42
421 0 42.1
422 0 42.2
423 0 42.3
424 0 42.40000000000001
425 0 42.5
426 0 42.6
427 0 42.7
428 0 42.8
429 0 42.90000000000001
430 0 43
431 0 43.1
432 0 43.2
433 0 43.3
434 0 43.40000000000001
435 0 43.5
436 0 43.6
437 0 43.7
438 0 43.8
439 0 43.90000000000001
440 0 44
441 0 44.1
442 0 44.2
443 0 44.3
444 0 44.40000000000001
445 0 44.5
446 0 44.6
447 0 44.7
448 0 44.8
449 0 44.90000000000001
450 0 45
451 0 45.1
452 0 45.2
453 0 45.3
454 0 45.40000000000001
455 0 45.5
456 0 45.6
457 0 45.7
458 0 45.8
459 0 45.90000000000001
460 0 46
461 0 46.1
462 0 46.2
463 0 46.3
464 0 46.40000000000001
465 0 46.5
466 0 46.6
467 0 46.7
468 0 46.8
469 0 46.90000000000001
470 0 47
471 0 47.1
472 0 47.2
473 0 47.3
474 0 47.40000000000001
475 0 47.5
476 0 47.6
477 0 47.7
478 0 47.8
479 0 47.90000000000001
480 0 48
481 0 48.1
482 0 48.2
483 0 48.3
484 0 48.40000000000001
485 0 48.5
486 0 48.6
487 0 48.7
488 0 48.8
489 0 48.90000000000001
490 0 49
491 0 49.1
492 0 49.2
493 0 49.3
494 0 49.40000000000001
495 0 49.5
496 0 49.6
497 0 49.7
498 0 49.8
499 0 49.90000000000001
500 0 50
501 0.01017782087342582 50.01
502 0.009765755889332289 50.02
503 0.008731871691778999 50.03
504 0.008767234355351563 50.04
505 0.009764368284783309 50.05
506 0.01098083231913981 50.06
507 0.01179913313740225 50.07
508 0.01253662281755586 50.08
509 0.01317685689866127 50.09
510 0.01398042117508437 50.1
511 0.01490371139379754 50.11
512 0.01561200228562488 50.12
513 0.01638694062614865 50.13
514 0.01716678796047236 50.14
515 0.0178478727367024 50.15
516 0.01844106395580022 50.16
517 0.01895164236382231 50.17
518 0.0194755484565847 50.18
519 0.02050348833351295 50.19
520 0.02130606517098286 50.2
521 0.02201184142982059 50.21
522 0.02273700551810108 50.22
523 0.023502158374257 50.23
524 0.02449491258936317 50.24
525 0.0253660152048389 50.25
526 0.0261370780761875 50.26
527 0.02715113118135705 50.27
528 0.02801736218029797 50.28
529 0.02879106459836495 50.29
530 0.02953041353588555 50.3
531 0.03036813136449346 50.31
532 0.0311716486179278 50.32
533 0.03199242750715664 50.33
534 0.03281551170011043 50.34
535 0.03345841440429461 50.35
536 0.03400381650550942 50.36
537 0.03458458616347555 50.37
538 0.03506195201788462 50.38
539 0.03544884020732331 50.39
540 0.0357133904344091 50.4
541 0.03588308618608216 50.41
542 0.03596522642918827 50.42
543 0.03596111593595688 50.43
544 0.03586290984228491 50.44
545 0.03567286193456012 50.45
546 0.0353483444006658 50.46
547 0.0349342102916869 50.47
548 0.03443548572338097 50.48
549 0.03384597339382498 50.49
550 0.03310908335019459 50.5
551 0.03233868620933882 50.51
552 0.03147033319044756 50.52
553 0.03043493567055519 50.53
554 0.02939302361158633 50.54
555 0.02820657128032691 50.55
556 0.02679398384853251 50.56
557 0.0254395980744465 50.57
558 0.02393533636201054 50.58
559 0.02232229870458594 50.59
560 0.0206104870145131 50.6
561 0.01880562089467201 50.61
562 0.01685696768304212 50.62
563 0.0148939130644955 50.63
564 0.01285409663321614 50.64
565 0.01068209724796116 50.65
566 0.008243858344964527 50.66
567 0.005962183110283842 50.67
568 0.003720944307557403 50.68
569 0.001300332537793275 50.69
570 -0.001132222911588369 50.7
571 -0.003537936167167462 50.71
572 -0.00610960905465208 50.72
573 -0.008628986214586675 50.73
574 -0.01128655143889991 50.74
575 -0.01354535561762703 50.75
576 -0.01590506991008079 50.76
577 -0.01808057221847722 50.77
578 -0.02024257448578434 50.78
579 -0.02236952115313891 50.79
580 -0.02442330255421206 50.8
581 -0.02647239090384386 50.81
582 -0.02835740753889359 50.82
583 -0.03011948622811934 50.83
584 -0.03171076131533916 50.84
585 -0.03318548194455018 50.85
586 -0.0345856159512372 50.86
587 -0.03574911154975379 50.87
588 -0.03686371937412174 50.88
589 -0.03785479669234245 50.89
590 -0.03859524667469446 50.9
591 -0.03920348952009452 50.91
592 -0.03966719008780914 50.92
593 -0.03997484334575751 50.93
594 -0.04018494609116344 50.94
595 -0.04010173802896935 50.95
596 -0.0398717094725328 50.96
597 -0.03949739489032662 50.97
598 -0.03905577366677826 50.98
599 -0.03847369315447816 50.99
600 -0.03772849263574664 51
601 -0.03685101670899844 51.01
602 -0.03585843719901317 51.02
603 -0.0347095795549958 51.03
604 -0.03353118540345411 51.04
605 -0.03223273123344682 51.05
606 -0.03084662412826013 51.06
607 -0.02936783079934638 51.07
608 -0.02780686319151395 51.08
609 -0.02622091865377872 51.09
610 -0.0244982452646151 51.1
611 -0.02278649861680407 51.11
612 -0.02101983206162888 51.12
613 -0.01918115300833566 51.13
614 -0.01726143010265086 51.14
615 -0.0153703752501646 51.15
616 -0.01350280283473678 51.16
617 -0.01159545270420262 51.17
618 -0.009738329784521578 51.18
619 -0.007861644880205167 51.19
620 -0.005824583260353601 51.2
621 -0.003858495415025897 51.21
622 -0.001797489705304828 51.22
623 0.000205820983271981 51.23
624 0.001809402083908347 51.24
625 0.003508646693675845 51.25
626 0.005157500950580415 51.26
627 0.00628675152788031 51.27
628 0.007927604029434243 51.28
629 0.009531690985723732 51.29
630 0.01107885892906347 51.3
631 0.01257586184942538 51.31
632 0.01416318559777958 51.32
633 0.01518593587874926 51.33
634 0.01618925697053402 51.34
635 0.01666010604358816 51.35
636 0.01703641207123291 51.36
637 0.01730186889739985 51.37
638 0.01745038517031957 51.38
639 0.01746997992244291 51.39
640 0.0173604922210655 51.4
641 0.01712657305025587 51.41
642 0.01677293461660906 51.42
643 0.01630818759907628 51.43
644 0.01572202823630112 51.44
645 0.01466885118846897 51.45
646 0.01388546494684498 51.46
647 0.01302310987489262 51.47
648 0.01207696586537153 51.48
649 0.01105888173366973 51.49
650 0.009981288060257908 51.5
651 0.008848155271964701 51.51
652 0.007661032709008221 51.52
653 0.006416855924900789 51.53
654 0.00511928233988797 51.54
655 0.00377560175504466 51.55
656 0.002392861229170759 51.56
657 0.0002093700423847714 51.57
658 -0.001137099478773352 51.58
659 -0.002607356656236549 51.59
660 -0.003452676616338284 51.6
661 -0.004788741756949708 51.61
662 -0.005620182292104979 51.62
663 -0.006942503045955988 51.63
664 -0.007746115256511742 51.64
665 -0.008396651336469286 51.65
666 -0.009642807299064185 51.66
667 -0.01037286966531307 51.67
668 -0.01095099059295551 51.68
669 -0.01150117022766076 51.69
670 -0.01202753395911994 51.7
671 -0.01253087675032513 51.71
672 -0.01301185285885506 51.72
673 -0.01405193100416522 51.73
674 -0.01450074896732094 51.74
675 -0.01502173674001291 51.75
676 -0.01531763910362183 51.76
677 -0.01567750406358256 51.77
678 -0.01600621766116557 51.78
679 -0.01630145982351659 51.79
680 -0.01661726359998138 51.8
681 -0.01683383610531832 51.81
682 -0.01696722383666863 51.82
683 -0.01714217062236254 51.83
684 -0.01728189581618608 51.84
685 -0.01738978053652685 51.85
686 -0.01746694501324219 51.86
687 -0.01751114628804295 51.87
688 -0.01752142736624394 51.88
689 -0.01749806526438347 51.89
690 -0.01744207593260688 51.9
691 -0.01735384633839713 51.91
692 -0.01723376121902094 51.92
693 -0.01708268444622997 51.93
694 -0.01690058859891435 51.94
695 -0.01668832122907998 51.95
696 -0.0164477443650129 51.96
697 -0.01617891335268141 51.97
698 -0.01588263725040832 51.98
699 -0.01556206080869701 51.99
700 -0.01521784255163451 52
701 -0.01485004189831718 52.01
702 -0.01446267942772148 52.02
703 -0.01405426199030577 52.03
704 -0.01362529015520979 52.04
705 -0.01312558848483076 52.05
706 -0.01260590506670593 52.06
707 -0.01212745638809374 52.07
708 -0.01143807687154998 52.08
709 -0.01086286939209919 52.09
710 -0.01027235313975397 52.1
711 -0.009664659763638953 52.11
712 -0.008885447200029813 52.12
713 -0.008254163522357437 52.13
714 -0.007612924757942012 52.14
715 -0.00696188074307121 52.15
716 -0.006123772356787303 52.16
717 -0.005105840665130759 52.17
718 -0.004207444196787147 52.18
719 -0.003360831620602647 52.19
720 -0.002414604551121808 52.2
721 -0.001360369752118664 52.21
722 -0.0002951017399784178 52.22
723 0.00100622701945982 52.23
724 0.002089614012587011 52.24
725 0.003360494667508163 52.25
726 0.004837345935031641 52.26
727 0.006892135941108794 52.27
728 0.008901783404590186 52.28
729 0.01085115089007144 52.29
730 0.01274978202734835 52.3
731 0.01458927997555963 52.31
732 0.01637803766812215 52.32
733 0.01793840545269048 52.33
734 0.01964303004380664 52.34
735 0.02129097393891448 52.35
736 0.02287228944130358 52.36
737 0.02437074314759358 52.37
738 0.02578840198594581 52.38
739 0.02712182203905705 52.39
740 0.0283595925662212 52.4
741 0.02952967742969642 52.41
742 0.03055215031432918 52.42
743 0.03145820991525727 52.43
744 0.0322480722511755 52.44
745 0.03292527789707975 52.45
746 0.03349009869150185 52.46
747 0.03395915644219946 52.47
748 0.03433115376796933 52.48
749 0.03460924078710741 52.49
750 0.0348044560049418 52.5
751 0.03491260917471276 52.51
752 0.03492368212278301 52.52
753 0.03483241712799208 52.53
754 0.03462970142265233 52.54
755 0.03430554521152289 52.55
756 0.03385338337552311 52.56
757 0.03326803223092262 52.57
758 0.03255074577294595 52.58
759 0.031700672574527 52.59
760 0.03071840041309112 52.6
761 0.0296085710582649 52.61
762 0.02838037418034998 52.62
763 0.02704076221240808 52.63
764 0.02559571902805299 52.64
765 0.02405229478441971 52.65
766 0.02241903326950114 52.66
767 0.02070480041197729 52.67
768 0.01891795180854491 52.68
769 0.01706791911148417 52.69
770 0.01515247959165149 52.7
771 0.01318706072091771 52.71
772 0.01118415767469369 52.72
773 0.009153364342736022 52.73
774 0.007101903634543515 52.74
775 0.004991283346750594 52.75
776 0.002929240871143785 52.76
777 0.0008947742429439446 52.77
778 -0.001113782916322836 52.78
779 -0.002883892315330336 52.79
780 -0.003999217976193954 52.8
781 -0.004978269920033185 52.81
782 -0.00553553474380279 52.82
783 -0.005974748619558795 52.83
784 -0.00639651226813823 52.84
785 -0.006802375391711631 52.85
786 -0.007105901621519629 52.86
787 -0.007395661644290891 52.87
788 -0.007756161295167055 52.88
789 -0.008106806532893342 52.89
790 -0.008446928469144098 52.9
791 -0.008776288397327463 52.91
792 -0.009094214039479161 52.92
793 -0.009399635703446745 52.93
794 -0.009691183694699766 52.94
795 -0.009967407661310641 52.95
796 -0.01022722959414351 52.96
797 -0.01046970035027801 52.97
798 -0.01069406999694198 52.98
799 -0.01089953500288123 52.99
800 -0.01108572655956077 53
801 -0.01125268796438786 53.01
802 -0.01140066038827849 53.02
803 -0.01152947858689645 53.03
804 -0.01163913693460959 53.04
805 -0.01172934561639903 53.05
806 -0.01180009225003326 53.06
807 -0.01185101812025214 53.07
808 -0.0118817317676373 53.08
809 -0.01189163786088211 53.09
810 -0.0118806949343548 53.1
811 -0.01184844838751184 53.11
812 -0.01179463965446705 53.12
813 -0.01171925576277298 53.13
814 -0.01162261594626313 53.14
815 -0.01150485572914316 53.15
816 -0.01136633222737919 53.16
817 -0.0112072595148461 53.17
818 -0.01102797054032682 53.18
819 -0.01082890032641875 53.19
820 -0.0106105479218074 53.2
821 -0.0103734682129572 53.21
822 -0.01011818478532432 53.22
823 -0.009845017349979997 53.23
824 -0.009554452968211676 53.24
825 -0.009247198184233592 53.25
826 -0.008923953893599549 53.26
827 -0.008585267714635296 53.27
828 -0.008231914600158 53.28
829 -0.007864793262992206 53.29
830 -0.007484794438957994 53.3
831 -0.007092710515959047 53.31
832 -0.006689172772787394 53.32
833 -0.00627514056961484 53.33
834 -0.005851457622131661 53.34
835 -0.005418739354949371 53.35
836 -0.004977747952456354 53.36
837 -0.004528900514712475 53.37
838 -0.004072389027314539 53.38
839 -0.003609112717445333 53.39
840 -0.003139368664518367 53.4
841 -0.002663677676366051 53.41
842 -0.002182531248792839 53.42
843 -0.001696370119482236 53.43
844 -0.001205333673834019 53.44
845 -0.0007098400402790733 53.45
846 -0.0002108911488573808 53.46
847 0.0002909406948650864 53.47
848 0.0007950931359497187 53.48
849 0.001300860847239892 53.49
850 0.001807630121052753 53.5
851 0.002314657039610847 53.51
852 0.00281896160662276 53.52
853 0.003411535151002447 53.53
854 0.003915743405660933 53.54
855 0.004417076374618364 53.55
856 0.004915484921958329 53.56
857 0.005410859536821622 53.57
858 0.005902715167724474 53.58
859 0.006390575960493338 53.59
860 0.006962333375657287 53.6
861 0.007793533752882328 53.61
862 0.008458072071433195 53.62
863 0.009465421588435323 53.63
864 0.01045277215917398 53.64
865 0.01136896813228078 53.65
866 0.01188602323415476 53.66
867 0.01264072079804766 53.67
868 0.01355058830094356 53.68
869 0.01453327822925514 53.69
870 0.01614477529763967 53.7
871 0.01735268201289024 53.71
872 0.01823181752114126 53.72
873 0.01955711125290503 53.73
874 0.02085897151639782 53.74
875 0.02209930387486385 53.75
876 0.02328432039589278 53.76
877 0.02438532678902511 53.77
878 0.02541972473611814 53.78
879 0.02594380540306863 53.79
880 0.02682276167589858 53.8
881 0.02762245480443866 53.81
882 0.02834561460963796 53.82
883 0.02890523806999563 53.83
884 0.02942909164373998 53.84
885 0.02970322411885918 53.85
886 0.02982571004726239 53.86
887 0.0299192715149425 53.87
888 0.02995892420353812 53.88
889 0.02994083156603684 53.89
890 0.02986218036212156 53.9
891 0.02971586960217366 53.91
892 0.02951746568177454 53.92
893 0.02924511804909156 53.93
894 0.02888766451227517 53.94
895 0.02832670922150946 53.95
896 0.02759402463901073 53.96
897 0.0267466598156516 53.97
898 0.02605480211126512 53.98
899 0.02499932464285166 53.99
900 0.02383733742371461 54
901 0.02257557382869083 54.01
902 0.02122035660999044 54.02
903 0.01975401705260205 54.03
904 0.01821704149607664 54.04
905 0.01665056888740439 54.05
906 0.01503987261403499 54.06
907 0.01336099672799751 54.07
908 0.01162461823038717 54.08
909 0.009822630012868525 54.09
910 0.008013506960437428 54.1
911 0.006197543757934389 54.11
912 0.004377545630774958 54.12
913 0.002529711269834054 54.13
914 0.0006819408509151194 54.14
915 -0.0006685226025059214 54.15
916 -0.001977128600708295 54.16
917 -0.003221954951582467 54.17
918 -0.004314233532911936 54.18
919 -0.005829317637482808 54.19
920 -0.006866041619488117 54.2
921 -0.00769276597606702 54.21
922 -0.008569953482042347 54.22
923 -0.009089977860748014 54.23
924 -0.009738202527033283 54.24
925 -0.01020835938560193 54.25
926 -0.01079788128992887 54.26
927 -0.0110827704923084 54.27
928 -0.0113478135973234 54.28
929 -0.01159614906821778 54.29
930 -0.01182884111336647 54.3
931 -0.01204649530423576 54.31
932 -0.01224946723630127 54.32
933 -0.01243828197772401 54.33
934 -0.01261309672239152 54.34
935 -0.01277365045085356 54.35
936 -0.01291975774302048 54.36
937 -0.0130511539995211 54.37
938 -0.01316714189590823 54.38
939 -0.01326692609384278 54.39
940 -0.01334961377059461 54.4
941 -0.01341494501629226 54.41
942 -0.01346245150490304 54.42
943 -0.01349129699632027 54.43
944 -0.01350085788229038 54.44
945 -0.01349079946966653 54.45
946 -0.01346106216725726 54.46
947 -0.01341159195068555 54.47
948 -0.01334223478417447 54.48
949 -0.01325297825078054 54.49
950 -0.0131437486907869 54.5
951 -0.01301464152560691 54.51
952 -0.01286584305683077 54.52
953 -0.01269729005865369 54.53
954 -0.01250932810851515 54.54
955 -0.01230269702794395 54.55
956 -0.01207791377035708 54.56
957 -0.01183545225830692 54.57
958 -0.01154849058727096 54.58
959 -0.01124402114191786 54.59
960 -0.01078488575533965 54.6
961 -0.01026368833171874 54.61
962 -0.009712755780726622 54.62
963 -0.008863016843411283 54.63
964 -0.007866557968733361 54.64
965 -0.006811803462161773 54.65
966 -0.005704714601957713 54.66
967 -0.004548658653579441 54.67
968 -0.003347383989107772 54.68
969 -0.002109297344834442 54.69
970 -0.0008449296396304817 54.7
971 0.000439493011915669 54.71
972 0.001738834630294902 54.72
973 0.00304824765235645 54.73
974 0.00436418378331142 54.74
975 0.005656617381622471 54.75
976 0.006979031544503128 54.76
977 0.008281971209950858 54.77
978 0.009586388909505254 54.78
979 0.01082940176125053 54.79
980 0.01213669085208494 54.8
981 0.01334444291753971 54.81
982 0.01445771667968754 54.82
983 0.01550567158881866 54.83
984 0.01655896152390344 54.84
985 0.01757731919367063 54.85
986 0.01854838327740358 54.86
987 0.01946653859445563 54.87
988 0.02032660342716257 54.88
989 0.02094718074685473 54.89
990 0.02139235538666543 54.9
991 0.02171764684129268 54.91
992 0.02200570351722517 54.92
993 0.0222545982110285 54.93
994 0.02238215257890869 54.94
995 0.02252767361937664 54.95
996 0.02257752124020785 54.96
997 0.02260208094182111 54.97
998 0.02260130454713741 54.98
999 0.02259187176022915 54.99
1000 0.02254025878694239 55
1001 0.02246261524058724 55.01
1002 0.02236390582892472 55.02
1003 0.0222438300816147 55.03
1004 0.02210240638183707 55.04
1005 0.02193967116471245 55.05
1006 0.02175583848367427 55.06
1007 0.02155130116896903 55.07
1008 0.021326567200396 55.08
1009 0.02108172362401023 55.09
1010 0.02076704126149387 55.1
1011 0.02054851964999441 55.11
1012 0.02024201874994299 55.12
1013 0.01991825972952113 55.13
1014 0.01957584674991074 55.14
1015 0.01921494968911149 55.15
1016 0.01883584756241379 55.16
1017 0.01843882535553958 55.17
1018 0.01802409131445827 55.18
1019 0.01759203537756748 55.19
1020 0.01714322417482737 55.2
1021 0.01667812864687045 55.21
1022 0.01619822859756385 55.22
1023 0.01570215580048502 55.23
1024 0.01519084352403826 55.24
1025 0.01466496141479874 55.25
1026 0.01412576326896039 55.26
1027 0.01357282177610946 55.27
1028 0.01300721792265107 55.28
1029 0.01285602736954832 55.29
1030 0.01235694459404144 55.3
1031 0.01220483320499387 55.31
1032 0.01168495817484354 55.32
1033 0.0115311093411911 55.33
1034 0.01099108128286153 55.34
1035 0.01083722651879563 55.35
1036 0.01027803159684853 55.36
1037 0.01012323777550654 55.37
1038 0.009547289265173352 55.38
1039 0.009393074231779857 55.39
1040 0.008801133355671526 55.4
1041 0.0086475836801035 55.41
1042 0.00804078504247027 55.42
1043 0.00788758198654038 55.43
1044 0.007267266331082766 55.44
1045 0.007115371113053805 55.45
1046 0.006483380891421367 55.46
1047 0.006333084394602526 55.47
1048 0.005691185229589859 55.48
1049 0.005542956681444506 55.49
1050 0.004892929769246471 55.5
1051 0.004748023938435496 55.51
1052 0.004598211972909912 55.52
1053 0.004065456235887685 55.53
1054 0.003921299517699854 55.54
1055 0.003773183351075413 55.55
1056 0.003235610812424494 55.56
1057 0.003094357019309416 55.57
1058 0.002950141081972669 55.58
1059 0.002409944032061424 55.59
1060 0.002272218994404847 55.6
1061 0.002132076256243217 55.61
1062 0.001590272423163458 55.62
1063 0.001458621688739597 55.63
1064 0.001324655252509375 55.64
1065 0.000782785459106981 55.65
1066 0.0006543540924943882 55.66
1067 0.0005240535521086748 55.67
1068 -1.616103837580145e-05 55.68
1069 -0.0001409615670721603 55.69
1070 -0.000266535733644175 55.7
1071 -0.0008033898888338727 55.71
1072 -0.000923551358301189 55.72
1073 -0.001044953590093559 55.73
1074 -0.001576763696971337 55.74
1075 -0.001692167968330056 55.75
1076 -0.001809001916333609 55.76
1077 -0.002333772788060741 55.77
1078 -0.002444426763612548 55.78
1079 -0.002554286889427004 55.79
1080 -0.003071614390165494 55.8
1081 -0.003176782995843711 55.81
1082 -0.003279822072439872 55.82
1083 -0.003787494848115252 55.83
1084 -0.003885995628424451 55.84
1085 -0.003982519105085186 55.85
1086 -0.00447939416190921 55.86
1087 -0.004571802333469627 55.87
1088 -0.004660898335695208 55.88
1089 -0.005145213809691412 55.89
1090 -0.005231326377650193 55.9
1091 -0.005312967174317465 55.91
1092 -0.005784300222337464 55.92
1093 -0.005862989571733986 55.93
1094 -0.005936903461721925 55.94
1095 -0.006394665893471444 55.95
1096 -0.006466357901393258 55.96
1097 -0.00653257711915551 55.97
1098 -0.006974945471301928 55.98
1099 -0.007039671861739923 55.99
1100 -0.007097729166865786 56
1101 -0.007523553107833097 56.01
1102 -0.00758118479791727 56.02
1103 -0.007630554259363903 56.03
1104 -0.008038687900856319 56.04
1105 -0.008088460541912821 56.05
1106 -0.0081297945076424 56.06
1107 -0.008518739237928112 56.07
1108 -0.008559930858036354 56.08
1109 -0.008592940446520519 56.09
1110 -0.008961595781834131 56.1
1111 -0.008994459402989383 56.11
1112 -0.009018774675983054 56.12
1113 -0.009367271321371894 56.13
1114 -0.009393423803637248 56.14
1115 -0.009408808894474341 56.15
1116 -0.009733747575190054 56.16
1117 -0.009750937076860963 56.17
1118 -0.009757773940241039 56.18
1119 -0.01005967168716125 56.19
1120 -0.01006852110821973 56.2
1121 -0.01044453209488688 56.21
1122 -0.0104477360723144 56.22
1123 -0.01080468681542429 56.23
1124 -0.01080227592886784 56.24
1125 -0.01113859188921077 56.25
1126 -0.01112783520927961 56.26
1127 -0.01144084091869382 56.27
1128 -0.01142278047720754 56.28
1129 -0.01171115945949925 56.29
1130 -0.01168502607181951 56.3
1131 -0.0119560426944106 56.31
1132 -0.01201844499874844 56.32
1133 -0.01219371729356093 56.33
1134 -0.01224505881088561 56.34
1135 -0.01240429007016262 56.35
1136 -0.01244844569468819 56.36
1137 -0.01258529699108545 56.37
1138 -0.01282163806785528 56.38
1139 -0.01304288687024533 56.39
1140 -0.01324401009780327 56.4
1141 -0.01342582756635727 56.41
1142 -0.01358945270590635 56.42
1143 -0.0137340998750329 56.43
1144 -0.01385856183035796 56.44
1145 -0.01396216313411793 56.45
1146 -0.01404498790276858 56.46
1147 -0.01408235500486158 56.47
1148 -0.01405808405500151 56.48
1149 -0.01402134568922872 56.49
1150 -0.01397420308229252 56.5
1151 -0.0139163144790521 56.51
1152 -0.01384851869500606 56.52
1153 -0.01377916813725215 56.53
1154 -0.01370274687355244 56.54
1155 -0.01361374227860966 56.55
1156 -0.01350778988713552 56.56
1157 -0.01338406351076091 56.57
1158 -0.01324232696315359 56.58
1159 -0.01308254254856467 56.59
1160 -0.0129052457476446 56.6
1161 -0.01269267052454351 56.61
1162 -0.01244040552635314 56.62
1163 -0.0121185500585622 56.63
1164 -0.01171648542401592 56.64
1165 -0.01119125584971607 56.65
1166 -0.01045511665470887 56.66
1167 -0.009666787351201429 56.67
1168 -0.008829622253877449 56.68
1169 -0.007947883737510804 56.69
1170 -0.00702533809867824 56.7
1171 -0.006058269835675714 56.71
1172 -0.005073065897939088 56.72
1173 -0.004048496708111481 56.73
1174 -0.003011825189466128 56.74
1175 -0.001958135699989944 56.75
1176 -0.0008853428531156934 56.76
1177 0.0001941755242655992 56.77
1178 0.001271064038105481 56.78
1179 0.002348188113765635 56.79
1180 0.003422082140144686 56.8
1181 0.004488059861637078 56.81
1182 0.005540177689537409 56.82
1183 0.006572840918396353 56.83
1184 0.00758263156991721 56.84
1185 0.008566688377303205 56.85
1186 0.009531084365317036 56.86
1187 0.01044455206005528 56.87
1188 0.01132889847245235 56.88
1189 0.01217811616544394 56.89
1190 0.01298699741087305 56.9
1191 0.01375771632413327 56.91
1192 0.01446442701061003 56.92
1193 0.01511335064817336 56.93
1194 0.01570066755403449 56.94
1195 0.01622380069256286 56.95
1196 0.01667934014104189 56.96
1197 0.01709300664403635 56.97
1198 0.01742041585901868 56.98
1199 0.0176766822086108 56.99
1200 0.01781472125783257 57
1201 0.01787060574534904 57.01
1202 0.01786524153295425 57.02
1203 0.01779825462030345 57.03
1204 0.01765647628312633 57.04
1205 0.01746526761305028 57.05
1206 0.01725840306055787 57.06
1207 0.01708264242051218 57.07
1208 0.01690168366709457 57.08
1209 0.0167020754925897 57.09
1210 0.01648398900356433 57.1
1211 0.01622106475614551 57.11
1212 0.01599765717830752 57.12
1213 0.01579365566950671 57.13
1214 0.01554346813076532 57.14
1215 0.01528001939837556 57.15
1216 0.01492000147707777 57.16
1217 0.01463171921966886 57.17
1218 0.01433057639794704 57.18
1219 0.01406733760200865 57.19
1220 0.01379464905362591 57.2
1221 0.01351272956066133 57.21
1222 0.01322216234695622 57.22
1223 0.01292323695145171 57.23
1224 0.0125541006746147 57.24
1225 0.01211038426578474 57.25
1226 0.01179030761778195 57.26
1227 0.01139392692303501 57.27
1228 0.01098925409688832 57.28
1229 0.01057628636573289 57.29
1230 0.01030756601615409 57.3
1231 0.01003467553757451 57.31
1232 0.009757632905919886 57.32
1233 0.009476780751342166 57.33
1234 0.009350498876674957 57.34
1235 0.008808107250924636 57.35
1236 0.008686439484164034 57.36
1237 0.008300261624287557 57.37
1238 0.00817574337525475 57.38
1239 0.007688039458235862 57.39
1240 0.007563546731964577 57.4
1241 0.007061010422182204 57.41
1242 0.006935698450358694 57.42
1243 0.006709700918866397 57.43
1244 0.006382412238989071 57.44
1245 0.006252535311933038 57.45
1246 0.005717109498024632 57.46
1247 0.00558927016985064 57.47
1248 0.005351542972407228 57.48
1249 0.005008388421593322 57.49
1250 0.004879133860008879 57.5
1251 0.004746258755872026 57.51
1252 0.004612871757518273 57.52
1253 0.004260204750748208 57.53
1254 0.004130018775100859 57.54
1255 0.00399622815172106 57.55
1256 0.003862323725602598 57.56
1257 0.003501515828337607 57.57
1258 0.003371862106282524 57.58
1259 0.00323889165910036 57.59
1260 0.003105927530081164 57.6
1261 0.002738507898950977 57.61
1262 0.002610394464350498 57.62
1263 0.002479036094405631 57.63
1264 0.002347695511695782 57.64
1265 0.001974847851182791 57.65
1266 0.00184880808286504 57.66
1267 0.001719819463782787 57.67
1268 0.001590588510812577 57.68
1269 0.001214437910647372 57.69
1270 0.00109091556047354 57.7
1271 0.0009655015412627279 57.71
1272 0.0008395054601922254 57.72
1273 0.0004629423492212657 57.73
1274 0.0003419679937269708 57.74
1275 0.0002197905503156811 57.75
1276 9.752601408162011e-05 57.76
1277 -0.0002766473466609583 57.77
1278 -0.0003931056160139841 57.78
1279 -0.0005104019651945638 57.79
1280 -0.000627424317980442 57.8
1281 -0.001120026510609553 57.81
1282 -0.001228195638835557 57.82
1283 -0.001338099986024043 57.83
1284 -0.001825733170059506 57.84
1285 -0.001927179238099151 57.85
1286 -0.002030263945224113 57.86
1287 -0.002660435053518657 57.87
1288 -0.002734793995413728 57.88
1289 -0.003214532899482191 57.89
1290 -0.003298126614926712 57.9
1291 -0.003384630485495661 57.91
1292 -0.003853887062166231 57.92
1293 -0.003934960516075739 57.93
1294 -0.004636659610690005 57.94
1295 -0.004707528047103896 57.95
1296 -0.005180211974183131 57.96
1297 -0.005228926951853901 57.97
1298 -0.005289694616169275 57.98
1299 -0.005725951179662745 57.99
1300 -0.005784631720472621 58
1301 -0.006438794051830456 58.01
1302 -0.00649042393043597 58.02
1303 -0.006899656176301582 58.03
1304 -0.006946155137531738 58.04
1305 -0.006987812687254942 58.05
1306 -0.007378680989706099 58.06
1307 -0.007420323837413928 58.07
1308 -0.007904245612900148 58.08
1309 -0.00806807589534396 58.09
1310 -0.008541043298791851 58.1
1311 -0.00856928041576464 58.11
1312 -0.008919471246509641 58.12
1313 -0.008943260017766717 58.13
1314 -0.009379810777135653 58.14
1315 -0.01001449509227479 58.15
1316 -0.01002740107215161 58.16
1317 -0.01034260960859752 58.17
1318 -0.01034760353712677 58.18
1319 -0.01064651756744943 58.19
1320 -0.01064442259423582 58.2
1321 -0.01101437866584025 58.21
1322 -0.01120907305053649 58.22
1323 -0.01139506383704574 58.23
1324 -0.01157482979624959 58.24
1325 -0.01182993277806724 58.25
1326 -0.01215655151033138 58.26
1327 -0.01255030675916864 58.27
1328 -0.01270404609312299 58.28
1329 -0.01284484473504184 58.29
1330 -0.01297570681390834 58.3
1331 -0.0130959463169575 58.31
1332 -0.01340337583763803 58.32
1333 -0.01369411618056939 58.33
1334 -0.01378518209785239 58.34
1335 -0.01392008139901069 58.35
1336 -0.01409573137762 58.36
1337 -0.01430580643816592 58.37
1338 -0.01449568885482129 58.38
1339 -0.01453077558429985 58.39
1340 -0.01459346084397387 58.4
1341 -0.014680269051558 58.41
1342 -0.01478494296684253 58.42
1343 -0.01490077973949189 58.43
1344 -0.01493830979993172 58.44
1345 -0.01498003141595445 58.45
1346 -0.0150424444080331 58.46
1347 -0.01509613715360657 58.47
1348 -0.01508148051165841 58.48
1349 -0.01506925021186437 58.49
1350 -0.01502918064332154 58.5
1351 -0.01496107267991376 58.51
1352 -0.01486226756596346 58.52
1353 -0.01467113703287875 58.53
1354 -0.01441391642418203 58.54
1355 -0.01408586020493818 58.55
1356 -0.01368834245991775 58.56
1357 -0.01322077033455827 58.57
1358 -0.0126837630228772 58.58
1359 -0.01207822404012894 58.59
1360 -0.01140893391871343 58.6
1361 -0.01068117907851149 58.61
1362 -0.009901088886506312 58.62
1363 -0.009073255021776316 58.63
1364 -0.008199680259304442 58.64
1365 -0.007296892094366712 58.65
1366 -0.006365301733209395 58.66
1367 -0.005406665323990669 58.67
1368 -0.004424959397415412 58.68
1369 -0.003424931044684894 58.69
1370 -0.002411473265299493 58.7
1371 -0.001389716975656376 58.71
1372 -0.0003639613746226535 58.72
1373 0.0006603754979607902 58.73
1374 0.001677475430415812 58.74
1375 0.002683784077742281 58.75
1376 0.003677156106737056 58.76
1377 0.004654648156998547 58.77
1378 0.005610190194578341 58.78
1379 0.006541464954002412 58.79
1380 0.007434709810271294 58.8
1381 0.008294479789493771 58.81
1382 0.009112958302054856 58.82
1383 0.009885684006534268 58.83
1384 0.01061960048604632 58.84
1385 0.01129040636162234 58.85
1386 0.01192329196024724 58.86
1387 0.01248136634180305 58.87
1388 0.01300206091754862 58.88
1389 0.01344154083533173 58.89
1390 0.0138066851610673 58.9
1391 0.01410343403616107 58.91
1392 0.01433272514717347 58.92
1393 0.0144917680531799 58.93
1394 0.01457597598819495 58.94
1395 0.01458276916073727 58.95
1396 0.0145117045865986 58.96
1397 0.01436207241737527 58.97
1398 0.01413395913584501 58.98
1399 0.01390350892411578 58.99
1400 0.01371725226723973 59
1401 0.01328431541613258 59.01
1402 0.01289252006060992 59.02
1403 0.01258025712656618 59.03
1404 0.01232264360995434 59.04
1405 0.01207504295165838 59.05
1406 0.01184363447640632 59.06
1407 0.01159824006798789 59.07
1408 0.01137902598758811 59.08
1409 0.01115040034823745 59.09
1410 0.01091320903017347 59.1
1411 0.01066800234859284 59.11
1412 0.01041543176753822 59.12
1413 0.01015597972532942 59.13
1414 0.009943318003295329 59.14
1415 0.009725996161006514 59.15
1416 0.009503949226382542 59.16
1417 0.009277188174409479 59.17
1418 0.009045928284320846 59.18
1419 0.008810275898691189 59.19
1420 0.008570404760276746 59.2
1421 0.00832633569369147 59.21
1422 0.008078154767762514 59.22
1423 0.007825915064066661 59.23
1424 0.007569814289039379 59.24
1425 0.007309828433245886 59.25
1426 0.007046352857405905 59.26
1427 0.006779279142659368 59.27
1428 0.006508899187452753 59.28
1429 0.006317326875940129 59.29
1430 0.006039365441498653 59.3
1431 0.005844157608571368 59.31
1432 0.005646173259147685 59.32
1433 0.005446516884397856 59.33
1434 0.005245462557030263 59.34
1435 0.005043232965425328 59.35
1436 0.004931380601405463 59.36
1437 0.004725969730618286 59.37
1438 0.004613940158259711 59.38
1439 0.004405446461564993 59.39
1440 0.004293113099922403 59.4
1441 0.004081866514725665 59.41
1442 0.003969642214570735 59.42
1443 0.003755982959954995 59.43
1444 0.00364393073472721 59.44
1445 0.003427188460299628 59.45
1446 0.003315540968782714 59.46
1447 0.003201370576585308 59.47
1448 0.003086545411998827 59.48
1449 0.002971414582216026 59.49
1450 0.002855596205665873 59.5
1451 0.002739286861095291 59.51
1452 0.002514048978715631 59.52
1453 0.002400306582373234 59.53
1454 0.002173473900470938 59.54
1455 0.00206039612861976 59.55
1456 0.001945073565153893 59.56
1457 0.001829147773602073 59.57
1458 0.00171318633755203 59.58
1459 0.001597150849903511 59.59
1460 0.001481119396353281 59.6
1461 0.001364951122975447 59.61
1462 0.001249037243860157 59.62
1463 0.001133387805934773 59.63
1464 0.001018020548239859 59.64
1465 0.000902476853123807 59.65
1466 0.000786905479072092 59.66
1467 0.000671466766329407 59.67
1468 0.0005562958301837274 59.68
1469 0.0004412365021756823 59.69
1470 0.0003267812074139904 59.7
1471 0.0002127585397309825 59.71
1472 9.923941463363742e-05 59.72
1473 -1.373240346307786e-05 59.73
1474 -0.0001261309443081546 59.74
1475 -0.0002378901666075291 59.75
1476 -0.0003489677726472521 59.76
1477 -0.0004593441422439861 59.77
1478 -0.0005689571178484568 59.78
1479 -0.0006777885985600994 59.79
1480 -0.0007852794054702024 59.8
1481 -0.0008923313337902573 59.81
1482 -0.0009985285669990417 59.82
1483 -0.001103751325879998 59.83
1484 -0.001207982487910543 59.84
1485 -0.001311218205523349 59.85
1486 -0.001413465478391156 59.86
1487 -0.001514644721343441 59.87
1488 -0.001734815968836685 59.88
1489 -0.00183114979547901 59.89
1490 -0.001927428761304951 59.9
1491 -0.002022877075865209 59.91
1492 -0.002117328402933612 59.92
1493 -0.002330755635602803 59.93
1494 -0.002420767793833909 59.94
1495 -0.002508996619285813 59.95
1496 -0.002597196694914056 59.96
1497 -0.002684751719204018 59.97
1498 -0.002890799626095349 59.98
1499 -0.002974549373172937 59.99
1500 -0.003055693170747744 60
